▶  evidence path override: experiments/results/periodic-hybrid-006-evidence.jsonl
▶  config loaded: service=frontend namespace=default
▶  model registry loaded: phase3_20260709T001052Z_model_registry.yaml → holt_winters for frontend
▶  starting control loop (tick=15s, horizon=30s, forecaster=holt_winters)
2026-07-10T02:37:11Z INFO controller.k8s_actuator: scaled deployment=frontend ns=default from=1 to=3
2026-07-10T02:37:11Z INFO controller.loop: tick service=frontend state=SCALE_LIMITED replicas 1→3 forecast=0.187 sigma=0.011
2026-07-10T02:37:26Z INFO controller.k8s_actuator: scaled deployment=frontend ns=default from=3 to=5
2026-07-10T02:37:26Z INFO controller.loop: tick service=frontend state=NOMINAL replicas 3→5 forecast=0.191 sigma=0.011
2026-07-10T02:37:41Z INFO controller.loop: tick service=frontend state=NOMINAL replicas 5→5 forecast=0.188 sigma=0.012
2026-07-10T02:37:56Z INFO controller.loop: tick service=frontend state=NOMINAL replicas 5→5 forecast=0.183 sigma=0.013
2026-07-10T02:38:11Z INFO controller.loop: tick service=frontend state=NOMINAL replicas 5→5 forecast=0.186 sigma=0.016
2026-07-10T02:38:26Z INFO controller.k8s_actuator: scaled deployment=frontend ns=default from=5 to=7
2026-07-10T02:38:26Z INFO controller.loop: tick service=frontend state=SCALE_LIMITED replicas 5→7 forecast=0.322 sigma=0.023
2026-07-10T02:38:41Z INFO controller.k8s_actuator: scaled deployment=frontend ns=default from=7 to=8
2026-07-10T02:38:41Z INFO controller.loop: tick service=frontend state=NOMINAL replicas 7→8 forecast=0.458 sigma=0.024
2026-07-10T02:38:56Z INFO controller.loop: tick service=frontend state=NOMINAL replicas 8→8 forecast=0.348 sigma=0.026
2026-07-10T02:39:11Z INFO controller.loop: tick service=frontend state=NOMINAL replicas 8→8 forecast=0.388 sigma=0.026
2026-07-10T02:39:26Z INFO controller.loop: tick service=frontend state=NOMINAL replicas 8→8 forecast=0.415 sigma=0.026
2026-07-10T02:39:41Z INFO controller.loop: tick service=frontend state=NOMINAL replicas 8→8 forecast=0.335 sigma=0.029
2026-07-10T02:39:56Z INFO controller.loop: tick service=frontend state=NOMINAL replicas 8→8 forecast=0.385 sigma=0.030
2026-07-10T02:40:11Z INFO controller.loop: tick service=frontend state=NOMINAL replicas 8→8 forecast=0.370 sigma=0.030
2026-07-10T02:40:26Z INFO controller.loop: tick service=frontend state=NOMINAL replicas 8→8 forecast=0.347 sigma=0.031
2026-07-10T02:40:41Z INFO controller.loop: tick service=frontend state=NOMINAL replicas 8→8 forecast=0.397 sigma=0.030
2026-07-10T02:40:56Z INFO controller.loop: tick service=frontend state=NOMINAL replicas 8→8 forecast=0.382 sigma=0.030
2026-07-10T02:41:11Z INFO controller.loop: tick service=frontend state=NOMINAL replicas 8→8 forecast=0.361 sigma=0.030
2026-07-10T02:41:26Z INFO controller.loop: tick service=frontend state=NOMINAL replicas 8→8 forecast=0.380 sigma=0.030
2026-07-10T02:41:41Z INFO controller.loop: tick service=frontend state=NOMINAL replicas 8→8 forecast=0.410 sigma=0.030
2026-07-10T02:41:56Z INFO controller.loop: tick service=frontend state=NOMINAL replicas 8→8 forecast=0.387 sigma=0.031
2026-07-10T02:42:11Z INFO controller.loop: tick service=frontend state=NOMINAL replicas 8→8 forecast=0.370 sigma=0.031
2026-07-10T02:42:26Z INFO controller.loop: tick service=frontend state=NOMINAL replicas 8→8 forecast=0.365 sigma=0.031
2026-07-10T02:42:41Z INFO controller.loop: tick service=frontend state=NOMINAL replicas 8→8 forecast=0.356 sigma=0.031
2026-07-10T02:42:56Z INFO controller.loop: tick service=frontend state=NOMINAL replicas 8→8 forecast=0.374 sigma=0.031
2026-07-10T02:43:11Z INFO controller.loop: tick service=frontend state=NOMINAL replicas 8→8 forecast=0.352 sigma=0.031
2026-07-10T02:43:26Z INFO controller.loop: tick service=frontend state=NOMINAL replicas 8→8 forecast=0.359 sigma=0.031
2026-07-10T02:43:41Z INFO controller.loop: tick service=frontend state=NOMINAL replicas 8→8 forecast=0.347 sigma=0.031
2026-07-10T02:43:56Z INFO controller.loop: tick service=frontend state=NOMINAL replicas 8→8 forecast=0.323 sigma=0.032
2026-07-10T02:44:11Z INFO controller.k8s_actuator: scaled deployment=frontend ns=default from=8 to=7
2026-07-10T02:44:11Z INFO controller.loop: tick service=frontend state=NOMINAL replicas 8→7 forecast=0.300 sigma=0.032
2026-07-10T02:44:26Z INFO controller.loop: tick service=frontend state=NOMINAL replicas 7→7 forecast=0.297 sigma=0.032
2026-07-10T02:44:41Z INFO controller.loop: tick service=frontend state=NOMINAL replicas 7→7 forecast=0.293 sigma=0.032
2026-07-10T02:44:56Z INFO controller.loop: tick service=frontend state=NOMINAL replicas 7→7 forecast=0.271 sigma=0.032
2026-07-10T02:45:11Z INFO controller.k8s_actuator: scaled deployment=frontend ns=default from=7 to=6
2026-07-10T02:45:11Z INFO controller.loop: tick service=frontend state=NOMINAL replicas 7→6 forecast=0.239 sigma=0.031
2026-07-10T02:45:26Z INFO controller.loop: tick service=frontend state=NOMINAL replicas 6→6 forecast=0.255 sigma=0.030
2026-07-10T02:45:41Z INFO controller.k8s_actuator: scaled deployment=frontend ns=default from=6 to=7
2026-07-10T02:45:41Z INFO controller.loop: tick service=frontend state=NOMINAL replicas 6→7 forecast=0.301 sigma=0.029
2026-07-10T02:45:56Z INFO controller.k8s_actuator: scaled deployment=frontend ns=default from=7 to=8
2026-07-10T02:45:56Z INFO controller.loop: tick service=frontend state=NOMINAL replicas 7→8 forecast=0.317 sigma=0.029
2026-07-10T02:46:11Z INFO controller.k8s_actuator: scaled deployment=frontend ns=default from=8 to=7
2026-07-10T02:46:11Z INFO controller.loop: tick service=frontend state=NOMINAL replicas 8→7 forecast=0.300 sigma=0.029
2026-07-10T02:46:26Z INFO controller.k8s_actuator: scaled deployment=frontend ns=default from=7 to=8
2026-07-10T02:46:26Z INFO controller.loop: tick service=frontend state=NOMINAL replicas 7→8 forecast=0.336 sigma=0.029
2026-07-10T02:46:41Z INFO controller.loop: tick service=frontend state=NOMINAL replicas 8→8 forecast=0.397 sigma=0.030
2026-07-10T02:46:56Z INFO controller.loop: tick service=frontend state=NOMINAL replicas 8→8 forecast=0.370 sigma=0.031
2026-07-10T02:47:11Z INFO controller.loop: tick service=frontend state=NOMINAL replicas 8→8 forecast=0.430 sigma=0.032
2026-07-10T02:47:26Z INFO controller.loop: tick service=frontend state=NOMINAL replicas 8→8 forecast=0.499 sigma=0.030
2026-07-10T02:47:41Z INFO controller.loop: tick service=frontend state=NOMINAL replicas 8→8 forecast=0.527 sigma=0.027
2026-07-10T02:47:56Z INFO controller.loop: tick service=frontend state=NOMINAL replicas 8→8 forecast=0.555 sigma=0.028
2026-07-10T02:48:11Z INFO controller.loop: tick service=frontend state=NOMINAL replicas 8→8 forecast=0.599 sigma=0.028
2026-07-10T02:48:26Z INFO controller.loop: tick service=frontend state=NOMINAL replicas 8→8 forecast=0.528 sigma=0.031
2026-07-10T02:48:41Z INFO controller.loop: tick service=frontend state=NOMINAL replicas 8→8 forecast=0.535 sigma=0.029
2026-07-10T02:48:56Z INFO controller.loop: tick service=frontend state=NOMINAL replicas 8→8 forecast=0.563 sigma=0.028
2026-07-10T02:49:11Z INFO controller.loop: tick service=frontend state=NOMINAL replicas 8→8 forecast=0.372 sigma=0.033
2026-07-10T02:49:26Z INFO controller.loop: tick service=frontend state=NOMINAL replicas 8→8 forecast=0.313 sigma=0.031
2026-07-10T02:49:41Z INFO controller.loop: tick service=frontend state=NOMINAL replicas 8→8 forecast=0.374 sigma=0.028
2026-07-10T02:49:56Z INFO controller.loop: tick service=frontend state=NOMINAL replicas 8→8 forecast=0.375 sigma=0.027
2026-07-10T02:50:11Z INFO controller.loop: tick service=frontend state=NOMINAL replicas 8→8 forecast=0.364 sigma=0.028
2026-07-10T02:50:26Z INFO controller.loop: tick service=frontend state=NOMINAL replicas 8→8 forecast=0.395 sigma=0.027
2026-07-10T02:50:41Z INFO controller.loop: tick service=frontend state=NOMINAL replicas 8→8 forecast=0.366 sigma=0.027
2026-07-10T02:50:56Z INFO controller.loop: tick service=frontend state=NOMINAL replicas 8→8 forecast=0.387 sigma=0.027
2026-07-10T02:51:11Z INFO controller.loop: tick service=frontend state=NOMINAL replicas 8→8 forecast=0.340 sigma=0.030
2026-07-10T02:51:26Z INFO controller.k8s_actuator: scaled deployment=frontend ns=default from=8 to=7
2026-07-10T02:51:26Z INFO controller.loop: tick service=frontend state=NOMINAL replicas 8→7 forecast=0.302 sigma=0.030
2026-07-10T02:51:41Z INFO controller.k8s_actuator: scaled deployment=frontend ns=default from=7 to=6
2026-07-10T02:51:41Z INFO controller.loop: tick service=frontend state=NOMINAL replicas 7→6 forecast=0.214 sigma=0.031
2026-07-10T02:51:56Z INFO controller.k8s_actuator: scaled deployment=frontend ns=default from=6 to=5
2026-07-10T02:51:56Z INFO controller.loop: tick service=frontend state=NOMINAL replicas 6→5 forecast=0.202 sigma=0.030
2026-07-10T02:52:11Z INFO controller.k8s_actuator: scaled deployment=frontend ns=default from=5 to=7
2026-07-10T02:52:11Z INFO controller.loop: tick service=frontend state=SCALE_LIMITED replicas 5→7 forecast=0.368 sigma=0.035
2026-07-10T02:52:26Z INFO controller.k8s_actuator: scaled deployment=frontend ns=default from=7 to=8
2026-07-10T02:52:26Z INFO controller.loop: tick service=frontend state=NOMINAL replicas 7→8 forecast=0.491 sigma=0.037
2026-07-10T02:52:41Z INFO controller.loop: tick service=frontend state=NOMINAL replicas 8→8 forecast=0.507 sigma=0.038
2026-07-10T02:52:56Z INFO controller.loop: tick service=frontend state=NOMINAL replicas 8→8 forecast=0.482 sigma=0.038
2026-07-10T02:53:11Z INFO controller.loop: tick service=frontend state=NOMINAL replicas 8→8 forecast=0.514 sigma=0.037
2026-07-10T02:53:26Z INFO controller.loop: tick service=frontend state=NOMINAL replicas 8→8 forecast=0.425 sigma=0.041
2026-07-10T02:53:41Z INFO controller.loop: tick service=frontend state=NOMINAL replicas 8→8 forecast=0.429 sigma=0.041
2026-07-10T02:53:56Z INFO controller.loop: tick service=frontend state=NOMINAL replicas 8→8 forecast=0.383 sigma=0.040
2026-07-10T02:54:11Z INFO controller.loop: tick service=frontend state=NOMINAL replicas 8→8 forecast=0.326 sigma=0.041
2026-07-10T02:54:26Z INFO controller.k8s_actuator: scaled deployment=frontend ns=default from=8 to=7
2026-07-10T02:54:26Z INFO controller.loop: tick service=frontend state=NOMINAL replicas 8→7 forecast=0.281 sigma=0.041
2026-07-10T02:54:41Z INFO controller.loop: tick service=frontend state=NOMINAL replicas 7→7 forecast=0.261 sigma=0.042
2026-07-10T02:54:56Z INFO controller.k8s_actuator: scaled deployment=frontend ns=default from=7 to=5
2026-07-10T02:54:56Z INFO controller.loop: tick service=frontend state=NOMINAL replicas 7→5 forecast=0.173 sigma=0.041
2026-07-10T02:55:11Z INFO controller.k8s_actuator: scaled deployment=frontend ns=default from=5 to=6
2026-07-10T02:55:11Z INFO controller.loop: tick service=frontend state=NOMINAL replicas 5→6 forecast=0.198 sigma=0.041
2026-07-10T02:55:26Z INFO controller.loop: tick service=frontend state=NOMINAL replicas 6→6 forecast=0.230 sigma=0.041
2026-07-10T02:55:41Z INFO controller.loop: tick service=frontend state=NOMINAL replicas 6→6 forecast=0.222 sigma=0.041
2026-07-10T02:55:56Z INFO controller.k8s_actuator: scaled deployment=frontend ns=default from=6 to=8
2026-07-10T02:55:56Z INFO controller.loop: tick service=frontend state=NOMINAL replicas 6→8 forecast=0.324 sigma=0.041
2026-07-10T02:56:11Z INFO controller.loop: tick service=frontend state=NOMINAL replicas 8→8 forecast=0.316 sigma=0.042
2026-07-10T02:56:26Z INFO controller.loop: tick service=frontend state=NOMINAL replicas 8→8 forecast=0.468 sigma=0.044
2026-07-10T02:56:41Z INFO controller.loop: tick service=frontend state=NOMINAL replicas 8→8 forecast=0.485 sigma=0.045
2026-07-10T02:56:56Z INFO controller.loop: tick service=frontend state=NOMINAL replicas 8→8 forecast=0.454 sigma=0.046
2026-07-10T02:57:11Z INFO controller.loop: tick service=frontend state=NOMINAL replicas 8→8 forecast=0.556 sigma=0.042
2026-07-10T02:57:26Z INFO controller.loop: tick service=frontend state=NOMINAL replicas 8→8 forecast=0.503 sigma=0.047
2026-07-10T02:57:41Z INFO controller.loop: tick service=frontend state=NOMINAL replicas 8→8 forecast=0.486 sigma=0.046
2026-07-10T02:57:56Z INFO controller.loop: tick service=frontend state=NOMINAL replicas 8→8 forecast=0.474 sigma=0.045
2026-07-10T02:58:11Z INFO controller.loop: tick service=frontend state=NOMINAL replicas 8→8 forecast=0.503 sigma=0.045
2026-07-10T02:58:26Z INFO controller.loop: tick service=frontend state=NOMINAL replicas 8→8 forecast=0.549 sigma=0.045
2026-07-10T02:58:41Z INFO controller.loop: tick service=frontend state=NOMINAL replicas 8→8 forecast=0.471 sigma=0.045
2026-07-10T02:58:56Z INFO controller.loop: tick service=frontend state=NOMINAL replicas 8→8 forecast=0.372 sigma=0.046
2026-07-10T02:59:11Z INFO controller.loop: tick service=frontend state=NOMINAL replicas 8→8 forecast=0.401 sigma=0.044
2026-07-10T02:59:26Z INFO controller.loop: tick service=frontend state=NOMINAL replicas 8→8 forecast=0.386 sigma=0.044
2026-07-10T02:59:41Z INFO controller.loop: tick service=frontend state=NOMINAL replicas 8→8 forecast=0.377 sigma=0.044
2026-07-10T02:59:56Z INFO controller.loop: tick service=frontend state=NOMINAL replicas 8→8 forecast=0.385 sigma=0.044
2026-07-10T03:00:11Z INFO controller.loop: tick service=frontend state=NOMINAL replicas 8→8 forecast=0.383 sigma=0.044
2026-07-10T03:00:26Z INFO controller.loop: tick service=frontend state=NOMINAL replicas 8→8 forecast=0.348 sigma=0.044
2026-07-10T03:00:41Z INFO controller.loop: tick service=frontend state=NOMINAL replicas 8→8 forecast=0.402 sigma=0.044
2026-07-10T03:00:56Z INFO controller.loop: tick service=frontend state=NOMINAL replicas 8→8 forecast=0.394 sigma=0.041
2026-07-10T03:01:11Z INFO controller.loop: tick service=frontend state=NOMINAL replicas 8→8 forecast=0.370 sigma=0.040
2026-07-10T03:01:26Z INFO controller.loop: tick service=frontend state=NOMINAL replicas 8→8 forecast=0.317 sigma=0.040
2026-07-10T03:01:41Z INFO controller.loop: tick service=frontend state=NOMINAL replicas 8→8 forecast=0.341 sigma=0.038
2026-07-10T03:01:56Z INFO controller.loop: tick service=frontend state=NOMINAL replicas 8→8 forecast=0.348 sigma=0.034
2026-07-10T03:02:11Z INFO controller.loop: tick service=frontend state=NOMINAL replicas 8→8 forecast=0.353 sigma=0.039
2026-07-10T03:02:26Z INFO controller.loop: tick service=frontend state=NOMINAL replicas 8→8 forecast=0.380 sigma=0.034
2026-07-10T03:02:41Z INFO controller.loop: tick service=frontend state=NOMINAL replicas 8→8 forecast=0.426 sigma=0.032
2026-07-10T03:02:56Z INFO controller.loop: tick service=frontend state=NOMINAL replicas 8→8 forecast=0.433 sigma=0.032
2026-07-10T03:03:11Z INFO controller.loop: tick service=frontend state=NOMINAL replicas 8→8 forecast=0.446 sigma=0.031
2026-07-10T03:03:26Z INFO controller.loop: tick service=frontend state=NOMINAL replicas 8→8 forecast=0.390 sigma=0.031
2026-07-10T03:03:41Z INFO controller.loop: tick service=frontend state=NOMINAL replicas 8→8 forecast=0.420 sigma=0.030
2026-07-10T03:03:56Z INFO controller.loop: tick service=frontend state=NOMINAL replicas 8→8 forecast=0.399 sigma=0.030
2026-07-10T03:04:11Z INFO controller.k8s_actuator: scaled deployment=frontend ns=default from=8 to=7
2026-07-10T03:04:11Z INFO controller.loop: tick service=frontend state=NOMINAL replicas 8→7 forecast=0.285 sigma=0.032
2026-07-10T03:04:26Z INFO controller.loop: tick service=frontend state=NOMINAL replicas 7→7 forecast=0.268 sigma=0.035
2026-07-10T03:04:41Z INFO controller.k8s_actuator: scaled deployment=frontend ns=default from=7 to=5
2026-07-10T03:04:41Z INFO controller.loop: tick service=frontend state=NOMINAL replicas 7→5 forecast=0.187 sigma=0.033
2026-07-10T03:04:56Z INFO controller.k8s_actuator: scaled deployment=frontend ns=default from=5 to=6
2026-07-10T03:04:56Z INFO controller.loop: tick service=frontend state=NOMINAL replicas 5→6 forecast=0.205 sigma=0.032
2026-07-10T03:05:11Z INFO controller.k8s_actuator: scaled deployment=frontend ns=default from=6 to=5
2026-07-10T03:05:11Z INFO controller.loop: tick service=frontend state=NOMINAL replicas 6→5 forecast=0.164 sigma=0.032
2026-07-10T03:05:26Z INFO controller.loop: tick service=frontend state=NOMINAL replicas 5→5 forecast=0.179 sigma=0.031
2026-07-10T03:05:41Z INFO controller.k8s_actuator: scaled deployment=frontend ns=default from=5 to=6
2026-07-10T03:05:41Z INFO controller.loop: tick service=frontend state=NOMINAL replicas 5→6 forecast=0.221 sigma=0.030
2026-07-10T03:05:56Z INFO controller.k8s_actuator: scaled deployment=frontend ns=default from=6 to=8
2026-07-10T03:05:56Z INFO controller.loop: tick service=frontend state=NOMINAL replicas 6→8 forecast=0.329 sigma=0.032
2026-07-10T03:06:11Z INFO controller.loop: tick service=frontend state=NOMINAL replicas 8→8 forecast=0.381 sigma=0.031
2026-07-10T03:06:26Z INFO controller.loop: tick service=frontend state=NOMINAL replicas 8→8 forecast=0.457 sigma=0.029
2026-07-10T03:06:41Z INFO controller.loop: tick service=frontend state=NOMINAL replicas 8→8 forecast=0.505 sigma=0.033
2026-07-10T03:06:56Z INFO controller.loop: tick service=frontend state=NOMINAL replicas 8→8 forecast=0.557 sigma=0.030
2026-07-10T03:07:11Z INFO controller.loop: tick service=frontend state=NOMINAL replicas 8→8 forecast=0.494 sigma=0.027
2026-07-10T03:07:16Z INFO controller.loop: received signal 15 — stopping after current tick
✅  stopped after 121 tick(s). Evidence: experiments/results/periodic-hybrid-006-evidence.jsonl
