▶  evidence path override: experiments/results/periodic-hybrid-001-evidence.jsonl
▶  config loaded: service=frontend namespace=default
▶  model registry loaded: phase3_20260709T001052Z_model_registry.yaml → holt_winters for frontend
▶  starting control loop (tick=15s, horizon=30s, forecaster=holt_winters)
2026-07-10T05:58:13Z INFO controller.k8s_actuator: scaled deployment=frontend ns=default from=1 to=3
2026-07-10T05:58:13Z INFO controller.loop: tick service=frontend state=SCALE_LIMITED replicas 1→3 forecast=0.195 sigma=0.016
2026-07-10T05:58:28Z INFO controller.k8s_actuator: scaled deployment=frontend ns=default from=3 to=5
2026-07-10T05:58:28Z INFO controller.loop: tick service=frontend state=NOMINAL replicas 3→5 forecast=0.187 sigma=0.016
2026-07-10T05:58:43Z INFO controller.loop: tick service=frontend state=NOMINAL replicas 5→5 forecast=0.181 sigma=0.016
2026-07-10T05:58:58Z INFO controller.loop: tick service=frontend state=NOMINAL replicas 5→5 forecast=0.192 sigma=0.017
2026-07-10T05:59:13Z INFO controller.loop: tick service=frontend state=NOMINAL replicas 5→5 forecast=0.194 sigma=0.018
2026-07-10T05:59:28Z INFO controller.k8s_actuator: scaled deployment=frontend ns=default from=5 to=7
2026-07-10T05:59:28Z INFO controller.loop: tick service=frontend state=NOMINAL replicas 5→7 forecast=0.292 sigma=0.025
2026-07-10T05:59:43Z INFO controller.k8s_actuator: scaled deployment=frontend ns=default from=7 to=8
2026-07-10T05:59:43Z INFO controller.loop: tick service=frontend state=NOMINAL replicas 7→8 forecast=0.406 sigma=0.027
2026-07-10T05:59:58Z INFO controller.loop: tick service=frontend state=NOMINAL replicas 8→8 forecast=0.440 sigma=0.028
2026-07-10T06:00:13Z INFO controller.loop: tick service=frontend state=NOMINAL replicas 8→8 forecast=0.417 sigma=0.028
2026-07-10T06:00:28Z INFO controller.loop: tick service=frontend state=NOMINAL replicas 8→8 forecast=0.335 sigma=0.030
2026-07-10T06:00:43Z INFO controller.loop: tick service=frontend state=NOMINAL replicas 8→8 forecast=0.388 sigma=0.030
2026-07-10T06:00:58Z INFO controller.loop: tick service=frontend state=NOMINAL replicas 8→8 forecast=0.408 sigma=0.030
2026-07-10T06:01:13Z INFO controller.loop: tick service=frontend state=NOMINAL replicas 8→8 forecast=0.332 sigma=0.036
2026-07-10T06:01:28Z INFO controller.loop: tick service=frontend state=NOMINAL replicas 8→8 forecast=0.357 sigma=0.031
2026-07-10T06:01:43Z INFO controller.loop: tick service=frontend state=NOMINAL replicas 8→8 forecast=0.354 sigma=0.030
2026-07-10T06:01:58Z INFO controller.loop: tick service=frontend state=NOMINAL replicas 8→8 forecast=0.368 sigma=0.030
2026-07-10T06:02:13Z INFO controller.loop: tick service=frontend state=NOMINAL replicas 8→8 forecast=0.370 sigma=0.030
2026-07-10T06:02:28Z INFO controller.loop: tick service=frontend state=NOMINAL replicas 8→8 forecast=0.340 sigma=0.031
2026-07-10T06:02:43Z INFO controller.loop: tick service=frontend state=NOMINAL replicas 8→8 forecast=0.395 sigma=0.030
2026-07-10T06:02:58Z INFO controller.loop: tick service=frontend state=NOMINAL replicas 8→8 forecast=0.423 sigma=0.031
2026-07-10T06:03:13Z INFO controller.loop: tick service=frontend state=NOMINAL replicas 8→8 forecast=0.392 sigma=0.033
2026-07-10T06:03:28Z INFO controller.loop: tick service=frontend state=NOMINAL replicas 8→8 forecast=0.437 sigma=0.032
2026-07-10T06:03:43Z INFO controller.loop: tick service=frontend state=NOMINAL replicas 8→8 forecast=0.433 sigma=0.033
2026-07-10T06:03:58Z INFO controller.loop: tick service=frontend state=NOMINAL replicas 8→8 forecast=0.388 sigma=0.034
2026-07-10T06:04:13Z INFO controller.loop: tick service=frontend state=NOMINAL replicas 8→8 forecast=0.415 sigma=0.034
2026-07-10T06:04:28Z INFO controller.loop: tick service=frontend state=NOMINAL replicas 8→8 forecast=0.348 sigma=0.037
2026-07-10T06:04:43Z INFO controller.loop: tick service=frontend state=NOMINAL replicas 8→8 forecast=0.296 sigma=0.038
2026-07-10T06:04:58Z INFO controller.loop: tick service=frontend state=NOMINAL replicas 8→8 forecast=0.336 sigma=0.035
2026-07-10T06:05:13Z INFO controller.loop: tick service=frontend state=NOMINAL replicas 8→8 forecast=0.332 sigma=0.035
2026-07-10T06:05:28Z INFO controller.k8s_actuator: scaled deployment=frontend ns=default from=8 to=7
2026-07-10T06:05:28Z INFO controller.loop: tick service=frontend state=NOMINAL replicas 8→7 forecast=0.293 sigma=0.035
2026-07-10T06:05:43Z INFO controller.k8s_actuator: scaled deployment=frontend ns=default from=7 to=6
2026-07-10T06:05:43Z INFO controller.loop: tick service=frontend state=NOMINAL replicas 7→6 forecast=0.197 sigma=0.037
2026-07-10T06:05:58Z INFO controller.loop: tick service=frontend state=NOMINAL replicas 6→6 forecast=0.220 sigma=0.036
2026-07-10T06:06:13Z INFO controller.loop: tick service=frontend state=NOMINAL replicas 6→6 forecast=0.225 sigma=0.036
2026-07-10T06:06:28Z INFO controller.k8s_actuator: scaled deployment=frontend ns=default from=6 to=7
2026-07-10T06:06:28Z INFO controller.loop: tick service=frontend state=NOMINAL replicas 6→7 forecast=0.248 sigma=0.036
2026-07-10T06:06:43Z INFO controller.loop: tick service=frontend state=NOMINAL replicas 7→7 forecast=0.264 sigma=0.036
2026-07-10T06:06:58Z INFO controller.loop: tick service=frontend state=NOMINAL replicas 7→7 forecast=0.273 sigma=0.036
2026-07-10T06:07:13Z INFO controller.k8s_actuator: scaled deployment=frontend ns=default from=7 to=8
2026-07-10T06:07:13Z INFO controller.loop: tick service=frontend state=NOMINAL replicas 7→8 forecast=0.324 sigma=0.036
2026-07-10T06:07:28Z INFO controller.loop: tick service=frontend state=NOMINAL replicas 8→8 forecast=0.314 sigma=0.036
2026-07-10T06:07:43Z INFO controller.loop: tick service=frontend state=NOMINAL replicas 8→8 forecast=0.344 sigma=0.036
2026-07-10T06:07:58Z INFO controller.loop: tick service=frontend state=NOMINAL replicas 8→8 forecast=0.382 sigma=0.037
2026-07-10T06:08:13Z INFO controller.loop: tick service=frontend state=NOMINAL replicas 8→8 forecast=0.482 sigma=0.037
2026-07-10T06:08:28Z INFO controller.loop: tick service=frontend state=NOMINAL replicas 8→8 forecast=0.433 sigma=0.037
2026-07-10T06:08:43Z INFO controller.loop: tick service=frontend state=NOMINAL replicas 8→8 forecast=0.482 sigma=0.034
2026-07-10T06:08:58Z INFO controller.loop: tick service=frontend state=NOMINAL replicas 8→8 forecast=0.565 sigma=0.034
2026-07-10T06:09:13Z INFO controller.loop: tick service=frontend state=NOMINAL replicas 8→8 forecast=0.547 sigma=0.038
2026-07-10T06:09:28Z INFO controller.loop: tick service=frontend state=NOMINAL replicas 8→8 forecast=0.510 sigma=0.038
2026-07-10T06:09:43Z INFO controller.loop: tick service=frontend state=NOMINAL replicas 8→8 forecast=0.496 sigma=0.036
2026-07-10T06:09:58Z INFO controller.loop: tick service=frontend state=NOMINAL replicas 8→8 forecast=0.512 sigma=0.036
2026-07-10T06:10:13Z INFO controller.loop: tick service=frontend state=NOMINAL replicas 8→8 forecast=0.485 sigma=0.038
2026-07-10T06:10:28Z INFO controller.loop: tick service=frontend state=NOMINAL replicas 8→8 forecast=0.415 sigma=0.039
2026-07-10T06:10:43Z INFO controller.loop: tick service=frontend state=NOMINAL replicas 8→8 forecast=0.356 sigma=0.038
2026-07-10T06:10:58Z INFO controller.loop: tick service=frontend state=NOMINAL replicas 8→8 forecast=0.366 sigma=0.037
2026-07-10T06:11:13Z INFO controller.loop: tick service=frontend state=NOMINAL replicas 8→8 forecast=0.374 sigma=0.037
2026-07-10T06:11:28Z INFO controller.loop: tick service=frontend state=NOMINAL replicas 8→8 forecast=0.399 sigma=0.038
2026-07-10T06:11:43Z INFO controller.loop: tick service=frontend state=NOMINAL replicas 8→8 forecast=0.359 sigma=0.038
2026-07-10T06:11:58Z INFO controller.loop: tick service=frontend state=NOMINAL replicas 8→8 forecast=0.370 sigma=0.038
2026-07-10T06:12:13Z INFO controller.loop: tick service=frontend state=NOMINAL replicas 8→8 forecast=0.512 sigma=0.038
2026-07-10T06:12:28Z INFO controller.loop: tick service=frontend state=NOMINAL replicas 8→8 forecast=0.559 sigma=0.039
2026-07-10T06:12:43Z INFO controller.loop: tick service=frontend state=NOMINAL replicas 8→8 forecast=0.394 sigma=0.043
2026-07-10T06:12:58Z INFO controller.loop: tick service=frontend state=NOMINAL replicas 8→8 forecast=0.407 sigma=0.042
2026-07-10T06:13:13Z INFO controller.loop: tick service=frontend state=NOMINAL replicas 8→8 forecast=0.346 sigma=0.042
2026-07-10T06:13:28Z INFO controller.loop: tick service=frontend state=NOMINAL replicas 8→8 forecast=0.355 sigma=0.039
2026-07-10T06:13:43Z INFO controller.loop: tick service=frontend state=NOMINAL replicas 8→8 forecast=0.427 sigma=0.039
2026-07-10T06:13:58Z INFO controller.loop: tick service=frontend state=NOMINAL replicas 8→8 forecast=0.400 sigma=0.040
2026-07-10T06:14:13Z INFO controller.loop: tick service=frontend state=NOMINAL replicas 8→8 forecast=0.426 sigma=0.038
2026-07-10T06:14:28Z INFO controller.loop: tick service=frontend state=NOMINAL replicas 8→8 forecast=0.437 sigma=0.037
2026-07-10T06:14:43Z INFO controller.loop: tick service=frontend state=NOMINAL replicas 8→8 forecast=0.383 sigma=0.041
2026-07-10T06:14:58Z INFO controller.loop: tick service=frontend state=NOMINAL replicas 8→8 forecast=0.347 sigma=0.040
2026-07-10T06:15:13Z INFO controller.loop: tick service=frontend state=NOMINAL replicas 8→8 forecast=0.341 sigma=0.040
2026-07-10T06:15:28Z INFO controller.k8s_actuator: scaled deployment=frontend ns=default from=8 to=7
2026-07-10T06:15:28Z INFO controller.loop: tick service=frontend state=NOMINAL replicas 8→7 forecast=0.283 sigma=0.040
2026-07-10T06:15:43Z INFO controller.k8s_actuator: scaled deployment=frontend ns=default from=7 to=5
2026-07-10T06:15:43Z INFO controller.loop: tick service=frontend state=NOMINAL replicas 7→5 forecast=0.152 sigma=0.040
2026-07-10T06:15:58Z INFO controller.loop: tick service=frontend state=NOMINAL replicas 5→5 forecast=0.172 sigma=0.040
2026-07-10T06:16:13Z INFO controller.loop: tick service=frontend state=NOMINAL replicas 5→5 forecast=0.163 sigma=0.040
2026-07-10T06:16:28Z INFO controller.k8s_actuator: scaled deployment=frontend ns=default from=5 to=6
2026-07-10T06:16:28Z INFO controller.loop: tick service=frontend state=NOMINAL replicas 5→6 forecast=0.216 sigma=0.040
2026-07-10T06:16:43Z INFO controller.k8s_actuator: scaled deployment=frontend ns=default from=6 to=5
2026-07-10T06:16:43Z INFO controller.loop: tick service=frontend state=NOMINAL replicas 6→5 forecast=0.179 sigma=0.040
2026-07-10T06:16:58Z INFO controller.k8s_actuator: scaled deployment=frontend ns=default from=5 to=6
2026-07-10T06:16:58Z INFO controller.loop: tick service=frontend state=NOMINAL replicas 5→6 forecast=0.197 sigma=0.039
2026-07-10T06:17:13Z INFO controller.k8s_actuator: scaled deployment=frontend ns=default from=6 to=8
2026-07-10T06:17:13Z INFO controller.loop: tick service=frontend state=NOMINAL replicas 6→8 forecast=0.326 sigma=0.042
2026-07-10T06:17:28Z INFO controller.loop: tick service=frontend state=NOMINAL replicas 8→8 forecast=0.421 sigma=0.044
2026-07-10T06:17:43Z INFO controller.loop: tick service=frontend state=NOMINAL replicas 8→8 forecast=0.515 sigma=0.045
2026-07-10T06:17:58Z INFO controller.loop: tick service=frontend state=NOMINAL replicas 8→8 forecast=0.585 sigma=0.046
2026-07-10T06:18:13Z INFO controller.loop: tick service=frontend state=NOMINAL replicas 8→8 forecast=0.532 sigma=0.048
2026-07-10T06:18:28Z INFO controller.loop: tick service=frontend state=NOMINAL replicas 8→8 forecast=0.585 sigma=0.048
2026-07-10T06:18:43Z INFO controller.loop: tick service=frontend state=NOMINAL replicas 8→8 forecast=0.553 sigma=0.049
2026-07-10T06:18:58Z INFO controller.loop: tick service=frontend state=NOMINAL replicas 8→8 forecast=0.346 sigma=0.052
2026-07-10T06:19:13Z INFO controller.loop: tick service=frontend state=NOMINAL replicas 8→8 forecast=0.397 sigma=0.049
2026-07-10T06:19:28Z INFO controller.loop: tick service=frontend state=NOMINAL replicas 8→8 forecast=0.476 sigma=0.049
2026-07-10T06:19:43Z INFO controller.loop: tick service=frontend state=NOMINAL replicas 8→8 forecast=0.500 sigma=0.049
2026-07-10T06:19:58Z INFO controller.loop: tick service=frontend state=NOMINAL replicas 8→8 forecast=0.415 sigma=0.050
2026-07-10T06:20:13Z INFO controller.loop: tick service=frontend state=NOMINAL replicas 8→8 forecast=0.380 sigma=0.049
2026-07-10T06:20:28Z INFO controller.loop: tick service=frontend state=NOMINAL replicas 8→8 forecast=0.398 sigma=0.047
2026-07-10T06:20:43Z INFO controller.loop: tick service=frontend state=NOMINAL replicas 8→8 forecast=0.296 sigma=0.049
2026-07-10T06:20:58Z INFO controller.loop: tick service=frontend state=NOMINAL replicas 8→8 forecast=0.384 sigma=0.048
2026-07-10T06:21:13Z INFO controller.loop: tick service=frontend state=NOMINAL replicas 8→8 forecast=0.386 sigma=0.049
2026-07-10T06:21:28Z INFO controller.loop: tick service=frontend state=NOMINAL replicas 8→8 forecast=0.358 sigma=0.049
2026-07-10T06:21:43Z INFO controller.loop: tick service=frontend state=NOMINAL replicas 8→8 forecast=0.357 sigma=0.049
2026-07-10T06:21:58Z INFO controller.loop: tick service=frontend state=NOMINAL replicas 8→8 forecast=0.392 sigma=0.049
2026-07-10T06:22:13Z INFO controller.loop: tick service=frontend state=NOMINAL replicas 8→8 forecast=0.383 sigma=0.046
2026-07-10T06:22:28Z INFO controller.loop: tick service=frontend state=NOMINAL replicas 8→8 forecast=0.307 sigma=0.046
2026-07-10T06:22:43Z INFO controller.loop: tick service=frontend state=NOMINAL replicas 8→8 forecast=0.309 sigma=0.045
2026-07-10T06:22:58Z INFO controller.loop: tick service=frontend state=NOMINAL replicas 8→8 forecast=0.395 sigma=0.044
2026-07-10T06:23:13Z INFO controller.loop: tick service=frontend state=NOMINAL replicas 8→8 forecast=0.395 sigma=0.046
2026-07-10T06:23:28Z INFO controller.loop: tick service=frontend state=NOMINAL replicas 8→8 forecast=0.340 sigma=0.043
2026-07-10T06:23:43Z INFO controller.loop: tick service=frontend state=NOMINAL replicas 8→8 forecast=0.357 sigma=0.041
2026-07-10T06:23:58Z INFO controller.loop: tick service=frontend state=NOMINAL replicas 8→8 forecast=0.464 sigma=0.042
2026-07-10T06:24:13Z INFO controller.loop: tick service=frontend state=NOMINAL replicas 8→8 forecast=0.361 sigma=0.045
2026-07-10T06:24:28Z INFO controller.loop: tick service=frontend state=NOMINAL replicas 8→8 forecast=0.426 sigma=0.042
2026-07-10T06:24:43Z INFO controller.loop: tick service=frontend state=NOMINAL replicas 8→8 forecast=0.422 sigma=0.042
2026-07-10T06:24:58Z INFO controller.loop: tick service=frontend state=NOMINAL replicas 8→8 forecast=0.334 sigma=0.044
2026-07-10T06:25:13Z INFO controller.loop: tick service=frontend state=NOMINAL replicas 8→8 forecast=0.348 sigma=0.046
2026-07-10T06:25:28Z INFO controller.loop: tick service=frontend state=NOMINAL replicas 8→8 forecast=0.300 sigma=0.045
2026-07-10T06:25:43Z INFO controller.k8s_actuator: scaled deployment=frontend ns=default from=8 to=6
2026-07-10T06:25:43Z INFO controller.loop: tick service=frontend state=SCALE_LIMITED replicas 8→6 forecast=0.140 sigma=0.042
2026-07-10T06:25:58Z INFO controller.loop: tick service=frontend state=NOMINAL replicas 6→6 forecast=0.210 sigma=0.042
2026-07-10T06:26:13Z INFO controller.loop: tick service=frontend state=NOMINAL replicas 6→6 forecast=0.203 sigma=0.040
2026-07-10T06:26:28Z INFO controller.k8s_actuator: scaled deployment=frontend ns=default from=6 to=5
2026-07-10T06:26:28Z INFO controller.loop: tick service=frontend state=NOMINAL replicas 6→5 forecast=0.165 sigma=0.039
2026-07-10T06:26:43Z INFO controller.loop: tick service=frontend state=NOMINAL replicas 5→5 forecast=0.189 sigma=0.037
2026-07-10T06:26:58Z INFO controller.k8s_actuator: scaled deployment=frontend ns=default from=5 to=7
2026-07-10T06:26:58Z INFO controller.loop: tick service=frontend state=NOMINAL replicas 5→7 forecast=0.284 sigma=0.038
2026-07-10T06:27:13Z INFO controller.k8s_actuator: scaled deployment=frontend ns=default from=7 to=8
2026-07-10T06:27:13Z INFO controller.loop: tick service=frontend state=NOMINAL replicas 7→8 forecast=0.403 sigma=0.041
2026-07-10T06:27:28Z INFO controller.loop: tick service=frontend state=NOMINAL replicas 8→8 forecast=0.433 sigma=0.043
2026-07-10T06:27:43Z INFO controller.loop: tick service=frontend state=NOMINAL replicas 8→8 forecast=0.440 sigma=0.041
2026-07-10T06:27:58Z INFO controller.loop: tick service=frontend state=NOMINAL replicas 8→8 forecast=0.610 sigma=0.039
2026-07-10T06:28:13Z INFO controller.loop: tick service=frontend state=NOMINAL replicas 8→8 forecast=0.648 sigma=0.038
2026-07-10T06:28:18Z INFO controller.loop: received signal 15 — stopping after current tick
✅  stopped after 121 tick(s). Evidence: experiments/results/periodic-hybrid-001-evidence.jsonl
