▶  evidence path override: experiments/results/periodic-hybrid-010-evidence.jsonl
▶  config loaded: service=frontend namespace=default
▶  model registry loaded: phase3_20260709T001052Z_model_registry.yaml → holt_winters for frontend
▶  starting control loop (tick=15s, horizon=30s, forecaster=holt_winters)
2026-07-09T22:55:52Z INFO controller.k8s_actuator: scaled deployment=frontend ns=default from=1 to=3
2026-07-09T22:55:52Z INFO controller.loop: tick service=frontend state=SCALE_LIMITED replicas 1→3 forecast=0.163 sigma=0.038
2026-07-09T22:56:07Z INFO controller.loop: tick service=frontend state=NOMINAL replicas 3→3 forecast=0.063 sigma=0.039
2026-07-09T22:56:22Z INFO controller.loop: tick service=frontend state=NOMINAL replicas 3→3 forecast=0.060 sigma=0.039
2026-07-09T22:56:37Z INFO controller.k8s_actuator: scaled deployment=frontend ns=default from=3 to=5
2026-07-09T22:56:37Z INFO controller.loop: tick service=frontend state=NOMINAL replicas 3→5 forecast=0.147 sigma=0.041
2026-07-09T22:56:52Z INFO controller.k8s_actuator: scaled deployment=frontend ns=default from=5 to=6
2026-07-09T22:56:52Z INFO controller.loop: tick service=frontend state=NOMINAL replicas 5→6 forecast=0.219 sigma=0.044
2026-07-09T22:57:07Z INFO controller.k8s_actuator: scaled deployment=frontend ns=default from=6 to=8
2026-07-09T22:57:07Z INFO controller.loop: tick service=frontend state=NOMINAL replicas 6→8 forecast=0.367 sigma=0.043
2026-07-09T22:57:22Z INFO controller.loop: tick service=frontend state=NOMINAL replicas 8→8 forecast=0.367 sigma=0.043
2026-07-09T22:57:37Z INFO controller.loop: tick service=frontend state=NOMINAL replicas 8→8 forecast=0.313 sigma=0.043
2026-07-09T22:57:52Z INFO controller.loop: tick service=frontend state=NOMINAL replicas 8→8 forecast=0.380 sigma=0.043
2026-07-09T22:58:07Z INFO controller.loop: tick service=frontend state=NOMINAL replicas 8→8 forecast=0.432 sigma=0.042
2026-07-09T22:58:22Z INFO controller.loop: tick service=frontend state=NOMINAL replicas 8→8 forecast=0.421 sigma=0.042
2026-07-09T22:58:37Z INFO controller.loop: tick service=frontend state=NOMINAL replicas 8→8 forecast=0.403 sigma=0.041
2026-07-09T22:58:52Z INFO controller.loop: tick service=frontend state=NOMINAL replicas 8→8 forecast=0.409 sigma=0.041
2026-07-09T22:59:07Z INFO controller.loop: tick service=frontend state=NOMINAL replicas 8→8 forecast=0.418 sigma=0.041
2026-07-09T22:59:22Z INFO controller.loop: tick service=frontend state=NOMINAL replicas 8→8 forecast=0.462 sigma=0.041
2026-07-09T22:59:37Z INFO controller.loop: tick service=frontend state=NOMINAL replicas 8→8 forecast=0.396 sigma=0.042
2026-07-09T22:59:52Z INFO controller.loop: tick service=frontend state=NOMINAL replicas 8→8 forecast=0.386 sigma=0.042
2026-07-09T23:00:07Z INFO controller.loop: tick service=frontend state=NOMINAL replicas 8→8 forecast=0.424 sigma=0.042
2026-07-09T23:00:22Z INFO controller.loop: tick service=frontend state=NOMINAL replicas 8→8 forecast=0.398 sigma=0.034
2026-07-09T23:00:37Z INFO controller.loop: tick service=frontend state=NOMINAL replicas 8→8 forecast=0.409 sigma=0.034
2026-07-09T23:00:52Z INFO controller.loop: tick service=frontend state=NOMINAL replicas 8→8 forecast=0.341 sigma=0.034
2026-07-09T23:01:07Z INFO controller.loop: tick service=frontend state=NOMINAL replicas 8→8 forecast=0.381 sigma=0.033
2026-07-09T23:01:22Z INFO controller.loop: tick service=frontend state=NOMINAL replicas 8→8 forecast=0.385 sigma=0.033
2026-07-09T23:01:37Z INFO controller.loop: tick service=frontend state=NOMINAL replicas 8→8 forecast=0.359 sigma=0.033
2026-07-09T23:01:52Z INFO controller.loop: tick service=frontend state=NOMINAL replicas 8→8 forecast=0.348 sigma=0.032
2026-07-09T23:02:07Z INFO controller.loop: tick service=frontend state=NOMINAL replicas 8→8 forecast=0.340 sigma=0.031
2026-07-09T23:02:22Z INFO controller.loop: tick service=frontend state=NOMINAL replicas 8→8 forecast=0.345 sigma=0.029
2026-07-09T23:02:37Z INFO controller.loop: tick service=frontend state=NOMINAL replicas 8→8 forecast=0.336 sigma=0.028
2026-07-09T23:02:52Z INFO controller.k8s_actuator: scaled deployment=frontend ns=default from=8 to=7
2026-07-09T23:02:52Z INFO controller.loop: tick service=frontend state=NOMINAL replicas 8→7 forecast=0.303 sigma=0.028
2026-07-09T23:03:07Z INFO controller.loop: tick service=frontend state=NOMINAL replicas 7→7 forecast=0.289 sigma=0.028
2026-07-09T23:03:22Z INFO controller.loop: tick service=frontend state=NOMINAL replicas 7→7 forecast=0.277 sigma=0.028
2026-07-09T23:03:37Z INFO controller.loop: tick service=frontend state=NOMINAL replicas 7→7 forecast=0.268 sigma=0.028
2026-07-09T23:03:52Z INFO controller.loop: tick service=frontend state=NOMINAL replicas 7→7 forecast=0.286 sigma=0.028
2026-07-09T23:04:07Z INFO controller.loop: tick service=frontend state=NOMINAL replicas 7→7 forecast=0.305 sigma=0.028
2026-07-09T23:04:22Z INFO controller.k8s_actuator: scaled deployment=frontend ns=default from=7 to=8
2026-07-09T23:04:22Z INFO controller.loop: tick service=frontend state=NOMINAL replicas 7→8 forecast=0.361 sigma=0.028
2026-07-09T23:04:37Z INFO controller.loop: tick service=frontend state=NOMINAL replicas 8→8 forecast=0.351 sigma=0.028
2026-07-09T23:04:52Z INFO controller.loop: tick service=frontend state=NOMINAL replicas 8→8 forecast=0.360 sigma=0.028
2026-07-09T23:05:07Z INFO controller.loop: tick service=frontend state=NOMINAL replicas 8→8 forecast=0.420 sigma=0.028
2026-07-09T23:05:22Z INFO controller.loop: tick service=frontend state=NOMINAL replicas 8→8 forecast=0.480 sigma=0.028
2026-07-09T23:05:37Z INFO controller.loop: tick service=frontend state=NOMINAL replicas 8→8 forecast=0.433 sigma=0.032
2026-07-09T23:05:52Z INFO controller.loop: tick service=frontend state=NOMINAL replicas 8→8 forecast=0.441 sigma=0.029
2026-07-09T23:06:07Z INFO controller.loop: tick service=frontend state=NOMINAL replicas 8→8 forecast=0.502 sigma=0.021
2026-07-09T23:06:22Z INFO controller.loop: tick service=frontend state=NOMINAL replicas 8→8 forecast=0.541 sigma=0.017
2026-07-09T23:06:37Z INFO controller.loop: tick service=frontend state=NOMINAL replicas 8→8 forecast=0.583 sigma=0.018
2026-07-09T23:06:52Z INFO controller.loop: tick service=frontend state=NOMINAL replicas 8→8 forecast=0.588 sigma=0.018
2026-07-09T23:07:07Z INFO controller.loop: tick service=frontend state=NOMINAL replicas 8→8 forecast=0.498 sigma=0.020
2026-07-09T23:07:22Z INFO controller.loop: tick service=frontend state=NOMINAL replicas 8→8 forecast=0.514 sigma=0.020
2026-07-09T23:07:37Z INFO controller.loop: tick service=frontend state=NOMINAL replicas 8→8 forecast=0.489 sigma=0.019
2026-07-09T23:07:52Z INFO controller.loop: tick service=frontend state=NOMINAL replicas 8→8 forecast=0.508 sigma=0.018
2026-07-09T23:08:07Z INFO controller.loop: tick service=frontend state=NOMINAL replicas 8→8 forecast=0.457 sigma=0.019
2026-07-09T23:08:22Z INFO controller.loop: tick service=frontend state=NOMINAL replicas 8→8 forecast=0.388 sigma=0.019
2026-07-09T23:08:37Z INFO controller.loop: tick service=frontend state=NOMINAL replicas 8→8 forecast=0.350 sigma=0.019
2026-07-09T23:08:52Z INFO controller.loop: tick service=frontend state=NOMINAL replicas 8→8 forecast=0.383 sigma=0.019
2026-07-09T23:09:07Z INFO controller.loop: tick service=frontend state=NOMINAL replicas 8→8 forecast=0.449 sigma=0.020
2026-07-09T23:09:22Z INFO controller.loop: tick service=frontend state=NOMINAL replicas 8→8 forecast=0.402 sigma=0.020
2026-07-09T23:09:37Z INFO controller.loop: tick service=frontend state=NOMINAL replicas 8→8 forecast=0.323 sigma=0.021
2026-07-09T23:09:52Z INFO controller.loop: tick service=frontend state=NOMINAL replicas 8→8 forecast=0.403 sigma=0.022
2026-07-09T23:10:07Z INFO controller.loop: tick service=frontend state=NOMINAL replicas 8→8 forecast=0.415 sigma=0.022
2026-07-09T23:10:22Z INFO controller.loop: tick service=frontend state=NOMINAL replicas 8→8 forecast=0.375 sigma=0.023
2026-07-09T23:10:37Z INFO controller.loop: tick service=frontend state=NOMINAL replicas 8→8 forecast=0.330 sigma=0.022
2026-07-09T23:10:52Z INFO controller.loop: tick service=frontend state=NOMINAL replicas 8→8 forecast=0.421 sigma=0.023
2026-07-09T23:11:07Z INFO controller.loop: tick service=frontend state=NOMINAL replicas 8→8 forecast=0.444 sigma=0.023
2026-07-09T23:11:22Z INFO controller.loop: tick service=frontend state=NOMINAL replicas 8→8 forecast=0.418 sigma=0.024
2026-07-09T23:11:37Z INFO controller.loop: tick service=frontend state=NOMINAL replicas 8→8 forecast=0.462 sigma=0.023
2026-07-09T23:11:52Z INFO controller.loop: tick service=frontend state=NOMINAL replicas 8→8 forecast=0.483 sigma=0.023
2026-07-09T23:12:07Z INFO controller.loop: tick service=frontend state=NOMINAL replicas 8→8 forecast=0.449 sigma=0.025
2026-07-09T23:12:22Z INFO controller.loop: tick service=frontend state=NOMINAL replicas 8→8 forecast=0.372 sigma=0.026
2026-07-09T23:12:37Z INFO controller.loop: tick service=frontend state=NOMINAL replicas 8→8 forecast=0.361 sigma=0.025
2026-07-09T23:12:52Z INFO controller.k8s_actuator: scaled deployment=frontend ns=default from=8 to=7
2026-07-09T23:12:52Z INFO controller.loop: tick service=frontend state=NOMINAL replicas 8→7 forecast=0.301 sigma=0.025
2026-07-09T23:13:07Z INFO controller.k8s_actuator: scaled deployment=frontend ns=default from=7 to=6
2026-07-09T23:13:07Z INFO controller.loop: tick service=frontend state=NOMINAL replicas 7→6 forecast=0.230 sigma=0.026
2026-07-09T23:13:22Z INFO controller.k8s_actuator: scaled deployment=frontend ns=default from=6 to=5
2026-07-09T23:13:22Z INFO controller.loop: tick service=frontend state=NOMINAL replicas 6→5 forecast=0.204 sigma=0.026
2026-07-09T23:13:37Z INFO controller.k8s_actuator: scaled deployment=frontend ns=default from=5 to=4
2026-07-09T23:13:37Z INFO controller.loop: tick service=frontend state=NOMINAL replicas 5→4 forecast=0.149 sigma=0.026
2026-07-09T23:13:52Z INFO controller.loop: tick service=frontend state=NOMINAL replicas 4→4 forecast=0.117 sigma=0.026
2026-07-09T23:14:07Z INFO controller.k8s_actuator: scaled deployment=frontend ns=default from=4 to=5
2026-07-09T23:14:07Z INFO controller.loop: tick service=frontend state=NOMINAL replicas 4→5 forecast=0.185 sigma=0.026
2026-07-09T23:14:22Z INFO controller.k8s_actuator: scaled deployment=frontend ns=default from=5 to=6
2026-07-09T23:14:22Z INFO controller.loop: tick service=frontend state=NOMINAL replicas 5→6 forecast=0.235 sigma=0.027
2026-07-09T23:14:37Z INFO controller.k8s_actuator: scaled deployment=frontend ns=default from=6 to=8
2026-07-09T23:14:37Z INFO controller.loop: tick service=frontend state=NOMINAL replicas 6→8 forecast=0.333 sigma=0.028
2026-07-09T23:14:52Z INFO controller.loop: tick service=frontend state=NOMINAL replicas 8→8 forecast=0.382 sigma=0.028
2026-07-09T23:15:07Z INFO controller.loop: tick service=frontend state=NOMINAL replicas 8→8 forecast=0.493 sigma=0.029
2026-07-09T23:15:22Z INFO controller.loop: tick service=frontend state=NOMINAL replicas 8→8 forecast=0.547 sigma=0.029
2026-07-09T23:15:37Z INFO controller.loop: tick service=frontend state=NOMINAL replicas 8→8 forecast=0.519 sigma=0.030
2026-07-09T23:15:52Z INFO controller.loop: tick service=frontend state=NOMINAL replicas 8→8 forecast=0.542 sigma=0.029
2026-07-09T23:16:07Z INFO controller.loop: tick service=frontend state=NOMINAL replicas 8→8 forecast=0.603 sigma=0.029
2026-07-09T23:16:22Z INFO controller.loop: tick service=frontend state=NOMINAL replicas 8→8 forecast=0.614 sigma=0.030
2026-07-09T23:16:37Z INFO controller.loop: tick service=frontend state=NOMINAL replicas 8→8 forecast=0.565 sigma=0.028
2026-07-09T23:16:52Z INFO controller.loop: tick service=frontend state=NOMINAL replicas 8→8 forecast=0.339 sigma=0.033
2026-07-09T23:17:07Z INFO controller.loop: tick service=frontend state=NOMINAL replicas 8→8 forecast=0.355 sigma=0.031
2026-07-09T23:17:22Z INFO controller.loop: tick service=frontend state=NOMINAL replicas 8→8 forecast=0.464 sigma=0.032
2026-07-09T23:17:37Z INFO controller.loop: tick service=frontend state=NOMINAL replicas 8→8 forecast=0.431 sigma=0.032
2026-07-09T23:17:52Z INFO controller.loop: tick service=frontend state=NOMINAL replicas 8→8 forecast=0.390 sigma=0.031
2026-07-09T23:18:07Z INFO controller.loop: tick service=frontend state=NOMINAL replicas 8→8 forecast=0.406 sigma=0.031
2026-07-09T23:18:22Z INFO controller.loop: tick service=frontend state=NOMINAL replicas 8→8 forecast=0.414 sigma=0.031
2026-07-09T23:18:37Z INFO controller.loop: tick service=frontend state=NOMINAL replicas 8→8 forecast=0.404 sigma=0.031
2026-07-09T23:18:52Z INFO controller.loop: tick service=frontend state=NOMINAL replicas 8→8 forecast=0.361 sigma=0.031
2026-07-09T23:19:07Z INFO controller.loop: tick service=frontend state=NOMINAL replicas 8→8 forecast=0.324 sigma=0.031
2026-07-09T23:19:22Z INFO controller.loop: tick service=frontend state=NOMINAL replicas 8→8 forecast=0.361 sigma=0.030
2026-07-09T23:19:37Z INFO controller.loop: tick service=frontend state=NOMINAL replicas 8→8 forecast=0.429 sigma=0.029
2026-07-09T23:19:52Z INFO controller.loop: tick service=frontend state=NOMINAL replicas 8→8 forecast=0.379 sigma=0.029
2026-07-09T23:20:07Z INFO controller.loop: tick service=frontend state=NOMINAL replicas 8→8 forecast=0.354 sigma=0.029
2026-07-09T23:20:22Z INFO controller.loop: tick service=frontend state=NOMINAL replicas 8→8 forecast=0.413 sigma=0.029
2026-07-09T23:20:37Z INFO controller.loop: tick service=frontend state=NOMINAL replicas 8→8 forecast=0.365 sigma=0.029
2026-07-09T23:20:52Z INFO controller.loop: tick service=frontend state=NOMINAL replicas 8→8 forecast=0.394 sigma=0.036
2026-07-09T23:21:07Z INFO controller.loop: tick service=frontend state=NOMINAL replicas 8→8 forecast=0.418 sigma=0.029
2026-07-09T23:21:22Z INFO controller.loop: tick service=frontend state=NOMINAL replicas 8→8 forecast=0.490 sigma=0.029
2026-07-09T23:21:37Z INFO controller.loop: tick service=frontend state=NOMINAL replicas 8→8 forecast=0.436 sigma=0.030
2026-07-09T23:21:52Z INFO controller.loop: tick service=frontend state=NOMINAL replicas 8→8 forecast=0.436 sigma=0.029
2026-07-09T23:22:07Z INFO controller.loop: tick service=frontend state=NOMINAL replicas 8→8 forecast=0.451 sigma=0.028
2026-07-09T23:22:22Z INFO controller.loop: tick service=frontend state=NOMINAL replicas 8→8 forecast=0.409 sigma=0.028
2026-07-09T23:22:37Z INFO controller.loop: tick service=frontend state=NOMINAL replicas 8→8 forecast=0.357 sigma=0.027
2026-07-09T23:22:52Z INFO controller.k8s_actuator: scaled deployment=frontend ns=default from=8 to=7
2026-07-09T23:22:52Z INFO controller.loop: tick service=frontend state=NOMINAL replicas 8→7 forecast=0.307 sigma=0.027
2026-07-09T23:23:07Z INFO controller.k8s_actuator: scaled deployment=frontend ns=default from=7 to=6
2026-07-09T23:23:07Z INFO controller.loop: tick service=frontend state=NOMINAL replicas 7→6 forecast=0.238 sigma=0.027
2026-07-09T23:23:22Z INFO controller.k8s_actuator: scaled deployment=frontend ns=default from=6 to=5
2026-07-09T23:23:22Z INFO controller.loop: tick service=frontend state=NOMINAL replicas 6→5 forecast=0.174 sigma=0.027
2026-07-09T23:23:37Z INFO controller.loop: tick service=frontend state=NOMINAL replicas 5→5 forecast=0.195 sigma=0.027
2026-07-09T23:23:52Z INFO controller.k8s_actuator: scaled deployment=frontend ns=default from=5 to=6
2026-07-09T23:23:52Z INFO controller.loop: tick service=frontend state=NOMINAL replicas 5→6 forecast=0.223 sigma=0.027
2026-07-09T23:24:07Z INFO controller.loop: tick service=frontend state=NOMINAL replicas 6→6 forecast=0.229 sigma=0.027
2026-07-09T23:24:22Z INFO controller.k8s_actuator: scaled deployment=frontend ns=default from=6 to=7
2026-07-09T23:24:22Z INFO controller.loop: tick service=frontend state=NOMINAL replicas 6→7 forecast=0.298 sigma=0.025
2026-07-09T23:24:37Z INFO controller.k8s_actuator: scaled deployment=frontend ns=default from=7 to=8
2026-07-09T23:24:37Z INFO controller.loop: tick service=frontend state=NOMINAL replicas 7→8 forecast=0.378 sigma=0.026
2026-07-09T23:24:52Z INFO controller.loop: tick service=frontend state=NOMINAL replicas 8→8 forecast=0.528 sigma=0.027
2026-07-09T23:25:07Z INFO controller.loop: tick service=frontend state=NOMINAL replicas 8→8 forecast=0.546 sigma=0.027
2026-07-09T23:25:22Z INFO controller.loop: tick service=frontend state=NOMINAL replicas 8→8 forecast=0.359 sigma=0.032
2026-07-09T23:25:37Z INFO controller.loop: tick service=frontend state=NOMINAL replicas 8→8 forecast=0.580 sigma=0.031
2026-07-09T23:25:52Z INFO controller.loop: tick service=frontend state=NOMINAL replicas 8→8 forecast=0.630 sigma=0.033
2026-07-09T23:25:58Z INFO controller.loop: received signal 15 — stopping after current tick
✅  stopped after 121 tick(s). Evidence: experiments/results/periodic-hybrid-010-evidence.jsonl
