▶  evidence path override: experiments/results/ramp-hybrid-010-evidence.jsonl
▶  config loaded: service=frontend namespace=default
▶  model registry loaded: phase3_20260709T001052Z_model_registry.yaml → holt_winters for frontend
▶  starting control loop (tick=15s, horizon=30s, forecaster=holt_winters)
2026-07-09T22:30:36Z INFO controller.k8s_actuator: scaled deployment=frontend ns=default from=1 to=3
2026-07-09T22:30:36Z INFO controller.loop: tick service=frontend state=SCALE_LIMITED replicas 1→3 forecast=0.200 sigma=0.013
2026-07-09T22:30:51Z INFO controller.k8s_actuator: scaled deployment=frontend ns=default from=3 to=5
2026-07-09T22:30:51Z INFO controller.loop: tick service=frontend state=NOMINAL replicas 3→5 forecast=0.185 sigma=0.014
2026-07-09T22:31:06Z INFO controller.loop: tick service=frontend state=NOMINAL replicas 5→5 forecast=0.183 sigma=0.017
2026-07-09T22:31:21Z INFO controller.k8s_actuator: scaled deployment=frontend ns=default from=5 to=3
2026-07-09T22:31:21Z INFO controller.loop: tick service=frontend state=NOMINAL replicas 5→3 forecast=0.110 sigma=0.019
2026-07-09T22:31:36Z INFO controller.k8s_actuator: scaled deployment=frontend ns=default from=3 to=4
2026-07-09T22:31:36Z INFO controller.loop: tick service=frontend state=NOMINAL replicas 3→4 forecast=0.142 sigma=0.018
2026-07-09T22:31:51Z INFO controller.k8s_actuator: scaled deployment=frontend ns=default from=4 to=5
2026-07-09T22:31:51Z INFO controller.loop: tick service=frontend state=NOMINAL replicas 4→5 forecast=0.170 sigma=0.022
2026-07-09T22:32:06Z INFO controller.loop: tick service=frontend state=NOMINAL replicas 5→5 forecast=0.180 sigma=0.025
2026-07-09T22:32:21Z INFO controller.loop: tick service=frontend state=NOMINAL replicas 5→5 forecast=0.193 sigma=0.033
2026-07-09T22:32:36Z INFO controller.k8s_actuator: scaled deployment=frontend ns=default from=5 to=7
2026-07-09T22:32:36Z INFO controller.loop: tick service=frontend state=SCALE_LIMITED replicas 5→7 forecast=0.465 sigma=0.027
2026-07-09T22:32:51Z INFO controller.k8s_actuator: scaled deployment=frontend ns=default from=7 to=8
2026-07-09T22:32:51Z INFO controller.loop: tick service=frontend state=NOMINAL replicas 7→8 forecast=0.458 sigma=0.031
2026-07-09T22:33:06Z INFO controller.loop: tick service=frontend state=NOMINAL replicas 8→8 forecast=0.404 sigma=0.034
2026-07-09T22:33:21Z INFO controller.loop: tick service=frontend state=NOMINAL replicas 8→8 forecast=0.479 sigma=0.033
2026-07-09T22:33:36Z INFO controller.loop: tick service=frontend state=NOMINAL replicas 8→8 forecast=0.543 sigma=0.035
2026-07-09T22:33:51Z INFO controller.loop: tick service=frontend state=NOMINAL replicas 8→8 forecast=0.444 sigma=0.039
2026-07-09T22:34:06Z INFO controller.loop: tick service=frontend state=NOMINAL replicas 8→8 forecast=0.563 sigma=0.039
2026-07-09T22:34:21Z INFO controller.loop: tick service=frontend state=NOMINAL replicas 8→8 forecast=0.516 sigma=0.041
2026-07-09T22:34:36Z INFO controller.loop: tick service=frontend state=NOMINAL replicas 8→8 forecast=0.445 sigma=0.044
2026-07-09T22:34:51Z INFO controller.loop: tick service=frontend state=NOMINAL replicas 8→8 forecast=0.497 sigma=0.041
2026-07-09T22:35:06Z INFO controller.loop: tick service=frontend state=NOMINAL replicas 8→8 forecast=0.539 sigma=0.041
2026-07-09T22:35:21Z INFO controller.loop: tick service=frontend state=NOMINAL replicas 8→8 forecast=0.559 sigma=0.041
2026-07-09T22:35:36Z INFO controller.loop: tick service=frontend state=NOMINAL replicas 8→8 forecast=0.490 sigma=0.044
2026-07-09T22:35:51Z INFO controller.loop: tick service=frontend state=NOMINAL replicas 8→8 forecast=0.470 sigma=0.043
2026-07-09T22:36:06Z INFO controller.loop: tick service=frontend state=NOMINAL replicas 8→8 forecast=0.475 sigma=0.043
2026-07-09T22:36:21Z INFO controller.loop: tick service=frontend state=NOMINAL replicas 8→8 forecast=0.505 sigma=0.045
2026-07-09T22:36:36Z INFO controller.loop: tick service=frontend state=NOMINAL replicas 8→8 forecast=0.477 sigma=0.044
2026-07-09T22:36:51Z INFO controller.loop: tick service=frontend state=NOMINAL replicas 8→8 forecast=0.439 sigma=0.043
2026-07-09T22:37:06Z INFO controller.loop: tick service=frontend state=NOMINAL replicas 8→8 forecast=0.473 sigma=0.043
2026-07-09T22:37:21Z INFO controller.loop: tick service=frontend state=NOMINAL replicas 8→8 forecast=0.512 sigma=0.043
2026-07-09T22:37:36Z INFO controller.loop: tick service=frontend state=NOMINAL replicas 8→8 forecast=0.476 sigma=0.044
2026-07-09T22:37:51Z INFO controller.loop: tick service=frontend state=NOMINAL replicas 8→8 forecast=0.542 sigma=0.043
2026-07-09T22:38:06Z INFO controller.loop: tick service=frontend state=NOMINAL replicas 8→8 forecast=0.504 sigma=0.044
2026-07-09T22:38:21Z INFO controller.loop: tick service=frontend state=NOMINAL replicas 8→8 forecast=0.453 sigma=0.045
2026-07-09T22:38:36Z INFO controller.loop: tick service=frontend state=NOMINAL replicas 8→8 forecast=0.501 sigma=0.044
2026-07-09T22:38:51Z INFO controller.loop: tick service=frontend state=NOMINAL replicas 8→8 forecast=0.526 sigma=0.043
2026-07-09T22:39:06Z INFO controller.loop: tick service=frontend state=NOMINAL replicas 8→8 forecast=0.420 sigma=0.047
2026-07-09T22:39:21Z INFO controller.loop: tick service=frontend state=NOMINAL replicas 8→8 forecast=0.374 sigma=0.048
2026-07-09T22:39:36Z INFO controller.loop: tick service=frontend state=NOMINAL replicas 8→8 forecast=0.434 sigma=0.046
2026-07-09T22:39:51Z INFO controller.loop: tick service=frontend state=NOMINAL replicas 8→8 forecast=0.369 sigma=0.047
2026-07-09T22:40:06Z INFO controller.loop: tick service=frontend state=NOMINAL replicas 8→8 forecast=0.412 sigma=0.047
2026-07-09T22:40:21Z INFO controller.loop: tick service=frontend state=NOMINAL replicas 8→8 forecast=0.417 sigma=0.047
2026-07-09T22:40:36Z INFO controller.loop: tick service=frontend state=NOMINAL replicas 8→8 forecast=0.440 sigma=0.046
2026-07-09T22:40:51Z INFO controller.loop: tick service=frontend state=NOMINAL replicas 8→8 forecast=0.407 sigma=0.044
2026-07-09T22:41:06Z INFO controller.loop: tick service=frontend state=NOMINAL replicas 8→8 forecast=0.395 sigma=0.040
2026-07-09T22:41:21Z INFO controller.loop: tick service=frontend state=NOMINAL replicas 8→8 forecast=0.398 sigma=0.036
2026-07-09T22:41:36Z INFO controller.loop: tick service=frontend state=NOMINAL replicas 8→8 forecast=0.379 sigma=0.036
2026-07-09T22:41:51Z INFO controller.loop: tick service=frontend state=NOMINAL replicas 8→8 forecast=0.390 sigma=0.035
2026-07-09T22:42:06Z INFO controller.loop: tick service=frontend state=NOMINAL replicas 8→8 forecast=0.408 sigma=0.036
2026-07-09T22:42:21Z INFO controller.loop: tick service=frontend state=NOMINAL replicas 8→8 forecast=0.379 sigma=0.040
2026-07-09T22:42:36Z INFO controller.loop: tick service=frontend state=NOMINAL replicas 8→8 forecast=0.341 sigma=0.040
2026-07-09T22:42:51Z INFO controller.loop: tick service=frontend state=NOMINAL replicas 8→8 forecast=0.370 sigma=0.041
2026-07-09T22:43:06Z INFO controller.loop: tick service=frontend state=NOMINAL replicas 8→8 forecast=0.365 sigma=0.041
2026-07-09T22:43:21Z INFO controller.loop: tick service=frontend state=NOMINAL replicas 8→8 forecast=0.342 sigma=0.039
2026-07-09T22:43:36Z INFO controller.loop: tick service=frontend state=NOMINAL replicas 8→8 forecast=0.380 sigma=0.036
2026-07-09T22:43:51Z INFO controller.loop: tick service=frontend state=NOMINAL replicas 8→8 forecast=0.366 sigma=0.036
2026-07-09T22:44:06Z INFO controller.loop: tick service=frontend state=NOMINAL replicas 8→8 forecast=0.333 sigma=0.035
2026-07-09T22:44:21Z INFO controller.loop: tick service=frontend state=NOMINAL replicas 8→8 forecast=0.369 sigma=0.032
2026-07-09T22:44:36Z INFO controller.loop: tick service=frontend state=NOMINAL replicas 8→8 forecast=0.361 sigma=0.033
2026-07-09T22:44:51Z INFO controller.loop: tick service=frontend state=NOMINAL replicas 8→8 forecast=0.328 sigma=0.035
2026-07-09T22:45:06Z INFO controller.loop: tick service=frontend state=NOMINAL replicas 8→8 forecast=0.327 sigma=0.035
2026-07-09T22:45:21Z INFO controller.loop: tick service=frontend state=NOMINAL replicas 8→8 forecast=0.352 sigma=0.034
2026-07-09T22:45:36Z INFO controller.loop: tick service=frontend state=NOMINAL replicas 8→8 forecast=0.479 sigma=0.045
2026-07-09T22:45:51Z INFO controller.loop: tick service=frontend state=NOMINAL replicas 8→8 forecast=0.552 sigma=0.046
2026-07-09T22:46:06Z INFO controller.loop: tick service=frontend state=NOMINAL replicas 8→8 forecast=0.579 sigma=0.045
2026-07-09T22:46:21Z INFO controller.loop: tick service=frontend state=NOMINAL replicas 8→8 forecast=0.529 sigma=0.046
2026-07-09T22:46:36Z INFO controller.loop: tick service=frontend state=NOMINAL replicas 8→8 forecast=0.462 sigma=0.046
2026-07-09T22:46:51Z INFO controller.loop: tick service=frontend state=NOMINAL replicas 8→8 forecast=0.387 sigma=0.048
2026-07-09T22:47:06Z INFO controller.loop: tick service=frontend state=NOMINAL replicas 8→8 forecast=0.353 sigma=0.048
2026-07-09T22:47:21Z INFO controller.loop: tick service=frontend state=NOMINAL replicas 8→8 forecast=0.298 sigma=0.049
2026-07-09T22:47:36Z INFO controller.k8s_actuator: scaled deployment=frontend ns=default from=8 to=7
2026-07-09T22:47:36Z INFO controller.loop: tick service=frontend state=NOMINAL replicas 8→7 forecast=0.267 sigma=0.048
2026-07-09T22:47:51Z INFO controller.k8s_actuator: scaled deployment=frontend ns=default from=7 to=8
2026-07-09T22:47:51Z INFO controller.loop: tick service=frontend state=NOMINAL replicas 7→8 forecast=0.326 sigma=0.047
2026-07-09T22:48:06Z INFO controller.loop: tick service=frontend state=NOMINAL replicas 8→8 forecast=0.381 sigma=0.047
2026-07-09T22:48:21Z INFO controller.loop: tick service=frontend state=NOMINAL replicas 8→8 forecast=0.379 sigma=0.048
2026-07-09T22:48:36Z INFO controller.loop: tick service=frontend state=NOMINAL replicas 8→8 forecast=0.326 sigma=0.050
2026-07-09T22:48:51Z INFO controller.loop: tick service=frontend state=NOMINAL replicas 8→8 forecast=0.382 sigma=0.048
2026-07-09T22:49:06Z INFO controller.loop: tick service=frontend state=NOMINAL replicas 8→8 forecast=0.388 sigma=0.048
2026-07-09T22:49:21Z INFO controller.loop: tick service=frontend state=NOMINAL replicas 8→8 forecast=0.440 sigma=0.048
2026-07-09T22:49:36Z INFO controller.loop: tick service=frontend state=NOMINAL replicas 8→8 forecast=0.453 sigma=0.048
2026-07-09T22:49:51Z INFO controller.loop: tick service=frontend state=NOMINAL replicas 8→8 forecast=0.527 sigma=0.048
2026-07-09T22:50:06Z INFO controller.loop: tick service=frontend state=NOMINAL replicas 8→8 forecast=0.466 sigma=0.049
2026-07-09T22:50:21Z INFO controller.loop: tick service=frontend state=NOMINAL replicas 8→8 forecast=0.514 sigma=0.048
2026-07-09T22:50:36Z INFO controller.loop: tick service=frontend state=NOMINAL replicas 8→8 forecast=0.538 sigma=0.052
2026-07-09T22:50:51Z INFO controller.loop: tick service=frontend state=NOMINAL replicas 8→8 forecast=0.513 sigma=0.052
2026-07-09T22:51:06Z INFO controller.loop: tick service=frontend state=NOMINAL replicas 8→8 forecast=0.614 sigma=0.054
2026-07-09T22:51:21Z INFO controller.loop: tick service=frontend state=NOMINAL replicas 8→8 forecast=0.460 sigma=0.061
2026-07-09T22:51:36Z INFO controller.loop: tick service=frontend state=NOMINAL replicas 8→8 forecast=0.494 sigma=0.056
2026-07-09T22:51:51Z INFO controller.loop: tick service=frontend state=NOMINAL replicas 8→8 forecast=0.527 sigma=0.054
2026-07-09T22:52:06Z INFO controller.loop: tick service=frontend state=NOMINAL replicas 8→8 forecast=0.529 sigma=0.056
2026-07-09T22:52:21Z INFO controller.loop: tick service=frontend state=NOMINAL replicas 8→8 forecast=0.390 sigma=0.058
2026-07-09T22:52:36Z INFO controller.loop: tick service=frontend state=NOMINAL replicas 8→8 forecast=0.433 sigma=0.055
2026-07-09T22:52:51Z INFO controller.loop: tick service=frontend state=NOMINAL replicas 8→8 forecast=0.424 sigma=0.056
2026-07-09T22:53:06Z INFO controller.loop: tick service=frontend state=NOMINAL replicas 8→8 forecast=0.412 sigma=0.057
2026-07-09T22:53:21Z INFO controller.loop: tick service=frontend state=NOMINAL replicas 8→8 forecast=0.421 sigma=0.056
2026-07-09T22:53:36Z INFO controller.loop: tick service=frontend state=NOMINAL replicas 8→8 forecast=0.400 sigma=0.056
2026-07-09T22:53:51Z INFO controller.loop: tick service=frontend state=NOMINAL replicas 8→8 forecast=0.402 sigma=0.056
2026-07-09T22:54:06Z INFO controller.loop: tick service=frontend state=NOMINAL replicas 8→8 forecast=0.402 sigma=0.055
2026-07-09T22:54:21Z INFO controller.loop: tick service=frontend state=NOMINAL replicas 8→8 forecast=0.372 sigma=0.055
2026-07-09T22:54:36Z INFO controller.loop: tick service=frontend state=NOMINAL replicas 8→8 forecast=0.365 sigma=0.055
2026-07-09T22:54:51Z INFO controller.loop: tick service=frontend state=NOMINAL replicas 8→8 forecast=0.332 sigma=0.049
2026-07-09T22:55:06Z INFO controller.loop: tick service=frontend state=NOMINAL replicas 8→8 forecast=0.361 sigma=0.052
2026-07-09T22:55:21Z INFO controller.loop: tick service=frontend state=NOMINAL replicas 8→8 forecast=0.312 sigma=0.047
2026-07-09T22:55:36Z INFO controller.k8s_actuator: scaled deployment=frontend ns=default from=8 to=7
2026-07-09T22:55:36Z INFO controller.loop: tick service=frontend state=NOMINAL replicas 8→7 forecast=0.270 sigma=0.046
2026-07-09T22:55:41Z INFO controller.loop: received signal 15 — stopping after current tick
✅  stopped after 101 tick(s). Evidence: experiments/results/ramp-hybrid-010-evidence.jsonl
