▶  evidence path override: experiments/results/trace_replay-hybrid-001-evidence.jsonl
▶  config loaded: service=frontend namespace=default
▶  model registry loaded: phase3_20260709T001052Z_model_registry.yaml → holt_winters for frontend
▶  starting control loop (tick=15s, horizon=30s, forecaster=holt_winters)
2026-07-10T20:43:44Z INFO controller.k8s_actuator: scaled deployment=frontend ns=default from=1 to=3
2026-07-10T20:43:44Z INFO controller.loop: tick service=frontend state=SCALE_LIMITED replicas 1→3 forecast=0.352 sigma=0.025
2026-07-10T20:43:59Z INFO controller.k8s_actuator: scaled deployment=frontend ns=default from=3 to=5
2026-07-10T20:43:59Z INFO controller.loop: tick service=frontend state=SCALE_LIMITED replicas 3→5 forecast=0.236 sigma=0.033
2026-07-10T20:44:14Z INFO controller.k8s_actuator: scaled deployment=frontend ns=default from=5 to=4
2026-07-10T20:44:14Z INFO controller.loop: tick service=frontend state=NOMINAL replicas 5→4 forecast=0.104 sigma=0.035
2026-07-10T20:44:29Z INFO controller.loop: tick service=frontend state=NOMINAL replicas 4→4 forecast=0.120 sigma=0.031
2026-07-10T20:44:44Z INFO controller.k8s_actuator: scaled deployment=frontend ns=default from=4 to=5
2026-07-10T20:44:44Z INFO controller.loop: tick service=frontend state=NOMINAL replicas 4→5 forecast=0.199 sigma=0.030
2026-07-10T20:44:59Z INFO controller.k8s_actuator: scaled deployment=frontend ns=default from=5 to=6
2026-07-10T20:44:59Z INFO controller.loop: tick service=frontend state=NOMINAL replicas 5→6 forecast=0.224 sigma=0.033
2026-07-10T20:45:14Z INFO controller.k8s_actuator: scaled deployment=frontend ns=default from=6 to=7
2026-07-10T20:45:14Z INFO controller.loop: tick service=frontend state=NOMINAL replicas 6→7 forecast=0.270 sigma=0.038
2026-07-10T20:45:29Z INFO controller.loop: tick service=frontend state=NOMINAL replicas 7→7 forecast=0.276 sigma=0.036
2026-07-10T20:45:44Z INFO controller.loop: tick service=frontend state=NOMINAL replicas 7→7 forecast=0.267 sigma=0.034
2026-07-10T20:45:59Z INFO controller.loop: tick service=frontend state=NOMINAL replicas 7→7 forecast=0.277 sigma=0.033
2026-07-10T20:46:14Z INFO controller.loop: tick service=frontend state=NOMINAL replicas 7→7 forecast=0.294 sigma=0.033
2026-07-10T20:46:29Z INFO controller.loop: tick service=frontend state=NOMINAL replicas 7→7 forecast=0.291 sigma=0.033
2026-07-10T20:46:44Z INFO controller.loop: tick service=frontend state=NOMINAL replicas 7→7 forecast=0.275 sigma=0.033
2026-07-10T20:46:59Z INFO controller.loop: tick service=frontend state=NOMINAL replicas 7→7 forecast=0.284 sigma=0.034
2026-07-10T20:47:14Z INFO controller.k8s_actuator: scaled deployment=frontend ns=default from=7 to=8
2026-07-10T20:47:14Z INFO controller.loop: tick service=frontend state=NOMINAL replicas 7→8 forecast=0.303 sigma=0.035
2026-07-10T20:47:29Z INFO controller.loop: tick service=frontend state=NOMINAL replicas 8→8 forecast=0.371 sigma=0.031
2026-07-10T20:47:44Z INFO controller.loop: tick service=frontend state=NOMINAL replicas 8→8 forecast=0.317 sigma=0.034
2026-07-10T20:47:59Z INFO controller.loop: tick service=frontend state=NOMINAL replicas 8→8 forecast=0.307 sigma=0.034
2026-07-10T20:48:14Z INFO controller.loop: tick service=frontend state=NOMINAL replicas 8→8 forecast=0.353 sigma=0.032
2026-07-10T20:48:29Z INFO controller.loop: tick service=frontend state=NOMINAL replicas 8→8 forecast=0.353 sigma=0.032
2026-07-10T20:48:44Z INFO controller.k8s_actuator: scaled deployment=frontend ns=default from=8 to=7
2026-07-10T20:48:44Z INFO controller.loop: tick service=frontend state=NOMINAL replicas 8→7 forecast=0.294 sigma=0.034
2026-07-10T20:48:59Z INFO controller.k8s_actuator: scaled deployment=frontend ns=default from=7 to=8
2026-07-10T20:48:59Z INFO controller.loop: tick service=frontend state=NOMINAL replicas 7→8 forecast=0.346 sigma=0.034
2026-07-10T20:49:14Z INFO controller.loop: tick service=frontend state=NOMINAL replicas 8→8 forecast=0.355 sigma=0.034
2026-07-10T20:49:29Z INFO controller.loop: tick service=frontend state=NOMINAL replicas 8→8 forecast=0.303 sigma=0.036
2026-07-10T20:49:44Z INFO controller.loop: tick service=frontend state=NOMINAL replicas 8→8 forecast=0.304 sigma=0.035
2026-07-10T20:49:59Z INFO controller.loop: tick service=frontend state=NOMINAL replicas 8→8 forecast=0.323 sigma=0.035
2026-07-10T20:50:14Z INFO controller.loop: tick service=frontend state=NOMINAL replicas 8→8 forecast=0.369 sigma=0.035
2026-07-10T20:50:29Z INFO controller.loop: tick service=frontend state=NOMINAL replicas 8→8 forecast=0.340 sigma=0.036
2026-07-10T20:50:44Z INFO controller.k8s_actuator: scaled deployment=frontend ns=default from=8 to=7
2026-07-10T20:50:44Z INFO controller.loop: tick service=frontend state=NOMINAL replicas 8→7 forecast=0.268 sigma=0.038
2026-07-10T20:50:59Z INFO controller.k8s_actuator: scaled deployment=frontend ns=default from=7 to=8
2026-07-10T20:50:59Z INFO controller.loop: tick service=frontend state=NOMINAL replicas 7→8 forecast=0.312 sigma=0.036
2026-07-10T20:51:14Z INFO controller.loop: tick service=frontend state=NOMINAL replicas 8→8 forecast=0.345 sigma=0.037
2026-07-10T20:51:29Z INFO controller.loop: tick service=frontend state=NOMINAL replicas 8→8 forecast=0.365 sigma=0.037
2026-07-10T20:51:44Z INFO controller.loop: tick service=frontend state=NOMINAL replicas 8→8 forecast=0.348 sigma=0.037
2026-07-10T20:51:59Z INFO controller.loop: tick service=frontend state=NOMINAL replicas 8→8 forecast=0.338 sigma=0.038
2026-07-10T20:52:14Z INFO controller.loop: tick service=frontend state=NOMINAL replicas 8→8 forecast=0.389 sigma=0.036
2026-07-10T20:52:29Z INFO controller.loop: tick service=frontend state=NOMINAL replicas 8→8 forecast=0.357 sigma=0.038
2026-07-10T20:52:44Z INFO controller.loop: tick service=frontend state=NOMINAL replicas 8→8 forecast=0.305 sigma=0.038
2026-07-10T20:52:59Z INFO controller.loop: tick service=frontend state=NOMINAL replicas 8→8 forecast=0.372 sigma=0.040
2026-07-10T20:53:14Z INFO controller.loop: tick service=frontend state=NOMINAL replicas 8→8 forecast=0.404 sigma=0.039
2026-07-10T20:53:29Z INFO controller.loop: tick service=frontend state=NOMINAL replicas 8→8 forecast=0.411 sigma=0.041
2026-07-10T20:53:44Z INFO controller.loop: tick service=frontend state=NOMINAL replicas 8→8 forecast=0.419 sigma=0.041
2026-07-10T20:53:59Z INFO controller.loop: tick service=frontend state=NOMINAL replicas 8→8 forecast=0.436 sigma=0.034
2026-07-10T20:54:14Z INFO controller.loop: tick service=frontend state=NOMINAL replicas 8→8 forecast=0.463 sigma=0.034
2026-07-10T20:54:29Z INFO controller.loop: tick service=frontend state=NOMINAL replicas 8→8 forecast=0.486 sigma=0.035
2026-07-10T20:54:44Z INFO controller.loop: tick service=frontend state=NOMINAL replicas 8→8 forecast=0.508 sigma=0.032
2026-07-10T20:54:59Z INFO controller.loop: tick service=frontend state=NOMINAL replicas 8→8 forecast=0.528 sigma=0.034
2026-07-10T20:55:14Z INFO controller.loop: tick service=frontend state=NOMINAL replicas 8→8 forecast=0.509 sigma=0.035
2026-07-10T20:55:29Z INFO controller.loop: tick service=frontend state=NOMINAL replicas 8→8 forecast=0.434 sigma=0.042
2026-07-10T20:55:44Z INFO controller.loop: tick service=frontend state=NOMINAL replicas 8→8 forecast=0.428 sigma=0.040
2026-07-10T20:55:59Z INFO controller.loop: tick service=frontend state=NOMINAL replicas 8→8 forecast=0.391 sigma=0.041
2026-07-10T20:56:14Z INFO controller.loop: tick service=frontend state=NOMINAL replicas 8→8 forecast=0.351 sigma=0.042
2026-07-10T20:56:29Z INFO controller.loop: tick service=frontend state=NOMINAL replicas 8→8 forecast=0.335 sigma=0.041
2026-07-10T20:56:44Z INFO controller.loop: tick service=frontend state=NOMINAL replicas 8→8 forecast=0.378 sigma=0.041
2026-07-10T20:56:59Z INFO controller.loop: tick service=frontend state=NOMINAL replicas 8→8 forecast=0.330 sigma=0.042
2026-07-10T20:57:14Z INFO controller.loop: tick service=frontend state=NOMINAL replicas 8→8 forecast=0.341 sigma=0.041
2026-07-10T20:57:29Z INFO controller.loop: tick service=frontend state=NOMINAL replicas 8→8 forecast=0.348 sigma=0.040
2026-07-10T20:57:44Z INFO controller.loop: tick service=frontend state=NOMINAL replicas 8→8 forecast=0.318 sigma=0.041
2026-07-10T20:57:59Z INFO controller.k8s_actuator: scaled deployment=frontend ns=default from=8 to=7
2026-07-10T20:57:59Z INFO controller.loop: tick service=frontend state=NOMINAL replicas 8→7 forecast=0.277 sigma=0.040
2026-07-10T20:58:14Z INFO controller.loop: tick service=frontend state=NOMINAL replicas 7→7 forecast=0.258 sigma=0.040
2026-07-10T20:58:29Z INFO controller.k8s_actuator: scaled deployment=frontend ns=default from=7 to=8
2026-07-10T20:58:29Z INFO controller.loop: tick service=frontend state=NOMINAL replicas 7→8 forecast=0.297 sigma=0.040
2026-07-10T20:58:44Z INFO controller.loop: tick service=frontend state=NOMINAL replicas 8→8 forecast=0.369 sigma=0.041
2026-07-10T20:58:59Z INFO controller.loop: tick service=frontend state=NOMINAL replicas 8→8 forecast=0.355 sigma=0.041
2026-07-10T20:59:14Z INFO controller.loop: tick service=frontend state=NOMINAL replicas 8→8 forecast=0.365 sigma=0.041
2026-07-10T20:59:29Z INFO controller.loop: tick service=frontend state=NOMINAL replicas 8→8 forecast=0.356 sigma=0.042
2026-07-10T20:59:44Z INFO controller.loop: tick service=frontend state=NOMINAL replicas 8→8 forecast=0.355 sigma=0.042
2026-07-10T20:59:59Z INFO controller.loop: tick service=frontend state=NOMINAL replicas 8→8 forecast=0.361 sigma=0.041
2026-07-10T21:00:14Z INFO controller.loop: tick service=frontend state=NOMINAL replicas 8→8 forecast=0.366 sigma=0.041
2026-07-10T21:00:29Z INFO controller.loop: tick service=frontend state=NOMINAL replicas 8→8 forecast=0.386 sigma=0.041
2026-07-10T21:00:44Z INFO controller.loop: tick service=frontend state=NOMINAL replicas 8→8 forecast=0.402 sigma=0.040
2026-07-10T21:00:59Z INFO controller.loop: tick service=frontend state=NOMINAL replicas 8→8 forecast=0.381 sigma=0.040
2026-07-10T21:01:14Z INFO controller.loop: tick service=frontend state=NOMINAL replicas 8→8 forecast=0.390 sigma=0.040
2026-07-10T21:01:29Z INFO controller.loop: tick service=frontend state=NOMINAL replicas 8→8 forecast=0.370 sigma=0.041
2026-07-10T21:01:44Z INFO controller.loop: tick service=frontend state=NOMINAL replicas 8→8 forecast=0.343 sigma=0.042
2026-07-10T21:01:59Z INFO controller.loop: tick service=frontend state=NOMINAL replicas 8→8 forecast=0.335 sigma=0.041
2026-07-10T21:02:14Z INFO controller.loop: tick service=frontend state=NOMINAL replicas 8→8 forecast=0.333 sigma=0.041
2026-07-10T21:02:29Z INFO controller.loop: tick service=frontend state=NOMINAL replicas 8→8 forecast=0.365 sigma=0.039
2026-07-10T21:02:44Z INFO controller.loop: tick service=frontend state=NOMINAL replicas 8→8 forecast=0.353 sigma=0.038
2026-07-10T21:02:59Z INFO controller.loop: tick service=frontend state=NOMINAL replicas 8→8 forecast=0.357 sigma=0.040
2026-07-10T21:03:14Z INFO controller.loop: tick service=frontend state=NOMINAL replicas 8→8 forecast=0.384 sigma=0.035
2026-07-10T21:03:29Z INFO controller.loop: tick service=frontend state=NOMINAL replicas 8→8 forecast=0.370 sigma=0.036
2026-07-10T21:03:44Z INFO controller.loop: tick service=frontend state=NOMINAL replicas 8→8 forecast=0.373 sigma=0.035
2026-07-10T21:03:59Z INFO controller.loop: tick service=frontend state=NOMINAL replicas 8→8 forecast=0.380 sigma=0.032
2026-07-10T21:04:14Z INFO controller.loop: tick service=frontend state=NOMINAL replicas 8→8 forecast=0.380 sigma=0.033
2026-07-10T21:04:29Z INFO controller.loop: tick service=frontend state=NOMINAL replicas 8→8 forecast=0.392 sigma=0.032
2026-07-10T21:04:44Z INFO controller.loop: tick service=frontend state=NOMINAL replicas 8→8 forecast=0.376 sigma=0.028
2026-07-10T21:04:59Z INFO controller.loop: tick service=frontend state=NOMINAL replicas 8→8 forecast=0.369 sigma=0.027
2026-07-10T21:05:14Z INFO controller.loop: tick service=frontend state=NOMINAL replicas 8→8 forecast=0.374 sigma=0.027
2026-07-10T21:05:29Z INFO controller.loop: tick service=frontend state=NOMINAL replicas 8→8 forecast=0.359 sigma=0.024
2026-07-10T21:05:44Z INFO controller.loop: tick service=frontend state=NOMINAL replicas 8→8 forecast=0.382 sigma=0.022
2026-07-10T21:05:59Z INFO controller.loop: tick service=frontend state=NOMINAL replicas 8→8 forecast=0.392 sigma=0.024
2026-07-10T21:06:14Z INFO controller.loop: tick service=frontend state=NOMINAL replicas 8→8 forecast=0.433 sigma=0.024
2026-07-10T21:06:29Z INFO controller.loop: tick service=frontend state=NOMINAL replicas 8→8 forecast=0.489 sigma=0.025
2026-07-10T21:06:44Z INFO controller.loop: tick service=frontend state=NOMINAL replicas 8→8 forecast=0.465 sigma=0.026
2026-07-10T21:06:59Z INFO controller.loop: tick service=frontend state=NOMINAL replicas 8→8 forecast=0.452 sigma=0.025
2026-07-10T21:07:14Z INFO controller.loop: tick service=frontend state=NOMINAL replicas 8→8 forecast=0.430 sigma=0.026
2026-07-10T21:07:29Z INFO controller.loop: tick service=frontend state=NOMINAL replicas 8→8 forecast=0.435 sigma=0.027
2026-07-10T21:07:44Z INFO controller.loop: tick service=frontend state=NOMINAL replicas 8→8 forecast=0.396 sigma=0.026
2026-07-10T21:07:59Z INFO controller.loop: tick service=frontend state=NOMINAL replicas 8→8 forecast=0.393 sigma=0.025
2026-07-10T21:08:14Z INFO controller.loop: tick service=frontend state=NOMINAL replicas 8→8 forecast=0.325 sigma=0.029
2026-07-10T21:08:29Z INFO controller.k8s_actuator: scaled deployment=frontend ns=default from=8 to=7
2026-07-10T21:08:29Z INFO controller.loop: tick service=frontend state=NOMINAL replicas 8→7 forecast=0.289 sigma=0.024
2026-07-10T21:08:44Z INFO controller.k8s_actuator: scaled deployment=frontend ns=default from=7 to=8
2026-07-10T21:08:44Z INFO controller.loop: tick service=frontend state=NOMINAL replicas 7→8 forecast=0.358 sigma=0.024
2026-07-10T21:08:59Z INFO controller.k8s_actuator: scaled deployment=frontend ns=default from=8 to=7
2026-07-10T21:08:59Z INFO controller.loop: tick service=frontend state=NOMINAL replicas 8→7 forecast=0.294 sigma=0.026
2026-07-10T21:09:14Z INFO controller.k8s_actuator: scaled deployment=frontend ns=default from=7 to=8
2026-07-10T21:09:14Z INFO controller.loop: tick service=frontend state=NOMINAL replicas 7→8 forecast=0.346 sigma=0.024
2026-07-10T21:09:29Z INFO controller.loop: tick service=frontend state=NOMINAL replicas 8→8 forecast=0.316 sigma=0.025
2026-07-10T21:09:44Z INFO controller.loop: tick service=frontend state=NOMINAL replicas 8→8 forecast=0.346 sigma=0.024
2026-07-10T21:09:59Z INFO controller.loop: tick service=frontend state=NOMINAL replicas 8→8 forecast=0.387 sigma=0.025
2026-07-10T21:10:14Z INFO controller.loop: tick service=frontend state=NOMINAL replicas 8→8 forecast=0.368 sigma=0.025
2026-07-10T21:10:29Z INFO controller.loop: tick service=frontend state=NOMINAL replicas 8→8 forecast=0.372 sigma=0.025
2026-07-10T21:10:44Z INFO controller.loop: tick service=frontend state=NOMINAL replicas 8→8 forecast=0.324 sigma=0.026
2026-07-10T21:10:59Z INFO controller.k8s_actuator: scaled deployment=frontend ns=default from=8 to=7
2026-07-10T21:10:59Z INFO controller.loop: tick service=frontend state=NOMINAL replicas 8→7 forecast=0.290 sigma=0.027
2026-07-10T21:11:14Z INFO controller.k8s_actuator: scaled deployment=frontend ns=default from=7 to=8
2026-07-10T21:11:14Z INFO controller.loop: tick service=frontend state=NOMINAL replicas 7→8 forecast=0.348 sigma=0.026
2026-07-10T21:11:29Z INFO controller.loop: tick service=frontend state=NOMINAL replicas 8→8 forecast=0.331 sigma=0.027
2026-07-10T21:11:44Z INFO controller.loop: tick service=frontend state=NOMINAL replicas 8→8 forecast=0.342 sigma=0.026
2026-07-10T21:11:59Z INFO controller.loop: tick service=frontend state=NOMINAL replicas 8→8 forecast=0.347 sigma=0.026
2026-07-10T21:12:14Z INFO controller.loop: tick service=frontend state=NOMINAL replicas 8→8 forecast=0.331 sigma=0.027
2026-07-10T21:12:29Z INFO controller.loop: tick service=frontend state=NOMINAL replicas 8→8 forecast=0.352 sigma=0.026
2026-07-10T21:12:44Z INFO controller.loop: tick service=frontend state=NOMINAL replicas 8→8 forecast=0.323 sigma=0.027
2026-07-10T21:12:59Z INFO controller.k8s_actuator: scaled deployment=frontend ns=default from=8 to=7
2026-07-10T21:12:59Z INFO controller.loop: tick service=frontend state=NOMINAL replicas 8→7 forecast=0.281 sigma=0.028
2026-07-10T21:13:14Z INFO controller.k8s_actuator: scaled deployment=frontend ns=default from=7 to=8
2026-07-10T21:13:14Z INFO controller.loop: tick service=frontend state=NOMINAL replicas 7→8 forecast=0.350 sigma=0.028
2026-07-10T21:13:29Z INFO controller.loop: tick service=frontend state=NOMINAL replicas 8→8 forecast=0.355 sigma=0.027
2026-07-10T21:13:44Z INFO controller.loop: tick service=frontend state=NOMINAL replicas 8→8 forecast=0.363 sigma=0.027
2026-07-10T21:13:56Z INFO controller.loop: received signal 15 — stopping after current tick
✅  stopped after 121 tick(s). Evidence: experiments/results/trace_replay-hybrid-001-evidence.jsonl
