▶  evidence path override: experiments/results/trace_replay-hybrid-006-evidence.jsonl
▶  config loaded: service=frontend namespace=default
▶  model registry loaded: phase3_20260709T001052Z_model_registry.yaml → holt_winters for frontend
▶  starting control loop (tick=15s, horizon=30s, forecaster=holt_winters)
2026-07-10T17:22:26Z INFO controller.k8s_actuator: scaled deployment=frontend ns=default from=1 to=3
2026-07-10T17:22:26Z INFO controller.loop: tick service=frontend state=SCALE_LIMITED replicas 1→3 forecast=0.165 sigma=0.017
2026-07-10T17:22:41Z INFO controller.k8s_actuator: scaled deployment=frontend ns=default from=3 to=5
2026-07-10T17:22:41Z INFO controller.loop: tick service=frontend state=NOMINAL replicas 3→5 forecast=0.184 sigma=0.016
2026-07-10T17:22:56Z INFO controller.loop: tick service=frontend state=NOMINAL replicas 5→5 forecast=0.186 sigma=0.016
2026-07-10T17:23:11Z INFO controller.k8s_actuator: scaled deployment=frontend ns=default from=5 to=4
2026-07-10T17:23:11Z INFO controller.loop: tick service=frontend state=NOMINAL replicas 5→4 forecast=0.161 sigma=0.020
2026-07-10T17:23:26Z INFO controller.loop: tick service=frontend state=NOMINAL replicas 4→4 forecast=0.163 sigma=0.016
2026-07-10T17:23:41Z INFO controller.k8s_actuator: scaled deployment=frontend ns=default from=4 to=5
2026-07-10T17:23:41Z INFO controller.loop: tick service=frontend state=NOMINAL replicas 4→5 forecast=0.205 sigma=0.021
2026-07-10T17:23:56Z INFO controller.k8s_actuator: scaled deployment=frontend ns=default from=5 to=7
2026-07-10T17:23:56Z INFO controller.loop: tick service=frontend state=NOMINAL replicas 5→7 forecast=0.275 sigma=0.024
2026-07-10T17:24:11Z INFO controller.k8s_actuator: scaled deployment=frontend ns=default from=7 to=6
2026-07-10T17:24:11Z INFO controller.loop: tick service=frontend state=NOMINAL replicas 7→6 forecast=0.257 sigma=0.027
2026-07-10T17:24:26Z INFO controller.k8s_actuator: scaled deployment=frontend ns=default from=6 to=7
2026-07-10T17:24:26Z INFO controller.loop: tick service=frontend state=NOMINAL replicas 6→7 forecast=0.262 sigma=0.026
2026-07-10T17:24:41Z INFO controller.loop: tick service=frontend state=NOMINAL replicas 7→7 forecast=0.298 sigma=0.027
2026-07-10T17:24:56Z INFO controller.k8s_actuator: scaled deployment=frontend ns=default from=7 to=8
2026-07-10T17:24:56Z INFO controller.loop: tick service=frontend state=NOMINAL replicas 7→8 forecast=0.313 sigma=0.027
2026-07-10T17:25:11Z INFO controller.k8s_actuator: scaled deployment=frontend ns=default from=8 to=7
2026-07-10T17:25:11Z INFO controller.loop: tick service=frontend state=NOMINAL replicas 8→7 forecast=0.290 sigma=0.027
2026-07-10T17:25:26Z INFO controller.loop: tick service=frontend state=NOMINAL replicas 7→7 forecast=0.257 sigma=0.030
2026-07-10T17:25:41Z INFO controller.k8s_actuator: scaled deployment=frontend ns=default from=7 to=8
2026-07-10T17:25:41Z INFO controller.loop: tick service=frontend state=NOMINAL replicas 7→8 forecast=0.332 sigma=0.031
2026-07-10T17:25:56Z INFO controller.loop: tick service=frontend state=NOMINAL replicas 8→8 forecast=0.362 sigma=0.032
2026-07-10T17:26:11Z INFO controller.loop: tick service=frontend state=NOMINAL replicas 8→8 forecast=0.359 sigma=0.036
2026-07-10T17:26:26Z INFO controller.loop: tick service=frontend state=NOMINAL replicas 8→8 forecast=0.374 sigma=0.034
2026-07-10T17:26:41Z INFO controller.loop: tick service=frontend state=NOMINAL replicas 8→8 forecast=0.411 sigma=0.034
2026-07-10T17:26:56Z INFO controller.loop: tick service=frontend state=NOMINAL replicas 8→8 forecast=0.418 sigma=0.034
2026-07-10T17:27:11Z INFO controller.loop: tick service=frontend state=NOMINAL replicas 8→8 forecast=0.354 sigma=0.037
2026-07-10T17:27:26Z INFO controller.loop: tick service=frontend state=NOMINAL replicas 8→8 forecast=0.350 sigma=0.037
2026-07-10T17:27:41Z INFO controller.loop: tick service=frontend state=NOMINAL replicas 8→8 forecast=0.356 sigma=0.036
2026-07-10T17:27:56Z INFO controller.loop: tick service=frontend state=NOMINAL replicas 8→8 forecast=0.361 sigma=0.037
2026-07-10T17:28:11Z INFO controller.loop: tick service=frontend state=NOMINAL replicas 8→8 forecast=0.351 sigma=0.036
2026-07-10T17:28:26Z INFO controller.loop: tick service=frontend state=NOMINAL replicas 8→8 forecast=0.357 sigma=0.036
2026-07-10T17:28:41Z INFO controller.loop: tick service=frontend state=NOMINAL replicas 8→8 forecast=0.361 sigma=0.035
2026-07-10T17:28:56Z INFO controller.loop: tick service=frontend state=NOMINAL replicas 8→8 forecast=0.380 sigma=0.035
2026-07-10T17:29:11Z INFO controller.loop: tick service=frontend state=NOMINAL replicas 8→8 forecast=0.392 sigma=0.035
2026-07-10T17:29:26Z INFO controller.loop: tick service=frontend state=NOMINAL replicas 8→8 forecast=0.385 sigma=0.034
2026-07-10T17:29:41Z INFO controller.loop: tick service=frontend state=NOMINAL replicas 8→8 forecast=0.373 sigma=0.033
2026-07-10T17:29:56Z INFO controller.loop: tick service=frontend state=NOMINAL replicas 8→8 forecast=0.394 sigma=0.033
2026-07-10T17:30:11Z INFO controller.loop: tick service=frontend state=NOMINAL replicas 8→8 forecast=0.407 sigma=0.032
2026-07-10T17:30:26Z INFO controller.loop: tick service=frontend state=NOMINAL replicas 8→8 forecast=0.416 sigma=0.032
2026-07-10T17:30:41Z INFO controller.loop: tick service=frontend state=NOMINAL replicas 8→8 forecast=0.398 sigma=0.033
2026-07-10T17:30:56Z INFO controller.loop: tick service=frontend state=NOMINAL replicas 8→8 forecast=0.418 sigma=0.032
2026-07-10T17:31:11Z INFO controller.loop: tick service=frontend state=NOMINAL replicas 8→8 forecast=0.418 sigma=0.032
2026-07-10T17:31:26Z INFO controller.loop: tick service=frontend state=NOMINAL replicas 8→8 forecast=0.415 sigma=0.033
2026-07-10T17:31:41Z INFO controller.loop: tick service=frontend state=NOMINAL replicas 8→8 forecast=0.392 sigma=0.031
2026-07-10T17:31:56Z INFO controller.loop: tick service=frontend state=NOMINAL replicas 8→8 forecast=0.409 sigma=0.030
2026-07-10T17:32:11Z INFO controller.loop: tick service=frontend state=NOMINAL replicas 8→8 forecast=0.431 sigma=0.032
2026-07-10T17:32:26Z INFO controller.loop: tick service=frontend state=NOMINAL replicas 8→8 forecast=0.432 sigma=0.031
2026-07-10T17:32:41Z INFO controller.loop: tick service=frontend state=NOMINAL replicas 8→8 forecast=0.454 sigma=0.031
2026-07-10T17:32:56Z INFO controller.loop: tick service=frontend state=NOMINAL replicas 8→8 forecast=0.466 sigma=0.031
2026-07-10T17:33:11Z INFO controller.loop: tick service=frontend state=NOMINAL replicas 8→8 forecast=0.472 sigma=0.032
2026-07-10T17:33:26Z INFO controller.loop: tick service=frontend state=NOMINAL replicas 8→8 forecast=0.481 sigma=0.032
2026-07-10T17:33:41Z INFO controller.loop: tick service=frontend state=NOMINAL replicas 8→8 forecast=0.411 sigma=0.032
2026-07-10T17:33:56Z INFO controller.loop: tick service=frontend state=NOMINAL replicas 8→8 forecast=0.402 sigma=0.032
2026-07-10T17:34:11Z INFO controller.loop: tick service=frontend state=NOMINAL replicas 8→8 forecast=0.360 sigma=0.035
2026-07-10T17:34:26Z INFO controller.loop: tick service=frontend state=NOMINAL replicas 8→8 forecast=0.392 sigma=0.032
2026-07-10T17:34:41Z INFO controller.loop: tick service=frontend state=NOMINAL replicas 8→8 forecast=0.387 sigma=0.032
2026-07-10T17:34:56Z INFO controller.loop: tick service=frontend state=NOMINAL replicas 8→8 forecast=0.348 sigma=0.033
2026-07-10T17:35:11Z INFO controller.loop: tick service=frontend state=NOMINAL replicas 8→8 forecast=0.389 sigma=0.032
2026-07-10T17:35:26Z INFO controller.loop: tick service=frontend state=NOMINAL replicas 8→8 forecast=0.365 sigma=0.030
2026-07-10T17:35:41Z INFO controller.loop: tick service=frontend state=NOMINAL replicas 8→8 forecast=0.311 sigma=0.028
2026-07-10T17:35:56Z INFO controller.k8s_actuator: scaled deployment=frontend ns=default from=8 to=6
2026-07-10T17:35:56Z INFO controller.loop: tick service=frontend state=NOMINAL replicas 8→6 forecast=0.236 sigma=0.029
2026-07-10T17:36:11Z INFO controller.loop: tick service=frontend state=NOMINAL replicas 6→6 forecast=0.248 sigma=0.027
2026-07-10T17:36:26Z INFO controller.k8s_actuator: scaled deployment=frontend ns=default from=6 to=7
2026-07-10T17:36:26Z INFO controller.loop: tick service=frontend state=NOMINAL replicas 6→7 forecast=0.272 sigma=0.026
2026-07-10T17:36:41Z INFO controller.k8s_actuator: scaled deployment=frontend ns=default from=7 to=6
2026-07-10T17:36:41Z INFO controller.loop: tick service=frontend state=NOMINAL replicas 7→6 forecast=0.244 sigma=0.027
2026-07-10T17:36:56Z INFO controller.k8s_actuator: scaled deployment=frontend ns=default from=6 to=8
2026-07-10T17:36:56Z INFO controller.loop: tick service=frontend state=NOMINAL replicas 6→8 forecast=0.309 sigma=0.029
2026-07-10T17:37:11Z INFO controller.loop: tick service=frontend state=NOMINAL replicas 8→8 forecast=0.378 sigma=0.030
2026-07-10T17:37:26Z INFO controller.loop: tick service=frontend state=NOMINAL replicas 8→8 forecast=0.350 sigma=0.031
2026-07-10T17:37:41Z INFO controller.loop: tick service=frontend state=NOMINAL replicas 8→8 forecast=0.409 sigma=0.031
2026-07-10T17:37:56Z INFO controller.loop: tick service=frontend state=NOMINAL replicas 8→8 forecast=0.347 sigma=0.034
2026-07-10T17:38:11Z INFO controller.loop: tick service=frontend state=NOMINAL replicas 8→8 forecast=0.335 sigma=0.033
2026-07-10T17:38:26Z INFO controller.loop: tick service=frontend state=NOMINAL replicas 8→8 forecast=0.339 sigma=0.032
2026-07-10T17:38:41Z INFO controller.loop: tick service=frontend state=NOMINAL replicas 8→8 forecast=0.339 sigma=0.032
2026-07-10T17:38:56Z INFO controller.loop: tick service=frontend state=NOMINAL replicas 8→8 forecast=0.355 sigma=0.031
2026-07-10T17:39:11Z INFO controller.loop: tick service=frontend state=NOMINAL replicas 8→8 forecast=0.393 sigma=0.031
2026-07-10T17:39:26Z INFO controller.loop: tick service=frontend state=NOMINAL replicas 8→8 forecast=0.433 sigma=0.032
2026-07-10T17:39:41Z INFO controller.loop: tick service=frontend state=NOMINAL replicas 8→8 forecast=0.366 sigma=0.033
2026-07-10T17:39:56Z INFO controller.loop: tick service=frontend state=NOMINAL replicas 8→8 forecast=0.333 sigma=0.034
2026-07-10T17:40:11Z INFO controller.loop: tick service=frontend state=NOMINAL replicas 8→8 forecast=0.373 sigma=0.032
2026-07-10T17:40:26Z INFO controller.loop: tick service=frontend state=NOMINAL replicas 8→8 forecast=0.356 sigma=0.034
2026-07-10T17:40:41Z INFO controller.loop: tick service=frontend state=NOMINAL replicas 8→8 forecast=0.328 sigma=0.034
2026-07-10T17:40:56Z INFO controller.loop: tick service=frontend state=NOMINAL replicas 8→8 forecast=0.304 sigma=0.034
2026-07-10T17:41:11Z INFO controller.loop: tick service=frontend state=NOMINAL replicas 8→8 forecast=0.322 sigma=0.033
2026-07-10T17:41:26Z INFO controller.loop: tick service=frontend state=NOMINAL replicas 8→8 forecast=0.351 sigma=0.032
2026-07-10T17:41:41Z INFO controller.loop: tick service=frontend state=NOMINAL replicas 8→8 forecast=0.364 sigma=0.032
2026-07-10T17:41:56Z INFO controller.loop: tick service=frontend state=NOMINAL replicas 8→8 forecast=0.384 sigma=0.031
2026-07-10T17:42:11Z INFO controller.loop: tick service=frontend state=NOMINAL replicas 8→8 forecast=0.398 sigma=0.031
2026-07-10T17:42:26Z INFO controller.loop: tick service=frontend state=NOMINAL replicas 8→8 forecast=0.377 sigma=0.031
2026-07-10T17:42:41Z INFO controller.loop: tick service=frontend state=NOMINAL replicas 8→8 forecast=0.347 sigma=0.031
2026-07-10T17:42:56Z INFO controller.loop: tick service=frontend state=NOMINAL replicas 8→8 forecast=0.382 sigma=0.031
2026-07-10T17:43:11Z INFO controller.loop: tick service=frontend state=NOMINAL replicas 8→8 forecast=0.339 sigma=0.034
2026-07-10T17:43:26Z INFO controller.loop: tick service=frontend state=NOMINAL replicas 8→8 forecast=0.346 sigma=0.033
2026-07-10T17:43:41Z INFO controller.loop: tick service=frontend state=NOMINAL replicas 8→8 forecast=0.373 sigma=0.031
2026-07-10T17:43:56Z INFO controller.loop: tick service=frontend state=NOMINAL replicas 8→8 forecast=0.378 sigma=0.031
2026-07-10T17:44:11Z INFO controller.loop: tick service=frontend state=NOMINAL replicas 8→8 forecast=0.391 sigma=0.031
2026-07-10T17:44:26Z INFO controller.loop: tick service=frontend state=NOMINAL replicas 8→8 forecast=0.419 sigma=0.031
2026-07-10T17:44:41Z INFO controller.loop: tick service=frontend state=NOMINAL replicas 8→8 forecast=0.394 sigma=0.031
2026-07-10T17:44:56Z INFO controller.loop: tick service=frontend state=NOMINAL replicas 8→8 forecast=0.447 sigma=0.031
2026-07-10T17:45:11Z INFO controller.loop: tick service=frontend state=NOMINAL replicas 8→8 forecast=0.466 sigma=0.034
2026-07-10T17:45:26Z INFO controller.loop: tick service=frontend state=NOMINAL replicas 8→8 forecast=0.485 sigma=0.035
2026-07-10T17:45:41Z INFO controller.loop: tick service=frontend state=NOMINAL replicas 8→8 forecast=0.524 sigma=0.033
2026-07-10T17:45:56Z INFO controller.loop: tick service=frontend state=NOMINAL replicas 8→8 forecast=0.500 sigma=0.033
2026-07-10T17:46:11Z INFO controller.loop: tick service=frontend state=NOMINAL replicas 8→8 forecast=0.453 sigma=0.034
2026-07-10T17:46:26Z INFO controller.loop: tick service=frontend state=NOMINAL replicas 8→8 forecast=0.444 sigma=0.033
2026-07-10T17:46:41Z INFO controller.loop: tick service=frontend state=NOMINAL replicas 8→8 forecast=0.393 sigma=0.033
2026-07-10T17:46:56Z INFO controller.loop: tick service=frontend state=NOMINAL replicas 8→8 forecast=0.377 sigma=0.031
2026-07-10T17:47:11Z INFO controller.loop: tick service=frontend state=NOMINAL replicas 8→8 forecast=0.356 sigma=0.031
2026-07-10T17:47:26Z INFO controller.loop: tick service=frontend state=NOMINAL replicas 8→8 forecast=0.345 sigma=0.031
2026-07-10T17:47:41Z INFO controller.loop: tick service=frontend state=NOMINAL replicas 8→8 forecast=0.338 sigma=0.029
2026-07-10T17:47:56Z INFO controller.loop: tick service=frontend state=NOMINAL replicas 8→8 forecast=0.332 sigma=0.028
2026-07-10T17:48:11Z INFO controller.k8s_actuator: scaled deployment=frontend ns=default from=8 to=7
2026-07-10T17:48:11Z INFO controller.loop: tick service=frontend state=NOMINAL replicas 8→7 forecast=0.266 sigma=0.028
2026-07-10T17:48:26Z INFO controller.k8s_actuator: scaled deployment=frontend ns=default from=7 to=8
2026-07-10T17:48:26Z INFO controller.loop: tick service=frontend state=NOMINAL replicas 7→8 forecast=0.315 sigma=0.028
2026-07-10T17:48:41Z INFO controller.loop: tick service=frontend state=NOMINAL replicas 8→8 forecast=0.421 sigma=0.029
2026-07-10T17:48:56Z INFO controller.loop: tick service=frontend state=NOMINAL replicas 8→8 forecast=0.402 sigma=0.029
2026-07-10T17:49:11Z INFO controller.loop: tick service=frontend state=NOMINAL replicas 8→8 forecast=0.330 sigma=0.030
2026-07-10T17:49:26Z INFO controller.loop: tick service=frontend state=NOMINAL replicas 8→8 forecast=0.361 sigma=0.031
2026-07-10T17:49:41Z INFO controller.loop: tick service=frontend state=NOMINAL replicas 8→8 forecast=0.332 sigma=0.031
2026-07-10T17:49:56Z INFO controller.loop: tick service=frontend state=NOMINAL replicas 8→8 forecast=0.312 sigma=0.031
2026-07-10T17:50:11Z INFO controller.loop: tick service=frontend state=NOMINAL replicas 8→8 forecast=0.317 sigma=0.030
2026-07-10T17:50:26Z INFO controller.loop: tick service=frontend state=NOMINAL replicas 8→8 forecast=0.354 sigma=0.030
2026-07-10T17:50:41Z INFO controller.loop: tick service=frontend state=NOMINAL replicas 8→8 forecast=0.326 sigma=0.032
2026-07-10T17:50:56Z INFO controller.loop: tick service=frontend state=NOMINAL replicas 8→8 forecast=0.325 sigma=0.030
2026-07-10T17:51:11Z INFO controller.loop: tick service=frontend state=NOMINAL replicas 8→8 forecast=0.317 sigma=0.030
2026-07-10T17:51:26Z INFO controller.loop: tick service=frontend state=NOMINAL replicas 8→8 forecast=0.353 sigma=0.030
2026-07-10T17:51:41Z INFO controller.k8s_actuator: scaled deployment=frontend ns=default from=8 to=7
2026-07-10T17:51:41Z INFO controller.loop: tick service=frontend state=NOMINAL replicas 8→7 forecast=0.304 sigma=0.029
2026-07-10T17:51:56Z INFO controller.k8s_actuator: scaled deployment=frontend ns=default from=7 to=8
2026-07-10T17:51:56Z INFO controller.loop: tick service=frontend state=NOMINAL replicas 7→8 forecast=0.311 sigma=0.030
2026-07-10T17:52:11Z INFO controller.loop: tick service=frontend state=NOMINAL replicas 8→8 forecast=0.330 sigma=0.030
2026-07-10T17:52:26Z INFO controller.loop: tick service=frontend state=NOMINAL replicas 8→8 forecast=0.396 sigma=0.030
2026-07-10T17:52:39Z INFO controller.loop: received signal 15 — stopping after current tick
✅  stopped after 121 tick(s). Evidence: experiments/results/trace_replay-hybrid-006-evidence.jsonl
