▶  evidence path override: experiments/results/burst-hybrid-005-evidence.jsonl
▶  config loaded: service=frontend namespace=default
▶  model registry loaded: phase3_20260709T001052Z_model_registry.yaml → holt_winters for frontend
▶  starting control loop (tick=15s, horizon=30s, forecaster=holt_winters)
2026-07-09T16:39:16Z INFO controller.k8s_actuator: scaled deployment=frontend ns=default from=1 to=3
2026-07-09T16:39:16Z INFO controller.loop: tick service=frontend state=SCALE_LIMITED replicas 1→3 forecast=0.116 sigma=0.031
2026-07-09T16:39:31Z INFO controller.k8s_actuator: scaled deployment=frontend ns=default from=3 to=4
2026-07-09T16:39:31Z INFO controller.loop: tick service=frontend state=NOMINAL replicas 3→4 forecast=0.113 sigma=0.030
2026-07-09T16:39:46Z INFO controller.k8s_actuator: scaled deployment=frontend ns=default from=4 to=2
2026-07-09T16:39:46Z INFO controller.loop: tick service=frontend state=SCALE_LIMITED replicas 4→2 forecast=-0.053 sigma=0.033
2026-07-09T16:40:01Z INFO controller.loop: tick service=frontend state=NOMINAL replicas 2→2 forecast=0.030 sigma=0.031
2026-07-09T16:40:16Z INFO controller.k8s_actuator: scaled deployment=frontend ns=default from=2 to=4
2026-07-09T16:40:16Z INFO controller.loop: tick service=frontend state=NOMINAL replicas 2→4 forecast=0.118 sigma=0.032
2026-07-09T16:40:31Z INFO controller.loop: tick service=frontend state=NOMINAL replicas 4→4 forecast=0.118 sigma=0.034
2026-07-09T16:40:46Z INFO controller.loop: tick service=frontend state=NOMINAL replicas 4→4 forecast=0.113 sigma=0.034
2026-07-09T16:41:01Z INFO controller.k8s_actuator: scaled deployment=frontend ns=default from=4 to=3
2026-07-09T16:41:01Z INFO controller.loop: tick service=frontend state=NOMINAL replicas 4→3 forecast=0.080 sigma=0.034
2026-07-09T16:41:16Z INFO controller.loop: tick service=frontend state=NOMINAL replicas 3→3 forecast=0.067 sigma=0.033
2026-07-09T16:41:31Z INFO controller.k8s_actuator: scaled deployment=frontend ns=default from=3 to=5
2026-07-09T16:41:31Z INFO controller.loop: tick service=frontend state=SCALE_LIMITED replicas 3→5 forecast=0.206 sigma=0.035
2026-07-09T16:41:46Z INFO controller.k8s_actuator: scaled deployment=frontend ns=default from=5 to=6
2026-07-09T16:41:46Z INFO controller.loop: tick service=frontend state=NOMINAL replicas 5→6 forecast=0.204 sigma=0.035
2026-07-09T16:42:01Z INFO controller.k8s_actuator: scaled deployment=frontend ns=default from=6 to=5
2026-07-09T16:42:01Z INFO controller.loop: tick service=frontend state=NOMINAL replicas 6→5 forecast=0.185 sigma=0.033
2026-07-09T16:42:16Z INFO controller.loop: tick service=frontend state=NOMINAL replicas 5→5 forecast=0.185 sigma=0.037
2026-07-09T16:42:31Z INFO controller.loop: tick service=frontend state=NOMINAL replicas 5→5 forecast=0.155 sigma=0.054
2026-07-09T16:42:46Z INFO controller.loop: tick service=frontend state=NOMINAL replicas 5→5 forecast=0.166 sigma=0.046
2026-07-09T16:43:01Z INFO controller.loop: tick service=frontend state=NOMINAL replicas 5→5 forecast=0.176 sigma=0.042
2026-07-09T16:43:16Z INFO controller.loop: tick service=frontend state=NOMINAL replicas 5→5 forecast=0.171 sigma=0.040
2026-07-09T16:43:31Z INFO controller.loop: tick service=frontend state=NOMINAL replicas 5→5 forecast=0.186 sigma=0.038
2026-07-09T16:43:46Z INFO controller.k8s_actuator: scaled deployment=frontend ns=default from=5 to=4
2026-07-09T16:43:46Z INFO controller.loop: tick service=frontend state=NOMINAL replicas 5→4 forecast=0.135 sigma=0.031
2026-07-09T16:44:01Z INFO controller.k8s_actuator: scaled deployment=frontend ns=default from=4 to=5
2026-07-09T16:44:01Z INFO controller.loop: tick service=frontend state=NOMINAL replicas 4→5 forecast=0.187 sigma=0.030
2026-07-09T16:44:16Z INFO controller.k8s_actuator: scaled deployment=frontend ns=default from=5 to=4
2026-07-09T16:44:16Z INFO controller.loop: tick service=frontend state=NOMINAL replicas 5→4 forecast=0.129 sigma=0.030
2026-07-09T16:44:31Z INFO controller.k8s_actuator: scaled deployment=frontend ns=default from=4 to=5
2026-07-09T16:44:31Z INFO controller.loop: tick service=frontend state=NOMINAL replicas 4→5 forecast=0.186 sigma=0.028
2026-07-09T16:44:46Z INFO controller.k8s_actuator: scaled deployment=frontend ns=default from=5 to=7
2026-07-09T16:44:46Z INFO controller.loop: tick service=frontend state=NOMINAL replicas 5→7 forecast=0.265 sigma=0.030
2026-07-09T16:45:01Z INFO controller.loop: tick service=frontend state=NOMINAL replicas 7→7 forecast=0.258 sigma=0.028
2026-07-09T16:45:16Z INFO controller.loop: tick service=frontend state=NOMINAL replicas 7→7 forecast=0.306 sigma=0.029
2026-07-09T16:45:31Z INFO controller.k8s_actuator: scaled deployment=frontend ns=default from=7 to=8
2026-07-09T16:45:31Z INFO controller.loop: tick service=frontend state=NOMINAL replicas 7→8 forecast=0.438 sigma=0.029
2026-07-09T16:45:46Z INFO controller.loop: tick service=frontend state=NOMINAL replicas 8→8 forecast=0.424 sigma=0.035
2026-07-09T16:46:01Z INFO controller.loop: tick service=frontend state=NOMINAL replicas 8→8 forecast=0.337 sigma=0.037
2026-07-09T16:46:16Z INFO controller.k8s_actuator: scaled deployment=frontend ns=default from=8 to=7
2026-07-09T16:46:16Z INFO controller.loop: tick service=frontend state=NOMINAL replicas 8→7 forecast=0.265 sigma=0.040
2026-07-09T16:46:31Z INFO controller.k8s_actuator: scaled deployment=frontend ns=default from=7 to=8
2026-07-09T16:46:31Z INFO controller.loop: tick service=frontend state=NOMINAL replicas 7→8 forecast=0.441 sigma=0.036
2026-07-09T16:46:46Z INFO controller.loop: tick service=frontend state=NOMINAL replicas 8→8 forecast=0.424 sigma=0.035
2026-07-09T16:47:01Z INFO controller.k8s_actuator: scaled deployment=frontend ns=default from=8 to=6
2026-07-09T16:47:01Z INFO controller.loop: tick service=frontend state=NOMINAL replicas 8→6 forecast=0.205 sigma=0.049
2026-07-09T16:47:16Z INFO controller.loop: tick service=frontend state=NOMINAL replicas 6→6 forecast=0.219 sigma=0.045
2026-07-09T16:47:31Z INFO controller.k8s_actuator: scaled deployment=frontend ns=default from=6 to=4
2026-07-09T16:47:31Z INFO controller.loop: tick service=frontend state=NOMINAL replicas 6→4 forecast=0.118 sigma=0.046
2026-07-09T16:47:46Z INFO controller.k8s_actuator: scaled deployment=frontend ns=default from=4 to=6
2026-07-09T16:47:46Z INFO controller.loop: tick service=frontend state=NOMINAL replicas 4→6 forecast=0.230 sigma=0.045
2026-07-09T16:48:01Z INFO controller.k8s_actuator: scaled deployment=frontend ns=default from=6 to=7
2026-07-09T16:48:01Z INFO controller.loop: tick service=frontend state=NOMINAL replicas 6→7 forecast=0.248 sigma=0.045
2026-07-09T16:48:16Z INFO controller.k8s_actuator: scaled deployment=frontend ns=default from=7 to=6
2026-07-09T16:48:16Z INFO controller.loop: tick service=frontend state=NOMINAL replicas 7→6 forecast=0.216 sigma=0.045
2026-07-09T16:48:31Z INFO controller.loop: tick service=frontend state=NOMINAL replicas 6→6 forecast=0.222 sigma=0.045
2026-07-09T16:48:46Z INFO controller.k8s_actuator: scaled deployment=frontend ns=default from=6 to=7
2026-07-09T16:48:46Z INFO controller.loop: tick service=frontend state=NOMINAL replicas 6→7 forecast=0.235 sigma=0.045
2026-07-09T16:49:01Z INFO controller.loop: tick service=frontend state=NOMINAL replicas 7→7 forecast=0.246 sigma=0.045
2026-07-09T16:49:16Z INFO controller.loop: tick service=frontend state=NOMINAL replicas 7→7 forecast=0.241 sigma=0.044
2026-07-09T16:49:31Z INFO controller.k8s_actuator: scaled deployment=frontend ns=default from=7 to=6
2026-07-09T16:49:31Z INFO controller.loop: tick service=frontend state=NOMINAL replicas 7→6 forecast=0.207 sigma=0.043
2026-07-09T16:49:46Z INFO controller.loop: tick service=frontend state=NOMINAL replicas 6→6 forecast=0.206 sigma=0.042
2026-07-09T16:50:01Z INFO controller.loop: tick service=frontend state=NOMINAL replicas 6→6 forecast=0.234 sigma=0.042
2026-07-09T16:50:16Z INFO controller.loop: tick service=frontend state=NOMINAL replicas 6→6 forecast=0.234 sigma=0.041
2026-07-09T16:50:31Z INFO controller.k8s_actuator: scaled deployment=frontend ns=default from=6 to=5
2026-07-09T16:50:31Z INFO controller.loop: tick service=frontend state=NOMINAL replicas 6→5 forecast=0.182 sigma=0.043
2026-07-09T16:50:46Z INFO controller.loop: tick service=frontend state=NOMINAL replicas 5→5 forecast=0.181 sigma=0.042
2026-07-09T16:51:01Z INFO controller.k8s_actuator: scaled deployment=frontend ns=default from=5 to=7
2026-07-09T16:51:01Z INFO controller.loop: tick service=frontend state=NOMINAL replicas 5→7 forecast=0.258 sigma=0.042
2026-07-09T16:51:16Z INFO controller.loop: tick service=frontend state=NOMINAL replicas 7→7 forecast=0.241 sigma=0.042
2026-07-09T16:51:21Z INFO controller.loop: received signal 15 — stopping after current tick
✅  stopped after 49 tick(s). Evidence: experiments/results/burst-hybrid-005-evidence.jsonl
