▶  evidence path override: experiments/results/periodic-hybrid-002-evidence.jsonl
▶  config loaded: service=frontend namespace=default
▶  model registry loaded: phase3_20260709T001052Z_model_registry.yaml → holt_winters for frontend
▶  starting control loop (tick=15s, horizon=30s, forecaster=holt_winters)
2026-07-10T18:43:01Z INFO controller.k8s_actuator: scaled deployment=frontend ns=default from=1 to=3
2026-07-10T18:43:01Z INFO controller.loop: tick service=frontend state=SCALE_LIMITED replicas 1→3 forecast=0.223 sigma=0.041
2026-07-10T18:43:16Z INFO controller.k8s_actuator: scaled deployment=frontend ns=default from=3 to=4
2026-07-10T18:43:16Z INFO controller.loop: tick service=frontend state=NOMINAL replicas 3→4 forecast=0.114 sigma=0.042
2026-07-10T18:43:31Z INFO controller.k8s_actuator: scaled deployment=frontend ns=default from=4 to=2
2026-07-10T18:43:31Z INFO controller.loop: tick service=frontend state=SCALE_LIMITED replicas 4→2 forecast=-0.066 sigma=0.042
2026-07-10T18:43:46Z INFO controller.k8s_actuator: scaled deployment=frontend ns=default from=2 to=1
2026-07-10T18:43:46Z INFO controller.loop: tick service=frontend state=NOMINAL replicas 2→1 forecast=-0.026 sigma=0.041
2026-07-10T18:44:01Z INFO controller.k8s_actuator: scaled deployment=frontend ns=default from=1 to=3
2026-07-10T18:44:01Z INFO controller.loop: tick service=frontend state=SCALE_LIMITED replicas 1→3 forecast=0.199 sigma=0.044
2026-07-10T18:44:16Z INFO controller.k8s_actuator: scaled deployment=frontend ns=default from=3 to=5
2026-07-10T18:44:16Z INFO controller.loop: tick service=frontend state=SCALE_LIMITED replicas 3→5 forecast=0.233 sigma=0.040
2026-07-10T18:44:31Z INFO controller.k8s_actuator: scaled deployment=frontend ns=default from=5 to=6
2026-07-10T18:44:31Z INFO controller.loop: tick service=frontend state=NOMINAL replicas 5→6 forecast=0.214 sigma=0.040
2026-07-10T18:44:46Z INFO controller.loop: tick service=frontend state=NOMINAL replicas 6→6 forecast=0.229 sigma=0.039
2026-07-10T18:45:01Z INFO controller.k8s_actuator: scaled deployment=frontend ns=default from=6 to=5
2026-07-10T18:45:01Z INFO controller.loop: tick service=frontend state=NOMINAL replicas 6→5 forecast=0.162 sigma=0.041
2026-07-10T18:45:16Z INFO controller.k8s_actuator: scaled deployment=frontend ns=default from=5 to=7
2026-07-10T18:45:16Z INFO controller.loop: tick service=frontend state=NOMINAL replicas 5→7 forecast=0.278 sigma=0.040
2026-07-10T18:45:31Z INFO controller.k8s_actuator: scaled deployment=frontend ns=default from=7 to=8
2026-07-10T18:45:31Z INFO controller.loop: tick service=frontend state=NOMINAL replicas 7→8 forecast=0.298 sigma=0.042
2026-07-10T18:45:46Z INFO controller.k8s_actuator: scaled deployment=frontend ns=default from=8 to=7
2026-07-10T18:45:46Z INFO controller.loop: tick service=frontend state=NOMINAL replicas 8→7 forecast=0.278 sigma=0.042
2026-07-10T18:46:01Z INFO controller.loop: tick service=frontend state=NOMINAL replicas 7→7 forecast=0.267 sigma=0.042
2026-07-10T18:46:16Z INFO controller.k8s_actuator: scaled deployment=frontend ns=default from=7 to=8
2026-07-10T18:46:16Z INFO controller.loop: tick service=frontend state=NOMINAL replicas 7→8 forecast=0.292 sigma=0.041
2026-07-10T18:46:31Z INFO controller.loop: tick service=frontend state=NOMINAL replicas 8→8 forecast=0.293 sigma=0.041
2026-07-10T18:46:46Z INFO controller.k8s_actuator: scaled deployment=frontend ns=default from=8 to=7
2026-07-10T18:46:46Z INFO controller.loop: tick service=frontend state=NOMINAL replicas 8→7 forecast=0.284 sigma=0.041
2026-07-10T18:47:01Z INFO controller.loop: tick service=frontend state=NOMINAL replicas 7→7 forecast=0.285 sigma=0.040
2026-07-10T18:47:16Z INFO controller.k8s_actuator: scaled deployment=frontend ns=default from=7 to=8
2026-07-10T18:47:16Z INFO controller.loop: tick service=frontend state=NOMINAL replicas 7→8 forecast=0.291 sigma=0.040
2026-07-10T18:47:31Z INFO controller.k8s_actuator: scaled deployment=frontend ns=default from=8 to=7
2026-07-10T18:47:31Z INFO controller.loop: tick service=frontend state=NOMINAL replicas 8→7 forecast=0.269 sigma=0.039
2026-07-10T18:47:46Z INFO controller.loop: tick service=frontend state=NOMINAL replicas 7→7 forecast=0.245 sigma=0.040
2026-07-10T18:48:01Z INFO controller.loop: tick service=frontend state=NOMINAL replicas 7→7 forecast=0.261 sigma=0.039
2026-07-10T18:48:16Z INFO controller.loop: tick service=frontend state=NOMINAL replicas 7→7 forecast=0.259 sigma=0.041
2026-07-10T18:48:31Z INFO controller.loop: tick service=frontend state=NOMINAL replicas 7→7 forecast=0.259 sigma=0.039
2026-07-10T18:48:46Z INFO controller.loop: tick service=frontend state=NOMINAL replicas 7→7 forecast=0.250 sigma=0.039
2026-07-10T18:49:01Z INFO controller.k8s_actuator: scaled deployment=frontend ns=default from=7 to=6
2026-07-10T18:49:01Z INFO controller.loop: tick service=frontend state=NOMINAL replicas 7→6 forecast=0.211 sigma=0.040
2026-07-10T18:49:16Z INFO controller.loop: tick service=frontend state=NOMINAL replicas 6→6 forecast=0.203 sigma=0.037
2026-07-10T18:49:31Z INFO controller.k8s_actuator: scaled deployment=frontend ns=default from=6 to=7
2026-07-10T18:49:31Z INFO controller.loop: tick service=frontend state=NOMINAL replicas 6→7 forecast=0.257 sigma=0.036
2026-07-10T18:49:46Z INFO controller.k8s_actuator: scaled deployment=frontend ns=default from=7 to=5
2026-07-10T18:49:46Z INFO controller.loop: tick service=frontend state=NOMINAL replicas 7→5 forecast=0.168 sigma=0.036
2026-07-10T18:50:01Z INFO controller.k8s_actuator: scaled deployment=frontend ns=default from=5 to=6
2026-07-10T18:50:01Z INFO controller.loop: tick service=frontend state=NOMINAL replicas 5→6 forecast=0.232 sigma=0.037
2026-07-10T18:50:16Z INFO controller.k8s_actuator: scaled deployment=frontend ns=default from=6 to=4
2026-07-10T18:50:16Z INFO controller.loop: tick service=frontend state=SCALE_LIMITED replicas 6→4 forecast=-0.010 sigma=0.048
2026-07-10T18:50:31Z INFO controller.k8s_actuator: scaled deployment=frontend ns=default from=4 to=6
2026-07-10T18:50:31Z INFO controller.loop: tick service=frontend state=NOMINAL replicas 4→6 forecast=0.218 sigma=0.036
2026-07-10T18:50:46Z INFO controller.loop: tick service=frontend state=NOMINAL replicas 6→6 forecast=0.211 sigma=0.035
2026-07-10T18:51:01Z INFO controller.k8s_actuator: scaled deployment=frontend ns=default from=6 to=4
2026-07-10T18:51:01Z INFO controller.loop: tick service=frontend state=NOMINAL replicas 6→4 forecast=0.145 sigma=0.033
2026-07-10T18:51:16Z INFO controller.k8s_actuator: scaled deployment=frontend ns=default from=4 to=3
2026-07-10T18:51:16Z INFO controller.loop: tick service=frontend state=NOMINAL replicas 4→3 forecast=0.092 sigma=0.036
2026-07-10T18:51:31Z INFO controller.k8s_actuator: scaled deployment=frontend ns=default from=3 to=5
2026-07-10T18:51:31Z INFO controller.loop: tick service=frontend state=NOMINAL replicas 3→5 forecast=0.165 sigma=0.032
2026-07-10T18:51:46Z INFO controller.k8s_actuator: scaled deployment=frontend ns=default from=5 to=6
2026-07-10T18:51:46Z INFO controller.loop: tick service=frontend state=NOMINAL replicas 5→6 forecast=0.233 sigma=0.033
2026-07-10T18:52:01Z INFO controller.loop: tick service=frontend state=NOMINAL replicas 6→6 forecast=0.208 sigma=0.035
2026-07-10T18:52:16Z INFO controller.k8s_actuator: scaled deployment=frontend ns=default from=6 to=8
2026-07-10T18:52:16Z INFO controller.loop: tick service=frontend state=NOMINAL replicas 6→8 forecast=0.305 sigma=0.035
2026-07-10T18:52:31Z INFO controller.loop: tick service=frontend state=NOMINAL replicas 8→8 forecast=0.358 sigma=0.035
2026-07-10T18:52:46Z INFO controller.loop: tick service=frontend state=NOMINAL replicas 8→8 forecast=0.351 sigma=0.034
2026-07-10T18:53:01Z INFO controller.loop: tick service=frontend state=NOMINAL replicas 8→8 forecast=0.402 sigma=0.034
2026-07-10T18:53:16Z INFO controller.loop: tick service=frontend state=NOMINAL replicas 8→8 forecast=0.457 sigma=0.031
2026-07-10T18:53:31Z INFO controller.loop: tick service=frontend state=NOMINAL replicas 8→8 forecast=0.425 sigma=0.032
2026-07-10T18:53:46Z INFO controller.loop: tick service=frontend state=NOMINAL replicas 8→8 forecast=0.423 sigma=0.036
2026-07-10T18:54:01Z INFO controller.loop: tick service=frontend state=NOMINAL replicas 8→8 forecast=0.485 sigma=0.030
2026-07-10T18:54:16Z INFO controller.loop: tick service=frontend state=NOMINAL replicas 8→8 forecast=0.509 sigma=0.032
2026-07-10T18:54:31Z INFO controller.loop: tick service=frontend state=NOMINAL replicas 8→8 forecast=0.509 sigma=0.031
2026-07-10T18:54:46Z INFO controller.loop: tick service=frontend state=NOMINAL replicas 8→8 forecast=0.426 sigma=0.033
2026-07-10T18:55:01Z INFO controller.loop: tick service=frontend state=NOMINAL replicas 8→8 forecast=0.440 sigma=0.030
2026-07-10T18:55:16Z INFO controller.loop: tick service=frontend state=NOMINAL replicas 8→8 forecast=0.460 sigma=0.030
2026-07-10T18:55:31Z INFO controller.loop: tick service=frontend state=NOMINAL replicas 8→8 forecast=0.470 sigma=0.029
2026-07-10T18:55:46Z INFO controller.loop: tick service=frontend state=NOMINAL replicas 8→8 forecast=0.381 sigma=0.031
2026-07-10T18:56:01Z INFO controller.loop: tick service=frontend state=NOMINAL replicas 8→8 forecast=0.414 sigma=0.030
2026-07-10T18:56:16Z INFO controller.loop: tick service=frontend state=NOMINAL replicas 8→8 forecast=0.404 sigma=0.036
2026-07-10T18:56:31Z INFO controller.loop: tick service=frontend state=NOMINAL replicas 8→8 forecast=0.447 sigma=0.031
2026-07-10T18:56:46Z INFO controller.loop: tick service=frontend state=NOMINAL replicas 8→8 forecast=0.325 sigma=0.035
2026-07-10T18:57:01Z INFO controller.k8s_actuator: scaled deployment=frontend ns=default from=8 to=7
2026-07-10T18:57:01Z INFO controller.loop: tick service=frontend state=NOMINAL replicas 8→7 forecast=0.277 sigma=0.033
2026-07-10T18:57:16Z INFO controller.loop: tick service=frontend state=NOMINAL replicas 7→7 forecast=0.301 sigma=0.031
2026-07-10T18:57:31Z INFO controller.k8s_actuator: scaled deployment=frontend ns=default from=7 to=8
2026-07-10T18:57:31Z INFO controller.loop: tick service=frontend state=NOMINAL replicas 7→8 forecast=0.333 sigma=0.031
2026-07-10T18:57:46Z INFO controller.k8s_actuator: scaled deployment=frontend ns=default from=8 to=7
2026-07-10T18:57:46Z INFO controller.loop: tick service=frontend state=NOMINAL replicas 8→7 forecast=0.299 sigma=0.033
2026-07-10T18:58:01Z INFO controller.k8s_actuator: scaled deployment=frontend ns=default from=7 to=8
2026-07-10T18:58:01Z INFO controller.loop: tick service=frontend state=NOMINAL replicas 7→8 forecast=0.341 sigma=0.032
2026-07-10T18:58:16Z INFO controller.loop: tick service=frontend state=NOMINAL replicas 8→8 forecast=0.456 sigma=0.031
2026-07-10T18:58:31Z INFO controller.loop: tick service=frontend state=NOMINAL replicas 8→8 forecast=0.532 sigma=0.035
2026-07-10T18:58:46Z INFO controller.loop: tick service=frontend state=NOMINAL replicas 8→8 forecast=0.498 sigma=0.039
2026-07-10T18:59:01Z INFO controller.loop: tick service=frontend state=NOMINAL replicas 8→8 forecast=0.402 sigma=0.040
2026-07-10T18:59:16Z INFO controller.loop: tick service=frontend state=NOMINAL replicas 8→8 forecast=0.406 sigma=0.039
2026-07-10T18:59:31Z INFO controller.loop: tick service=frontend state=NOMINAL replicas 8→8 forecast=0.295 sigma=0.040
2026-07-10T18:59:46Z INFO controller.loop: tick service=frontend state=NOMINAL replicas 8→8 forecast=0.393 sigma=0.037
2026-07-10T19:00:01Z INFO controller.loop: tick service=frontend state=NOMINAL replicas 8→8 forecast=0.296 sigma=0.037
2026-07-10T19:00:16Z INFO controller.k8s_actuator: scaled deployment=frontend ns=default from=8 to=6
2026-07-10T19:00:16Z INFO controller.loop: tick service=frontend state=SCALE_LIMITED replicas 8→6 forecast=0.156 sigma=0.039
2026-07-10T19:00:31Z INFO controller.k8s_actuator: scaled deployment=frontend ns=default from=6 to=5
2026-07-10T19:00:31Z INFO controller.loop: tick service=frontend state=NOMINAL replicas 6→5 forecast=0.152 sigma=0.037
2026-07-10T19:00:46Z INFO controller.loop: tick service=frontend state=NOMINAL replicas 5→5 forecast=0.155 sigma=0.037
2026-07-10T19:01:01Z INFO controller.k8s_actuator: scaled deployment=frontend ns=default from=5 to=4
2026-07-10T19:01:01Z INFO controller.loop: tick service=frontend state=NOMINAL replicas 5→4 forecast=0.112 sigma=0.037
2026-07-10T19:01:16Z INFO controller.k8s_actuator: scaled deployment=frontend ns=default from=4 to=5
2026-07-10T19:01:16Z INFO controller.loop: tick service=frontend state=NOMINAL replicas 4→5 forecast=0.150 sigma=0.036
2026-07-10T19:01:31Z INFO controller.k8s_actuator: scaled deployment=frontend ns=default from=5 to=6
2026-07-10T19:01:31Z INFO controller.loop: tick service=frontend state=NOMINAL replicas 5→6 forecast=0.219 sigma=0.036
2026-07-10T19:01:46Z INFO controller.k8s_actuator: scaled deployment=frontend ns=default from=6 to=7
2026-07-10T19:01:46Z INFO controller.loop: tick service=frontend state=NOMINAL replicas 6→7 forecast=0.262 sigma=0.036
2026-07-10T19:02:01Z INFO controller.loop: tick service=frontend state=NOMINAL replicas 7→7 forecast=0.278 sigma=0.033
2026-07-10T19:02:16Z INFO controller.k8s_actuator: scaled deployment=frontend ns=default from=7 to=8
2026-07-10T19:02:16Z INFO controller.loop: tick service=frontend state=NOMINAL replicas 7→8 forecast=0.321 sigma=0.036
2026-07-10T19:02:31Z INFO controller.loop: tick service=frontend state=NOMINAL replicas 8→8 forecast=0.415 sigma=0.036
2026-07-10T19:02:46Z INFO controller.loop: tick service=frontend state=NOMINAL replicas 8→8 forecast=0.416 sigma=0.036
2026-07-10T19:03:01Z INFO controller.loop: tick service=frontend state=NOMINAL replicas 8→8 forecast=0.388 sigma=0.038
2026-07-10T19:03:16Z INFO controller.loop: tick service=frontend state=NOMINAL replicas 8→8 forecast=0.449 sigma=0.034
2026-07-10T19:03:31Z INFO controller.loop: tick service=frontend state=NOMINAL replicas 8→8 forecast=0.471 sigma=0.035
2026-07-10T19:03:46Z INFO controller.loop: tick service=frontend state=NOMINAL replicas 8→8 forecast=0.320 sigma=0.039
2026-07-10T19:04:01Z INFO controller.k8s_actuator: scaled deployment=frontend ns=default from=8 to=7
2026-07-10T19:04:01Z INFO controller.loop: tick service=frontend state=NOMINAL replicas 8→7 forecast=0.271 sigma=0.037
2026-07-10T19:04:16Z INFO controller.k8s_actuator: scaled deployment=frontend ns=default from=7 to=8
2026-07-10T19:04:16Z INFO controller.loop: tick service=frontend state=NOMINAL replicas 7→8 forecast=0.360 sigma=0.034
2026-07-10T19:04:31Z INFO controller.loop: tick service=frontend state=NOMINAL replicas 8→8 forecast=0.412 sigma=0.034
2026-07-10T19:04:46Z INFO controller.loop: tick service=frontend state=NOMINAL replicas 8→8 forecast=0.341 sigma=0.035
2026-07-10T19:05:01Z INFO controller.loop: tick service=frontend state=NOMINAL replicas 8→8 forecast=0.350 sigma=0.033
2026-07-10T19:05:16Z INFO controller.loop: tick service=frontend state=NOMINAL replicas 8→8 forecast=0.330 sigma=0.033
2026-07-10T19:05:31Z INFO controller.loop: tick service=frontend state=NOMINAL replicas 8→8 forecast=0.324 sigma=0.032
2026-07-10T19:05:46Z INFO controller.loop: tick service=frontend state=NOMINAL replicas 8→8 forecast=0.385 sigma=0.032
2026-07-10T19:06:01Z INFO controller.loop: tick service=frontend state=NOMINAL replicas 8→8 forecast=0.346 sigma=0.028
2026-07-10T19:06:16Z INFO controller.k8s_actuator: scaled deployment=frontend ns=default from=8 to=6
2026-07-10T19:06:16Z INFO controller.loop: tick service=frontend state=SCALE_LIMITED replicas 8→6 forecast=0.167 sigma=0.032
2026-07-10T19:06:31Z INFO controller.loop: tick service=frontend state=NOMINAL replicas 6→6 forecast=0.243 sigma=0.027
2026-07-10T19:06:46Z INFO controller.k8s_actuator: scaled deployment=frontend ns=default from=6 to=7
2026-07-10T19:06:46Z INFO controller.loop: tick service=frontend state=NOMINAL replicas 6→7 forecast=0.299 sigma=0.028
2026-07-10T19:07:01Z INFO controller.k8s_actuator: scaled deployment=frontend ns=default from=7 to=8
2026-07-10T19:07:01Z INFO controller.loop: tick service=frontend state=NOMINAL replicas 7→8 forecast=0.319 sigma=0.028
2026-07-10T19:07:16Z INFO controller.loop: tick service=frontend state=NOMINAL replicas 8→8 forecast=0.347 sigma=0.028
2026-07-10T19:07:31Z INFO controller.k8s_actuator: scaled deployment=frontend ns=default from=8 to=7
2026-07-10T19:07:31Z INFO controller.loop: tick service=frontend state=NOMINAL replicas 8→7 forecast=0.288 sigma=0.027
2026-07-10T19:07:46Z INFO controller.loop: tick service=frontend state=NOMINAL replicas 7→7 forecast=0.271 sigma=0.027
2026-07-10T19:08:01Z INFO controller.k8s_actuator: scaled deployment=frontend ns=default from=7 to=6
2026-07-10T19:08:01Z INFO controller.loop: tick service=frontend state=NOMINAL replicas 7→6 forecast=0.234 sigma=0.041
2026-07-10T19:08:16Z INFO controller.loop: tick service=frontend state=NOMINAL replicas 6→6 forecast=0.232 sigma=0.036
2026-07-10T19:08:31Z INFO controller.loop: tick service=frontend state=NOMINAL replicas 6→6 forecast=0.223 sigma=0.025
2026-07-10T19:08:46Z INFO controller.k8s_actuator: scaled deployment=frontend ns=default from=6 to=8
2026-07-10T19:08:46Z INFO controller.loop: tick service=frontend state=NOMINAL replicas 6→8 forecast=0.345 sigma=0.027
2026-07-10T19:09:01Z INFO controller.loop: tick service=frontend state=NOMINAL replicas 8→8 forecast=0.443 sigma=0.027
2026-07-10T19:09:16Z INFO controller.loop: tick service=frontend state=NOMINAL replicas 8→8 forecast=0.400 sigma=0.028
2026-07-10T19:09:31Z INFO controller.loop: tick service=frontend state=NOMINAL replicas 8→8 forecast=0.342 sigma=0.029
2026-07-10T19:09:46Z INFO controller.k8s_actuator: scaled deployment=frontend ns=default from=8 to=6
2026-07-10T19:09:46Z INFO controller.loop: tick service=frontend state=NOMINAL replicas 8→6 forecast=0.247 sigma=0.029
2026-07-10T19:10:01Z INFO controller.loop: tick service=frontend state=NOMINAL replicas 6→6 forecast=0.221 sigma=0.031
2026-07-10T19:10:16Z INFO controller.k8s_actuator: scaled deployment=frontend ns=default from=6 to=7
2026-07-10T19:10:16Z INFO controller.loop: tick service=frontend state=NOMINAL replicas 6→7 forecast=0.287 sigma=0.030
2026-07-10T19:10:31Z INFO controller.k8s_actuator: scaled deployment=frontend ns=default from=7 to=5
2026-07-10T19:10:31Z INFO controller.loop: tick service=frontend state=SCALE_LIMITED replicas 7→5 forecast=0.145 sigma=0.032
2026-07-10T19:10:46Z INFO controller.k8s_actuator: scaled deployment=frontend ns=default from=5 to=4
2026-07-10T19:10:46Z INFO controller.loop: tick service=frontend state=NOMINAL replicas 5→4 forecast=0.134 sigma=0.031
2026-07-10T19:11:01Z INFO controller.k8s_actuator: scaled deployment=frontend ns=default from=4 to=5
2026-07-10T19:11:01Z INFO controller.loop: tick service=frontend state=NOMINAL replicas 4→5 forecast=0.165 sigma=0.029
2026-07-10T19:11:16Z INFO controller.k8s_actuator: scaled deployment=frontend ns=default from=5 to=4
2026-07-10T19:11:16Z INFO controller.loop: tick service=frontend state=NOMINAL replicas 5→4 forecast=0.130 sigma=0.029
2026-07-10T19:11:31Z INFO controller.k8s_actuator: scaled deployment=frontend ns=default from=4 to=6
2026-07-10T19:11:31Z INFO controller.loop: tick service=frontend state=NOMINAL replicas 4→6 forecast=0.249 sigma=0.028
2026-07-10T19:11:46Z INFO controller.k8s_actuator: scaled deployment=frontend ns=default from=6 to=8
2026-07-10T19:11:46Z INFO controller.loop: tick service=frontend state=NOMINAL replicas 6→8 forecast=0.326 sigma=0.028
2026-07-10T19:12:01Z INFO controller.loop: tick service=frontend state=NOMINAL replicas 8→8 forecast=0.347 sigma=0.033
2026-07-10T19:12:16Z INFO controller.loop: tick service=frontend state=NOMINAL replicas 8→8 forecast=0.320 sigma=0.033
2026-07-10T19:12:31Z INFO controller.loop: tick service=frontend state=NOMINAL replicas 8→8 forecast=0.336 sigma=0.055
2026-07-10T19:12:46Z INFO controller.loop: tick service=frontend state=NOMINAL replicas 8→8 forecast=0.436 sigma=0.036
2026-07-10T19:13:01Z INFO controller.loop: tick service=frontend state=NOMINAL replicas 8→8 forecast=0.475 sigma=0.033
2026-07-10T19:13:06Z INFO controller.loop: received signal 15 — stopping after current tick
✅  stopped after 121 tick(s). Evidence: experiments/results/periodic-hybrid-002-evidence.jsonl
