▶  evidence path override: experiments/results/periodic-hybrid-009-evidence.jsonl
▶  config loaded: service=frontend namespace=default
▶  model registry loaded: phase3_20260709T001052Z_model_registry.yaml → holt_winters for frontend
▶  starting control loop (tick=15s, horizon=30s, forecaster=holt_winters)
2026-07-10T09:19:32Z INFO controller.k8s_actuator: scaled deployment=frontend ns=default from=1 to=3
2026-07-10T09:19:32Z INFO controller.loop: tick service=frontend state=SCALE_LIMITED replicas 1→3 forecast=0.177 sigma=0.019
2026-07-10T09:19:46Z INFO controller.k8s_actuator: scaled deployment=frontend ns=default from=3 to=5
2026-07-10T09:19:46Z INFO controller.loop: tick service=frontend state=NOMINAL replicas 3→5 forecast=0.181 sigma=0.019
2026-07-10T09:20:01Z INFO controller.loop: tick service=frontend state=NOMINAL replicas 5→5 forecast=0.181 sigma=0.019
2026-07-10T09:20:16Z INFO controller.loop: tick service=frontend state=NOMINAL replicas 5→5 forecast=0.177 sigma=0.019
2026-07-10T09:20:31Z INFO controller.loop: tick service=frontend state=NOMINAL replicas 5→5 forecast=0.179 sigma=0.021
2026-07-10T09:20:46Z INFO controller.k8s_actuator: scaled deployment=frontend ns=default from=5 to=6
2026-07-10T09:20:46Z INFO controller.loop: tick service=frontend state=NOMINAL replicas 5→6 forecast=0.251 sigma=0.026
2026-07-10T09:21:01Z INFO controller.k8s_actuator: scaled deployment=frontend ns=default from=6 to=8
2026-07-10T09:21:01Z INFO controller.loop: tick service=frontend state=NOMINAL replicas 6→8 forecast=0.357 sigma=0.030
2026-07-10T09:21:16Z INFO controller.loop: tick service=frontend state=NOMINAL replicas 8→8 forecast=0.355 sigma=0.030
2026-07-10T09:21:31Z INFO controller.loop: tick service=frontend state=NOMINAL replicas 8→8 forecast=0.314 sigma=0.037
2026-07-10T09:21:46Z INFO controller.loop: tick service=frontend state=NOMINAL replicas 8→8 forecast=0.376 sigma=0.031
2026-07-10T09:22:01Z INFO controller.loop: tick service=frontend state=NOMINAL replicas 8→8 forecast=0.399 sigma=0.030
2026-07-10T09:22:16Z INFO controller.loop: tick service=frontend state=NOMINAL replicas 8→8 forecast=0.383 sigma=0.030
2026-07-10T09:22:31Z INFO controller.k8s_actuator: scaled deployment=frontend ns=default from=8 to=7
2026-07-10T09:22:31Z INFO controller.loop: tick service=frontend state=NOMINAL replicas 8→7 forecast=0.295 sigma=0.033
2026-07-10T09:22:46Z INFO controller.loop: tick service=frontend state=NOMINAL replicas 7→7 forecast=0.281 sigma=0.033
2026-07-10T09:23:01Z INFO controller.k8s_actuator: scaled deployment=frontend ns=default from=7 to=8
2026-07-10T09:23:01Z INFO controller.loop: tick service=frontend state=NOMINAL replicas 7→8 forecast=0.303 sigma=0.031
2026-07-10T09:23:16Z INFO controller.k8s_actuator: scaled deployment=frontend ns=default from=8 to=7
2026-07-10T09:23:16Z INFO controller.loop: tick service=frontend state=NOMINAL replicas 8→7 forecast=0.282 sigma=0.032
2026-07-10T09:23:31Z INFO controller.loop: tick service=frontend state=NOMINAL replicas 7→7 forecast=0.258 sigma=0.032
2026-07-10T09:23:46Z INFO controller.loop: tick service=frontend state=NOMINAL replicas 7→7 forecast=0.265 sigma=0.032
2026-07-10T09:24:01Z INFO controller.k8s_actuator: scaled deployment=frontend ns=default from=7 to=6
2026-07-10T09:24:01Z INFO controller.loop: tick service=frontend state=NOMINAL replicas 7→6 forecast=0.232 sigma=0.033
2026-07-10T09:24:16Z INFO controller.loop: tick service=frontend state=NOMINAL replicas 6→6 forecast=0.248 sigma=0.033
2026-07-10T09:24:31Z INFO controller.k8s_actuator: scaled deployment=frontend ns=default from=6 to=7
2026-07-10T09:24:31Z INFO controller.loop: tick service=frontend state=NOMINAL replicas 6→7 forecast=0.277 sigma=0.033
2026-07-10T09:24:46Z INFO controller.loop: tick service=frontend state=NOMINAL replicas 7→7 forecast=0.257 sigma=0.034
2026-07-10T09:25:01Z INFO controller.k8s_actuator: scaled deployment=frontend ns=default from=7 to=8
2026-07-10T09:25:01Z INFO controller.loop: tick service=frontend state=NOMINAL replicas 7→8 forecast=0.355 sigma=0.033
2026-07-10T09:25:16Z INFO controller.loop: tick service=frontend state=NOMINAL replicas 8→8 forecast=0.392 sigma=0.033
2026-07-10T09:25:31Z INFO controller.loop: tick service=frontend state=NOMINAL replicas 8→8 forecast=0.353 sigma=0.033
2026-07-10T09:25:46Z INFO controller.k8s_actuator: scaled deployment=frontend ns=default from=8 to=7
2026-07-10T09:25:46Z INFO controller.loop: tick service=frontend state=NOMINAL replicas 8→7 forecast=0.269 sigma=0.034
2026-07-10T09:26:01Z INFO controller.k8s_actuator: scaled deployment=frontend ns=default from=7 to=8
2026-07-10T09:26:01Z INFO controller.loop: tick service=frontend state=NOMINAL replicas 7→8 forecast=0.312 sigma=0.032
2026-07-10T09:26:16Z INFO controller.loop: tick service=frontend state=NOMINAL replicas 8→8 forecast=0.322 sigma=0.033
2026-07-10T09:26:31Z INFO controller.loop: tick service=frontend state=NOMINAL replicas 8→8 forecast=0.300 sigma=0.033
2026-07-10T09:26:46Z INFO controller.k8s_actuator: scaled deployment=frontend ns=default from=8 to=7
2026-07-10T09:26:46Z INFO controller.loop: tick service=frontend state=NOMINAL replicas 8→7 forecast=0.285 sigma=0.034
2026-07-10T09:27:01Z INFO controller.loop: tick service=frontend state=NOMINAL replicas 7→7 forecast=0.255 sigma=0.034
2026-07-10T09:27:16Z INFO controller.k8s_actuator: scaled deployment=frontend ns=default from=7 to=5
2026-07-10T09:27:16Z INFO controller.loop: tick service=frontend state=NOMINAL replicas 7→5 forecast=0.169 sigma=0.034
2026-07-10T09:27:31Z INFO controller.loop: tick service=frontend state=NOMINAL replicas 5→5 forecast=0.187 sigma=0.032
2026-07-10T09:27:46Z INFO controller.k8s_actuator: scaled deployment=frontend ns=default from=5 to=6
2026-07-10T09:27:46Z INFO controller.loop: tick service=frontend state=NOMINAL replicas 5→6 forecast=0.221 sigma=0.033
2026-07-10T09:28:01Z INFO controller.loop: tick service=frontend state=NOMINAL replicas 6→6 forecast=0.215 sigma=0.033
2026-07-10T09:28:16Z INFO controller.k8s_actuator: scaled deployment=frontend ns=default from=6 to=7
2026-07-10T09:28:16Z INFO controller.loop: tick service=frontend state=NOMINAL replicas 6→7 forecast=0.265 sigma=0.032
2026-07-10T09:28:31Z INFO controller.loop: tick service=frontend state=NOMINAL replicas 7→7 forecast=0.260 sigma=0.033
2026-07-10T09:28:46Z INFO controller.k8s_actuator: scaled deployment=frontend ns=default from=7 to=8
2026-07-10T09:28:46Z INFO controller.loop: tick service=frontend state=NOMINAL replicas 7→8 forecast=0.335 sigma=0.032
2026-07-10T09:29:01Z INFO controller.loop: tick service=frontend state=NOMINAL replicas 8→8 forecast=0.367 sigma=0.031
2026-07-10T09:29:16Z INFO controller.loop: tick service=frontend state=NOMINAL replicas 8→8 forecast=0.343 sigma=0.032
2026-07-10T09:29:31Z INFO controller.loop: tick service=frontend state=NOMINAL replicas 8→8 forecast=0.348 sigma=0.033
2026-07-10T09:29:46Z INFO controller.loop: tick service=frontend state=NOMINAL replicas 8→8 forecast=0.443 sigma=0.030
2026-07-10T09:30:01Z INFO controller.loop: tick service=frontend state=NOMINAL replicas 8→8 forecast=0.479 sigma=0.028
2026-07-10T09:30:16Z INFO controller.loop: tick service=frontend state=NOMINAL replicas 8→8 forecast=0.407 sigma=0.032
2026-07-10T09:30:31Z INFO controller.loop: tick service=frontend state=NOMINAL replicas 8→8 forecast=0.488 sigma=0.028
2026-07-10T09:30:46Z INFO controller.loop: tick service=frontend state=NOMINAL replicas 8→8 forecast=0.383 sigma=0.030
2026-07-10T09:31:01Z INFO controller.loop: tick service=frontend state=NOMINAL replicas 8→8 forecast=0.427 sigma=0.026
2026-07-10T09:31:16Z INFO controller.loop: tick service=frontend state=NOMINAL replicas 8→8 forecast=0.482 sigma=0.030
2026-07-10T09:31:31Z INFO controller.loop: tick service=frontend state=NOMINAL replicas 8→8 forecast=0.421 sigma=0.036
2026-07-10T09:31:46Z INFO controller.loop: tick service=frontend state=NOMINAL replicas 8→8 forecast=0.438 sigma=0.031
2026-07-10T09:32:01Z INFO controller.loop: tick service=frontend state=NOMINAL replicas 8→8 forecast=0.336 sigma=0.034
2026-07-10T09:32:16Z INFO controller.k8s_actuator: scaled deployment=frontend ns=default from=8 to=7
2026-07-10T09:32:16Z INFO controller.loop: tick service=frontend state=NOMINAL replicas 8→7 forecast=0.269 sigma=0.035
2026-07-10T09:32:31Z INFO controller.k8s_actuator: scaled deployment=frontend ns=default from=7 to=6
2026-07-10T09:32:31Z INFO controller.loop: tick service=frontend state=NOMINAL replicas 7→6 forecast=0.234 sigma=0.034
2026-07-10T09:32:46Z INFO controller.k8s_actuator: scaled deployment=frontend ns=default from=6 to=8
2026-07-10T09:32:46Z INFO controller.loop: tick service=frontend state=NOMINAL replicas 6→8 forecast=0.341 sigma=0.032
2026-07-10T09:33:01Z INFO controller.k8s_actuator: scaled deployment=frontend ns=default from=8 to=7
2026-07-10T09:33:01Z INFO controller.loop: tick service=frontend state=NOMINAL replicas 8→7 forecast=0.284 sigma=0.033
2026-07-10T09:33:16Z INFO controller.k8s_actuator: scaled deployment=frontend ns=default from=7 to=8
2026-07-10T09:33:16Z INFO controller.loop: tick service=frontend state=NOMINAL replicas 7→8 forecast=0.304 sigma=0.032
2026-07-10T09:33:31Z INFO controller.loop: tick service=frontend state=NOMINAL replicas 8→8 forecast=0.320 sigma=0.032
2026-07-10T09:33:46Z INFO controller.loop: tick service=frontend state=NOMINAL replicas 8→8 forecast=0.390 sigma=0.032
2026-07-10T09:34:01Z INFO controller.loop: tick service=frontend state=NOMINAL replicas 8→8 forecast=0.300 sigma=0.034
2026-07-10T09:34:16Z INFO controller.loop: tick service=frontend state=NOMINAL replicas 8→8 forecast=0.315 sigma=0.030
2026-07-10T09:34:31Z INFO controller.k8s_actuator: scaled deployment=frontend ns=default from=8 to=7
2026-07-10T09:34:31Z INFO controller.loop: tick service=frontend state=NOMINAL replicas 8→7 forecast=0.274 sigma=0.032
2026-07-10T09:34:46Z INFO controller.k8s_actuator: scaled deployment=frontend ns=default from=7 to=8
2026-07-10T09:34:46Z INFO controller.loop: tick service=frontend state=NOMINAL replicas 7→8 forecast=0.375 sigma=0.034
2026-07-10T09:35:01Z INFO controller.loop: tick service=frontend state=NOMINAL replicas 8→8 forecast=0.461 sigma=0.031
2026-07-10T09:35:16Z INFO controller.loop: tick service=frontend state=NOMINAL replicas 8→8 forecast=0.549 sigma=0.031
2026-07-10T09:35:31Z INFO controller.loop: tick service=frontend state=NOMINAL replicas 8→8 forecast=0.517 sigma=0.032
2026-07-10T09:35:46Z INFO controller.loop: tick service=frontend state=NOMINAL replicas 8→8 forecast=0.546 sigma=0.031
2026-07-10T09:36:01Z INFO controller.loop: tick service=frontend state=NOMINAL replicas 8→8 forecast=0.425 sigma=0.037
2026-07-10T09:36:16Z INFO controller.loop: tick service=frontend state=NOMINAL replicas 8→8 forecast=0.412 sigma=0.034
2026-07-10T09:36:31Z INFO controller.loop: tick service=frontend state=NOMINAL replicas 8→8 forecast=0.379 sigma=0.035
2026-07-10T09:36:46Z INFO controller.k8s_actuator: scaled deployment=frontend ns=default from=8 to=7
2026-07-10T09:36:46Z INFO controller.loop: tick service=frontend state=NOMINAL replicas 8→7 forecast=0.293 sigma=0.036
2026-07-10T09:37:01Z INFO controller.k8s_actuator: scaled deployment=frontend ns=default from=7 to=5
2026-07-10T09:37:01Z INFO controller.loop: tick service=frontend state=NOMINAL replicas 7→5 forecast=0.179 sigma=0.037
2026-07-10T09:37:16Z INFO controller.k8s_actuator: scaled deployment=frontend ns=default from=5 to=4
2026-07-10T09:37:16Z INFO controller.loop: tick service=frontend state=NOMINAL replicas 5→4 forecast=0.139 sigma=0.035
2026-07-10T09:37:31Z INFO controller.loop: tick service=frontend state=NOMINAL replicas 4→4 forecast=0.111 sigma=0.036
2026-07-10T09:37:46Z INFO controller.loop: tick service=frontend state=NOMINAL replicas 4→4 forecast=0.137 sigma=0.035
2026-07-10T09:38:01Z INFO controller.k8s_actuator: scaled deployment=frontend ns=default from=4 to=6
2026-07-10T09:38:01Z INFO controller.loop: tick service=frontend state=NOMINAL replicas 4→6 forecast=0.236 sigma=0.036
2026-07-10T09:38:16Z INFO controller.k8s_actuator: scaled deployment=frontend ns=default from=6 to=7
2026-07-10T09:38:16Z INFO controller.loop: tick service=frontend state=NOMINAL replicas 6→7 forecast=0.275 sigma=0.037
2026-07-10T09:38:31Z INFO controller.k8s_actuator: scaled deployment=frontend ns=default from=7 to=8
2026-07-10T09:38:31Z INFO controller.loop: tick service=frontend state=NOMINAL replicas 7→8 forecast=0.302 sigma=0.038
2026-07-10T09:38:46Z INFO controller.loop: tick service=frontend state=NOMINAL replicas 8→8 forecast=0.477 sigma=0.038
2026-07-10T09:39:01Z INFO controller.loop: tick service=frontend state=NOMINAL replicas 8→8 forecast=0.407 sigma=0.044
2026-07-10T09:39:16Z INFO controller.loop: tick service=frontend state=NOMINAL replicas 8→8 forecast=0.432 sigma=0.043
2026-07-10T09:39:31Z INFO controller.loop: tick service=frontend state=NOMINAL replicas 8→8 forecast=0.496 sigma=0.042
2026-07-10T09:39:46Z INFO controller.loop: tick service=frontend state=NOMINAL replicas 8→8 forecast=0.512 sigma=0.047
2026-07-10T09:40:01Z INFO controller.loop: tick service=frontend state=NOMINAL replicas 8→8 forecast=0.426 sigma=0.048
2026-07-10T09:40:16Z INFO controller.loop: tick service=frontend state=NOMINAL replicas 8→8 forecast=0.306 sigma=0.048
2026-07-10T09:40:31Z INFO controller.loop: tick service=frontend state=NOMINAL replicas 8→8 forecast=0.444 sigma=0.043
2026-07-10T09:40:46Z INFO controller.loop: tick service=frontend state=NOMINAL replicas 8→8 forecast=0.472 sigma=0.044
2026-07-10T09:41:01Z INFO controller.loop: tick service=frontend state=NOMINAL replicas 8→8 forecast=0.417 sigma=0.041
2026-07-10T09:41:16Z INFO controller.loop: tick service=frontend state=NOMINAL replicas 8→8 forecast=0.328 sigma=0.041
2026-07-10T09:41:31Z INFO controller.k8s_actuator: scaled deployment=frontend ns=default from=8 to=7
2026-07-10T09:41:31Z INFO controller.loop: tick service=frontend state=NOMINAL replicas 8→7 forecast=0.267 sigma=0.042
2026-07-10T09:41:46Z INFO controller.loop: tick service=frontend state=NOMINAL replicas 7→7 forecast=0.261 sigma=0.042
2026-07-10T09:42:01Z INFO controller.loop: tick service=frontend state=NOMINAL replicas 7→7 forecast=0.270 sigma=0.041
2026-07-10T09:42:16Z INFO controller.k8s_actuator: scaled deployment=frontend ns=default from=7 to=8
2026-07-10T09:42:16Z INFO controller.loop: tick service=frontend state=NOMINAL replicas 7→8 forecast=0.319 sigma=0.039
2026-07-10T09:42:31Z INFO controller.loop: tick service=frontend state=NOMINAL replicas 8→8 forecast=0.323 sigma=0.040
2026-07-10T09:42:46Z INFO controller.loop: tick service=frontend state=NOMINAL replicas 8→8 forecast=0.298 sigma=0.040
2026-07-10T09:43:01Z INFO controller.loop: tick service=frontend state=NOMINAL replicas 8→8 forecast=0.294 sigma=0.040
2026-07-10T09:43:16Z INFO controller.k8s_actuator: scaled deployment=frontend ns=default from=8 to=7
2026-07-10T09:43:16Z INFO controller.loop: tick service=frontend state=NOMINAL replicas 8→7 forecast=0.271 sigma=0.041
2026-07-10T09:43:31Z INFO controller.loop: tick service=frontend state=NOMINAL replicas 7→7 forecast=0.287 sigma=0.040
2026-07-10T09:43:46Z INFO controller.k8s_actuator: scaled deployment=frontend ns=default from=7 to=8
2026-07-10T09:43:46Z INFO controller.loop: tick service=frontend state=NOMINAL replicas 7→8 forecast=0.316 sigma=0.039
2026-07-10T09:44:01Z INFO controller.k8s_actuator: scaled deployment=frontend ns=default from=8 to=6
2026-07-10T09:44:01Z INFO controller.loop: tick service=frontend state=NOMINAL replicas 8→6 forecast=0.211 sigma=0.043
2026-07-10T09:44:16Z INFO controller.loop: tick service=frontend state=NOMINAL replicas 6→6 forecast=0.211 sigma=0.041
2026-07-10T09:44:31Z INFO controller.k8s_actuator: scaled deployment=frontend ns=default from=6 to=7
2026-07-10T09:44:31Z INFO controller.loop: tick service=frontend state=NOMINAL replicas 6→7 forecast=0.251 sigma=0.038
2026-07-10T09:44:46Z INFO controller.k8s_actuator: scaled deployment=frontend ns=default from=7 to=8
2026-07-10T09:44:46Z INFO controller.loop: tick service=frontend state=NOMINAL replicas 7→8 forecast=0.360 sigma=0.042
2026-07-10T09:45:01Z INFO controller.loop: tick service=frontend state=NOMINAL replicas 8→8 forecast=0.393 sigma=0.037
2026-07-10T09:45:16Z INFO controller.loop: tick service=frontend state=NOMINAL replicas 8→8 forecast=0.360 sigma=0.040
2026-07-10T09:45:31Z INFO controller.loop: tick service=frontend state=NOMINAL replicas 8→8 forecast=0.390 sigma=0.038
2026-07-10T09:45:46Z INFO controller.k8s_actuator: scaled deployment=frontend ns=default from=8 to=6
2026-07-10T09:45:46Z INFO controller.loop: tick service=frontend state=NOMINAL replicas 8→6 forecast=0.228 sigma=0.043
2026-07-10T09:46:01Z INFO controller.k8s_actuator: scaled deployment=frontend ns=default from=6 to=8
2026-07-10T09:46:01Z INFO controller.loop: tick service=frontend state=NOMINAL replicas 6→8 forecast=0.374 sigma=0.036
2026-07-10T09:46:16Z INFO controller.k8s_actuator: scaled deployment=frontend ns=default from=8 to=7
2026-07-10T09:46:16Z INFO controller.loop: tick service=frontend state=NOMINAL replicas 8→7 forecast=0.256 sigma=0.040
2026-07-10T09:46:31Z INFO controller.loop: tick service=frontend state=NOMINAL replicas 7→7 forecast=0.279 sigma=0.038
2026-07-10T09:46:46Z INFO controller.loop: tick service=frontend state=NOMINAL replicas 7→7 forecast=0.252 sigma=0.043
2026-07-10T09:47:01Z INFO controller.k8s_actuator: scaled deployment=frontend ns=default from=7 to=6
2026-07-10T09:47:01Z INFO controller.loop: tick service=frontend state=NOMINAL replicas 7→6 forecast=0.227 sigma=0.042
2026-07-10T09:47:16Z INFO controller.k8s_actuator: scaled deployment=frontend ns=default from=6 to=5
2026-07-10T09:47:16Z INFO controller.loop: tick service=frontend state=NOMINAL replicas 6→5 forecast=0.176 sigma=0.038
2026-07-10T09:47:31Z INFO controller.k8s_actuator: scaled deployment=frontend ns=default from=5 to=4
2026-07-10T09:47:31Z INFO controller.loop: tick service=frontend state=NOMINAL replicas 5→4 forecast=0.113 sigma=0.037
2026-07-10T09:47:46Z INFO controller.loop: tick service=frontend state=NOMINAL replicas 4→4 forecast=0.141 sigma=0.033
2026-07-10T09:48:01Z INFO controller.k8s_actuator: scaled deployment=frontend ns=default from=4 to=5
2026-07-10T09:48:01Z INFO controller.loop: tick service=frontend state=NOMINAL replicas 4→5 forecast=0.180 sigma=0.033
2026-07-10T09:48:16Z INFO controller.k8s_actuator: scaled deployment=frontend ns=default from=5 to=7
2026-07-10T09:48:16Z INFO controller.loop: tick service=frontend state=SCALE_LIMITED replicas 5→7 forecast=0.339 sigma=0.033
2026-07-10T09:48:31Z INFO controller.k8s_actuator: scaled deployment=frontend ns=default from=7 to=8
2026-07-10T09:48:31Z INFO controller.loop: tick service=frontend state=NOMINAL replicas 7→8 forecast=0.333 sigma=0.037
2026-07-10T09:48:46Z INFO controller.loop: tick service=frontend state=NOMINAL replicas 8→8 forecast=0.396 sigma=0.037
2026-07-10T09:49:01Z INFO controller.loop: tick service=frontend state=NOMINAL replicas 8→8 forecast=0.326 sigma=0.059
2026-07-10T09:49:16Z INFO controller.loop: tick service=frontend state=NOMINAL replicas 8→8 forecast=0.459 sigma=0.039
2026-07-10T09:49:31Z INFO controller.loop: tick service=frontend state=NOMINAL replicas 8→8 forecast=0.378 sigma=0.041
2026-07-10T09:49:36Z INFO controller.loop: received signal 15 — stopping after current tick
✅  stopped after 121 tick(s). Evidence: experiments/results/periodic-hybrid-009-evidence.jsonl
