▶  evidence path override: experiments/results/ramp-hybrid-002-evidence.jsonl
▶  config loaded: service=frontend namespace=default
▶  model registry loaded: phase3_20260709T001052Z_model_registry.yaml → holt_winters for frontend
▶  starting control loop (tick=15s, horizon=30s, forecaster=holt_winters)
2026-07-10T00:56:35Z INFO controller.k8s_actuator: scaled deployment=frontend ns=default from=1 to=3
2026-07-10T00:56:35Z INFO controller.loop: tick service=frontend state=SCALE_LIMITED replicas 1→3 forecast=0.367 sigma=0.029
2026-07-10T00:56:50Z INFO controller.k8s_actuator: scaled deployment=frontend ns=default from=3 to=5
2026-07-10T00:56:50Z INFO controller.loop: tick service=frontend state=SCALE_LIMITED replicas 3→5 forecast=0.265 sigma=0.035
2026-07-10T00:57:05Z INFO controller.k8s_actuator: scaled deployment=frontend ns=default from=5 to=4
2026-07-10T00:57:05Z INFO controller.loop: tick service=frontend state=NOMINAL replicas 5→4 forecast=0.104 sigma=0.041
2026-07-10T00:57:20Z INFO controller.k8s_actuator: scaled deployment=frontend ns=default from=4 to=2
2026-07-10T00:57:20Z INFO controller.loop: tick service=frontend state=SCALE_LIMITED replicas 4→2 forecast=-0.066 sigma=0.040
2026-07-10T00:57:35Z INFO controller.k8s_actuator: scaled deployment=frontend ns=default from=2 to=3
2026-07-10T00:57:35Z INFO controller.loop: tick service=frontend state=NOMINAL replicas 2→3 forecast=0.056 sigma=0.040
2026-07-10T00:57:50Z INFO controller.k8s_actuator: scaled deployment=frontend ns=default from=3 to=5
2026-07-10T00:57:50Z INFO controller.loop: tick service=frontend state=NOMINAL replicas 3→5 forecast=0.171 sigma=0.041
2026-07-10T00:58:05Z INFO controller.k8s_actuator: scaled deployment=frontend ns=default from=5 to=7
2026-07-10T00:58:05Z INFO controller.loop: tick service=frontend state=SCALE_LIMITED replicas 5→7 forecast=0.285 sigma=0.045
2026-07-10T00:58:20Z INFO controller.k8s_actuator: scaled deployment=frontend ns=default from=7 to=8
2026-07-10T00:58:20Z INFO controller.loop: tick service=frontend state=NOMINAL replicas 7→8 forecast=0.355 sigma=0.046
2026-07-10T00:58:35Z INFO controller.k8s_actuator: scaled deployment=frontend ns=default from=8 to=7
2026-07-10T00:58:35Z INFO controller.loop: tick service=frontend state=NOMINAL replicas 8→7 forecast=0.241 sigma=0.065
2026-07-10T00:58:50Z INFO controller.k8s_actuator: scaled deployment=frontend ns=default from=7 to=8
2026-07-10T00:58:50Z INFO controller.loop: tick service=frontend state=NOMINAL replicas 7→8 forecast=0.271 sigma=0.065
2026-07-10T00:59:05Z INFO controller.loop: tick service=frontend state=NOMINAL replicas 8→8 forecast=0.472 sigma=0.042
2026-07-10T00:59:20Z INFO controller.loop: tick service=frontend state=NOMINAL replicas 8→8 forecast=0.511 sigma=0.042
2026-07-10T00:59:35Z INFO controller.loop: tick service=frontend state=NOMINAL replicas 8→8 forecast=0.408 sigma=0.042
2026-07-10T00:59:50Z INFO controller.loop: tick service=frontend state=NOMINAL replicas 8→8 forecast=0.405 sigma=0.041
2026-07-10T01:00:05Z INFO controller.loop: tick service=frontend state=NOMINAL replicas 8→8 forecast=0.631 sigma=0.042
2026-07-10T01:00:20Z INFO controller.loop: tick service=frontend state=NOMINAL replicas 8→8 forecast=0.522 sigma=0.046
2026-07-10T01:00:35Z INFO controller.loop: tick service=frontend state=NOMINAL replicas 8→8 forecast=0.537 sigma=0.044
2026-07-10T01:00:50Z INFO controller.loop: tick service=frontend state=NOMINAL replicas 8→8 forecast=0.584 sigma=0.044
2026-07-10T01:01:05Z INFO controller.loop: tick service=frontend state=NOMINAL replicas 8→8 forecast=0.492 sigma=0.045
2026-07-10T01:01:20Z INFO controller.loop: tick service=frontend state=NOMINAL replicas 8→8 forecast=0.443 sigma=0.046
2026-07-10T01:01:35Z INFO controller.loop: tick service=frontend state=NOMINAL replicas 8→8 forecast=0.390 sigma=0.045
2026-07-10T01:01:50Z INFO controller.loop: tick service=frontend state=NOMINAL replicas 8→8 forecast=0.505 sigma=0.045
2026-07-10T01:02:05Z INFO controller.loop: tick service=frontend state=NOMINAL replicas 8→8 forecast=0.529 sigma=0.045
2026-07-10T01:02:20Z INFO controller.loop: tick service=frontend state=NOMINAL replicas 8→8 forecast=0.538 sigma=0.045
2026-07-10T01:02:35Z INFO controller.loop: tick service=frontend state=NOMINAL replicas 8→8 forecast=0.428 sigma=0.046
2026-07-10T01:02:50Z INFO controller.loop: tick service=frontend state=NOMINAL replicas 8→8 forecast=0.486 sigma=0.044
2026-07-10T01:03:05Z INFO controller.loop: tick service=frontend state=NOMINAL replicas 8→8 forecast=0.538 sigma=0.044
2026-07-10T01:03:20Z INFO controller.loop: tick service=frontend state=NOMINAL replicas 8→8 forecast=0.338 sigma=0.049
2026-07-10T01:03:35Z INFO controller.loop: tick service=frontend state=NOMINAL replicas 8→8 forecast=0.505 sigma=0.045
2026-07-10T01:03:50Z INFO controller.loop: tick service=frontend state=NOMINAL replicas 8→8 forecast=0.503 sigma=0.046
2026-07-10T01:04:05Z INFO controller.loop: tick service=frontend state=NOMINAL replicas 8→8 forecast=0.369 sigma=0.048
2026-07-10T01:04:20Z INFO controller.loop: tick service=frontend state=NOMINAL replicas 8→8 forecast=0.458 sigma=0.046
2026-07-10T01:04:35Z INFO controller.loop: tick service=frontend state=NOMINAL replicas 8→8 forecast=0.468 sigma=0.049
2026-07-10T01:04:50Z INFO controller.loop: tick service=frontend state=NOMINAL replicas 8→8 forecast=0.430 sigma=0.050
2026-07-10T01:05:05Z INFO controller.loop: tick service=frontend state=NOMINAL replicas 8→8 forecast=0.427 sigma=0.048
2026-07-10T01:05:20Z INFO controller.loop: tick service=frontend state=NOMINAL replicas 8→8 forecast=0.346 sigma=0.047
2026-07-10T01:05:35Z INFO controller.loop: tick service=frontend state=NOMINAL replicas 8→8 forecast=0.311 sigma=0.047
2026-07-10T01:05:50Z INFO controller.loop: tick service=frontend state=NOMINAL replicas 8→8 forecast=0.392 sigma=0.048
2026-07-10T01:06:05Z INFO controller.loop: tick service=frontend state=NOMINAL replicas 8→8 forecast=0.343 sigma=0.049
2026-07-10T01:06:20Z INFO controller.loop: tick service=frontend state=NOMINAL replicas 8→8 forecast=0.402 sigma=0.048
2026-07-10T01:06:35Z INFO controller.loop: tick service=frontend state=NOMINAL replicas 8→8 forecast=0.433 sigma=0.050
2026-07-10T01:06:50Z INFO controller.loop: tick service=frontend state=NOMINAL replicas 8→8 forecast=0.442 sigma=0.046
2026-07-10T01:07:05Z INFO controller.loop: tick service=frontend state=NOMINAL replicas 8→8 forecast=0.426 sigma=0.037
2026-07-10T01:07:20Z INFO controller.loop: tick service=frontend state=NOMINAL replicas 8→8 forecast=0.408 sigma=0.033
2026-07-10T01:07:35Z INFO controller.loop: tick service=frontend state=NOMINAL replicas 8→8 forecast=0.438 sigma=0.031
2026-07-10T01:07:50Z INFO controller.loop: tick service=frontend state=NOMINAL replicas 8→8 forecast=0.483 sigma=0.033
2026-07-10T01:08:05Z INFO controller.loop: tick service=frontend state=NOMINAL replicas 8→8 forecast=0.435 sigma=0.036
2026-07-10T01:08:20Z INFO controller.loop: tick service=frontend state=NOMINAL replicas 8→8 forecast=0.375 sigma=0.036
2026-07-10T01:08:35Z INFO controller.loop: tick service=frontend state=NOMINAL replicas 8→8 forecast=0.422 sigma=0.034
2026-07-10T01:08:50Z INFO controller.loop: tick service=frontend state=NOMINAL replicas 8→8 forecast=0.443 sigma=0.034
2026-07-10T01:09:05Z INFO controller.loop: tick service=frontend state=NOMINAL replicas 8→8 forecast=0.408 sigma=0.036
2026-07-10T01:09:20Z INFO controller.loop: tick service=frontend state=NOMINAL replicas 8→8 forecast=0.425 sigma=0.034
2026-07-10T01:09:35Z INFO controller.loop: tick service=frontend state=NOMINAL replicas 8→8 forecast=0.424 sigma=0.037
2026-07-10T01:09:50Z INFO controller.loop: tick service=frontend state=NOMINAL replicas 8→8 forecast=0.408 sigma=0.038
2026-07-10T01:10:05Z INFO controller.loop: tick service=frontend state=NOMINAL replicas 8→8 forecast=0.427 sigma=0.032
2026-07-10T01:10:20Z INFO controller.loop: tick service=frontend state=NOMINAL replicas 8→8 forecast=0.461 sigma=0.032
2026-07-10T01:10:35Z INFO controller.loop: tick service=frontend state=NOMINAL replicas 8→8 forecast=0.433 sigma=0.032
2026-07-10T01:10:50Z INFO controller.loop: tick service=frontend state=NOMINAL replicas 8→8 forecast=0.395 sigma=0.035
2026-07-10T01:11:05Z INFO controller.loop: tick service=frontend state=NOMINAL replicas 8→8 forecast=0.449 sigma=0.032
2026-07-10T01:11:20Z INFO controller.loop: tick service=frontend state=NOMINAL replicas 8→8 forecast=0.534 sigma=0.038
2026-07-10T01:11:35Z INFO controller.loop: tick service=frontend state=NOMINAL replicas 8→8 forecast=0.509 sigma=0.041
2026-07-10T01:11:50Z INFO controller.loop: tick service=frontend state=NOMINAL replicas 8→8 forecast=0.556 sigma=0.041
2026-07-10T01:12:05Z INFO controller.loop: tick service=frontend state=NOMINAL replicas 8→8 forecast=0.590 sigma=0.039
2026-07-10T01:12:20Z INFO controller.loop: tick service=frontend state=NOMINAL replicas 8→8 forecast=0.533 sigma=0.042
2026-07-10T01:12:35Z INFO controller.loop: tick service=frontend state=NOMINAL replicas 8→8 forecast=0.422 sigma=0.044
2026-07-10T01:12:50Z INFO controller.loop: tick service=frontend state=NOMINAL replicas 8→8 forecast=0.398 sigma=0.043
2026-07-10T01:13:05Z INFO controller.loop: tick service=frontend state=NOMINAL replicas 8→8 forecast=0.424 sigma=0.042
2026-07-10T01:13:20Z INFO controller.loop: tick service=frontend state=NOMINAL replicas 8→8 forecast=0.308 sigma=0.045
2026-07-10T01:13:35Z INFO controller.loop: tick service=frontend state=NOMINAL replicas 8→8 forecast=0.331 sigma=0.042
2026-07-10T01:13:50Z INFO controller.loop: tick service=frontend state=NOMINAL replicas 8→8 forecast=0.383 sigma=0.042
2026-07-10T01:14:05Z INFO controller.loop: tick service=frontend state=NOMINAL replicas 8→8 forecast=0.407 sigma=0.042
2026-07-10T01:14:20Z INFO controller.loop: tick service=frontend state=NOMINAL replicas 8→8 forecast=0.390 sigma=0.042
2026-07-10T01:14:35Z INFO controller.loop: tick service=frontend state=NOMINAL replicas 8→8 forecast=0.368 sigma=0.042
2026-07-10T01:14:50Z INFO controller.loop: tick service=frontend state=NOMINAL replicas 8→8 forecast=0.351 sigma=0.042
2026-07-10T01:15:05Z INFO controller.loop: tick service=frontend state=NOMINAL replicas 8→8 forecast=0.365 sigma=0.041
2026-07-10T01:15:20Z INFO controller.loop: tick service=frontend state=NOMINAL replicas 8→8 forecast=0.349 sigma=0.041
2026-07-10T01:15:35Z INFO controller.k8s_actuator: scaled deployment=frontend ns=default from=8 to=7
2026-07-10T01:15:35Z INFO controller.loop: tick service=frontend state=NOMINAL replicas 8→7 forecast=0.285 sigma=0.041
2026-07-10T01:15:50Z INFO controller.k8s_actuator: scaled deployment=frontend ns=default from=7 to=8
2026-07-10T01:15:50Z INFO controller.loop: tick service=frontend state=NOMINAL replicas 7→8 forecast=0.316 sigma=0.040
2026-07-10T01:16:05Z INFO controller.loop: tick service=frontend state=NOMINAL replicas 8→8 forecast=0.314 sigma=0.039
2026-07-10T01:16:20Z INFO controller.k8s_actuator: scaled deployment=frontend ns=default from=8 to=7
2026-07-10T01:16:20Z INFO controller.loop: tick service=frontend state=NOMINAL replicas 8→7 forecast=0.266 sigma=0.040
2026-07-10T01:16:35Z INFO controller.loop: tick service=frontend state=NOMINAL replicas 7→7 forecast=0.286 sigma=0.039
2026-07-10T01:16:50Z INFO controller.k8s_actuator: scaled deployment=frontend ns=default from=7 to=8
2026-07-10T01:16:50Z INFO controller.loop: tick service=frontend state=NOMINAL replicas 7→8 forecast=0.378 sigma=0.041
2026-07-10T01:17:05Z INFO controller.loop: tick service=frontend state=NOMINAL replicas 8→8 forecast=0.459 sigma=0.043
2026-07-10T01:17:20Z INFO controller.loop: tick service=frontend state=NOMINAL replicas 8→8 forecast=0.469 sigma=0.044
2026-07-10T01:17:35Z INFO controller.loop: tick service=frontend state=NOMINAL replicas 8→8 forecast=0.543 sigma=0.042
2026-07-10T01:17:50Z INFO controller.loop: tick service=frontend state=NOMINAL replicas 8→8 forecast=0.588 sigma=0.043
2026-07-10T01:18:05Z INFO controller.loop: tick service=frontend state=NOMINAL replicas 8→8 forecast=0.535 sigma=0.044
2026-07-10T01:18:20Z INFO controller.loop: tick service=frontend state=NOMINAL replicas 8→8 forecast=0.555 sigma=0.043
2026-07-10T01:18:35Z INFO controller.loop: tick service=frontend state=NOMINAL replicas 8→8 forecast=0.510 sigma=0.043
2026-07-10T01:18:50Z INFO controller.loop: tick service=frontend state=NOMINAL replicas 8→8 forecast=0.481 sigma=0.044
2026-07-10T01:19:05Z INFO controller.loop: tick service=frontend state=NOMINAL replicas 8→8 forecast=0.521 sigma=0.042
2026-07-10T01:19:20Z INFO controller.loop: tick service=frontend state=NOMINAL replicas 8→8 forecast=0.505 sigma=0.044
2026-07-10T01:19:35Z INFO controller.loop: tick service=frontend state=NOMINAL replicas 8→8 forecast=0.502 sigma=0.043
2026-07-10T01:19:50Z INFO controller.loop: tick service=frontend state=NOMINAL replicas 8→8 forecast=0.507 sigma=0.042
2026-07-10T01:20:05Z INFO controller.loop: tick service=frontend state=NOMINAL replicas 8→8 forecast=0.503 sigma=0.043
2026-07-10T01:20:20Z INFO controller.loop: tick service=frontend state=NOMINAL replicas 8→8 forecast=0.474 sigma=0.042
2026-07-10T01:20:35Z INFO controller.loop: tick service=frontend state=NOMINAL replicas 8→8 forecast=0.401 sigma=0.044
2026-07-10T01:20:50Z INFO controller.loop: tick service=frontend state=NOMINAL replicas 8→8 forecast=0.364 sigma=0.041
2026-07-10T01:21:05Z INFO controller.loop: tick service=frontend state=NOMINAL replicas 8→8 forecast=0.327 sigma=0.038
2026-07-10T01:21:20Z INFO controller.k8s_actuator: scaled deployment=frontend ns=default from=8 to=6
2026-07-10T01:21:20Z INFO controller.loop: tick service=frontend state=NOMINAL replicas 8→6 forecast=0.202 sigma=0.033
2026-07-10T01:21:35Z INFO controller.loop: tick service=frontend state=NOMINAL replicas 6→6 forecast=0.239 sigma=0.031
2026-07-10T01:21:40Z INFO controller.loop: received signal 15 — stopping after current tick
✅  stopped after 101 tick(s). Evidence: experiments/results/ramp-hybrid-002-evidence.jsonl
