▶  evidence path override: experiments/results/burst-hybrid-003-evidence.jsonl
▶  config loaded: service=frontend namespace=default
▶  model registry loaded: phase3_20260709T001052Z_model_registry.yaml → holt_winters for frontend
▶  starting control loop (tick=15s, horizon=30s, forecaster=holt_winters)
2026-07-09T14:25:30Z INFO controller.k8s_actuator: scaled deployment=frontend ns=default from=1 to=3
2026-07-09T14:25:30Z INFO controller.loop: tick service=frontend state=SCALE_LIMITED replicas 1→3 forecast=0.178 sigma=0.017
2026-07-09T14:25:45Z INFO controller.k8s_actuator: scaled deployment=frontend ns=default from=3 to=4
2026-07-09T14:25:45Z INFO controller.loop: tick service=frontend state=NOMINAL replicas 3→4 forecast=0.174 sigma=0.017
2026-07-09T14:26:00Z INFO controller.loop: tick service=frontend state=NOMINAL replicas 4→4 forecast=0.159 sigma=0.018
2026-07-09T14:26:15Z INFO controller.loop: tick service=frontend state=NOMINAL replicas 4→4 forecast=0.157 sigma=0.020
2026-07-09T14:26:30Z INFO controller.loop: tick service=frontend state=NOMINAL replicas 4→4 forecast=0.165 sigma=0.018
2026-07-09T14:26:45Z INFO controller.loop: tick service=frontend state=NOMINAL replicas 4→4 forecast=0.162 sigma=0.017
2026-07-09T14:27:00Z INFO controller.loop: tick service=frontend state=NOMINAL replicas 4→4 forecast=0.158 sigma=0.018
2026-07-09T14:27:15Z INFO controller.loop: tick service=frontend state=NOMINAL replicas 4→4 forecast=0.160 sigma=0.018
2026-07-09T14:27:30Z INFO controller.loop: tick service=frontend state=NOMINAL replicas 4→4 forecast=0.165 sigma=0.019
2026-07-09T14:27:45Z INFO controller.loop: tick service=frontend state=NOMINAL replicas 4→4 forecast=0.160 sigma=0.020
2026-07-09T14:28:00Z INFO controller.loop: tick service=frontend state=NOMINAL replicas 4→4 forecast=0.161 sigma=0.019
2026-07-09T14:28:15Z INFO controller.loop: tick service=frontend state=NOMINAL replicas 4→4 forecast=0.161 sigma=0.019
2026-07-09T14:28:30Z INFO controller.loop: tick service=frontend state=NOMINAL replicas 4→4 forecast=0.165 sigma=0.019
2026-07-09T14:28:45Z INFO controller.loop: tick service=frontend state=NOMINAL replicas 4→4 forecast=0.167 sigma=0.019
2026-07-09T14:29:00Z INFO controller.loop: tick service=frontend state=NOMINAL replicas 4→4 forecast=0.166 sigma=0.018
2026-07-09T14:29:15Z INFO controller.loop: tick service=frontend state=NOMINAL replicas 4→4 forecast=0.166 sigma=0.018
2026-07-09T14:29:30Z INFO controller.loop: tick service=frontend state=NOMINAL replicas 4→4 forecast=0.171 sigma=0.018
2026-07-09T14:29:45Z INFO controller.loop: tick service=frontend state=NOMINAL replicas 4→4 forecast=0.170 sigma=0.018
2026-07-09T14:30:00Z INFO controller.loop: tick service=frontend state=NOMINAL replicas 4→4 forecast=0.171 sigma=0.018
2026-07-09T14:30:15Z INFO controller.loop: tick service=frontend state=NOMINAL replicas 4→4 forecast=0.165 sigma=0.019
2026-07-09T14:30:30Z INFO controller.loop: tick service=frontend state=NOMINAL replicas 4→4 forecast=0.168 sigma=0.018
2026-07-09T14:30:45Z INFO controller.loop: tick service=frontend state=NOMINAL replicas 4→4 forecast=0.165 sigma=0.018
2026-07-09T14:31:00Z INFO controller.k8s_actuator: scaled deployment=frontend ns=default from=4 to=5
2026-07-09T14:31:00Z INFO controller.loop: tick service=frontend state=NOMINAL replicas 4→5 forecast=0.186 sigma=0.023
2026-07-09T14:31:15Z INFO controller.k8s_actuator: scaled deployment=frontend ns=default from=5 to=7
2026-07-09T14:31:15Z INFO controller.loop: tick service=frontend state=NOMINAL replicas 5→7 forecast=0.283 sigma=0.024
2026-07-09T14:31:30Z INFO controller.k8s_actuator: scaled deployment=frontend ns=default from=7 to=8
2026-07-09T14:31:30Z INFO controller.loop: tick service=frontend state=NOMINAL replicas 7→8 forecast=0.346 sigma=0.031
2026-07-09T14:31:45Z INFO controller.loop: tick service=frontend state=NOMINAL replicas 8→8 forecast=0.337 sigma=0.032
2026-07-09T14:32:00Z INFO controller.loop: tick service=frontend state=NOMINAL replicas 8→8 forecast=0.403 sigma=0.030
2026-07-09T14:32:15Z INFO controller.loop: tick service=frontend state=NOMINAL replicas 8→8 forecast=0.411 sigma=0.029
2026-07-09T14:32:30Z INFO controller.loop: tick service=frontend state=NOMINAL replicas 8→8 forecast=0.421 sigma=0.028
2026-07-09T14:32:45Z INFO controller.loop: tick service=frontend state=NOMINAL replicas 8→8 forecast=0.394 sigma=0.029
2026-07-09T14:33:00Z INFO controller.k8s_actuator: scaled deployment=frontend ns=default from=8 to=6
2026-07-09T14:33:00Z INFO controller.loop: tick service=frontend state=NOMINAL replicas 8→6 forecast=0.241 sigma=0.031
2026-07-09T14:33:15Z INFO controller.k8s_actuator: scaled deployment=frontend ns=default from=6 to=4
2026-07-09T14:33:15Z INFO controller.loop: tick service=frontend state=NOMINAL replicas 6→4 forecast=0.113 sigma=0.033
2026-07-09T14:33:30Z INFO controller.loop: tick service=frontend state=NOMINAL replicas 4→4 forecast=0.122 sigma=0.031
2026-07-09T14:33:45Z INFO controller.k8s_actuator: scaled deployment=frontend ns=default from=4 to=6
2026-07-09T14:33:45Z INFO controller.loop: tick service=frontend state=NOMINAL replicas 4→6 forecast=0.243 sigma=0.032
2026-07-09T14:34:00Z INFO controller.k8s_actuator: scaled deployment=frontend ns=default from=6 to=7
2026-07-09T14:34:00Z INFO controller.loop: tick service=frontend state=NOMINAL replicas 6→7 forecast=0.274 sigma=0.033
2026-07-09T14:34:15Z INFO controller.k8s_actuator: scaled deployment=frontend ns=default from=7 to=5
2026-07-09T14:34:15Z INFO controller.loop: tick service=frontend state=NOMINAL replicas 7→5 forecast=0.179 sigma=0.033
2026-07-09T14:34:30Z INFO controller.loop: tick service=frontend state=NOMINAL replicas 5→5 forecast=0.165 sigma=0.033
2026-07-09T14:34:45Z INFO controller.k8s_actuator: scaled deployment=frontend ns=default from=5 to=6
2026-07-09T14:34:45Z INFO controller.loop: tick service=frontend state=NOMINAL replicas 5→6 forecast=0.204 sigma=0.033
2026-07-09T14:35:00Z INFO controller.loop: tick service=frontend state=NOMINAL replicas 6→6 forecast=0.249 sigma=0.032
2026-07-09T14:35:15Z INFO controller.loop: tick service=frontend state=NOMINAL replicas 6→6 forecast=0.230 sigma=0.032
2026-07-09T14:35:30Z INFO controller.loop: tick service=frontend state=NOMINAL replicas 6→6 forecast=0.205 sigma=0.032
2026-07-09T14:35:45Z INFO controller.k8s_actuator: scaled deployment=frontend ns=default from=6 to=4
2026-07-09T14:35:45Z INFO controller.loop: tick service=frontend state=NOMINAL replicas 6→4 forecast=0.148 sigma=0.033
2026-07-09T14:36:00Z INFO controller.k8s_actuator: scaled deployment=frontend ns=default from=4 to=6
2026-07-09T14:36:00Z INFO controller.loop: tick service=frontend state=NOMINAL replicas 4→6 forecast=0.205 sigma=0.032
2026-07-09T14:36:15Z INFO controller.loop: tick service=frontend state=NOMINAL replicas 6→6 forecast=0.229 sigma=0.032
2026-07-09T14:36:30Z INFO controller.loop: tick service=frontend state=NOMINAL replicas 6→6 forecast=0.215 sigma=0.034
2026-07-09T14:36:45Z INFO controller.loop: tick service=frontend state=NOMINAL replicas 6→6 forecast=0.240 sigma=0.031
2026-07-09T14:37:00Z INFO controller.k8s_actuator: scaled deployment=frontend ns=default from=6 to=4
2026-07-09T14:37:00Z INFO controller.loop: tick service=frontend state=NOMINAL replicas 6→4 forecast=0.143 sigma=0.033
2026-07-09T14:37:15Z INFO controller.k8s_actuator: scaled deployment=frontend ns=default from=4 to=5
2026-07-09T14:37:15Z INFO controller.loop: tick service=frontend state=NOMINAL replicas 4→5 forecast=0.167 sigma=0.031
2026-07-09T14:37:30Z INFO controller.loop: tick service=frontend state=NOMINAL replicas 5→5 forecast=0.160 sigma=0.033
2026-07-09T14:37:34Z INFO controller.loop: received signal 15 — stopping after current tick
✅  stopped after 49 tick(s). Evidence: experiments/results/burst-hybrid-003-evidence.jsonl
