▶  evidence path override: experiments/results/trace_replay-hybrid-004-evidence.jsonl
▶  config loaded: service=frontend namespace=default
▶  model registry loaded: phase3_20260709T001052Z_model_registry.yaml → holt_winters for frontend
▶  starting control loop (tick=15s, horizon=30s, forecaster=holt_winters)
2026-07-10T15:51:53Z INFO controller.k8s_actuator: scaled deployment=frontend ns=default from=1 to=3
2026-07-10T15:51:53Z INFO controller.loop: tick service=frontend state=SCALE_LIMITED replicas 1→3 forecast=0.265 sigma=0.027
2026-07-10T15:52:07Z INFO controller.k8s_actuator: scaled deployment=frontend ns=default from=3 to=4
2026-07-10T15:52:07Z INFO controller.loop: tick service=frontend state=NOMINAL replicas 3→4 forecast=0.120 sigma=0.030
2026-07-10T15:52:22Z INFO controller.k8s_actuator: scaled deployment=frontend ns=default from=4 to=2
2026-07-10T15:52:22Z INFO controller.loop: tick service=frontend state=SCALE_LIMITED replicas 4→2 forecast=-0.032 sigma=0.032
2026-07-10T15:52:37Z INFO controller.loop: tick service=frontend state=NOMINAL replicas 2→2 forecast=0.019 sigma=0.028
2026-07-10T15:52:52Z INFO controller.k8s_actuator: scaled deployment=frontend ns=default from=2 to=4
2026-07-10T15:52:52Z INFO controller.loop: tick service=frontend state=SCALE_LIMITED replicas 2→4 forecast=0.212 sigma=0.033
2026-07-10T15:53:07Z INFO controller.k8s_actuator: scaled deployment=frontend ns=default from=4 to=6
2026-07-10T15:53:07Z INFO controller.loop: tick service=frontend state=NOMINAL replicas 4→6 forecast=0.212 sigma=0.033
2026-07-10T15:53:22Z INFO controller.k8s_actuator: scaled deployment=frontend ns=default from=6 to=7
2026-07-10T15:53:22Z INFO controller.loop: tick service=frontend state=NOMINAL replicas 6→7 forecast=0.287 sigma=0.033
2026-07-10T15:53:37Z INFO controller.loop: tick service=frontend state=NOMINAL replicas 7→7 forecast=0.257 sigma=0.033
2026-07-10T15:53:52Z INFO controller.k8s_actuator: scaled deployment=frontend ns=default from=7 to=5
2026-07-10T15:53:52Z INFO controller.loop: tick service=frontend state=NOMINAL replicas 7→5 forecast=0.188 sigma=0.033
2026-07-10T15:54:07Z INFO controller.k8s_actuator: scaled deployment=frontend ns=default from=5 to=6
2026-07-10T15:54:07Z INFO controller.loop: tick service=frontend state=NOMINAL replicas 5→6 forecast=0.228 sigma=0.033
2026-07-10T15:54:22Z INFO controller.k8s_actuator: scaled deployment=frontend ns=default from=6 to=7
2026-07-10T15:54:22Z INFO controller.loop: tick service=frontend state=NOMINAL replicas 6→7 forecast=0.297 sigma=0.035
2026-07-10T15:54:37Z INFO controller.k8s_actuator: scaled deployment=frontend ns=default from=7 to=8
2026-07-10T15:54:37Z INFO controller.loop: tick service=frontend state=NOMINAL replicas 7→8 forecast=0.332 sigma=0.035
2026-07-10T15:54:52Z INFO controller.loop: tick service=frontend state=NOMINAL replicas 8→8 forecast=0.334 sigma=0.035
2026-07-10T15:55:07Z INFO controller.loop: tick service=frontend state=NOMINAL replicas 8→8 forecast=0.372 sigma=0.035
2026-07-10T15:55:22Z INFO controller.loop: tick service=frontend state=NOMINAL replicas 8→8 forecast=0.363 sigma=0.035
2026-07-10T15:55:37Z INFO controller.loop: tick service=frontend state=NOMINAL replicas 8→8 forecast=0.412 sigma=0.035
2026-07-10T15:55:52Z INFO controller.loop: tick service=frontend state=NOMINAL replicas 8→8 forecast=0.403 sigma=0.035
2026-07-10T15:56:07Z INFO controller.loop: tick service=frontend state=NOMINAL replicas 8→8 forecast=0.342 sigma=0.036
2026-07-10T15:56:22Z INFO controller.loop: tick service=frontend state=NOMINAL replicas 8→8 forecast=0.388 sigma=0.037
2026-07-10T15:56:37Z INFO controller.loop: tick service=frontend state=NOMINAL replicas 8→8 forecast=0.347 sigma=0.037
2026-07-10T15:56:52Z INFO controller.k8s_actuator: scaled deployment=frontend ns=default from=8 to=7
2026-07-10T15:56:52Z INFO controller.loop: tick service=frontend state=NOMINAL replicas 8→7 forecast=0.265 sigma=0.039
2026-07-10T15:57:07Z INFO controller.k8s_actuator: scaled deployment=frontend ns=default from=7 to=8
2026-07-10T15:57:07Z INFO controller.loop: tick service=frontend state=NOMINAL replicas 7→8 forecast=0.366 sigma=0.042
2026-07-10T15:57:22Z INFO controller.loop: tick service=frontend state=NOMINAL replicas 8→8 forecast=0.379 sigma=0.042
2026-07-10T15:57:37Z INFO controller.loop: tick service=frontend state=NOMINAL replicas 8→8 forecast=0.290 sigma=0.044
2026-07-10T15:57:52Z INFO controller.loop: tick service=frontend state=NOMINAL replicas 8→8 forecast=0.317 sigma=0.044
2026-07-10T15:58:07Z INFO controller.loop: tick service=frontend state=NOMINAL replicas 8→8 forecast=0.351 sigma=0.045
2026-07-10T15:58:22Z INFO controller.loop: tick service=frontend state=NOMINAL replicas 8→8 forecast=0.333 sigma=0.045
2026-07-10T15:58:37Z INFO controller.loop: tick service=frontend state=NOMINAL replicas 8→8 forecast=0.343 sigma=0.045
2026-07-10T15:58:52Z INFO controller.loop: tick service=frontend state=NOMINAL replicas 8→8 forecast=0.351 sigma=0.044
2026-07-10T15:59:07Z INFO controller.loop: tick service=frontend state=NOMINAL replicas 8→8 forecast=0.375 sigma=0.044
2026-07-10T15:59:22Z INFO controller.loop: tick service=frontend state=NOMINAL replicas 8→8 forecast=0.373 sigma=0.044
2026-07-10T15:59:37Z INFO controller.loop: tick service=frontend state=NOMINAL replicas 8→8 forecast=0.403 sigma=0.043
2026-07-10T15:59:52Z INFO controller.loop: tick service=frontend state=NOMINAL replicas 8→8 forecast=0.423 sigma=0.043
2026-07-10T16:00:07Z INFO controller.loop: tick service=frontend state=NOMINAL replicas 8→8 forecast=0.378 sigma=0.045
2026-07-10T16:00:22Z INFO controller.loop: tick service=frontend state=NOMINAL replicas 8→8 forecast=0.402 sigma=0.044
2026-07-10T16:00:37Z INFO controller.loop: tick service=frontend state=NOMINAL replicas 8→8 forecast=0.366 sigma=0.045
2026-07-10T16:00:52Z INFO controller.loop: tick service=frontend state=NOMINAL replicas 8→8 forecast=0.392 sigma=0.044
2026-07-10T16:01:07Z INFO controller.loop: tick service=frontend state=NOMINAL replicas 8→8 forecast=0.404 sigma=0.043
2026-07-10T16:01:22Z INFO controller.loop: tick service=frontend state=NOMINAL replicas 8→8 forecast=0.443 sigma=0.046
2026-07-10T16:01:37Z INFO controller.loop: tick service=frontend state=NOMINAL replicas 8→8 forecast=0.500 sigma=0.047
2026-07-10T16:01:52Z INFO controller.loop: tick service=frontend state=NOMINAL replicas 8→8 forecast=0.495 sigma=0.043
2026-07-10T16:02:07Z INFO controller.loop: tick service=frontend state=NOMINAL replicas 8→8 forecast=0.524 sigma=0.040
2026-07-10T16:02:22Z INFO controller.loop: tick service=frontend state=NOMINAL replicas 8→8 forecast=0.502 sigma=0.038
2026-07-10T16:02:37Z INFO controller.loop: tick service=frontend state=NOMINAL replicas 8→8 forecast=0.460 sigma=0.041
2026-07-10T16:02:52Z INFO controller.loop: tick service=frontend state=NOMINAL replicas 8→8 forecast=0.473 sigma=0.039
2026-07-10T16:03:07Z INFO controller.loop: tick service=frontend state=NOMINAL replicas 8→8 forecast=0.464 sigma=0.039
2026-07-10T16:03:22Z INFO controller.loop: tick service=frontend state=NOMINAL replicas 8→8 forecast=0.487 sigma=0.039
2026-07-10T16:03:37Z INFO controller.loop: tick service=frontend state=NOMINAL replicas 8→8 forecast=0.509 sigma=0.039
2026-07-10T16:03:52Z INFO controller.loop: tick service=frontend state=NOMINAL replicas 8→8 forecast=0.485 sigma=0.039
2026-07-10T16:04:07Z INFO controller.loop: tick service=frontend state=NOMINAL replicas 8→8 forecast=0.499 sigma=0.038
2026-07-10T16:04:22Z INFO controller.loop: tick service=frontend state=NOMINAL replicas 8→8 forecast=0.495 sigma=0.038
2026-07-10T16:04:37Z INFO controller.loop: tick service=frontend state=NOMINAL replicas 8→8 forecast=0.477 sigma=0.040
2026-07-10T16:04:52Z INFO controller.loop: tick service=frontend state=NOMINAL replicas 8→8 forecast=0.423 sigma=0.041
2026-07-10T16:05:07Z INFO controller.loop: tick service=frontend state=NOMINAL replicas 8→8 forecast=0.356 sigma=0.043
2026-07-10T16:05:22Z INFO controller.loop: tick service=frontend state=NOMINAL replicas 8→8 forecast=0.363 sigma=0.042
2026-07-10T16:05:37Z INFO controller.loop: tick service=frontend state=NOMINAL replicas 8→8 forecast=0.412 sigma=0.042
2026-07-10T16:05:52Z INFO controller.loop: tick service=frontend state=NOMINAL replicas 8→8 forecast=0.393 sigma=0.043
2026-07-10T16:06:07Z INFO controller.loop: tick service=frontend state=NOMINAL replicas 8→8 forecast=0.412 sigma=0.041
2026-07-10T16:06:22Z INFO controller.loop: tick service=frontend state=NOMINAL replicas 8→8 forecast=0.418 sigma=0.041
2026-07-10T16:06:37Z INFO controller.loop: tick service=frontend state=NOMINAL replicas 8→8 forecast=0.410 sigma=0.041
2026-07-10T16:06:52Z INFO controller.loop: tick service=frontend state=NOMINAL replicas 8→8 forecast=0.412 sigma=0.040
2026-07-10T16:07:07Z INFO controller.loop: tick service=frontend state=NOMINAL replicas 8→8 forecast=0.390 sigma=0.040
2026-07-10T16:07:22Z INFO controller.loop: tick service=frontend state=NOMINAL replicas 8→8 forecast=0.402 sigma=0.039
2026-07-10T16:07:37Z INFO controller.loop: tick service=frontend state=NOMINAL replicas 8→8 forecast=0.387 sigma=0.037
2026-07-10T16:07:52Z INFO controller.loop: tick service=frontend state=NOMINAL replicas 8→8 forecast=0.394 sigma=0.037
2026-07-10T16:08:07Z INFO controller.loop: tick service=frontend state=NOMINAL replicas 8→8 forecast=0.372 sigma=0.037
2026-07-10T16:08:22Z INFO controller.loop: tick service=frontend state=NOMINAL replicas 8→8 forecast=0.398 sigma=0.036
2026-07-10T16:08:37Z INFO controller.loop: tick service=frontend state=NOMINAL replicas 8→8 forecast=0.410 sigma=0.036
2026-07-10T16:08:52Z INFO controller.loop: tick service=frontend state=NOMINAL replicas 8→8 forecast=0.424 sigma=0.036
2026-07-10T16:09:07Z INFO controller.loop: tick service=frontend state=NOMINAL replicas 8→8 forecast=0.384 sigma=0.037
2026-07-10T16:09:22Z INFO controller.loop: tick service=frontend state=NOMINAL replicas 8→8 forecast=0.400 sigma=0.037
2026-07-10T16:09:37Z INFO controller.loop: tick service=frontend state=NOMINAL replicas 8→8 forecast=0.407 sigma=0.036
2026-07-10T16:09:52Z INFO controller.loop: tick service=frontend state=NOMINAL replicas 8→8 forecast=0.385 sigma=0.037
2026-07-10T16:10:07Z INFO controller.loop: tick service=frontend state=NOMINAL replicas 8→8 forecast=0.355 sigma=0.034
2026-07-10T16:10:22Z INFO controller.loop: tick service=frontend state=NOMINAL replicas 8→8 forecast=0.308 sigma=0.035
2026-07-10T16:10:37Z INFO controller.loop: tick service=frontend state=NOMINAL replicas 8→8 forecast=0.360 sigma=0.035
2026-07-10T16:10:52Z INFO controller.loop: tick service=frontend state=NOMINAL replicas 8→8 forecast=0.373 sigma=0.036
2026-07-10T16:11:07Z INFO controller.loop: tick service=frontend state=NOMINAL replicas 8→8 forecast=0.390 sigma=0.036
2026-07-10T16:11:22Z INFO controller.loop: tick service=frontend state=NOMINAL replicas 8→8 forecast=0.388 sigma=0.035
2026-07-10T16:11:37Z INFO controller.loop: tick service=frontend state=NOMINAL replicas 8→8 forecast=0.381 sigma=0.034
2026-07-10T16:11:52Z INFO controller.loop: tick service=frontend state=NOMINAL replicas 8→8 forecast=0.382 sigma=0.034
2026-07-10T16:12:07Z INFO controller.loop: tick service=frontend state=NOMINAL replicas 8→8 forecast=0.376 sigma=0.034
2026-07-10T16:12:22Z INFO controller.loop: tick service=frontend state=NOMINAL replicas 8→8 forecast=0.376 sigma=0.034
2026-07-10T16:12:37Z INFO controller.loop: tick service=frontend state=NOMINAL replicas 8→8 forecast=0.384 sigma=0.034
2026-07-10T16:12:52Z INFO controller.loop: tick service=frontend state=NOMINAL replicas 8→8 forecast=0.391 sigma=0.031
2026-07-10T16:13:07Z INFO controller.loop: tick service=frontend state=NOMINAL replicas 8→8 forecast=0.382 sigma=0.031
2026-07-10T16:13:22Z INFO controller.loop: tick service=frontend state=NOMINAL replicas 8→8 forecast=0.380 sigma=0.031
2026-07-10T16:13:37Z INFO controller.loop: tick service=frontend state=NOMINAL replicas 8→8 forecast=0.387 sigma=0.030
2026-07-10T16:13:52Z INFO controller.loop: tick service=frontend state=NOMINAL replicas 8→8 forecast=0.389 sigma=0.029
2026-07-10T16:14:07Z INFO controller.loop: tick service=frontend state=NOMINAL replicas 8→8 forecast=0.383 sigma=0.032
2026-07-10T16:14:22Z INFO controller.loop: tick service=frontend state=NOMINAL replicas 8→8 forecast=0.387 sigma=0.033
2026-07-10T16:14:37Z INFO controller.loop: tick service=frontend state=NOMINAL replicas 8→8 forecast=0.490 sigma=0.032
2026-07-10T16:14:52Z INFO controller.loop: tick service=frontend state=NOMINAL replicas 8→8 forecast=0.504 sigma=0.031
2026-07-10T16:15:07Z INFO controller.loop: tick service=frontend state=NOMINAL replicas 8→8 forecast=0.504 sigma=0.031
2026-07-10T16:15:22Z INFO controller.loop: tick service=frontend state=NOMINAL replicas 8→8 forecast=0.474 sigma=0.031
2026-07-10T16:15:37Z INFO controller.loop: tick service=frontend state=NOMINAL replicas 8→8 forecast=0.456 sigma=0.031
2026-07-10T16:15:52Z INFO controller.loop: tick service=frontend state=NOMINAL replicas 8→8 forecast=0.430 sigma=0.030
2026-07-10T16:16:07Z INFO controller.loop: tick service=frontend state=NOMINAL replicas 8→8 forecast=0.393 sigma=0.030
2026-07-10T16:16:22Z INFO controller.loop: tick service=frontend state=NOMINAL replicas 8→8 forecast=0.381 sigma=0.030
2026-07-10T16:16:37Z INFO controller.loop: tick service=frontend state=NOMINAL replicas 8→8 forecast=0.391 sigma=0.029
2026-07-10T16:16:52Z INFO controller.loop: tick service=frontend state=NOMINAL replicas 8→8 forecast=0.365 sigma=0.028
2026-07-10T16:17:07Z INFO controller.k8s_actuator: scaled deployment=frontend ns=default from=8 to=7
2026-07-10T16:17:07Z INFO controller.loop: tick service=frontend state=NOMINAL replicas 8→7 forecast=0.297 sigma=0.030
2026-07-10T16:17:22Z INFO controller.k8s_actuator: scaled deployment=frontend ns=default from=7 to=8
2026-07-10T16:17:22Z INFO controller.loop: tick service=frontend state=NOMINAL replicas 7→8 forecast=0.344 sigma=0.029
2026-07-10T16:17:37Z INFO controller.loop: tick service=frontend state=NOMINAL replicas 8→8 forecast=0.347 sigma=0.030
2026-07-10T16:17:52Z INFO controller.loop: tick service=frontend state=NOMINAL replicas 8→8 forecast=0.374 sigma=0.030
2026-07-10T16:18:07Z INFO controller.loop: tick service=frontend state=NOMINAL replicas 8→8 forecast=0.395 sigma=0.030
2026-07-10T16:18:22Z INFO controller.loop: tick service=frontend state=NOMINAL replicas 8→8 forecast=0.392 sigma=0.030
2026-07-10T16:18:37Z INFO controller.loop: tick service=frontend state=NOMINAL replicas 8→8 forecast=0.394 sigma=0.030
2026-07-10T16:18:52Z INFO controller.loop: tick service=frontend state=NOMINAL replicas 8→8 forecast=0.322 sigma=0.032
2026-07-10T16:19:07Z INFO controller.loop: tick service=frontend state=NOMINAL replicas 8→8 forecast=0.349 sigma=0.032
2026-07-10T16:19:22Z INFO controller.loop: tick service=frontend state=NOMINAL replicas 8→8 forecast=0.373 sigma=0.031
2026-07-10T16:19:37Z INFO controller.loop: tick service=frontend state=NOMINAL replicas 8→8 forecast=0.374 sigma=0.031
2026-07-10T16:19:52Z INFO controller.loop: tick service=frontend state=NOMINAL replicas 8→8 forecast=0.369 sigma=0.030
2026-07-10T16:20:07Z INFO controller.loop: tick service=frontend state=NOMINAL replicas 8→8 forecast=0.330 sigma=0.031
2026-07-10T16:20:22Z INFO controller.loop: tick service=frontend state=NOMINAL replicas 8→8 forecast=0.366 sigma=0.030
2026-07-10T16:20:37Z INFO controller.loop: tick service=frontend state=NOMINAL replicas 8→8 forecast=0.355 sigma=0.029
2026-07-10T16:20:52Z INFO controller.k8s_actuator: scaled deployment=frontend ns=default from=8 to=7
2026-07-10T16:20:52Z INFO controller.loop: tick service=frontend state=NOMINAL replicas 8→7 forecast=0.303 sigma=0.031
2026-07-10T16:21:07Z INFO controller.k8s_actuator: scaled deployment=frontend ns=default from=7 to=8
2026-07-10T16:21:07Z INFO controller.loop: tick service=frontend state=NOMINAL replicas 7→8 forecast=0.328 sigma=0.031
2026-07-10T16:21:22Z INFO controller.loop: tick service=frontend state=NOMINAL replicas 8→8 forecast=0.323 sigma=0.031
2026-07-10T16:21:37Z INFO controller.loop: tick service=frontend state=NOMINAL replicas 8→8 forecast=0.368 sigma=0.032
2026-07-10T16:21:52Z INFO controller.loop: tick service=frontend state=NOMINAL replicas 8→8 forecast=0.391 sigma=0.032
2026-07-10T16:22:05Z INFO controller.loop: received signal 15 — stopping after current tick
✅  stopped after 121 tick(s). Evidence: experiments/results/trace_replay-hybrid-004-evidence.jsonl
