▶  evidence path override: experiments/results/ramp-hybrid-003-evidence.jsonl
▶  config loaded: service=frontend namespace=default
▶  model registry loaded: phase3_20260709T001052Z_model_registry.yaml → holt_winters for frontend
▶  starting control loop (tick=15s, horizon=30s, forecaster=holt_winters)
2026-07-10T13:35:53Z INFO controller.k8s_actuator: scaled deployment=frontend ns=default from=1 to=3
2026-07-10T13:35:53Z INFO controller.loop: tick service=frontend state=SCALE_LIMITED replicas 1→3 forecast=0.189 sigma=0.016
2026-07-10T13:36:08Z INFO controller.k8s_actuator: scaled deployment=frontend ns=default from=3 to=5
2026-07-10T13:36:08Z INFO controller.loop: tick service=frontend state=NOMINAL replicas 3→5 forecast=0.199 sigma=0.018
2026-07-10T13:36:23Z INFO controller.k8s_actuator: scaled deployment=frontend ns=default from=5 to=4
2026-07-10T13:36:23Z INFO controller.loop: tick service=frontend state=NOMINAL replicas 5→4 forecast=0.160 sigma=0.022
2026-07-10T13:36:38Z INFO controller.k8s_actuator: scaled deployment=frontend ns=default from=4 to=3
2026-07-10T13:36:38Z INFO controller.loop: tick service=frontend state=NOMINAL replicas 4→3 forecast=0.104 sigma=0.023
2026-07-10T13:36:53Z INFO controller.k8s_actuator: scaled deployment=frontend ns=default from=3 to=4
2026-07-10T13:36:53Z INFO controller.loop: tick service=frontend state=NOMINAL replicas 3→4 forecast=0.119 sigma=0.023
2026-07-10T13:37:08Z INFO controller.k8s_actuator: scaled deployment=frontend ns=default from=4 to=5
2026-07-10T13:37:08Z INFO controller.loop: tick service=frontend state=NOMINAL replicas 4→5 forecast=0.176 sigma=0.028
2026-07-10T13:37:23Z INFO controller.loop: tick service=frontend state=NOMINAL replicas 5→5 forecast=0.195 sigma=0.036
2026-07-10T13:37:38Z INFO controller.k8s_actuator: scaled deployment=frontend ns=default from=5 to=6
2026-07-10T13:37:38Z INFO controller.loop: tick service=frontend state=NOMINAL replicas 5→6 forecast=0.210 sigma=0.041
2026-07-10T13:37:53Z INFO controller.k8s_actuator: scaled deployment=frontend ns=default from=6 to=8
2026-07-10T13:37:53Z INFO controller.loop: tick service=frontend state=NOMINAL replicas 6→8 forecast=0.444 sigma=0.035
2026-07-10T13:38:08Z INFO controller.loop: tick service=frontend state=NOMINAL replicas 8→8 forecast=0.496 sigma=0.036
2026-07-10T13:38:23Z INFO controller.loop: tick service=frontend state=NOMINAL replicas 8→8 forecast=0.462 sigma=0.025
2026-07-10T13:38:38Z INFO controller.loop: tick service=frontend state=NOMINAL replicas 8→8 forecast=0.472 sigma=0.020
2026-07-10T13:38:53Z INFO controller.k8s_actuator: scaled deployment=frontend ns=default from=8 to=7
2026-07-10T13:38:53Z INFO controller.loop: tick service=frontend state=NOMINAL replicas 8→7 forecast=0.311 sigma=0.025
2026-07-10T13:39:08Z INFO controller.k8s_actuator: scaled deployment=frontend ns=default from=7 to=8
2026-07-10T13:39:08Z INFO controller.loop: tick service=frontend state=NOMINAL replicas 7→8 forecast=0.529 sigma=0.027
2026-07-10T13:39:23Z INFO controller.loop: tick service=frontend state=NOMINAL replicas 8→8 forecast=0.533 sigma=0.027
2026-07-10T13:39:38Z INFO controller.loop: tick service=frontend state=NOMINAL replicas 8→8 forecast=0.632 sigma=0.028
2026-07-10T13:39:53Z INFO controller.loop: tick service=frontend state=NOMINAL replicas 8→8 forecast=0.637 sigma=0.028
2026-07-10T13:40:08Z INFO controller.loop: tick service=frontend state=NOMINAL replicas 8→8 forecast=0.538 sigma=0.030
2026-07-10T13:40:23Z INFO controller.loop: tick service=frontend state=NOMINAL replicas 8→8 forecast=0.626 sigma=0.030
2026-07-10T13:40:38Z INFO controller.loop: tick service=frontend state=NOMINAL replicas 8→8 forecast=0.629 sigma=0.030
2026-07-10T13:40:53Z INFO controller.loop: tick service=frontend state=NOMINAL replicas 8→8 forecast=0.578 sigma=0.031
2026-07-10T13:41:08Z INFO controller.loop: tick service=frontend state=NOMINAL replicas 8→8 forecast=0.460 sigma=0.033
2026-07-10T13:41:23Z INFO controller.loop: tick service=frontend state=NOMINAL replicas 8→8 forecast=0.556 sigma=0.033
2026-07-10T13:41:38Z INFO controller.loop: tick service=frontend state=NOMINAL replicas 8→8 forecast=0.505 sigma=0.034
2026-07-10T13:41:53Z INFO controller.loop: tick service=frontend state=NOMINAL replicas 8→8 forecast=0.508 sigma=0.033
2026-07-10T13:42:08Z INFO controller.loop: tick service=frontend state=NOMINAL replicas 8→8 forecast=0.529 sigma=0.033
2026-07-10T13:42:23Z INFO controller.loop: tick service=frontend state=NOMINAL replicas 8→8 forecast=0.495 sigma=0.033
2026-07-10T13:42:38Z INFO controller.loop: tick service=frontend state=NOMINAL replicas 8→8 forecast=0.516 sigma=0.034
2026-07-10T13:42:53Z INFO controller.loop: tick service=frontend state=NOMINAL replicas 8→8 forecast=0.439 sigma=0.036
2026-07-10T13:43:08Z INFO controller.loop: tick service=frontend state=NOMINAL replicas 8→8 forecast=0.517 sigma=0.036
2026-07-10T13:43:23Z INFO controller.loop: tick service=frontend state=NOMINAL replicas 8→8 forecast=0.423 sigma=0.037
2026-07-10T13:43:38Z INFO controller.loop: tick service=frontend state=NOMINAL replicas 8→8 forecast=0.380 sigma=0.037
2026-07-10T13:43:53Z INFO controller.loop: tick service=frontend state=NOMINAL replicas 8→8 forecast=0.489 sigma=0.039
2026-07-10T13:44:08Z INFO controller.loop: tick service=frontend state=NOMINAL replicas 8→8 forecast=0.477 sigma=0.040
2026-07-10T13:44:23Z INFO controller.loop: tick service=frontend state=NOMINAL replicas 8→8 forecast=0.601 sigma=0.040
2026-07-10T13:44:38Z INFO controller.loop: tick service=frontend state=NOMINAL replicas 8→8 forecast=0.570 sigma=0.041
2026-07-10T13:44:53Z INFO controller.loop: tick service=frontend state=NOMINAL replicas 8→8 forecast=0.577 sigma=0.041
2026-07-10T13:45:08Z INFO controller.loop: tick service=frontend state=NOMINAL replicas 8→8 forecast=0.492 sigma=0.041
2026-07-10T13:45:23Z INFO controller.loop: tick service=frontend state=NOMINAL replicas 8→8 forecast=0.447 sigma=0.041
2026-07-10T13:45:38Z INFO controller.loop: tick service=frontend state=NOMINAL replicas 8→8 forecast=0.433 sigma=0.042
2026-07-10T13:45:53Z INFO controller.loop: tick service=frontend state=NOMINAL replicas 8→8 forecast=0.433 sigma=0.042
2026-07-10T13:46:08Z INFO controller.loop: tick service=frontend state=NOMINAL replicas 8→8 forecast=0.392 sigma=0.040
2026-07-10T13:46:23Z INFO controller.loop: tick service=frontend state=NOMINAL replicas 8→8 forecast=0.404 sigma=0.037
2026-07-10T13:46:38Z INFO controller.loop: tick service=frontend state=NOMINAL replicas 8→8 forecast=0.371 sigma=0.034
2026-07-10T13:46:53Z INFO controller.loop: tick service=frontend state=NOMINAL replicas 8→8 forecast=0.429 sigma=0.034
2026-07-10T13:47:08Z INFO controller.loop: tick service=frontend state=NOMINAL replicas 8→8 forecast=0.469 sigma=0.036
2026-07-10T13:47:23Z INFO controller.loop: tick service=frontend state=NOMINAL replicas 8→8 forecast=0.406 sigma=0.036
2026-07-10T13:47:38Z INFO controller.loop: tick service=frontend state=NOMINAL replicas 8→8 forecast=0.315 sigma=0.038
2026-07-10T13:47:53Z INFO controller.loop: tick service=frontend state=NOMINAL replicas 8→8 forecast=0.389 sigma=0.035
2026-07-10T13:48:08Z INFO controller.loop: tick service=frontend state=NOMINAL replicas 8→8 forecast=0.432 sigma=0.037
2026-07-10T13:48:23Z INFO controller.loop: tick service=frontend state=NOMINAL replicas 8→8 forecast=0.373 sigma=0.039
2026-07-10T13:48:38Z INFO controller.loop: tick service=frontend state=NOMINAL replicas 8→8 forecast=0.407 sigma=0.038
2026-07-10T13:48:53Z INFO controller.loop: tick service=frontend state=NOMINAL replicas 8→8 forecast=0.422 sigma=0.037
2026-07-10T13:49:08Z INFO controller.loop: tick service=frontend state=NOMINAL replicas 8→8 forecast=0.366 sigma=0.036
2026-07-10T13:49:23Z INFO controller.loop: tick service=frontend state=NOMINAL replicas 8→8 forecast=0.380 sigma=0.038
2026-07-10T13:49:38Z INFO controller.loop: tick service=frontend state=NOMINAL replicas 8→8 forecast=0.361 sigma=0.036
2026-07-10T13:49:53Z INFO controller.loop: tick service=frontend state=NOMINAL replicas 8→8 forecast=0.378 sigma=0.036
2026-07-10T13:50:08Z INFO controller.loop: tick service=frontend state=NOMINAL replicas 8→8 forecast=0.396 sigma=0.035
2026-07-10T13:50:23Z INFO controller.loop: tick service=frontend state=NOMINAL replicas 8→8 forecast=0.485 sigma=0.037
2026-07-10T13:50:38Z INFO controller.loop: tick service=frontend state=NOMINAL replicas 8→8 forecast=0.531 sigma=0.038
2026-07-10T13:50:53Z INFO controller.loop: tick service=frontend state=NOMINAL replicas 8→8 forecast=0.552 sigma=0.040
2026-07-10T13:51:08Z INFO controller.loop: tick service=frontend state=NOMINAL replicas 8→8 forecast=0.591 sigma=0.040
2026-07-10T13:51:23Z INFO controller.loop: tick service=frontend state=NOMINAL replicas 8→8 forecast=0.556 sigma=0.041
2026-07-10T13:51:38Z INFO controller.loop: tick service=frontend state=NOMINAL replicas 8→8 forecast=0.520 sigma=0.041
2026-07-10T13:51:53Z INFO controller.loop: tick service=frontend state=NOMINAL replicas 8→8 forecast=0.466 sigma=0.042
2026-07-10T13:52:08Z INFO controller.loop: tick service=frontend state=NOMINAL replicas 8→8 forecast=0.449 sigma=0.042
2026-07-10T13:52:23Z INFO controller.loop: tick service=frontend state=NOMINAL replicas 8→8 forecast=0.419 sigma=0.042
2026-07-10T13:52:38Z INFO controller.loop: tick service=frontend state=NOMINAL replicas 8→8 forecast=0.403 sigma=0.042
2026-07-10T13:52:53Z INFO controller.loop: tick service=frontend state=NOMINAL replicas 8→8 forecast=0.363 sigma=0.041
2026-07-10T13:53:08Z INFO controller.loop: tick service=frontend state=NOMINAL replicas 8→8 forecast=0.405 sigma=0.040
2026-07-10T13:53:23Z INFO controller.loop: tick service=frontend state=NOMINAL replicas 8→8 forecast=0.411 sigma=0.040
2026-07-10T13:53:38Z INFO controller.loop: tick service=frontend state=NOMINAL replicas 8→8 forecast=0.371 sigma=0.039
2026-07-10T13:53:53Z INFO controller.loop: tick service=frontend state=NOMINAL replicas 8→8 forecast=0.356 sigma=0.039
2026-07-10T13:54:08Z INFO controller.loop: tick service=frontend state=NOMINAL replicas 8→8 forecast=0.343 sigma=0.039
2026-07-10T13:54:23Z INFO controller.loop: tick service=frontend state=NOMINAL replicas 8→8 forecast=0.380 sigma=0.037
2026-07-10T13:54:38Z INFO controller.loop: tick service=frontend state=NOMINAL replicas 8→8 forecast=0.347 sigma=0.037
2026-07-10T13:54:53Z INFO controller.k8s_actuator: scaled deployment=frontend ns=default from=8 to=7
2026-07-10T13:54:53Z INFO controller.loop: tick service=frontend state=NOMINAL replicas 8→7 forecast=0.292 sigma=0.038
2026-07-10T13:55:08Z INFO controller.k8s_actuator: scaled deployment=frontend ns=default from=7 to=8
2026-07-10T13:55:08Z INFO controller.loop: tick service=frontend state=NOMINAL replicas 7→8 forecast=0.340 sigma=0.038
2026-07-10T13:55:23Z INFO controller.loop: tick service=frontend state=NOMINAL replicas 8→8 forecast=0.309 sigma=0.039
2026-07-10T13:55:38Z INFO controller.k8s_actuator: scaled deployment=frontend ns=default from=8 to=7
2026-07-10T13:55:38Z INFO controller.loop: tick service=frontend state=NOMINAL replicas 8→7 forecast=0.264 sigma=0.039
2026-07-10T13:55:53Z INFO controller.k8s_actuator: scaled deployment=frontend ns=default from=7 to=8
2026-07-10T13:55:53Z INFO controller.loop: tick service=frontend state=NOMINAL replicas 7→8 forecast=0.297 sigma=0.039
2026-07-10T13:56:08Z INFO controller.loop: tick service=frontend state=NOMINAL replicas 8→8 forecast=0.342 sigma=0.040
2026-07-10T13:56:23Z INFO controller.loop: tick service=frontend state=NOMINAL replicas 8→8 forecast=0.445 sigma=0.042
2026-07-10T13:56:38Z INFO controller.loop: tick service=frontend state=NOMINAL replicas 8→8 forecast=0.480 sigma=0.042
2026-07-10T13:56:53Z INFO controller.loop: tick service=frontend state=NOMINAL replicas 8→8 forecast=0.613 sigma=0.041
2026-07-10T13:57:08Z INFO controller.loop: tick service=frontend state=NOMINAL replicas 8→8 forecast=0.671 sigma=0.041
2026-07-10T13:57:23Z INFO controller.loop: tick service=frontend state=NOMINAL replicas 8→8 forecast=0.535 sigma=0.044
2026-07-10T13:57:38Z INFO controller.loop: tick service=frontend state=NOMINAL replicas 8→8 forecast=0.533 sigma=0.043
2026-07-10T13:57:53Z INFO controller.loop: tick service=frontend state=NOMINAL replicas 8→8 forecast=0.499 sigma=0.043
2026-07-10T13:58:08Z INFO controller.loop: tick service=frontend state=NOMINAL replicas 8→8 forecast=0.558 sigma=0.043
2026-07-10T13:58:23Z INFO controller.loop: tick service=frontend state=NOMINAL replicas 8→8 forecast=0.596 sigma=0.042
2026-07-10T13:58:38Z INFO controller.loop: tick service=frontend state=NOMINAL replicas 8→8 forecast=0.605 sigma=0.042
2026-07-10T13:58:53Z INFO controller.loop: tick service=frontend state=NOMINAL replicas 8→8 forecast=0.572 sigma=0.042
2026-07-10T13:59:08Z INFO controller.loop: tick service=frontend state=NOMINAL replicas 8→8 forecast=0.532 sigma=0.041
2026-07-10T13:59:23Z INFO controller.loop: tick service=frontend state=NOMINAL replicas 8→8 forecast=0.543 sigma=0.041
2026-07-10T13:59:38Z INFO controller.loop: tick service=frontend state=NOMINAL replicas 8→8 forecast=0.515 sigma=0.042
2026-07-10T13:59:53Z INFO controller.loop: tick service=frontend state=NOMINAL replicas 8→8 forecast=0.486 sigma=0.042
2026-07-10T14:00:08Z INFO controller.loop: tick service=frontend state=NOMINAL replicas 8→8 forecast=0.495 sigma=0.042
2026-07-10T14:00:23Z INFO controller.loop: tick service=frontend state=NOMINAL replicas 8→8 forecast=0.468 sigma=0.038
2026-07-10T14:00:38Z INFO controller.loop: tick service=frontend state=NOMINAL replicas 8→8 forecast=0.390 sigma=0.036
2026-07-10T14:00:53Z INFO controller.k8s_actuator: scaled deployment=frontend ns=default from=8 to=7
2026-07-10T14:00:53Z INFO controller.loop: tick service=frontend state=NOMINAL replicas 8→7 forecast=0.275 sigma=0.037
2026-07-10T14:00:58Z INFO controller.loop: received signal 15 — stopping after current tick
✅  stopped after 101 tick(s). Evidence: experiments/results/ramp-hybrid-003-evidence.jsonl
