2026-07-03T16:42:55Z INFO __main__: plan: canonical-ab-10-trials  trials: 10  result_log: experiments/results/results_canonical-ab-10-trials.jsonl
2026-07-03T16:42:55Z INFO __main__: trial 1/10
2026-07-03T16:42:55Z INFO __main__: ======================================================================
2026-07-03T16:42:55Z INFO __main__: TRIAL burst-hybrid-001  autoscaler=hybrid  workload=burst
2026-07-03T16:42:55Z INFO __main__: ======================================================================
2026-07-03T16:42:55Z INFO __main__: removing HPA: kubectl -n default delete hpa frontend --ignore-not-found=true
2026-07-03T16:42:55Z INFO __main__: cluster stable at 1 ready replicas
2026-07-03T16:42:55Z INFO __main__: starting hybrid controller: uv run python -m controller.main --config controller/configs/ab/frontend-ab.yaml --prometheus-url http://localhost:9090 --model-registry experiments/results/phase3_20260703T090249Z_model_registry.yaml
2026-07-03T16:43:00Z INFO __main__: starting Locust: uv run locust -f experiments/workloads/burst.py --host http://localhost:30080 --headless --users 500 --spawn-rate 50 -t 720s --csv experiments/results/burst-hybrid-001-locust
2026-07-03T16:43:02Z WARNING __main__: wrk2 not found; using hey (no coordinated-omission correction, DEV-013)
2026-07-03T16:43:02Z INFO __main__: running hey: hey -c100 -z120s -q1 http://localhost:30080/
2026-07-03T16:43:12Z INFO __main__: removing HPA: kubectl -n default delete hpa frontend --ignore-not-found=true
2026-07-03T16:43:12Z INFO __main__: trial burst-hybrid-001 done: p95=0.0ms replica_s=30 error=none
2026-07-03T16:43:12Z INFO __main__: trial 2/10
2026-07-03T16:43:12Z INFO __main__: ======================================================================
2026-07-03T16:43:12Z INFO __main__: TRIAL burst-hpa-001  autoscaler=hpa  workload=burst
2026-07-03T16:43:12Z INFO __main__: ======================================================================
2026-07-03T16:43:12Z INFO __main__: removing HPA: kubectl -n default delete hpa frontend --ignore-not-found=true
2026-07-03T16:43:12Z INFO __main__: cluster stable at 1 ready replicas
2026-07-03T16:43:12Z INFO __main__: installing HPA: kubectl -n default apply -f experiments/hpa/frontend-hpa.yaml
The HorizontalPodAutoscaler "frontend" is invalid: 
* spec.behavior.scaleUp.policies[0].type: Unsupported value: "Replicas": supported values: "Percent", "Pods"
* spec.behavior.scaleDown.policies[0].type: Unsupported value: "Replicas": supported values: "Percent", "Pods"
2026-07-03T16:43:12Z ERROR __main__: trial burst-hpa-001 failed
Traceback (most recent call last):
  File "/Users/omoyeleolabode/Documents/ysj school work/Dissertation/hybrid-autoscaler/experiments/supervisor.py", line 409, in run_trial
    _install_hpa(plan.hpa_manifest, dry_run)
  File "/Users/omoyeleolabode/Documents/ysj school work/Dissertation/hybrid-autoscaler/experiments/supervisor.py", line 112, in _install_hpa
    subprocess.run(cmd, check=True)
  File "/Users/omoyeleolabode/.local/share/uv/python/cpython-3.11.13-macos-aarch64-none/lib/python3.11/subprocess.py", line 571, in run
    raise CalledProcessError(retcode, process.args,
subprocess.CalledProcessError: Command '['kubectl', '-n', 'default', 'apply', '-f', 'experiments/hpa/frontend-hpa.yaml']' returned non-zero exit status 1.
2026-07-03T16:43:12Z INFO __main__: removing HPA: kubectl -n default delete hpa frontend --ignore-not-found=true
2026-07-03T16:43:12Z INFO __main__: trial burst-hpa-001 done: p95=0.0ms replica_s=15 error=CalledProcessError: Command '['kubectl', '-n', 'default', 'apply', '-f', 'experiments/hpa/frontend-hpa.yaml']' returned non-zero exit status 1.
2026-07-03T16:43:12Z INFO __main__: trial 3/10
2026-07-03T16:43:12Z INFO __main__: ======================================================================
2026-07-03T16:43:12Z INFO __main__: TRIAL burst-hybrid-002  autoscaler=hybrid  workload=burst
2026-07-03T16:43:12Z INFO __main__: ======================================================================
2026-07-03T16:43:12Z INFO __main__: removing HPA: kubectl -n default delete hpa frontend --ignore-not-found=true
2026-07-03T16:43:12Z INFO __main__: cluster stable at 1 ready replicas
2026-07-03T16:43:12Z INFO __main__: starting hybrid controller: uv run python -m controller.main --config controller/configs/ab/frontend-ab.yaml --prometheus-url http://localhost:9090 --model-registry experiments/results/phase3_20260703T090249Z_model_registry.yaml
2026-07-03T16:43:17Z INFO __main__: starting Locust: uv run locust -f experiments/workloads/burst.py --host http://localhost:30080 --headless --users 500 --spawn-rate 50 -t 720s --csv experiments/results/burst-hybrid-002-locust
2026-07-03T16:43:19Z WARNING __main__: wrk2 not found; using hey (no coordinated-omission correction, DEV-013)
2026-07-03T16:43:19Z INFO __main__: running hey: hey -c100 -z120s -q1 http://localhost:30080/
2026-07-03T16:43:29Z INFO __main__: removing HPA: kubectl -n default delete hpa frontend --ignore-not-found=true
2026-07-03T16:43:29Z INFO __main__: trial burst-hybrid-002 done: p95=0.0ms replica_s=30 error=none
2026-07-03T16:43:29Z INFO __main__: trial 4/10
2026-07-03T16:43:29Z INFO __main__: ======================================================================
2026-07-03T16:43:29Z INFO __main__: TRIAL burst-hpa-002  autoscaler=hpa  workload=burst
2026-07-03T16:43:29Z INFO __main__: ======================================================================
2026-07-03T16:43:29Z INFO __main__: removing HPA: kubectl -n default delete hpa frontend --ignore-not-found=true
2026-07-03T16:43:29Z INFO __main__: cluster stable at 1 ready replicas
2026-07-03T16:43:29Z INFO __main__: installing HPA: kubectl -n default apply -f experiments/hpa/frontend-hpa.yaml
The HorizontalPodAutoscaler "frontend" is invalid: 
* spec.behavior.scaleUp.policies[0].type: Unsupported value: "Replicas": supported values: "Percent", "Pods"
* spec.behavior.scaleDown.policies[0].type: Unsupported value: "Replicas": supported values: "Percent", "Pods"
2026-07-03T16:43:29Z ERROR __main__: trial burst-hpa-002 failed
Traceback (most recent call last):
  File "/Users/omoyeleolabode/Documents/ysj school work/Dissertation/hybrid-autoscaler/experiments/supervisor.py", line 409, in run_trial
    _install_hpa(plan.hpa_manifest, dry_run)
  File "/Users/omoyeleolabode/Documents/ysj school work/Dissertation/hybrid-autoscaler/experiments/supervisor.py", line 112, in _install_hpa
    subprocess.run(cmd, check=True)
  File "/Users/omoyeleolabode/.local/share/uv/python/cpython-3.11.13-macos-aarch64-none/lib/python3.11/subprocess.py", line 571, in run
    raise CalledProcessError(retcode, process.args,
subprocess.CalledProcessError: Command '['kubectl', '-n', 'default', 'apply', '-f', 'experiments/hpa/frontend-hpa.yaml']' returned non-zero exit status 1.
2026-07-03T16:43:29Z INFO __main__: removing HPA: kubectl -n default delete hpa frontend --ignore-not-found=true
2026-07-03T16:43:29Z INFO __main__: trial burst-hpa-002 done: p95=0.0ms replica_s=15 error=CalledProcessError: Command '['kubectl', '-n', 'default', 'apply', '-f', 'experiments/hpa/frontend-hpa.yaml']' returned non-zero exit status 1.
2026-07-03T16:43:29Z INFO __main__: trial 5/10
2026-07-03T16:43:29Z INFO __main__: ======================================================================
2026-07-03T16:43:29Z INFO __main__: TRIAL ramp-hybrid-001  autoscaler=hybrid  workload=ramp
2026-07-03T16:43:29Z INFO __main__: ======================================================================
2026-07-03T16:43:29Z INFO __main__: removing HPA: kubectl -n default delete hpa frontend --ignore-not-found=true
2026-07-03T16:43:29Z INFO __main__: cluster stable at 1 ready replicas
2026-07-03T16:43:29Z INFO __main__: starting hybrid controller: uv run python -m controller.main --config controller/configs/ab/frontend-ab.yaml --prometheus-url http://localhost:9090 --model-registry experiments/results/phase3_20260703T090249Z_model_registry.yaml
2026-07-03T16:43:34Z INFO __main__: starting Locust: uv run locust -f experiments/workloads/ramp.py --host http://localhost:30080 --headless --users 500 --spawn-rate 1 -t 1500s --csv experiments/results/ramp-hybrid-001-locust
2026-07-03T16:43:36Z WARNING __main__: wrk2 not found; using hey (no coordinated-omission correction, DEV-013)
2026-07-03T16:43:36Z INFO __main__: running hey: hey -c100 -z300s -q1 http://localhost:30080/
2026-07-03T16:43:45Z INFO __main__: removing HPA: kubectl -n default delete hpa frontend --ignore-not-found=true
2026-07-03T16:43:46Z INFO __main__: trial ramp-hybrid-001 done: p95=0.0ms replica_s=30 error=none
2026-07-03T16:43:46Z INFO __main__: trial 6/10
2026-07-03T16:43:46Z INFO __main__: ======================================================================
2026-07-03T16:43:46Z INFO __main__: TRIAL ramp-hpa-001  autoscaler=hpa  workload=ramp
2026-07-03T16:43:46Z INFO __main__: ======================================================================
2026-07-03T16:43:46Z INFO __main__: removing HPA: kubectl -n default delete hpa frontend --ignore-not-found=true
2026-07-03T16:43:46Z INFO __main__: cluster stable at 1 ready replicas
2026-07-03T16:43:46Z INFO __main__: installing HPA: kubectl -n default apply -f experiments/hpa/frontend-hpa.yaml
The HorizontalPodAutoscaler "frontend" is invalid: 
* spec.behavior.scaleUp.policies[0].type: Unsupported value: "Replicas": supported values: "Percent", "Pods"
* spec.behavior.scaleDown.policies[0].type: Unsupported value: "Replicas": supported values: "Percent", "Pods"
2026-07-03T16:43:46Z ERROR __main__: trial ramp-hpa-001 failed
Traceback (most recent call last):
  File "/Users/omoyeleolabode/Documents/ysj school work/Dissertation/hybrid-autoscaler/experiments/supervisor.py", line 409, in run_trial
    _install_hpa(plan.hpa_manifest, dry_run)
  File "/Users/omoyeleolabode/Documents/ysj school work/Dissertation/hybrid-autoscaler/experiments/supervisor.py", line 112, in _install_hpa
    subprocess.run(cmd, check=True)
  File "/Users/omoyeleolabode/.local/share/uv/python/cpython-3.11.13-macos-aarch64-none/lib/python3.11/subprocess.py", line 571, in run
    raise CalledProcessError(retcode, process.args,
subprocess.CalledProcessError: Command '['kubectl', '-n', 'default', 'apply', '-f', 'experiments/hpa/frontend-hpa.yaml']' returned non-zero exit status 1.
2026-07-03T16:43:46Z INFO __main__: removing HPA: kubectl -n default delete hpa frontend --ignore-not-found=true
2026-07-03T16:43:46Z INFO __main__: trial ramp-hpa-001 done: p95=0.0ms replica_s=15 error=CalledProcessError: Command '['kubectl', '-n', 'default', 'apply', '-f', 'experiments/hpa/frontend-hpa.yaml']' returned non-zero exit status 1.
2026-07-03T16:43:46Z INFO __main__: trial 7/10
2026-07-03T16:43:46Z INFO __main__: ======================================================================
2026-07-03T16:43:46Z INFO __main__: TRIAL periodic-hybrid-001  autoscaler=hybrid  workload=periodic
2026-07-03T16:43:46Z INFO __main__: ======================================================================
2026-07-03T16:43:46Z INFO __main__: removing HPA: kubectl -n default delete hpa frontend --ignore-not-found=true
2026-07-03T16:43:46Z INFO __main__: cluster stable at 1 ready replicas
2026-07-03T16:43:46Z INFO __main__: starting hybrid controller: uv run python -m controller.main --config controller/configs/ab/frontend-ab.yaml --prometheus-url http://localhost:9090 --model-registry experiments/results/phase3_20260703T090249Z_model_registry.yaml
2026-07-03T16:43:51Z INFO __main__: starting Locust: uv run locust -f experiments/workloads/periodic.py --host http://localhost:30080 --headless --users 500 --spawn-rate 50 -t 1800s --csv experiments/results/periodic-hybrid-001-locust
2026-07-03T16:43:53Z WARNING __main__: wrk2 not found; using hey (no coordinated-omission correction, DEV-013)
2026-07-03T16:43:53Z INFO __main__: running hey: hey -c100 -z600s -q1 http://localhost:30080/
2026-07-03T16:44:02Z INFO __main__: removing HPA: kubectl -n default delete hpa frontend --ignore-not-found=true
2026-07-03T16:44:02Z INFO __main__: trial periodic-hybrid-001 done: p95=0.0ms replica_s=30 error=none
2026-07-03T16:44:02Z INFO __main__: trial 8/10
2026-07-03T16:44:02Z INFO __main__: ======================================================================
2026-07-03T16:44:02Z INFO __main__: TRIAL periodic-hpa-001  autoscaler=hpa  workload=periodic
2026-07-03T16:44:02Z INFO __main__: ======================================================================
2026-07-03T16:44:02Z INFO __main__: removing HPA: kubectl -n default delete hpa frontend --ignore-not-found=true
2026-07-03T16:44:02Z INFO __main__: cluster stable at 1 ready replicas
2026-07-03T16:44:02Z INFO __main__: installing HPA: kubectl -n default apply -f experiments/hpa/frontend-hpa.yaml
The HorizontalPodAutoscaler "frontend" is invalid: 
* spec.behavior.scaleUp.policies[0].type: Unsupported value: "Replicas": supported values: "Percent", "Pods"
* spec.behavior.scaleDown.policies[0].type: Unsupported value: "Replicas": supported values: "Percent", "Pods"
2026-07-03T16:44:02Z ERROR __main__: trial periodic-hpa-001 failed
Traceback (most recent call last):
  File "/Users/omoyeleolabode/Documents/ysj school work/Dissertation/hybrid-autoscaler/experiments/supervisor.py", line 409, in run_trial
    _install_hpa(plan.hpa_manifest, dry_run)
  File "/Users/omoyeleolabode/Documents/ysj school work/Dissertation/hybrid-autoscaler/experiments/supervisor.py", line 112, in _install_hpa
    subprocess.run(cmd, check=True)
  File "/Users/omoyeleolabode/.local/share/uv/python/cpython-3.11.13-macos-aarch64-none/lib/python3.11/subprocess.py", line 571, in run
    raise CalledProcessError(retcode, process.args,
subprocess.CalledProcessError: Command '['kubectl', '-n', 'default', 'apply', '-f', 'experiments/hpa/frontend-hpa.yaml']' returned non-zero exit status 1.
2026-07-03T16:44:02Z INFO __main__: removing HPA: kubectl -n default delete hpa frontend --ignore-not-found=true
2026-07-03T16:44:02Z INFO __main__: trial periodic-hpa-001 done: p95=0.0ms replica_s=15 error=CalledProcessError: Command '['kubectl', '-n', 'default', 'apply', '-f', 'experiments/hpa/frontend-hpa.yaml']' returned non-zero exit status 1.
2026-07-03T16:44:02Z INFO __main__: trial 9/10
2026-07-03T16:44:02Z INFO __main__: ======================================================================
2026-07-03T16:44:02Z INFO __main__: TRIAL trace-hybrid-001  autoscaler=hybrid  workload=trace_replay
2026-07-03T16:44:02Z INFO __main__: ======================================================================
2026-07-03T16:44:02Z INFO __main__: removing HPA: kubectl -n default delete hpa frontend --ignore-not-found=true
2026-07-03T16:44:02Z INFO __main__: cluster stable at 1 ready replicas
2026-07-03T16:44:02Z INFO __main__: starting hybrid controller: uv run python -m controller.main --config controller/configs/ab/frontend-ab.yaml --prometheus-url http://localhost:9090 --model-registry experiments/results/phase3_20260703T090249Z_model_registry.yaml
2026-07-03T16:44:07Z INFO __main__: starting Locust: uv run locust -f experiments/workloads/trace_replay.py --host http://localhost:30080 --headless --users 500 --spawn-rate 50 -t 1800s --csv experiments/results/trace-hybrid-001-locust
2026-07-03T16:44:09Z WARNING __main__: wrk2 not found; using hey (no coordinated-omission correction, DEV-013)
2026-07-03T16:44:09Z INFO __main__: running hey: hey -c100 -z300s -q1 http://localhost:30080/
2026-07-03T16:44:19Z INFO __main__: removing HPA: kubectl -n default delete hpa frontend --ignore-not-found=true
2026-07-03T16:44:19Z INFO __main__: trial trace-hybrid-001 done: p95=0.0ms replica_s=30 error=none
2026-07-03T16:44:19Z INFO __main__: trial 10/10
2026-07-03T16:44:19Z INFO __main__: ======================================================================
2026-07-03T16:44:19Z INFO __main__: TRIAL trace-hpa-001  autoscaler=hpa  workload=trace_replay
2026-07-03T16:44:19Z INFO __main__: ======================================================================
2026-07-03T16:44:19Z INFO __main__: removing HPA: kubectl -n default delete hpa frontend --ignore-not-found=true
2026-07-03T16:44:19Z INFO __main__: cluster stable at 1 ready replicas
2026-07-03T16:44:19Z INFO __main__: installing HPA: kubectl -n default apply -f experiments/hpa/frontend-hpa.yaml
The HorizontalPodAutoscaler "frontend" is invalid: 
* spec.behavior.scaleUp.policies[0].type: Unsupported value: "Replicas": supported values: "Percent", "Pods"
* spec.behavior.scaleDown.policies[0].type: Unsupported value: "Replicas": supported values: "Percent", "Pods"
2026-07-03T16:44:19Z ERROR __main__: trial trace-hpa-001 failed
Traceback (most recent call last):
  File "/Users/omoyeleolabode/Documents/ysj school work/Dissertation/hybrid-autoscaler/experiments/supervisor.py", line 409, in run_trial
    _install_hpa(plan.hpa_manifest, dry_run)
  File "/Users/omoyeleolabode/Documents/ysj school work/Dissertation/hybrid-autoscaler/experiments/supervisor.py", line 112, in _install_hpa
    subprocess.run(cmd, check=True)
  File "/Users/omoyeleolabode/.local/share/uv/python/cpython-3.11.13-macos-aarch64-none/lib/python3.11/subprocess.py", line 571, in run
    raise CalledProcessError(retcode, process.args,
subprocess.CalledProcessError: Command '['kubectl', '-n', 'default', 'apply', '-f', 'experiments/hpa/frontend-hpa.yaml']' returned non-zero exit status 1.
2026-07-03T16:44:19Z INFO __main__: removing HPA: kubectl -n default delete hpa frontend --ignore-not-found=true
2026-07-03T16:44:19Z INFO __main__: trial trace-hpa-001 done: p95=0.0ms replica_s=15 error=CalledProcessError: Command '['kubectl', '-n', 'default', 'apply', '-f', 'experiments/hpa/frontend-hpa.yaml']' returned non-zero exit status 1.
✅  10 trial(s) written to experiments/results/results_canonical-ab-10-trials.jsonl
