▶  evidence path override: experiments/results/ramp-hybrid-008-evidence.jsonl
▶  config loaded: service=frontend namespace=default
▶  model registry loaded: phase3_20260709T001052Z_model_registry.yaml → holt_winters for frontend
▶  starting control loop (tick=15s, horizon=30s, forecaster=holt_winters)
2026-07-10T10:19:50Z INFO controller.k8s_actuator: scaled deployment=frontend ns=default from=1 to=3
2026-07-10T10:19:50Z INFO controller.loop: tick service=frontend state=SCALE_LIMITED replicas 1→3 forecast=0.171 sigma=0.021
2026-07-10T10:20:05Z INFO controller.k8s_actuator: scaled deployment=frontend ns=default from=3 to=5
2026-07-10T10:20:05Z INFO controller.loop: tick service=frontend state=NOMINAL replicas 3→5 forecast=0.180 sigma=0.022
2026-07-10T10:20:20Z INFO controller.k8s_actuator: scaled deployment=frontend ns=default from=5 to=4
2026-07-10T10:20:20Z INFO controller.loop: tick service=frontend state=NOMINAL replicas 5→4 forecast=0.150 sigma=0.031
2026-07-10T10:20:35Z INFO controller.k8s_actuator: scaled deployment=frontend ns=default from=4 to=3
2026-07-10T10:20:35Z INFO controller.loop: tick service=frontend state=NOMINAL replicas 4→3 forecast=0.084 sigma=0.034
2026-07-10T10:20:50Z INFO controller.loop: tick service=frontend state=NOMINAL replicas 3→3 forecast=0.098 sigma=0.033
2026-07-10T10:21:05Z INFO controller.k8s_actuator: scaled deployment=frontend ns=default from=3 to=4
2026-07-10T10:21:05Z INFO controller.loop: tick service=frontend state=NOMINAL replicas 3→4 forecast=0.150 sigma=0.033
2026-07-10T10:21:20Z INFO controller.loop: tick service=frontend state=NOMINAL replicas 4→4 forecast=0.145 sigma=0.037
2026-07-10T10:21:35Z INFO controller.k8s_actuator: scaled deployment=frontend ns=default from=4 to=5
2026-07-10T10:21:35Z INFO controller.loop: tick service=frontend state=NOMINAL replicas 4→5 forecast=0.170 sigma=0.043
2026-07-10T10:21:50Z INFO controller.k8s_actuator: scaled deployment=frontend ns=default from=5 to=7
2026-07-10T10:21:50Z INFO controller.loop: tick service=frontend state=SCALE_LIMITED replicas 5→7 forecast=0.359 sigma=0.043
2026-07-10T10:22:05Z INFO controller.k8s_actuator: scaled deployment=frontend ns=default from=7 to=8
2026-07-10T10:22:05Z INFO controller.loop: tick service=frontend state=NOMINAL replicas 7→8 forecast=0.503 sigma=0.045
2026-07-10T10:22:20Z INFO controller.loop: tick service=frontend state=NOMINAL replicas 8→8 forecast=0.468 sigma=0.046
2026-07-10T10:22:35Z INFO controller.loop: tick service=frontend state=NOMINAL replicas 8→8 forecast=0.472 sigma=0.046
2026-07-10T10:22:50Z INFO controller.loop: tick service=frontend state=NOMINAL replicas 8→8 forecast=0.451 sigma=0.046
2026-07-10T10:23:05Z INFO controller.loop: tick service=frontend state=NOMINAL replicas 8→8 forecast=0.451 sigma=0.049
2026-07-10T10:23:20Z INFO controller.loop: tick service=frontend state=NOMINAL replicas 8→8 forecast=0.426 sigma=0.050
2026-07-10T10:23:35Z INFO controller.loop: tick service=frontend state=NOMINAL replicas 8→8 forecast=0.521 sigma=0.048
2026-07-10T10:23:50Z INFO controller.loop: tick service=frontend state=NOMINAL replicas 8→8 forecast=0.522 sigma=0.048
2026-07-10T10:24:05Z INFO controller.loop: tick service=frontend state=NOMINAL replicas 8→8 forecast=0.461 sigma=0.051
2026-07-10T10:24:20Z INFO controller.loop: tick service=frontend state=NOMINAL replicas 8→8 forecast=0.505 sigma=0.048
2026-07-10T10:24:35Z INFO controller.loop: tick service=frontend state=NOMINAL replicas 8→8 forecast=0.521 sigma=0.050
2026-07-10T10:24:50Z INFO controller.loop: tick service=frontend state=NOMINAL replicas 8→8 forecast=0.482 sigma=0.051
2026-07-10T10:25:05Z INFO controller.loop: tick service=frontend state=NOMINAL replicas 8→8 forecast=0.410 sigma=0.053
2026-07-10T10:25:20Z INFO controller.loop: tick service=frontend state=NOMINAL replicas 8→8 forecast=0.446 sigma=0.050
2026-07-10T10:25:35Z INFO controller.loop: tick service=frontend state=NOMINAL replicas 8→8 forecast=0.486 sigma=0.050
2026-07-10T10:25:50Z INFO controller.loop: tick service=frontend state=NOMINAL replicas 8→8 forecast=0.477 sigma=0.051
2026-07-10T10:26:05Z INFO controller.loop: tick service=frontend state=NOMINAL replicas 8→8 forecast=0.510 sigma=0.051
2026-07-10T10:26:20Z INFO controller.loop: tick service=frontend state=NOMINAL replicas 8→8 forecast=0.561 sigma=0.051
2026-07-10T10:26:35Z INFO controller.loop: tick service=frontend state=NOMINAL replicas 8→8 forecast=0.498 sigma=0.052
2026-07-10T10:26:50Z INFO controller.loop: tick service=frontend state=NOMINAL replicas 8→8 forecast=0.429 sigma=0.052
2026-07-10T10:27:05Z INFO controller.loop: tick service=frontend state=NOMINAL replicas 8→8 forecast=0.489 sigma=0.048
2026-07-10T10:27:20Z INFO controller.loop: tick service=frontend state=NOMINAL replicas 8→8 forecast=0.522 sigma=0.048
2026-07-10T10:27:35Z INFO controller.loop: tick service=frontend state=NOMINAL replicas 8→8 forecast=0.441 sigma=0.050
2026-07-10T10:27:50Z INFO controller.loop: tick service=frontend state=NOMINAL replicas 8→8 forecast=0.463 sigma=0.049
2026-07-10T10:28:05Z INFO controller.loop: tick service=frontend state=NOMINAL replicas 8→8 forecast=0.462 sigma=0.050
2026-07-10T10:28:20Z INFO controller.loop: tick service=frontend state=NOMINAL replicas 8→8 forecast=0.399 sigma=0.051
2026-07-10T10:28:35Z INFO controller.loop: tick service=frontend state=NOMINAL replicas 8→8 forecast=0.452 sigma=0.052
2026-07-10T10:28:50Z INFO controller.loop: tick service=frontend state=NOMINAL replicas 8→8 forecast=0.319 sigma=0.052
2026-07-10T10:29:05Z INFO controller.loop: tick service=frontend state=NOMINAL replicas 8→8 forecast=0.420 sigma=0.054
2026-07-10T10:29:20Z INFO controller.loop: tick service=frontend state=NOMINAL replicas 8→8 forecast=0.334 sigma=0.052
2026-07-10T10:29:35Z INFO controller.loop: tick service=frontend state=NOMINAL replicas 8→8 forecast=0.398 sigma=0.055
2026-07-10T10:29:50Z INFO controller.loop: tick service=frontend state=NOMINAL replicas 8→8 forecast=0.417 sigma=0.052
2026-07-10T10:30:05Z INFO controller.loop: tick service=frontend state=NOMINAL replicas 8→8 forecast=0.460 sigma=0.052
2026-07-10T10:30:20Z INFO controller.loop: tick service=frontend state=NOMINAL replicas 8→8 forecast=0.472 sigma=0.042
2026-07-10T10:30:35Z INFO controller.loop: tick service=frontend state=NOMINAL replicas 8→8 forecast=0.456 sigma=0.041
2026-07-10T10:30:50Z INFO controller.loop: tick service=frontend state=NOMINAL replicas 8→8 forecast=0.416 sigma=0.042
2026-07-10T10:31:05Z INFO controller.loop: tick service=frontend state=NOMINAL replicas 8→8 forecast=0.391 sigma=0.042
2026-07-10T10:31:20Z INFO controller.loop: tick service=frontend state=NOMINAL replicas 8→8 forecast=0.357 sigma=0.043
2026-07-10T10:31:35Z INFO controller.loop: tick service=frontend state=NOMINAL replicas 8→8 forecast=0.346 sigma=0.043
2026-07-10T10:31:50Z INFO controller.loop: tick service=frontend state=NOMINAL replicas 8→8 forecast=0.323 sigma=0.044
2026-07-10T10:32:05Z INFO controller.loop: tick service=frontend state=NOMINAL replicas 8→8 forecast=0.386 sigma=0.044
2026-07-10T10:32:20Z INFO controller.loop: tick service=frontend state=NOMINAL replicas 8→8 forecast=0.528 sigma=0.053
2026-07-10T10:32:35Z INFO controller.loop: tick service=frontend state=NOMINAL replicas 8→8 forecast=0.410 sigma=0.056
2026-07-10T10:32:50Z INFO controller.loop: tick service=frontend state=NOMINAL replicas 8→8 forecast=0.386 sigma=0.055
2026-07-10T10:33:05Z INFO controller.loop: tick service=frontend state=NOMINAL replicas 8→8 forecast=0.380 sigma=0.054
2026-07-10T10:33:20Z INFO controller.loop: tick service=frontend state=NOMINAL replicas 8→8 forecast=0.366 sigma=0.053
2026-07-10T10:33:35Z INFO controller.loop: tick service=frontend state=NOMINAL replicas 8→8 forecast=0.373 sigma=0.052
2026-07-10T10:33:50Z INFO controller.loop: tick service=frontend state=NOMINAL replicas 8→8 forecast=0.372 sigma=0.051
2026-07-10T10:34:05Z INFO controller.loop: tick service=frontend state=NOMINAL replicas 8→8 forecast=0.370 sigma=0.052
2026-07-10T10:34:20Z INFO controller.loop: tick service=frontend state=NOMINAL replicas 8→8 forecast=0.362 sigma=0.051
2026-07-10T10:34:35Z INFO controller.loop: tick service=frontend state=NOMINAL replicas 8→8 forecast=0.384 sigma=0.051
2026-07-10T10:34:50Z INFO controller.loop: tick service=frontend state=NOMINAL replicas 8→8 forecast=0.377 sigma=0.051
2026-07-10T10:35:05Z INFO controller.loop: tick service=frontend state=NOMINAL replicas 8→8 forecast=0.377 sigma=0.052
2026-07-10T10:35:20Z INFO controller.loop: tick service=frontend state=NOMINAL replicas 8→8 forecast=0.379 sigma=0.052
2026-07-10T10:35:35Z INFO controller.loop: tick service=frontend state=NOMINAL replicas 8→8 forecast=0.411 sigma=0.050
2026-07-10T10:35:50Z INFO controller.loop: tick service=frontend state=NOMINAL replicas 8→8 forecast=0.390 sigma=0.050
2026-07-10T10:36:05Z INFO controller.loop: tick service=frontend state=NOMINAL replicas 8→8 forecast=0.387 sigma=0.050
2026-07-10T10:36:20Z INFO controller.loop: tick service=frontend state=NOMINAL replicas 8→8 forecast=0.397 sigma=0.049
2026-07-10T10:36:35Z INFO controller.loop: tick service=frontend state=NOMINAL replicas 8→8 forecast=0.436 sigma=0.049
2026-07-10T10:36:50Z INFO controller.loop: tick service=frontend state=NOMINAL replicas 8→8 forecast=0.404 sigma=0.050
2026-07-10T10:37:05Z INFO controller.loop: tick service=frontend state=NOMINAL replicas 8→8 forecast=0.396 sigma=0.050
2026-07-10T10:37:20Z INFO controller.loop: tick service=frontend state=NOMINAL replicas 8→8 forecast=0.404 sigma=0.049
2026-07-10T10:37:35Z INFO controller.loop: tick service=frontend state=NOMINAL replicas 8→8 forecast=0.438 sigma=0.049
2026-07-10T10:37:50Z INFO controller.loop: tick service=frontend state=NOMINAL replicas 8→8 forecast=0.404 sigma=0.050
2026-07-10T10:38:05Z INFO controller.loop: tick service=frontend state=NOMINAL replicas 8→8 forecast=0.406 sigma=0.049
2026-07-10T10:38:20Z INFO controller.loop: tick service=frontend state=NOMINAL replicas 8→8 forecast=0.418 sigma=0.050
2026-07-10T10:38:35Z INFO controller.loop: tick service=frontend state=NOMINAL replicas 8→8 forecast=0.559 sigma=0.053
2026-07-10T10:38:50Z INFO controller.loop: tick service=frontend state=NOMINAL replicas 8→8 forecast=0.507 sigma=0.053
2026-07-10T10:39:05Z INFO controller.loop: tick service=frontend state=NOMINAL replicas 8→8 forecast=0.447 sigma=0.054
2026-07-10T10:39:20Z INFO controller.loop: tick service=frontend state=NOMINAL replicas 8→8 forecast=0.444 sigma=0.051
2026-07-10T10:39:35Z INFO controller.loop: tick service=frontend state=NOMINAL replicas 8→8 forecast=0.484 sigma=0.049
2026-07-10T10:39:50Z INFO controller.loop: tick service=frontend state=NOMINAL replicas 8→8 forecast=0.473 sigma=0.048
2026-07-10T10:40:05Z INFO controller.loop: tick service=frontend state=NOMINAL replicas 8→8 forecast=0.458 sigma=0.048
2026-07-10T10:40:20Z INFO controller.loop: tick service=frontend state=NOMINAL replicas 8→8 forecast=0.480 sigma=0.048
2026-07-10T10:40:35Z INFO controller.loop: tick service=frontend state=NOMINAL replicas 8→8 forecast=0.462 sigma=0.048
2026-07-10T10:40:50Z INFO controller.loop: tick service=frontend state=NOMINAL replicas 8→8 forecast=0.439 sigma=0.047
2026-07-10T10:41:05Z INFO controller.loop: tick service=frontend state=NOMINAL replicas 8→8 forecast=0.490 sigma=0.048
2026-07-10T10:41:20Z INFO controller.loop: tick service=frontend state=NOMINAL replicas 8→8 forecast=0.449 sigma=0.045
2026-07-10T10:41:35Z INFO controller.loop: tick service=frontend state=NOMINAL replicas 8→8 forecast=0.459 sigma=0.046
2026-07-10T10:41:50Z INFO controller.loop: tick service=frontend state=NOMINAL replicas 8→8 forecast=0.444 sigma=0.046
2026-07-10T10:42:05Z INFO controller.loop: tick service=frontend state=NOMINAL replicas 8→8 forecast=0.418 sigma=0.037
2026-07-10T10:42:20Z INFO controller.loop: tick service=frontend state=NOMINAL replicas 8→8 forecast=0.415 sigma=0.034
2026-07-10T10:42:35Z INFO controller.loop: tick service=frontend state=NOMINAL replicas 8→8 forecast=0.424 sigma=0.028
2026-07-10T10:42:50Z INFO controller.loop: tick service=frontend state=NOMINAL replicas 8→8 forecast=0.355 sigma=0.028
2026-07-10T10:43:05Z INFO controller.loop: tick service=frontend state=NOMINAL replicas 8→8 forecast=0.395 sigma=0.025
2026-07-10T10:43:20Z INFO controller.loop: tick service=frontend state=NOMINAL replicas 8→8 forecast=0.417 sigma=0.026
2026-07-10T10:43:35Z INFO controller.loop: tick service=frontend state=NOMINAL replicas 8→8 forecast=0.436 sigma=0.025
2026-07-10T10:43:50Z INFO controller.loop: tick service=frontend state=NOMINAL replicas 8→8 forecast=0.393 sigma=0.025
2026-07-10T10:44:05Z INFO controller.k8s_actuator: scaled deployment=frontend ns=default from=8 to=7
2026-07-10T10:44:05Z INFO controller.loop: tick service=frontend state=NOMINAL replicas 8→7 forecast=0.283 sigma=0.030
2026-07-10T10:44:20Z INFO controller.k8s_actuator: scaled deployment=frontend ns=default from=7 to=8
2026-07-10T10:44:20Z INFO controller.loop: tick service=frontend state=NOMINAL replicas 7→8 forecast=0.330 sigma=0.027
2026-07-10T10:44:35Z INFO controller.k8s_actuator: scaled deployment=frontend ns=default from=8 to=7
2026-07-10T10:44:35Z INFO controller.loop: tick service=frontend state=NOMINAL replicas 8→7 forecast=0.281 sigma=0.030
2026-07-10T10:44:50Z INFO controller.k8s_actuator: scaled deployment=frontend ns=default from=7 to=6
2026-07-10T10:44:50Z INFO controller.loop: tick service=frontend state=NOMINAL replicas 7→6 forecast=0.207 sigma=0.029
2026-07-10T10:44:55Z INFO controller.loop: received signal 15 — stopping after current tick
✅  stopped after 101 tick(s). Evidence: experiments/results/ramp-hybrid-008-evidence.jsonl
