▶  evidence path override: experiments/results/periodic-hybrid-007-evidence.jsonl
▶  config loaded: service=frontend namespace=default
▶  model registry loaded: phase3_20260709T001052Z_model_registry.yaml → holt_winters for frontend
▶  starting control loop (tick=15s, horizon=30s, forecaster=holt_winters)
2026-07-10T08:19:13Z INFO controller.k8s_actuator: scaled deployment=frontend ns=default from=1 to=3
2026-07-10T08:19:13Z INFO controller.loop: tick service=frontend state=SCALE_LIMITED replicas 1→3 forecast=0.189 sigma=0.016
2026-07-10T08:19:28Z INFO controller.k8s_actuator: scaled deployment=frontend ns=default from=3 to=5
2026-07-10T08:19:28Z INFO controller.loop: tick service=frontend state=NOMINAL replicas 3→5 forecast=0.193 sigma=0.016
2026-07-10T08:19:43Z INFO controller.loop: tick service=frontend state=NOMINAL replicas 5→5 forecast=0.196 sigma=0.015
2026-07-10T08:19:58Z INFO controller.loop: tick service=frontend state=NOMINAL replicas 5→5 forecast=0.183 sigma=0.015
2026-07-10T08:20:13Z INFO controller.loop: tick service=frontend state=NOMINAL replicas 5→5 forecast=0.198 sigma=0.019
2026-07-10T08:20:28Z INFO controller.k8s_actuator: scaled deployment=frontend ns=default from=5 to=7
2026-07-10T08:20:28Z INFO controller.loop: tick service=frontend state=SCALE_LIMITED replicas 5→7 forecast=0.319 sigma=0.026
2026-07-10T08:20:43Z INFO controller.k8s_actuator: scaled deployment=frontend ns=default from=7 to=8
2026-07-10T08:20:43Z INFO controller.loop: tick service=frontend state=NOMINAL replicas 7→8 forecast=0.363 sigma=0.027
2026-07-10T08:20:58Z INFO controller.loop: tick service=frontend state=NOMINAL replicas 8→8 forecast=0.435 sigma=0.027
2026-07-10T08:21:13Z INFO controller.loop: tick service=frontend state=NOMINAL replicas 8→8 forecast=0.428 sigma=0.027
2026-07-10T08:21:28Z INFO controller.loop: tick service=frontend state=NOMINAL replicas 8→8 forecast=0.404 sigma=0.028
2026-07-10T08:21:43Z INFO controller.loop: tick service=frontend state=NOMINAL replicas 8→8 forecast=0.398 sigma=0.028
2026-07-10T08:21:58Z INFO controller.loop: tick service=frontend state=NOMINAL replicas 8→8 forecast=0.368 sigma=0.026
2026-07-10T08:22:13Z INFO controller.loop: tick service=frontend state=NOMINAL replicas 8→8 forecast=0.391 sigma=0.025
2026-07-10T08:22:28Z INFO controller.loop: tick service=frontend state=NOMINAL replicas 8→8 forecast=0.387 sigma=0.025
2026-07-10T08:22:43Z INFO controller.loop: tick service=frontend state=NOMINAL replicas 8→8 forecast=0.365 sigma=0.025
2026-07-10T08:22:58Z INFO controller.loop: tick service=frontend state=NOMINAL replicas 8→8 forecast=0.327 sigma=0.025
2026-07-10T08:23:13Z INFO controller.loop: tick service=frontend state=NOMINAL replicas 8→8 forecast=0.397 sigma=0.026
2026-07-10T08:23:28Z INFO controller.loop: tick service=frontend state=NOMINAL replicas 8→8 forecast=0.390 sigma=0.027
2026-07-10T08:23:43Z INFO controller.loop: tick service=frontend state=NOMINAL replicas 8→8 forecast=0.317 sigma=0.030
2026-07-10T08:23:58Z INFO controller.loop: tick service=frontend state=NOMINAL replicas 8→8 forecast=0.337 sigma=0.027
2026-07-10T08:24:13Z INFO controller.loop: tick service=frontend state=NOMINAL replicas 8→8 forecast=0.347 sigma=0.028
2026-07-10T08:24:28Z INFO controller.loop: tick service=frontend state=NOMINAL replicas 8→8 forecast=0.424 sigma=0.027
2026-07-10T08:24:43Z INFO controller.loop: tick service=frontend state=NOMINAL replicas 8→8 forecast=0.414 sigma=0.027
2026-07-10T08:24:58Z INFO controller.loop: tick service=frontend state=NOMINAL replicas 8→8 forecast=0.410 sigma=0.027
2026-07-10T08:25:13Z INFO controller.loop: tick service=frontend state=NOMINAL replicas 8→8 forecast=0.384 sigma=0.025
2026-07-10T08:25:28Z INFO controller.loop: tick service=frontend state=NOMINAL replicas 8→8 forecast=0.368 sigma=0.024
2026-07-10T08:25:43Z INFO controller.loop: tick service=frontend state=NOMINAL replicas 8→8 forecast=0.365 sigma=0.024
2026-07-10T08:25:58Z INFO controller.loop: tick service=frontend state=NOMINAL replicas 8→8 forecast=0.338 sigma=0.024
2026-07-10T08:26:13Z INFO controller.k8s_actuator: scaled deployment=frontend ns=default from=8 to=7
2026-07-10T08:26:13Z INFO controller.loop: tick service=frontend state=NOMINAL replicas 8→7 forecast=0.275 sigma=0.025
2026-07-10T08:26:28Z INFO controller.loop: tick service=frontend state=NOMINAL replicas 7→7 forecast=0.302 sigma=0.024
2026-07-10T08:26:43Z INFO controller.loop: tick service=frontend state=NOMINAL replicas 7→7 forecast=0.292 sigma=0.024
2026-07-10T08:26:58Z INFO controller.k8s_actuator: scaled deployment=frontend ns=default from=7 to=6
2026-07-10T08:26:58Z INFO controller.loop: tick service=frontend state=NOMINAL replicas 7→6 forecast=0.258 sigma=0.024
2026-07-10T08:27:13Z INFO controller.k8s_actuator: scaled deployment=frontend ns=default from=6 to=5
2026-07-10T08:27:13Z INFO controller.loop: tick service=frontend state=NOMINAL replicas 6→5 forecast=0.207 sigma=0.024
2026-07-10T08:27:28Z INFO controller.k8s_actuator: scaled deployment=frontend ns=default from=5 to=4
2026-07-10T08:27:28Z INFO controller.loop: tick service=frontend state=NOMINAL replicas 5→4 forecast=0.125 sigma=0.025
2026-07-10T08:27:43Z INFO controller.k8s_actuator: scaled deployment=frontend ns=default from=4 to=6
2026-07-10T08:27:43Z INFO controller.loop: tick service=frontend state=NOMINAL replicas 4→6 forecast=0.225 sigma=0.024
2026-07-10T08:27:58Z INFO controller.k8s_actuator: scaled deployment=frontend ns=default from=6 to=7
2026-07-10T08:27:58Z INFO controller.loop: tick service=frontend state=NOMINAL replicas 6→7 forecast=0.286 sigma=0.024
2026-07-10T08:28:13Z INFO controller.loop: tick service=frontend state=NOMINAL replicas 7→7 forecast=0.282 sigma=0.026
2026-07-10T08:28:28Z INFO controller.loop: tick service=frontend state=NOMINAL replicas 7→7 forecast=0.306 sigma=0.025
2026-07-10T08:28:43Z INFO controller.k8s_actuator: scaled deployment=frontend ns=default from=7 to=8
2026-07-10T08:28:43Z INFO controller.loop: tick service=frontend state=NOMINAL replicas 7→8 forecast=0.397 sigma=0.025
2026-07-10T08:28:58Z INFO controller.loop: tick service=frontend state=NOMINAL replicas 8→8 forecast=0.364 sigma=0.026
2026-07-10T08:29:13Z INFO controller.loop: tick service=frontend state=NOMINAL replicas 8→8 forecast=0.342 sigma=0.027
2026-07-10T08:29:28Z INFO controller.loop: tick service=frontend state=NOMINAL replicas 8→8 forecast=0.425 sigma=0.024
2026-07-10T08:29:43Z INFO controller.loop: tick service=frontend state=NOMINAL replicas 8→8 forecast=0.498 sigma=0.024
2026-07-10T08:29:58Z INFO controller.loop: tick service=frontend state=NOMINAL replicas 8→8 forecast=0.536 sigma=0.027
2026-07-10T08:30:13Z INFO controller.loop: tick service=frontend state=NOMINAL replicas 8→8 forecast=0.528 sigma=0.028
2026-07-10T08:30:28Z INFO controller.loop: tick service=frontend state=NOMINAL replicas 8→8 forecast=0.464 sigma=0.030
2026-07-10T08:30:43Z INFO controller.loop: tick service=frontend state=NOMINAL replicas 8→8 forecast=0.380 sigma=0.030
2026-07-10T08:30:58Z INFO controller.loop: tick service=frontend state=NOMINAL replicas 8→8 forecast=0.418 sigma=0.028
2026-07-10T08:31:13Z INFO controller.loop: tick service=frontend state=NOMINAL replicas 8→8 forecast=0.433 sigma=0.029
2026-07-10T08:31:28Z INFO controller.loop: tick service=frontend state=NOMINAL replicas 8→8 forecast=0.349 sigma=0.031
2026-07-10T08:31:43Z INFO controller.loop: tick service=frontend state=NOMINAL replicas 8→8 forecast=0.402 sigma=0.030
2026-07-10T08:31:58Z INFO controller.loop: tick service=frontend state=NOMINAL replicas 8→8 forecast=0.376 sigma=0.031
2026-07-10T08:32:13Z INFO controller.loop: tick service=frontend state=NOMINAL replicas 8→8 forecast=0.353 sigma=0.031
2026-07-10T08:32:28Z INFO controller.loop: tick service=frontend state=NOMINAL replicas 8→8 forecast=0.419 sigma=0.031
2026-07-10T08:32:43Z INFO controller.loop: tick service=frontend state=NOMINAL replicas 8→8 forecast=0.386 sigma=0.032
2026-07-10T08:32:58Z INFO controller.loop: tick service=frontend state=NOMINAL replicas 8→8 forecast=0.343 sigma=0.030
2026-07-10T08:33:13Z INFO controller.loop: tick service=frontend state=NOMINAL replicas 8→8 forecast=0.410 sigma=0.028
2026-07-10T08:33:28Z INFO controller.loop: tick service=frontend state=NOMINAL replicas 8→8 forecast=0.566 sigma=0.030
2026-07-10T08:33:43Z INFO controller.loop: tick service=frontend state=NOMINAL replicas 8→8 forecast=0.433 sigma=0.032
2026-07-10T08:33:58Z INFO controller.loop: tick service=frontend state=NOMINAL replicas 8→8 forecast=0.411 sigma=0.032
2026-07-10T08:34:13Z INFO controller.loop: tick service=frontend state=NOMINAL replicas 8→8 forecast=0.475 sigma=0.029
2026-07-10T08:34:28Z INFO controller.loop: tick service=frontend state=NOMINAL replicas 8→8 forecast=0.507 sigma=0.030
2026-07-10T08:34:43Z INFO controller.loop: tick service=frontend state=NOMINAL replicas 8→8 forecast=0.462 sigma=0.032
2026-07-10T08:34:58Z INFO controller.loop: tick service=frontend state=NOMINAL replicas 8→8 forecast=0.425 sigma=0.032
2026-07-10T08:35:13Z INFO controller.loop: tick service=frontend state=NOMINAL replicas 8→8 forecast=0.543 sigma=0.031
2026-07-10T08:35:28Z INFO controller.loop: tick service=frontend state=NOMINAL replicas 8→8 forecast=0.530 sigma=0.032
2026-07-10T08:35:43Z INFO controller.loop: tick service=frontend state=NOMINAL replicas 8→8 forecast=0.494 sigma=0.034
2026-07-10T08:35:58Z INFO controller.loop: tick service=frontend state=NOMINAL replicas 8→8 forecast=0.443 sigma=0.036
2026-07-10T08:36:13Z INFO controller.loop: tick service=frontend state=NOMINAL replicas 8→8 forecast=0.306 sigma=0.037
2026-07-10T08:36:28Z INFO controller.loop: tick service=frontend state=NOMINAL replicas 8→8 forecast=0.307 sigma=0.035
2026-07-10T08:36:43Z INFO controller.k8s_actuator: scaled deployment=frontend ns=default from=8 to=6
2026-07-10T08:36:43Z INFO controller.loop: tick service=frontend state=NOMINAL replicas 8→6 forecast=0.217 sigma=0.036
2026-07-10T08:36:58Z INFO controller.k8s_actuator: scaled deployment=frontend ns=default from=6 to=5
2026-07-10T08:36:58Z INFO controller.loop: tick service=frontend state=NOMINAL replicas 6→5 forecast=0.194 sigma=0.036
2026-07-10T08:37:13Z INFO controller.k8s_actuator: scaled deployment=frontend ns=default from=5 to=4
2026-07-10T08:37:13Z INFO controller.loop: tick service=frontend state=NOMINAL replicas 5→4 forecast=0.129 sigma=0.036
2026-07-10T08:37:28Z INFO controller.k8s_actuator: scaled deployment=frontend ns=default from=4 to=5
2026-07-10T08:37:28Z INFO controller.loop: tick service=frontend state=NOMINAL replicas 4→5 forecast=0.157 sigma=0.035
2026-07-10T08:37:43Z INFO controller.k8s_actuator: scaled deployment=frontend ns=default from=5 to=6
2026-07-10T08:37:43Z INFO controller.loop: tick service=frontend state=NOMINAL replicas 5→6 forecast=0.233 sigma=0.034
2026-07-10T08:37:58Z INFO controller.k8s_actuator: scaled deployment=frontend ns=default from=6 to=7
2026-07-10T08:37:58Z INFO controller.loop: tick service=frontend state=NOMINAL replicas 6→7 forecast=0.270 sigma=0.036
2026-07-10T08:38:13Z INFO controller.k8s_actuator: scaled deployment=frontend ns=default from=7 to=8
2026-07-10T08:38:13Z INFO controller.loop: tick service=frontend state=NOMINAL replicas 7→8 forecast=0.409 sigma=0.037
2026-07-10T08:38:28Z INFO controller.loop: tick service=frontend state=NOMINAL replicas 8→8 forecast=0.476 sigma=0.038
2026-07-10T08:38:43Z INFO controller.loop: tick service=frontend state=NOMINAL replicas 8→8 forecast=0.437 sigma=0.040
2026-07-10T08:38:58Z INFO controller.loop: tick service=frontend state=NOMINAL replicas 8→8 forecast=0.518 sigma=0.043
2026-07-10T08:39:13Z INFO controller.loop: tick service=frontend state=NOMINAL replicas 8→8 forecast=0.652 sigma=0.039
2026-07-10T08:39:28Z INFO controller.loop: tick service=frontend state=NOMINAL replicas 8→8 forecast=0.595 sigma=0.040
2026-07-10T08:39:43Z INFO controller.loop: tick service=frontend state=NOMINAL replicas 8→8 forecast=0.575 sigma=0.039
2026-07-10T08:39:58Z INFO controller.loop: tick service=frontend state=NOMINAL replicas 8→8 forecast=0.394 sigma=0.041
2026-07-10T08:40:13Z INFO controller.loop: tick service=frontend state=NOMINAL replicas 8→8 forecast=0.513 sigma=0.038
2026-07-10T08:40:28Z INFO controller.loop: tick service=frontend state=NOMINAL replicas 8→8 forecast=0.548 sigma=0.039
2026-07-10T08:40:43Z INFO controller.loop: tick service=frontend state=NOMINAL replicas 8→8 forecast=0.408 sigma=0.044
2026-07-10T08:40:58Z INFO controller.loop: tick service=frontend state=NOMINAL replicas 8→8 forecast=0.428 sigma=0.042
2026-07-10T08:41:13Z INFO controller.loop: tick service=frontend state=NOMINAL replicas 8→8 forecast=0.320 sigma=0.043
2026-07-10T08:41:28Z INFO controller.loop: tick service=frontend state=NOMINAL replicas 8→8 forecast=0.318 sigma=0.042
2026-07-10T08:41:43Z INFO controller.loop: tick service=frontend state=NOMINAL replicas 8→8 forecast=0.344 sigma=0.041
2026-07-10T08:41:58Z INFO controller.loop: tick service=frontend state=NOMINAL replicas 8→8 forecast=0.342 sigma=0.042
2026-07-10T08:42:13Z INFO controller.loop: tick service=frontend state=NOMINAL replicas 8→8 forecast=0.357 sigma=0.041
2026-07-10T08:42:28Z INFO controller.loop: tick service=frontend state=NOMINAL replicas 8→8 forecast=0.336 sigma=0.042
2026-07-10T08:42:43Z INFO controller.loop: tick service=frontend state=NOMINAL replicas 8→8 forecast=0.332 sigma=0.041
2026-07-10T08:42:58Z INFO controller.loop: tick service=frontend state=NOMINAL replicas 8→8 forecast=0.378 sigma=0.041
2026-07-10T08:43:13Z INFO controller.loop: tick service=frontend state=NOMINAL replicas 8→8 forecast=0.329 sigma=0.041
2026-07-10T08:43:28Z INFO controller.k8s_actuator: scaled deployment=frontend ns=default from=8 to=6
2026-07-10T08:43:28Z INFO controller.loop: tick service=frontend state=NOMINAL replicas 8→6 forecast=0.209 sigma=0.042
2026-07-10T08:43:43Z INFO controller.loop: tick service=frontend state=NOMINAL replicas 6→6 forecast=0.204 sigma=0.041
2026-07-10T08:43:58Z INFO controller.k8s_actuator: scaled deployment=frontend ns=default from=6 to=7
2026-07-10T08:43:58Z INFO controller.loop: tick service=frontend state=NOMINAL replicas 6→7 forecast=0.262 sigma=0.040
2026-07-10T08:44:13Z INFO controller.k8s_actuator: scaled deployment=frontend ns=default from=7 to=8
2026-07-10T08:44:13Z INFO controller.loop: tick service=frontend state=NOMINAL replicas 7→8 forecast=0.289 sigma=0.041
2026-07-10T08:44:28Z INFO controller.loop: tick service=frontend state=NOMINAL replicas 8→8 forecast=0.422 sigma=0.046
2026-07-10T08:44:43Z INFO controller.loop: tick service=frontend state=NOMINAL replicas 8→8 forecast=0.508 sigma=0.044
2026-07-10T08:44:58Z INFO controller.loop: tick service=frontend state=NOMINAL replicas 8→8 forecast=0.484 sigma=0.045
2026-07-10T08:45:13Z INFO controller.loop: tick service=frontend state=NOMINAL replicas 8→8 forecast=0.437 sigma=0.044
2026-07-10T08:45:28Z INFO controller.loop: tick service=frontend state=NOMINAL replicas 8→8 forecast=0.321 sigma=0.045
2026-07-10T08:45:43Z INFO controller.loop: tick service=frontend state=NOMINAL replicas 8→8 forecast=0.383 sigma=0.043
2026-07-10T08:45:58Z INFO controller.loop: tick service=frontend state=NOMINAL replicas 8→8 forecast=0.320 sigma=0.044
2026-07-10T08:46:13Z INFO controller.k8s_actuator: scaled deployment=frontend ns=default from=8 to=7
2026-07-10T08:46:13Z INFO controller.loop: tick service=frontend state=NOMINAL replicas 8→7 forecast=0.270 sigma=0.043
2026-07-10T08:46:28Z INFO controller.loop: tick service=frontend state=NOMINAL replicas 7→7 forecast=0.254 sigma=0.046
2026-07-10T08:46:43Z INFO controller.k8s_actuator: scaled deployment=frontend ns=default from=7 to=6
2026-07-10T08:46:43Z INFO controller.loop: tick service=frontend state=NOMINAL replicas 7→6 forecast=0.198 sigma=0.043
2026-07-10T08:46:58Z INFO controller.k8s_actuator: scaled deployment=frontend ns=default from=6 to=5
2026-07-10T08:46:58Z INFO controller.loop: tick service=frontend state=NOMINAL replicas 6→5 forecast=0.178 sigma=0.044
2026-07-10T08:47:13Z INFO controller.k8s_actuator: scaled deployment=frontend ns=default from=5 to=4
2026-07-10T08:47:13Z INFO controller.loop: tick service=frontend state=NOMINAL replicas 5→4 forecast=0.126 sigma=0.042
2026-07-10T08:47:28Z INFO controller.k8s_actuator: scaled deployment=frontend ns=default from=4 to=6
2026-07-10T08:47:28Z INFO controller.loop: tick service=frontend state=NOMINAL replicas 4→6 forecast=0.204 sigma=0.040
2026-07-10T08:47:43Z INFO controller.k8s_actuator: scaled deployment=frontend ns=default from=6 to=8
2026-07-10T08:47:43Z INFO controller.loop: tick service=frontend state=NOMINAL replicas 6→8 forecast=0.302 sigma=0.042
2026-07-10T08:47:58Z INFO controller.loop: tick service=frontend state=NOMINAL replicas 8→8 forecast=0.366 sigma=0.041
2026-07-10T08:48:13Z INFO controller.loop: tick service=frontend state=NOMINAL replicas 8→8 forecast=0.304 sigma=0.042
2026-07-10T08:48:28Z INFO controller.loop: tick service=frontend state=NOMINAL replicas 8→8 forecast=0.384 sigma=0.043
2026-07-10T08:48:43Z INFO controller.loop: tick service=frontend state=NOMINAL replicas 8→8 forecast=0.486 sigma=0.045
2026-07-10T08:48:58Z INFO controller.loop: tick service=frontend state=NOMINAL replicas 8→8 forecast=0.616 sigma=0.042
2026-07-10T08:49:13Z INFO controller.loop: tick service=frontend state=NOMINAL replicas 8→8 forecast=0.524 sigma=0.042
2026-07-10T08:49:18Z INFO controller.loop: received signal 15 — stopping after current tick
✅  stopped after 121 tick(s). Evidence: experiments/results/periodic-hybrid-007-evidence.jsonl
