▶  evidence path override: experiments/results/burst-hybrid-004-evidence.jsonl
▶  config loaded: service=frontend namespace=default
▶  model registry loaded: phase3_20260709T001052Z_model_registry.yaml → holt_winters for frontend
▶  starting control loop (tick=15s, horizon=30s, forecaster=holt_winters)
2026-07-09T18:04:11Z INFO controller.k8s_actuator: scaled deployment=frontend ns=default from=1 to=3
2026-07-09T18:04:11Z INFO controller.loop: tick service=frontend state=SCALE_LIMITED replicas 1→3 forecast=0.182 sigma=0.020
2026-07-09T18:04:25Z INFO controller.k8s_actuator: scaled deployment=frontend ns=default from=3 to=5
2026-07-09T18:04:25Z INFO controller.loop: tick service=frontend state=NOMINAL replicas 3→5 forecast=0.187 sigma=0.020
2026-07-09T18:04:40Z INFO controller.loop: tick service=frontend state=NOMINAL replicas 5→5 forecast=0.173 sigma=0.020
2026-07-09T18:04:55Z INFO controller.loop: tick service=frontend state=NOMINAL replicas 5→5 forecast=0.182 sigma=0.018
2026-07-09T18:05:10Z INFO controller.k8s_actuator: scaled deployment=frontend ns=default from=5 to=4
2026-07-09T18:05:10Z INFO controller.loop: tick service=frontend state=NOMINAL replicas 5→4 forecast=0.169 sigma=0.020
2026-07-09T18:05:25Z INFO controller.k8s_actuator: scaled deployment=frontend ns=default from=4 to=5
2026-07-09T18:05:25Z INFO controller.loop: tick service=frontend state=NOMINAL replicas 4→5 forecast=0.188 sigma=0.020
2026-07-09T18:05:40Z INFO controller.k8s_actuator: scaled deployment=frontend ns=default from=5 to=4
2026-07-09T18:05:40Z INFO controller.loop: tick service=frontend state=NOMINAL replicas 5→4 forecast=0.169 sigma=0.020
2026-07-09T18:05:55Z INFO controller.loop: tick service=frontend state=NOMINAL replicas 4→4 forecast=0.166 sigma=0.019
2026-07-09T18:06:10Z INFO controller.k8s_actuator: scaled deployment=frontend ns=default from=4 to=5
2026-07-09T18:06:10Z INFO controller.loop: tick service=frontend state=NOMINAL replicas 4→5 forecast=0.177 sigma=0.019
2026-07-09T18:06:25Z INFO controller.loop: tick service=frontend state=NOMINAL replicas 5→5 forecast=0.171 sigma=0.020
2026-07-09T18:06:40Z INFO controller.k8s_actuator: scaled deployment=frontend ns=default from=5 to=4
2026-07-09T18:06:40Z INFO controller.loop: tick service=frontend state=NOMINAL replicas 5→4 forecast=0.156 sigma=0.020
2026-07-09T18:06:55Z INFO controller.loop: tick service=frontend state=NOMINAL replicas 4→4 forecast=0.161 sigma=0.020
2026-07-09T18:07:10Z INFO controller.k8s_actuator: scaled deployment=frontend ns=default from=4 to=5
2026-07-09T18:07:10Z INFO controller.loop: tick service=frontend state=NOMINAL replicas 4→5 forecast=0.170 sigma=0.023
2026-07-09T18:07:25Z INFO controller.k8s_actuator: scaled deployment=frontend ns=default from=5 to=4
2026-07-09T18:07:25Z INFO controller.loop: tick service=frontend state=NOMINAL replicas 5→4 forecast=0.167 sigma=0.020
2026-07-09T18:07:40Z INFO controller.loop: tick service=frontend state=NOMINAL replicas 4→4 forecast=0.152 sigma=0.020
2026-07-09T18:07:55Z INFO controller.loop: tick service=frontend state=NOMINAL replicas 4→4 forecast=0.155 sigma=0.020
2026-07-09T18:08:10Z INFO controller.k8s_actuator: scaled deployment=frontend ns=default from=4 to=5
2026-07-09T18:08:10Z INFO controller.loop: tick service=frontend state=NOMINAL replicas 4→5 forecast=0.173 sigma=0.020
2026-07-09T18:08:25Z INFO controller.k8s_actuator: scaled deployment=frontend ns=default from=5 to=4
2026-07-09T18:08:25Z INFO controller.loop: tick service=frontend state=NOMINAL replicas 5→4 forecast=0.170 sigma=0.020
2026-07-09T18:08:40Z INFO controller.loop: tick service=frontend state=NOMINAL replicas 4→4 forecast=0.150 sigma=0.020
2026-07-09T18:08:55Z INFO controller.loop: tick service=frontend state=NOMINAL replicas 4→4 forecast=0.162 sigma=0.020
2026-07-09T18:09:10Z INFO controller.k8s_actuator: scaled deployment=frontend ns=default from=4 to=5
2026-07-09T18:09:10Z INFO controller.loop: tick service=frontend state=NOMINAL replicas 4→5 forecast=0.179 sigma=0.020
2026-07-09T18:09:25Z INFO controller.loop: tick service=frontend state=NOMINAL replicas 5→5 forecast=0.177 sigma=0.020
2026-07-09T18:09:40Z INFO controller.k8s_actuator: scaled deployment=frontend ns=default from=5 to=4
2026-07-09T18:09:40Z INFO controller.loop: tick service=frontend state=NOMINAL replicas 5→4 forecast=0.158 sigma=0.025
2026-07-09T18:09:55Z INFO controller.k8s_actuator: scaled deployment=frontend ns=default from=4 to=6
2026-07-09T18:09:55Z INFO controller.loop: tick service=frontend state=NOMINAL replicas 4→6 forecast=0.233 sigma=0.028
2026-07-09T18:10:10Z INFO controller.k8s_actuator: scaled deployment=frontend ns=default from=6 to=8
2026-07-09T18:10:10Z INFO controller.loop: tick service=frontend state=NOMINAL replicas 6→8 forecast=0.480 sigma=0.033
2026-07-09T18:10:25Z INFO controller.loop: tick service=frontend state=NOMINAL replicas 8→8 forecast=0.481 sigma=0.035
2026-07-09T18:10:40Z INFO controller.loop: tick service=frontend state=NOMINAL replicas 8→8 forecast=0.472 sigma=0.035
2026-07-09T18:10:55Z INFO controller.loop: tick service=frontend state=NOMINAL replicas 8→8 forecast=0.496 sigma=0.035
2026-07-09T18:11:10Z INFO controller.loop: tick service=frontend state=NOMINAL replicas 8→8 forecast=0.470 sigma=0.036
2026-07-09T18:11:25Z INFO controller.loop: tick service=frontend state=NOMINAL replicas 8→8 forecast=0.418 sigma=0.037
2026-07-09T18:11:40Z INFO controller.loop: tick service=frontend state=NOMINAL replicas 8→8 forecast=0.350 sigma=0.038
2026-07-09T18:11:55Z INFO controller.loop: tick service=frontend state=NOMINAL replicas 8→8 forecast=0.306 sigma=0.038
2026-07-09T18:12:10Z INFO controller.k8s_actuator: scaled deployment=frontend ns=default from=8 to=6
2026-07-09T18:12:10Z INFO controller.loop: tick service=frontend state=NOMINAL replicas 8→6 forecast=0.238 sigma=0.039
2026-07-09T18:12:25Z INFO controller.loop: tick service=frontend state=NOMINAL replicas 6→6 forecast=0.205 sigma=0.038
2026-07-09T18:12:40Z INFO controller.k8s_actuator: scaled deployment=frontend ns=default from=6 to=5
2026-07-09T18:12:40Z INFO controller.loop: tick service=frontend state=NOMINAL replicas 6→5 forecast=0.157 sigma=0.038
2026-07-09T18:12:55Z INFO controller.loop: tick service=frontend state=NOMINAL replicas 5→5 forecast=0.173 sigma=0.038
2026-07-09T18:13:10Z INFO controller.k8s_actuator: scaled deployment=frontend ns=default from=5 to=6
2026-07-09T18:13:10Z INFO controller.loop: tick service=frontend state=NOMINAL replicas 5→6 forecast=0.237 sigma=0.039
2026-07-09T18:13:25Z INFO controller.loop: tick service=frontend state=NOMINAL replicas 6→6 forecast=0.226 sigma=0.039
2026-07-09T18:13:40Z INFO controller.k8s_actuator: scaled deployment=frontend ns=default from=6 to=5
2026-07-09T18:13:40Z INFO controller.loop: tick service=frontend state=NOMINAL replicas 6→5 forecast=0.188 sigma=0.039
2026-07-09T18:13:55Z INFO controller.k8s_actuator: scaled deployment=frontend ns=default from=5 to=6
2026-07-09T18:13:55Z INFO controller.loop: tick service=frontend state=NOMINAL replicas 5→6 forecast=0.216 sigma=0.039
2026-07-09T18:14:10Z INFO controller.k8s_actuator: scaled deployment=frontend ns=default from=6 to=7
2026-07-09T18:14:10Z INFO controller.loop: tick service=frontend state=NOMINAL replicas 6→7 forecast=0.270 sigma=0.041
2026-07-09T18:14:25Z INFO controller.loop: tick service=frontend state=NOMINAL replicas 7→7 forecast=0.256 sigma=0.038
2026-07-09T18:14:40Z INFO controller.k8s_actuator: scaled deployment=frontend ns=default from=7 to=5
2026-07-09T18:14:40Z INFO controller.loop: tick service=frontend state=NOMINAL replicas 7→5 forecast=0.185 sigma=0.041
2026-07-09T18:14:55Z INFO controller.k8s_actuator: scaled deployment=frontend ns=default from=5 to=6
2026-07-09T18:14:55Z INFO controller.loop: tick service=frontend state=NOMINAL replicas 5→6 forecast=0.213 sigma=0.038
2026-07-09T18:15:10Z INFO controller.k8s_actuator: scaled deployment=frontend ns=default from=6 to=7
2026-07-09T18:15:10Z INFO controller.loop: tick service=frontend state=NOMINAL replicas 6→7 forecast=0.266 sigma=0.038
2026-07-09T18:15:25Z INFO controller.k8s_actuator: scaled deployment=frontend ns=default from=7 to=6
2026-07-09T18:15:25Z INFO controller.loop: tick service=frontend state=NOMINAL replicas 7→6 forecast=0.221 sigma=0.036
2026-07-09T18:15:40Z INFO controller.loop: tick service=frontend state=NOMINAL replicas 6→6 forecast=0.213 sigma=0.036
2026-07-09T18:15:55Z INFO controller.loop: tick service=frontend state=NOMINAL replicas 6→6 forecast=0.209 sigma=0.036
2026-07-09T18:16:10Z INFO controller.k8s_actuator: scaled deployment=frontend ns=default from=6 to=7
2026-07-09T18:16:10Z INFO controller.loop: tick service=frontend state=NOMINAL replicas 6→7 forecast=0.266 sigma=0.037
2026-07-09T18:16:16Z INFO controller.loop: received signal 15 — stopping after current tick
✅  stopped after 49 tick(s). Evidence: experiments/results/burst-hybrid-004-evidence.jsonl
