▶  evidence path override: experiments/results/ramp-hybrid-009-evidence.jsonl
▶  config loaded: service=frontend namespace=default
▶  model registry loaded: phase3_20260709T001052Z_model_registry.yaml → holt_winters for frontend
▶  starting control loop (tick=15s, horizon=30s, forecaster=holt_winters)
2026-07-10T23:09:39Z INFO controller.k8s_actuator: scaled deployment=frontend ns=default from=1 to=3
2026-07-10T23:09:39Z INFO controller.loop: tick service=frontend state=SCALE_LIMITED replicas 1→3 forecast=0.194 sigma=0.017
2026-07-10T23:09:54Z INFO controller.k8s_actuator: scaled deployment=frontend ns=default from=3 to=5
2026-07-10T23:09:54Z INFO controller.loop: tick service=frontend state=NOMINAL replicas 3→5 forecast=0.177 sigma=0.017
2026-07-10T23:10:09Z INFO controller.loop: tick service=frontend state=NOMINAL replicas 5→5 forecast=0.172 sigma=0.022
2026-07-10T23:10:24Z INFO controller.k8s_actuator: scaled deployment=frontend ns=default from=5 to=4
2026-07-10T23:10:24Z INFO controller.loop: tick service=frontend state=NOMINAL replicas 5→4 forecast=0.119 sigma=0.023
2026-07-10T23:10:39Z INFO controller.loop: tick service=frontend state=NOMINAL replicas 4→4 forecast=0.139 sigma=0.023
2026-07-10T23:10:54Z INFO controller.k8s_actuator: scaled deployment=frontend ns=default from=4 to=5
2026-07-10T23:10:54Z INFO controller.loop: tick service=frontend state=NOMINAL replicas 4→5 forecast=0.162 sigma=0.026
2026-07-10T23:11:09Z INFO controller.loop: tick service=frontend state=NOMINAL replicas 5→5 forecast=0.180 sigma=0.033
2026-07-10T23:11:24Z INFO controller.k8s_actuator: scaled deployment=frontend ns=default from=5 to=6
2026-07-10T23:11:24Z INFO controller.loop: tick service=frontend state=NOMINAL replicas 5→6 forecast=0.200 sigma=0.040
2026-07-10T23:11:39Z INFO controller.k8s_actuator: scaled deployment=frontend ns=default from=6 to=8
2026-07-10T23:11:39Z INFO controller.loop: tick service=frontend state=NOMINAL replicas 6→8 forecast=0.490 sigma=0.034
2026-07-10T23:11:54Z INFO controller.loop: tick service=frontend state=NOMINAL replicas 8→8 forecast=0.441 sigma=0.036
2026-07-10T23:12:09Z INFO controller.loop: tick service=frontend state=NOMINAL replicas 8→8 forecast=0.490 sigma=0.035
2026-07-10T23:12:24Z INFO controller.loop: tick service=frontend state=NOMINAL replicas 8→8 forecast=0.555 sigma=0.034
2026-07-10T23:12:39Z INFO controller.loop: tick service=frontend state=NOMINAL replicas 8→8 forecast=0.579 sigma=0.033
2026-07-10T23:12:54Z INFO controller.loop: tick service=frontend state=NOMINAL replicas 8→8 forecast=0.533 sigma=0.034
2026-07-10T23:13:09Z INFO controller.loop: tick service=frontend state=NOMINAL replicas 8→8 forecast=0.530 sigma=0.034
2026-07-10T23:13:24Z INFO controller.loop: tick service=frontend state=NOMINAL replicas 8→8 forecast=0.631 sigma=0.035
2026-07-10T23:13:39Z INFO controller.loop: tick service=frontend state=NOMINAL replicas 8→8 forecast=0.653 sigma=0.035
2026-07-10T23:13:54Z INFO controller.loop: tick service=frontend state=NOMINAL replicas 8→8 forecast=0.580 sigma=0.036
2026-07-10T23:14:09Z INFO controller.loop: tick service=frontend state=NOMINAL replicas 8→8 forecast=0.566 sigma=0.036
2026-07-10T23:14:24Z INFO controller.loop: tick service=frontend state=NOMINAL replicas 8→8 forecast=0.631 sigma=0.035
2026-07-10T23:14:39Z INFO controller.loop: tick service=frontend state=NOMINAL replicas 8→8 forecast=0.565 sigma=0.036
2026-07-10T23:14:54Z INFO controller.loop: tick service=frontend state=NOMINAL replicas 8→8 forecast=0.496 sigma=0.036
2026-07-10T23:15:09Z INFO controller.loop: tick service=frontend state=NOMINAL replicas 8→8 forecast=0.468 sigma=0.036
2026-07-10T23:15:24Z INFO controller.loop: tick service=frontend state=NOMINAL replicas 8→8 forecast=0.531 sigma=0.036
2026-07-10T23:15:39Z INFO controller.loop: tick service=frontend state=NOMINAL replicas 8→8 forecast=0.539 sigma=0.034
2026-07-10T23:15:54Z INFO controller.loop: tick service=frontend state=NOMINAL replicas 8→8 forecast=0.498 sigma=0.034
2026-07-10T23:16:09Z INFO controller.loop: tick service=frontend state=NOMINAL replicas 8→8 forecast=0.548 sigma=0.034
2026-07-10T23:16:24Z INFO controller.loop: tick service=frontend state=NOMINAL replicas 8→8 forecast=0.505 sigma=0.034
2026-07-10T23:16:39Z INFO controller.loop: tick service=frontend state=NOMINAL replicas 8→8 forecast=0.523 sigma=0.034
2026-07-10T23:16:54Z INFO controller.loop: tick service=frontend state=NOMINAL replicas 8→8 forecast=0.587 sigma=0.034
2026-07-10T23:17:09Z INFO controller.loop: tick service=frontend state=NOMINAL replicas 8→8 forecast=0.499 sigma=0.036
2026-07-10T23:17:24Z INFO controller.loop: tick service=frontend state=NOMINAL replicas 8→8 forecast=0.514 sigma=0.036
2026-07-10T23:17:39Z INFO controller.loop: tick service=frontend state=NOMINAL replicas 8→8 forecast=0.552 sigma=0.036
2026-07-10T23:17:54Z INFO controller.loop: tick service=frontend state=NOMINAL replicas 8→8 forecast=0.534 sigma=0.036
2026-07-10T23:18:09Z INFO controller.loop: tick service=frontend state=NOMINAL replicas 8→8 forecast=0.472 sigma=0.036
2026-07-10T23:18:24Z INFO controller.loop: tick service=frontend state=NOMINAL replicas 8→8 forecast=0.392 sigma=0.036
2026-07-10T23:18:39Z INFO controller.loop: tick service=frontend state=NOMINAL replicas 8→8 forecast=0.379 sigma=0.034
2026-07-10T23:18:54Z INFO controller.loop: tick service=frontend state=NOMINAL replicas 8→8 forecast=0.442 sigma=0.033
2026-07-10T23:19:09Z INFO controller.loop: tick service=frontend state=NOMINAL replicas 8→8 forecast=0.451 sigma=0.033
2026-07-10T23:19:24Z INFO controller.loop: tick service=frontend state=NOMINAL replicas 8→8 forecast=0.405 sigma=0.033
2026-07-10T23:19:39Z INFO controller.loop: tick service=frontend state=NOMINAL replicas 8→8 forecast=0.471 sigma=0.034
2026-07-10T23:19:54Z INFO controller.loop: tick service=frontend state=NOMINAL replicas 8→8 forecast=0.522 sigma=0.034
2026-07-10T23:20:09Z INFO controller.loop: tick service=frontend state=NOMINAL replicas 8→8 forecast=0.512 sigma=0.032
2026-07-10T23:20:24Z INFO controller.loop: tick service=frontend state=NOMINAL replicas 8→8 forecast=0.459 sigma=0.030
2026-07-10T23:20:39Z INFO controller.loop: tick service=frontend state=NOMINAL replicas 8→8 forecast=0.379 sigma=0.030
2026-07-10T23:20:54Z INFO controller.loop: tick service=frontend state=NOMINAL replicas 8→8 forecast=0.442 sigma=0.028
2026-07-10T23:21:09Z INFO controller.loop: tick service=frontend state=NOMINAL replicas 8→8 forecast=0.447 sigma=0.029
2026-07-10T23:21:24Z INFO controller.loop: tick service=frontend state=NOMINAL replicas 8→8 forecast=0.340 sigma=0.032
2026-07-10T23:21:39Z INFO controller.loop: tick service=frontend state=NOMINAL replicas 8→8 forecast=0.367 sigma=0.032
2026-07-10T23:21:54Z INFO controller.loop: tick service=frontend state=NOMINAL replicas 8→8 forecast=0.397 sigma=0.032
2026-07-10T23:22:09Z INFO controller.loop: tick service=frontend state=NOMINAL replicas 8→8 forecast=0.377 sigma=0.031
2026-07-10T23:22:24Z INFO controller.loop: tick service=frontend state=NOMINAL replicas 8→8 forecast=0.358 sigma=0.031
2026-07-10T23:22:39Z INFO controller.loop: tick service=frontend state=NOMINAL replicas 8→8 forecast=0.388 sigma=0.031
2026-07-10T23:22:54Z INFO controller.loop: tick service=frontend state=NOMINAL replicas 8→8 forecast=0.379 sigma=0.032
2026-07-10T23:23:09Z INFO controller.loop: tick service=frontend state=NOMINAL replicas 8→8 forecast=0.394 sigma=0.029
2026-07-10T23:23:24Z INFO controller.loop: tick service=frontend state=NOMINAL replicas 8→8 forecast=0.383 sigma=0.028
2026-07-10T23:23:39Z INFO controller.loop: tick service=frontend state=NOMINAL replicas 8→8 forecast=0.364 sigma=0.029
2026-07-10T23:23:54Z INFO controller.loop: tick service=frontend state=NOMINAL replicas 8→8 forecast=0.352 sigma=0.030
2026-07-10T23:24:09Z INFO controller.loop: tick service=frontend state=NOMINAL replicas 8→8 forecast=0.373 sigma=0.029
2026-07-10T23:24:24Z INFO controller.loop: tick service=frontend state=NOMINAL replicas 8→8 forecast=0.399 sigma=0.038
2026-07-10T23:24:39Z INFO controller.loop: tick service=frontend state=NOMINAL replicas 8→8 forecast=0.586 sigma=0.039
2026-07-10T23:24:54Z INFO controller.loop: tick service=frontend state=NOMINAL replicas 8→8 forecast=0.571 sigma=0.039
2026-07-10T23:25:09Z INFO controller.loop: tick service=frontend state=NOMINAL replicas 8→8 forecast=0.625 sigma=0.038
2026-07-10T23:25:24Z INFO controller.loop: tick service=frontend state=NOMINAL replicas 8→8 forecast=0.535 sigma=0.041
2026-07-10T23:25:39Z INFO controller.loop: tick service=frontend state=NOMINAL replicas 8→8 forecast=0.469 sigma=0.041
2026-07-10T23:25:54Z INFO controller.loop: tick service=frontend state=NOMINAL replicas 8→8 forecast=0.426 sigma=0.041
2026-07-10T23:26:09Z INFO controller.loop: tick service=frontend state=NOMINAL replicas 8→8 forecast=0.387 sigma=0.041
2026-07-10T23:26:24Z INFO controller.loop: tick service=frontend state=NOMINAL replicas 8→8 forecast=0.299 sigma=0.042
2026-07-10T23:26:39Z INFO controller.loop: tick service=frontend state=NOMINAL replicas 8→8 forecast=0.309 sigma=0.042
2026-07-10T23:26:54Z INFO controller.loop: tick service=frontend state=NOMINAL replicas 8→8 forecast=0.366 sigma=0.042
2026-07-10T23:27:09Z INFO controller.loop: tick service=frontend state=NOMINAL replicas 8→8 forecast=0.429 sigma=0.042
2026-07-10T23:27:24Z INFO controller.loop: tick service=frontend state=NOMINAL replicas 8→8 forecast=0.438 sigma=0.042
2026-07-10T23:27:39Z INFO controller.loop: tick service=frontend state=NOMINAL replicas 8→8 forecast=0.407 sigma=0.043
2026-07-10T23:27:54Z INFO controller.loop: tick service=frontend state=NOMINAL replicas 8→8 forecast=0.380 sigma=0.043
2026-07-10T23:28:09Z INFO controller.loop: tick service=frontend state=NOMINAL replicas 8→8 forecast=0.387 sigma=0.043
2026-07-10T23:28:24Z INFO controller.loop: tick service=frontend state=NOMINAL replicas 8→8 forecast=0.430 sigma=0.043
2026-07-10T23:28:39Z INFO controller.loop: tick service=frontend state=NOMINAL replicas 8→8 forecast=0.410 sigma=0.043
2026-07-10T23:28:54Z INFO controller.loop: tick service=frontend state=NOMINAL replicas 8→8 forecast=0.473 sigma=0.044
2026-07-10T23:29:09Z INFO controller.loop: tick service=frontend state=NOMINAL replicas 8→8 forecast=0.525 sigma=0.044
2026-07-10T23:29:24Z INFO controller.loop: tick service=frontend state=NOMINAL replicas 8→8 forecast=0.544 sigma=0.044
2026-07-10T23:29:39Z INFO controller.loop: tick service=frontend state=NOMINAL replicas 8→8 forecast=0.532 sigma=0.043
2026-07-10T23:29:54Z INFO controller.loop: tick service=frontend state=NOMINAL replicas 8→8 forecast=0.579 sigma=0.042
2026-07-10T23:30:09Z INFO controller.loop: tick service=frontend state=NOMINAL replicas 8→8 forecast=0.632 sigma=0.042
2026-07-10T23:30:24Z INFO controller.loop: tick service=frontend state=NOMINAL replicas 8→8 forecast=0.638 sigma=0.042
2026-07-10T23:30:39Z INFO controller.loop: tick service=frontend state=NOMINAL replicas 8→8 forecast=0.578 sigma=0.043
2026-07-10T23:30:54Z INFO controller.loop: tick service=frontend state=NOMINAL replicas 8→8 forecast=0.557 sigma=0.043
2026-07-10T23:31:09Z INFO controller.loop: tick service=frontend state=NOMINAL replicas 8→8 forecast=0.581 sigma=0.043
2026-07-10T23:31:24Z INFO controller.loop: tick service=frontend state=NOMINAL replicas 8→8 forecast=0.554 sigma=0.041
2026-07-10T23:31:39Z INFO controller.loop: tick service=frontend state=NOMINAL replicas 8→8 forecast=0.568 sigma=0.040
2026-07-10T23:31:54Z INFO controller.loop: tick service=frontend state=NOMINAL replicas 8→8 forecast=0.686 sigma=0.040
2026-07-10T23:32:09Z INFO controller.loop: tick service=frontend state=NOMINAL replicas 8→8 forecast=0.659 sigma=0.040
2026-07-10T23:32:24Z INFO controller.loop: tick service=frontend state=NOMINAL replicas 8→8 forecast=0.532 sigma=0.042
2026-07-10T23:32:39Z INFO controller.loop: tick service=frontend state=NOMINAL replicas 8→8 forecast=0.495 sigma=0.040
2026-07-10T23:32:54Z INFO controller.loop: tick service=frontend state=NOMINAL replicas 8→8 forecast=0.599 sigma=0.040
2026-07-10T23:33:09Z INFO controller.loop: tick service=frontend state=NOMINAL replicas 8→8 forecast=0.530 sigma=0.039
2026-07-10T23:33:24Z INFO controller.loop: tick service=frontend state=NOMINAL replicas 8→8 forecast=0.413 sigma=0.040
2026-07-10T23:33:39Z INFO controller.loop: tick service=frontend state=NOMINAL replicas 8→8 forecast=0.420 sigma=0.039
2026-07-10T23:33:54Z INFO controller.loop: tick service=frontend state=NOMINAL replicas 8→8 forecast=0.385 sigma=0.035
2026-07-10T23:34:09Z INFO controller.loop: tick service=frontend state=NOMINAL replicas 8→8 forecast=0.392 sigma=0.041
2026-07-10T23:34:24Z INFO controller.loop: tick service=frontend state=NOMINAL replicas 8→8 forecast=0.397 sigma=0.031
2026-07-10T23:34:39Z INFO controller.loop: tick service=frontend state=NOMINAL replicas 8→8 forecast=0.353 sigma=0.030
2026-07-10T23:34:44Z INFO controller.loop: received signal 15 — stopping after current tick
✅  stopped after 101 tick(s). Evidence: experiments/results/ramp-hybrid-009-evidence.jsonl
