▶  evidence path override: experiments/results/trace_replay-hybrid-010-evidence.jsonl
▶  config loaded: service=frontend namespace=default
▶  model registry loaded: phase3_20260709T001052Z_model_registry.yaml → holt_winters for frontend
▶  starting control loop (tick=15s, horizon=30s, forecaster=holt_winters)
2026-07-10T14:31:18Z INFO controller.k8s_actuator: scaled deployment=frontend ns=default from=1 to=3
2026-07-10T14:31:18Z INFO controller.loop: tick service=frontend state=SCALE_LIMITED replicas 1→3 forecast=0.185 sigma=0.014
2026-07-10T14:31:33Z INFO controller.k8s_actuator: scaled deployment=frontend ns=default from=3 to=5
2026-07-10T14:31:33Z INFO controller.loop: tick service=frontend state=NOMINAL replicas 3→5 forecast=0.186 sigma=0.014
2026-07-10T14:31:48Z INFO controller.k8s_actuator: scaled deployment=frontend ns=default from=5 to=4
2026-07-10T14:31:48Z INFO controller.loop: tick service=frontend state=NOMINAL replicas 5→4 forecast=0.177 sigma=0.011
2026-07-10T14:32:03Z INFO controller.loop: tick service=frontend state=NOMINAL replicas 4→4 forecast=0.175 sigma=0.011
2026-07-10T14:32:18Z INFO controller.loop: tick service=frontend state=NOMINAL replicas 4→4 forecast=0.177 sigma=0.013
2026-07-10T14:32:33Z INFO controller.k8s_actuator: scaled deployment=frontend ns=default from=4 to=5
2026-07-10T14:32:33Z INFO controller.loop: tick service=frontend state=NOMINAL replicas 4→5 forecast=0.189 sigma=0.020
2026-07-10T14:32:48Z INFO controller.k8s_actuator: scaled deployment=frontend ns=default from=5 to=7
2026-07-10T14:32:48Z INFO controller.loop: tick service=frontend state=NOMINAL replicas 5→7 forecast=0.300 sigma=0.018
2026-07-10T14:33:03Z INFO controller.loop: tick service=frontend state=NOMINAL replicas 7→7 forecast=0.278 sigma=0.018
2026-07-10T14:33:18Z INFO controller.k8s_actuator: scaled deployment=frontend ns=default from=7 to=6
2026-07-10T14:33:18Z INFO controller.loop: tick service=frontend state=NOMINAL replicas 7→6 forecast=0.252 sigma=0.019
2026-07-10T14:33:33Z INFO controller.k8s_actuator: scaled deployment=frontend ns=default from=6 to=7
2026-07-10T14:33:33Z INFO controller.loop: tick service=frontend state=NOMINAL replicas 6→7 forecast=0.275 sigma=0.018
2026-07-10T14:33:48Z INFO controller.k8s_actuator: scaled deployment=frontend ns=default from=7 to=6
2026-07-10T14:33:48Z INFO controller.loop: tick service=frontend state=NOMINAL replicas 7→6 forecast=0.265 sigma=0.019
2026-07-10T14:34:03Z INFO controller.k8s_actuator: scaled deployment=frontend ns=default from=6 to=7
2026-07-10T14:34:03Z INFO controller.loop: tick service=frontend state=NOMINAL replicas 6→7 forecast=0.282 sigma=0.019
2026-07-10T14:34:18Z INFO controller.loop: tick service=frontend state=NOMINAL replicas 7→7 forecast=0.286 sigma=0.019
2026-07-10T14:34:33Z INFO controller.loop: tick service=frontend state=NOMINAL replicas 7→7 forecast=0.290 sigma=0.019
2026-07-10T14:34:48Z INFO controller.k8s_actuator: scaled deployment=frontend ns=default from=7 to=8
2026-07-10T14:34:48Z INFO controller.loop: tick service=frontend state=NOMINAL replicas 7→8 forecast=0.328 sigma=0.020
2026-07-10T14:35:03Z INFO controller.loop: tick service=frontend state=NOMINAL replicas 8→8 forecast=0.352 sigma=0.020
2026-07-10T14:35:18Z INFO controller.loop: tick service=frontend state=NOMINAL replicas 8→8 forecast=0.365 sigma=0.020
2026-07-10T14:35:33Z INFO controller.loop: tick service=frontend state=NOMINAL replicas 8→8 forecast=0.374 sigma=0.020
2026-07-10T14:35:48Z INFO controller.loop: tick service=frontend state=NOMINAL replicas 8→8 forecast=0.355 sigma=0.021
2026-07-10T14:36:03Z INFO controller.loop: tick service=frontend state=NOMINAL replicas 8→8 forecast=0.328 sigma=0.021
2026-07-10T14:36:18Z INFO controller.k8s_actuator: scaled deployment=frontend ns=default from=8 to=7
2026-07-10T14:36:18Z INFO controller.loop: tick service=frontend state=NOMINAL replicas 8→7 forecast=0.284 sigma=0.022
2026-07-10T14:36:33Z INFO controller.k8s_actuator: scaled deployment=frontend ns=default from=7 to=8
2026-07-10T14:36:33Z INFO controller.loop: tick service=frontend state=NOMINAL replicas 7→8 forecast=0.321 sigma=0.022
2026-07-10T14:36:48Z INFO controller.loop: tick service=frontend state=NOMINAL replicas 8→8 forecast=0.358 sigma=0.022
2026-07-10T14:37:03Z INFO controller.loop: tick service=frontend state=NOMINAL replicas 8→8 forecast=0.335 sigma=0.023
2026-07-10T14:37:18Z INFO controller.loop: tick service=frontend state=NOMINAL replicas 8→8 forecast=0.347 sigma=0.023
2026-07-10T14:37:33Z INFO controller.loop: tick service=frontend state=NOMINAL replicas 8→8 forecast=0.355 sigma=0.023
2026-07-10T14:37:48Z INFO controller.loop: tick service=frontend state=NOMINAL replicas 8→8 forecast=0.328 sigma=0.023
2026-07-10T14:38:03Z INFO controller.loop: tick service=frontend state=NOMINAL replicas 8→8 forecast=0.317 sigma=0.023
2026-07-10T14:38:18Z INFO controller.loop: tick service=frontend state=NOMINAL replicas 8→8 forecast=0.331 sigma=0.023
2026-07-10T14:38:33Z INFO controller.loop: tick service=frontend state=NOMINAL replicas 8→8 forecast=0.356 sigma=0.023
2026-07-10T14:38:48Z INFO controller.k8s_actuator: scaled deployment=frontend ns=default from=8 to=7
2026-07-10T14:38:48Z INFO controller.loop: tick service=frontend state=NOMINAL replicas 8→7 forecast=0.299 sigma=0.026
2026-07-10T14:39:03Z INFO controller.k8s_actuator: scaled deployment=frontend ns=default from=7 to=8
2026-07-10T14:39:03Z INFO controller.loop: tick service=frontend state=NOMINAL replicas 7→8 forecast=0.361 sigma=0.026
2026-07-10T14:39:18Z INFO controller.loop: tick service=frontend state=NOMINAL replicas 8→8 forecast=0.368 sigma=0.027
2026-07-10T14:39:33Z INFO controller.loop: tick service=frontend state=NOMINAL replicas 8→8 forecast=0.393 sigma=0.027
2026-07-10T14:39:48Z INFO controller.loop: tick service=frontend state=NOMINAL replicas 8→8 forecast=0.379 sigma=0.028
2026-07-10T14:40:03Z INFO controller.loop: tick service=frontend state=NOMINAL replicas 8→8 forecast=0.378 sigma=0.030
2026-07-10T14:40:18Z INFO controller.loop: tick service=frontend state=NOMINAL replicas 8→8 forecast=0.363 sigma=0.028
2026-07-10T14:40:33Z INFO controller.loop: tick service=frontend state=NOMINAL replicas 8→8 forecast=0.361 sigma=0.027
2026-07-10T14:40:48Z INFO controller.loop: tick service=frontend state=NOMINAL replicas 8→8 forecast=0.376 sigma=0.028
2026-07-10T14:41:03Z INFO controller.loop: tick service=frontend state=NOMINAL replicas 8→8 forecast=0.390 sigma=0.030
2026-07-10T14:41:18Z INFO controller.loop: tick service=frontend state=NOMINAL replicas 8→8 forecast=0.460 sigma=0.031
2026-07-10T14:41:33Z INFO controller.loop: tick service=frontend state=NOMINAL replicas 8→8 forecast=0.472 sigma=0.030
2026-07-10T14:41:48Z INFO controller.loop: tick service=frontend state=NOMINAL replicas 8→8 forecast=0.444 sigma=0.030
2026-07-10T14:42:03Z INFO controller.loop: tick service=frontend state=NOMINAL replicas 8→8 forecast=0.456 sigma=0.030
2026-07-10T14:42:18Z INFO controller.loop: tick service=frontend state=NOMINAL replicas 8→8 forecast=0.392 sigma=0.032
2026-07-10T14:42:33Z INFO controller.loop: tick service=frontend state=NOMINAL replicas 8→8 forecast=0.395 sigma=0.031
2026-07-10T14:42:48Z INFO controller.loop: tick service=frontend state=NOMINAL replicas 8→8 forecast=0.435 sigma=0.031
2026-07-10T14:43:03Z INFO controller.loop: tick service=frontend state=NOMINAL replicas 8→8 forecast=0.448 sigma=0.033
2026-07-10T14:43:18Z INFO controller.loop: tick service=frontend state=NOMINAL replicas 8→8 forecast=0.413 sigma=0.033
2026-07-10T14:43:33Z INFO controller.loop: tick service=frontend state=NOMINAL replicas 8→8 forecast=0.328 sigma=0.037
2026-07-10T14:43:48Z INFO controller.loop: tick service=frontend state=NOMINAL replicas 8→8 forecast=0.344 sigma=0.035
2026-07-10T14:44:03Z INFO controller.loop: tick service=frontend state=NOMINAL replicas 8→8 forecast=0.370 sigma=0.035
2026-07-10T14:44:18Z INFO controller.loop: tick service=frontend state=NOMINAL replicas 8→8 forecast=0.350 sigma=0.036
2026-07-10T14:44:33Z INFO controller.loop: tick service=frontend state=NOMINAL replicas 8→8 forecast=0.325 sigma=0.035
2026-07-10T14:44:48Z INFO controller.loop: tick service=frontend state=NOMINAL replicas 8→8 forecast=0.301 sigma=0.036
2026-07-10T14:45:03Z INFO controller.loop: tick service=frontend state=NOMINAL replicas 8→8 forecast=0.328 sigma=0.034
2026-07-10T14:45:18Z INFO controller.loop: tick service=frontend state=NOMINAL replicas 8→8 forecast=0.358 sigma=0.035
2026-07-10T14:45:33Z INFO controller.loop: tick service=frontend state=NOMINAL replicas 8→8 forecast=0.347 sigma=0.035
2026-07-10T14:45:48Z INFO controller.loop: tick service=frontend state=NOMINAL replicas 8→8 forecast=0.363 sigma=0.035
2026-07-10T14:46:03Z INFO controller.loop: tick service=frontend state=NOMINAL replicas 8→8 forecast=0.410 sigma=0.035
2026-07-10T14:46:18Z INFO controller.loop: tick service=frontend state=NOMINAL replicas 8→8 forecast=0.448 sigma=0.035
2026-07-10T14:46:33Z INFO controller.loop: tick service=frontend state=NOMINAL replicas 8→8 forecast=0.386 sigma=0.036
2026-07-10T14:46:48Z INFO controller.loop: tick service=frontend state=NOMINAL replicas 8→8 forecast=0.395 sigma=0.036
2026-07-10T14:47:03Z INFO controller.loop: tick service=frontend state=NOMINAL replicas 8→8 forecast=0.414 sigma=0.036
2026-07-10T14:47:18Z INFO controller.loop: tick service=frontend state=NOMINAL replicas 8→8 forecast=0.387 sigma=0.036
2026-07-10T14:47:33Z INFO controller.loop: tick service=frontend state=NOMINAL replicas 8→8 forecast=0.358 sigma=0.037
2026-07-10T14:47:48Z INFO controller.loop: tick service=frontend state=NOMINAL replicas 8→8 forecast=0.351 sigma=0.037
2026-07-10T14:48:03Z INFO controller.loop: tick service=frontend state=NOMINAL replicas 8→8 forecast=0.413 sigma=0.037
2026-07-10T14:48:18Z INFO controller.loop: tick service=frontend state=NOMINAL replicas 8→8 forecast=0.430 sigma=0.037
2026-07-10T14:48:33Z INFO controller.loop: tick service=frontend state=NOMINAL replicas 8→8 forecast=0.400 sigma=0.038
2026-07-10T14:48:48Z INFO controller.loop: tick service=frontend state=NOMINAL replicas 8→8 forecast=0.324 sigma=0.038
2026-07-10T14:49:03Z INFO controller.loop: tick service=frontend state=NOMINAL replicas 8→8 forecast=0.379 sigma=0.036
2026-07-10T14:49:18Z INFO controller.loop: tick service=frontend state=NOMINAL replicas 8→8 forecast=0.403 sigma=0.036
2026-07-10T14:49:33Z INFO controller.loop: tick service=frontend state=NOMINAL replicas 8→8 forecast=0.343 sigma=0.038
2026-07-10T14:49:48Z INFO controller.loop: tick service=frontend state=NOMINAL replicas 8→8 forecast=0.327 sigma=0.036
2026-07-10T14:50:03Z INFO controller.loop: tick service=frontend state=NOMINAL replicas 8→8 forecast=0.343 sigma=0.034
2026-07-10T14:50:18Z INFO controller.loop: tick service=frontend state=NOMINAL replicas 8→8 forecast=0.384 sigma=0.035
2026-07-10T14:50:33Z INFO controller.loop: tick service=frontend state=NOMINAL replicas 8→8 forecast=0.384 sigma=0.035
2026-07-10T14:50:48Z INFO controller.loop: tick service=frontend state=NOMINAL replicas 8→8 forecast=0.371 sigma=0.034
2026-07-10T14:51:03Z INFO controller.loop: tick service=frontend state=NOMINAL replicas 8→8 forecast=0.366 sigma=0.034
2026-07-10T14:51:18Z INFO controller.loop: tick service=frontend state=NOMINAL replicas 8→8 forecast=0.387 sigma=0.033
2026-07-10T14:51:33Z INFO controller.loop: tick service=frontend state=NOMINAL replicas 8→8 forecast=0.393 sigma=0.032
2026-07-10T14:51:48Z INFO controller.loop: tick service=frontend state=NOMINAL replicas 8→8 forecast=0.393 sigma=0.032
2026-07-10T14:52:03Z INFO controller.loop: tick service=frontend state=NOMINAL replicas 8→8 forecast=0.391 sigma=0.032
2026-07-10T14:52:18Z INFO controller.loop: tick service=frontend state=NOMINAL replicas 8→8 forecast=0.391 sigma=0.032
2026-07-10T14:52:33Z INFO controller.loop: tick service=frontend state=NOMINAL replicas 8→8 forecast=0.394 sigma=0.029
2026-07-10T14:52:48Z INFO controller.loop: tick service=frontend state=NOMINAL replicas 8→8 forecast=0.379 sigma=0.028
2026-07-10T14:53:03Z INFO controller.loop: tick service=frontend state=NOMINAL replicas 8→8 forecast=0.389 sigma=0.029
2026-07-10T14:53:18Z INFO controller.loop: tick service=frontend state=NOMINAL replicas 8→8 forecast=0.394 sigma=0.027
2026-07-10T14:53:33Z INFO controller.loop: tick service=frontend state=NOMINAL replicas 8→8 forecast=0.405 sigma=0.027
2026-07-10T14:53:48Z INFO controller.loop: tick service=frontend state=NOMINAL replicas 8→8 forecast=0.460 sigma=0.026
2026-07-10T14:54:03Z INFO controller.loop: tick service=frontend state=NOMINAL replicas 8→8 forecast=0.481 sigma=0.027
2026-07-10T14:54:18Z INFO controller.loop: tick service=frontend state=NOMINAL replicas 8→8 forecast=0.457 sigma=0.028
2026-07-10T14:54:33Z INFO controller.loop: tick service=frontend state=NOMINAL replicas 8→8 forecast=0.464 sigma=0.027
2026-07-10T14:54:48Z INFO controller.loop: tick service=frontend state=NOMINAL replicas 8→8 forecast=0.479 sigma=0.027
2026-07-10T14:55:03Z INFO controller.loop: tick service=frontend state=NOMINAL replicas 8→8 forecast=0.436 sigma=0.028
2026-07-10T14:55:18Z INFO controller.loop: tick service=frontend state=NOMINAL replicas 8→8 forecast=0.388 sigma=0.029
2026-07-10T14:55:33Z INFO controller.loop: tick service=frontend state=NOMINAL replicas 8→8 forecast=0.401 sigma=0.028
2026-07-10T14:55:48Z INFO controller.loop: tick service=frontend state=NOMINAL replicas 8→8 forecast=0.368 sigma=0.029
2026-07-10T14:56:03Z INFO controller.loop: tick service=frontend state=NOMINAL replicas 8→8 forecast=0.342 sigma=0.028
2026-07-10T14:56:18Z INFO controller.loop: tick service=frontend state=NOMINAL replicas 8→8 forecast=0.345 sigma=0.027
2026-07-10T14:56:33Z INFO controller.loop: tick service=frontend state=NOMINAL replicas 8→8 forecast=0.365 sigma=0.027
2026-07-10T14:56:48Z INFO controller.loop: tick service=frontend state=NOMINAL replicas 8→8 forecast=0.349 sigma=0.027
2026-07-10T14:57:03Z INFO controller.loop: tick service=frontend state=NOMINAL replicas 8→8 forecast=0.363 sigma=0.027
2026-07-10T14:57:18Z INFO controller.loop: tick service=frontend state=NOMINAL replicas 8→8 forecast=0.385 sigma=0.025
2026-07-10T14:57:33Z INFO controller.loop: tick service=frontend state=NOMINAL replicas 8→8 forecast=0.391 sigma=0.025
2026-07-10T14:57:48Z INFO controller.loop: tick service=frontend state=NOMINAL replicas 8→8 forecast=0.385 sigma=0.024
2026-07-10T14:58:03Z INFO controller.loop: tick service=frontend state=NOMINAL replicas 8→8 forecast=0.369 sigma=0.024
2026-07-10T14:58:18Z INFO controller.loop: tick service=frontend state=NOMINAL replicas 8→8 forecast=0.322 sigma=0.025
2026-07-10T14:58:33Z INFO controller.loop: tick service=frontend state=NOMINAL replicas 8→8 forecast=0.328 sigma=0.024
2026-07-10T14:58:48Z INFO controller.loop: tick service=frontend state=NOMINAL replicas 8→8 forecast=0.343 sigma=0.024
2026-07-10T14:59:03Z INFO controller.loop: tick service=frontend state=NOMINAL replicas 8→8 forecast=0.355 sigma=0.023
2026-07-10T14:59:18Z INFO controller.loop: tick service=frontend state=NOMINAL replicas 8→8 forecast=0.347 sigma=0.023
2026-07-10T14:59:33Z INFO controller.loop: tick service=frontend state=NOMINAL replicas 8→8 forecast=0.332 sigma=0.021
2026-07-10T14:59:48Z INFO controller.loop: tick service=frontend state=NOMINAL replicas 8→8 forecast=0.367 sigma=0.020
2026-07-10T15:00:03Z INFO controller.loop: tick service=frontend state=NOMINAL replicas 8→8 forecast=0.335 sigma=0.021
2026-07-10T15:00:18Z INFO controller.loop: tick service=frontend state=NOMINAL replicas 8→8 forecast=0.329 sigma=0.021
2026-07-10T15:00:33Z INFO controller.loop: tick service=frontend state=NOMINAL replicas 8→8 forecast=0.329 sigma=0.021
2026-07-10T15:00:48Z INFO controller.k8s_actuator: scaled deployment=frontend ns=default from=8 to=7
2026-07-10T15:00:48Z INFO controller.loop: tick service=frontend state=NOMINAL replicas 8→7 forecast=0.316 sigma=0.021
2026-07-10T15:01:03Z INFO controller.k8s_actuator: scaled deployment=frontend ns=default from=7 to=8
2026-07-10T15:01:03Z INFO controller.loop: tick service=frontend state=NOMINAL replicas 7→8 forecast=0.354 sigma=0.021
2026-07-10T15:01:18Z INFO controller.loop: tick service=frontend state=NOMINAL replicas 8→8 forecast=0.368 sigma=0.021
2026-07-10T15:01:30Z INFO controller.loop: received signal 15 — stopping after current tick
✅  stopped after 121 tick(s). Evidence: experiments/results/trace_replay-hybrid-010-evidence.jsonl
