▶  evidence path override: experiments/results/trace_replay-hybrid-003-evidence.jsonl
▶  config loaded: service=frontend namespace=default
▶  model registry loaded: phase3_20260709T001052Z_model_registry.yaml → holt_winters for frontend
▶  starting control loop (tick=15s, horizon=30s, forecaster=holt_winters)
2026-07-09T20:04:51Z INFO controller.k8s_actuator: scaled deployment=frontend ns=default from=1 to=3
2026-07-09T20:04:51Z INFO controller.loop: tick service=frontend state=SCALE_LIMITED replicas 1→3 forecast=0.185 sigma=0.015
2026-07-09T20:05:06Z INFO controller.k8s_actuator: scaled deployment=frontend ns=default from=3 to=5
2026-07-09T20:05:06Z INFO controller.loop: tick service=frontend state=NOMINAL replicas 3→5 forecast=0.180 sigma=0.016
2026-07-09T20:05:21Z INFO controller.loop: tick service=frontend state=NOMINAL replicas 5→5 forecast=0.190 sigma=0.017
2026-07-09T20:05:36Z INFO controller.loop: tick service=frontend state=NOMINAL replicas 5→5 forecast=0.183 sigma=0.015
2026-07-09T20:05:51Z INFO controller.loop: tick service=frontend state=NOMINAL replicas 5→5 forecast=0.187 sigma=0.016
2026-07-09T20:06:06Z INFO controller.k8s_actuator: scaled deployment=frontend ns=default from=5 to=6
2026-07-09T20:06:06Z INFO controller.loop: tick service=frontend state=NOMINAL replicas 5→6 forecast=0.260 sigma=0.023
2026-07-09T20:06:21Z INFO controller.k8s_actuator: scaled deployment=frontend ns=default from=6 to=7
2026-07-09T20:06:21Z INFO controller.loop: tick service=frontend state=NOMINAL replicas 6→7 forecast=0.302 sigma=0.023
2026-07-09T20:06:36Z INFO controller.loop: tick service=frontend state=NOMINAL replicas 7→7 forecast=0.291 sigma=0.023
2026-07-09T20:06:51Z INFO controller.k8s_actuator: scaled deployment=frontend ns=default from=7 to=6
2026-07-09T20:06:51Z INFO controller.loop: tick service=frontend state=NOMINAL replicas 7→6 forecast=0.230 sigma=0.027
2026-07-09T20:07:06Z INFO controller.k8s_actuator: scaled deployment=frontend ns=default from=6 to=7
2026-07-09T20:07:06Z INFO controller.loop: tick service=frontend state=NOMINAL replicas 6→7 forecast=0.264 sigma=0.026
2026-07-09T20:07:21Z INFO controller.loop: tick service=frontend state=NOMINAL replicas 7→7 forecast=0.305 sigma=0.027
2026-07-09T20:07:36Z INFO controller.loop: tick service=frontend state=NOMINAL replicas 7→7 forecast=0.303 sigma=0.026
2026-07-09T20:07:51Z INFO controller.loop: tick service=frontend state=NOMINAL replicas 7→7 forecast=0.307 sigma=0.026
2026-07-09T20:08:06Z INFO controller.k8s_actuator: scaled deployment=frontend ns=default from=7 to=8
2026-07-09T20:08:06Z INFO controller.loop: tick service=frontend state=NOMINAL replicas 7→8 forecast=0.324 sigma=0.026
2026-07-09T20:08:21Z INFO controller.loop: tick service=frontend state=NOMINAL replicas 8→8 forecast=0.364 sigma=0.026
2026-07-09T20:08:36Z INFO controller.loop: tick service=frontend state=NOMINAL replicas 8→8 forecast=0.410 sigma=0.026
2026-07-09T20:08:51Z INFO controller.loop: tick service=frontend state=NOMINAL replicas 8→8 forecast=0.433 sigma=0.027
2026-07-09T20:09:06Z INFO controller.loop: tick service=frontend state=NOMINAL replicas 8→8 forecast=0.385 sigma=0.028
2026-07-09T20:09:21Z INFO controller.loop: tick service=frontend state=NOMINAL replicas 8→8 forecast=0.350 sigma=0.030
2026-07-09T20:09:36Z INFO controller.loop: tick service=frontend state=NOMINAL replicas 8→8 forecast=0.347 sigma=0.028
2026-07-09T20:09:51Z INFO controller.loop: tick service=frontend state=NOMINAL replicas 8→8 forecast=0.367 sigma=0.027
2026-07-09T20:10:06Z INFO controller.loop: tick service=frontend state=NOMINAL replicas 8→8 forecast=0.360 sigma=0.027
2026-07-09T20:10:21Z INFO controller.loop: tick service=frontend state=NOMINAL replicas 8→8 forecast=0.380 sigma=0.026
2026-07-09T20:10:36Z INFO controller.loop: tick service=frontend state=NOMINAL replicas 8→8 forecast=0.357 sigma=0.027
2026-07-09T20:10:51Z INFO controller.loop: tick service=frontend state=NOMINAL replicas 8→8 forecast=0.332 sigma=0.027
2026-07-09T20:11:06Z INFO controller.loop: tick service=frontend state=NOMINAL replicas 8→8 forecast=0.342 sigma=0.027
2026-07-09T20:11:21Z INFO controller.loop: tick service=frontend state=NOMINAL replicas 8→8 forecast=0.375 sigma=0.026
2026-07-09T20:11:36Z INFO controller.loop: tick service=frontend state=NOMINAL replicas 8→8 forecast=0.362 sigma=0.027
2026-07-09T20:11:51Z INFO controller.loop: tick service=frontend state=NOMINAL replicas 8→8 forecast=0.326 sigma=0.027
2026-07-09T20:12:06Z INFO controller.loop: tick service=frontend state=NOMINAL replicas 8→8 forecast=0.320 sigma=0.027
2026-07-09T20:12:21Z INFO controller.loop: tick service=frontend state=NOMINAL replicas 8→8 forecast=0.378 sigma=0.027
2026-07-09T20:12:36Z INFO controller.loop: tick service=frontend state=NOMINAL replicas 8→8 forecast=0.401 sigma=0.027
2026-07-09T20:12:51Z INFO controller.loop: tick service=frontend state=NOMINAL replicas 8→8 forecast=0.434 sigma=0.028
2026-07-09T20:13:06Z INFO controller.loop: tick service=frontend state=NOMINAL replicas 8→8 forecast=0.385 sigma=0.029
2026-07-09T20:13:21Z INFO controller.loop: tick service=frontend state=NOMINAL replicas 8→8 forecast=0.404 sigma=0.028
2026-07-09T20:13:36Z INFO controller.loop: tick service=frontend state=NOMINAL replicas 8→8 forecast=0.397 sigma=0.028
2026-07-09T20:13:51Z INFO controller.loop: tick service=frontend state=NOMINAL replicas 8→8 forecast=0.345 sigma=0.030
2026-07-09T20:14:06Z INFO controller.loop: tick service=frontend state=NOMINAL replicas 8→8 forecast=0.403 sigma=0.031
2026-07-09T20:14:21Z INFO controller.loop: tick service=frontend state=NOMINAL replicas 8→8 forecast=0.412 sigma=0.030
2026-07-09T20:14:36Z INFO controller.loop: tick service=frontend state=NOMINAL replicas 8→8 forecast=0.473 sigma=0.028
2026-07-09T20:14:51Z INFO controller.loop: tick service=frontend state=NOMINAL replicas 8→8 forecast=0.482 sigma=0.029
2026-07-09T20:15:06Z INFO controller.loop: tick service=frontend state=NOMINAL replicas 8→8 forecast=0.503 sigma=0.029
2026-07-09T20:15:21Z INFO controller.loop: tick service=frontend state=NOMINAL replicas 8→8 forecast=0.445 sigma=0.031
2026-07-09T20:15:36Z INFO controller.loop: tick service=frontend state=NOMINAL replicas 8→8 forecast=0.423 sigma=0.030
2026-07-09T20:15:51Z INFO controller.loop: tick service=frontend state=NOMINAL replicas 8→8 forecast=0.393 sigma=0.030
2026-07-09T20:16:06Z INFO controller.loop: tick service=frontend state=NOMINAL replicas 8→8 forecast=0.453 sigma=0.029
2026-07-09T20:16:21Z INFO controller.loop: tick service=frontend state=NOMINAL replicas 8→8 forecast=0.390 sigma=0.033
2026-07-09T20:16:36Z INFO controller.loop: tick service=frontend state=NOMINAL replicas 8→8 forecast=0.401 sigma=0.031
2026-07-09T20:16:51Z INFO controller.loop: tick service=frontend state=NOMINAL replicas 8→8 forecast=0.361 sigma=0.028
2026-07-09T20:17:06Z INFO controller.loop: tick service=frontend state=NOMINAL replicas 8→8 forecast=0.414 sigma=0.026
2026-07-09T20:17:21Z INFO controller.loop: tick service=frontend state=NOMINAL replicas 8→8 forecast=0.462 sigma=0.027
2026-07-09T20:17:36Z INFO controller.loop: tick service=frontend state=NOMINAL replicas 8→8 forecast=0.410 sigma=0.030
2026-07-09T20:17:51Z INFO controller.loop: tick service=frontend state=NOMINAL replicas 8→8 forecast=0.390 sigma=0.029
2026-07-09T20:18:06Z INFO controller.loop: tick service=frontend state=NOMINAL replicas 8→8 forecast=0.376 sigma=0.029
2026-07-09T20:18:21Z INFO controller.loop: tick service=frontend state=NOMINAL replicas 8→8 forecast=0.402 sigma=0.029
2026-07-09T20:18:36Z INFO controller.loop: tick service=frontend state=NOMINAL replicas 8→8 forecast=0.387 sigma=0.028
2026-07-09T20:18:51Z INFO controller.loop: tick service=frontend state=NOMINAL replicas 8→8 forecast=0.390 sigma=0.028
2026-07-09T20:19:06Z INFO controller.loop: tick service=frontend state=NOMINAL replicas 8→8 forecast=0.338 sigma=0.028
2026-07-09T20:19:21Z INFO controller.loop: tick service=frontend state=NOMINAL replicas 8→8 forecast=0.353 sigma=0.027
2026-07-09T20:19:36Z INFO controller.loop: tick service=frontend state=NOMINAL replicas 8→8 forecast=0.391 sigma=0.026
2026-07-09T20:19:51Z INFO controller.loop: tick service=frontend state=NOMINAL replicas 8→8 forecast=0.391 sigma=0.027
2026-07-09T20:20:06Z INFO controller.loop: tick service=frontend state=NOMINAL replicas 8→8 forecast=0.378 sigma=0.027
2026-07-09T20:20:21Z INFO controller.loop: tick service=frontend state=NOMINAL replicas 8→8 forecast=0.365 sigma=0.028
2026-07-09T20:20:36Z INFO controller.loop: tick service=frontend state=NOMINAL replicas 8→8 forecast=0.374 sigma=0.027
2026-07-09T20:20:51Z INFO controller.loop: tick service=frontend state=NOMINAL replicas 8→8 forecast=0.368 sigma=0.027
2026-07-09T20:21:06Z INFO controller.loop: tick service=frontend state=NOMINAL replicas 8→8 forecast=0.349 sigma=0.028
2026-07-09T20:21:21Z INFO controller.loop: tick service=frontend state=NOMINAL replicas 8→8 forecast=0.358 sigma=0.028
2026-07-09T20:21:36Z INFO controller.loop: tick service=frontend state=NOMINAL replicas 8→8 forecast=0.400 sigma=0.027
2026-07-09T20:21:51Z INFO controller.loop: tick service=frontend state=NOMINAL replicas 8→8 forecast=0.389 sigma=0.028
2026-07-09T20:22:06Z INFO controller.loop: tick service=frontend state=NOMINAL replicas 8→8 forecast=0.357 sigma=0.027
2026-07-09T20:22:21Z INFO controller.loop: tick service=frontend state=NOMINAL replicas 8→8 forecast=0.399 sigma=0.026
2026-07-09T20:22:36Z INFO controller.loop: tick service=frontend state=NOMINAL replicas 8→8 forecast=0.402 sigma=0.026
2026-07-09T20:22:51Z INFO controller.loop: tick service=frontend state=NOMINAL replicas 8→8 forecast=0.363 sigma=0.026
2026-07-09T20:23:06Z INFO controller.k8s_actuator: scaled deployment=frontend ns=default from=8 to=7
2026-07-09T20:23:06Z INFO controller.loop: tick service=frontend state=NOMINAL replicas 8→7 forecast=0.277 sigma=0.029
2026-07-09T20:23:21Z INFO controller.k8s_actuator: scaled deployment=frontend ns=default from=7 to=8
2026-07-09T20:23:21Z INFO controller.loop: tick service=frontend state=NOMINAL replicas 7→8 forecast=0.326 sigma=0.028
2026-07-09T20:23:36Z INFO controller.loop: tick service=frontend state=NOMINAL replicas 8→8 forecast=0.370 sigma=0.034
2026-07-09T20:23:51Z INFO controller.loop: tick service=frontend state=NOMINAL replicas 8→8 forecast=0.354 sigma=0.030
2026-07-09T20:24:06Z INFO controller.loop: tick service=frontend state=NOMINAL replicas 8→8 forecast=0.355 sigma=0.027
2026-07-09T20:24:21Z INFO controller.loop: tick service=frontend state=NOMINAL replicas 8→8 forecast=0.376 sigma=0.025
2026-07-09T20:24:36Z INFO controller.loop: tick service=frontend state=NOMINAL replicas 8→8 forecast=0.388 sigma=0.025
2026-07-09T20:24:51Z INFO controller.loop: tick service=frontend state=NOMINAL replicas 8→8 forecast=0.377 sigma=0.025
2026-07-09T20:25:06Z INFO controller.loop: tick service=frontend state=NOMINAL replicas 8→8 forecast=0.372 sigma=0.025
2026-07-09T20:25:21Z INFO controller.loop: tick service=frontend state=NOMINAL replicas 8→8 forecast=0.379 sigma=0.024
2026-07-09T20:25:36Z INFO controller.loop: tick service=frontend state=NOMINAL replicas 8→8 forecast=0.389 sigma=0.025
2026-07-09T20:25:51Z INFO controller.loop: tick service=frontend state=NOMINAL replicas 8→8 forecast=0.381 sigma=0.025
2026-07-09T20:26:06Z INFO controller.loop: tick service=frontend state=NOMINAL replicas 8→8 forecast=0.376 sigma=0.026
2026-07-09T20:26:21Z INFO controller.loop: tick service=frontend state=NOMINAL replicas 8→8 forecast=0.378 sigma=0.025
2026-07-09T20:26:36Z INFO controller.loop: tick service=frontend state=NOMINAL replicas 8→8 forecast=0.384 sigma=0.024
2026-07-09T20:26:51Z INFO controller.loop: tick service=frontend state=NOMINAL replicas 8→8 forecast=0.384 sigma=0.024
2026-07-09T20:27:06Z INFO controller.loop: tick service=frontend state=NOMINAL replicas 8→8 forecast=0.388 sigma=0.023
2026-07-09T20:27:21Z INFO controller.loop: tick service=frontend state=NOMINAL replicas 8→8 forecast=0.439 sigma=0.022
2026-07-09T20:27:36Z INFO controller.loop: tick service=frontend state=NOMINAL replicas 8→8 forecast=0.493 sigma=0.021
2026-07-09T20:27:51Z INFO controller.loop: tick service=frontend state=NOMINAL replicas 8→8 forecast=0.444 sigma=0.027
2026-07-09T20:28:06Z INFO controller.loop: tick service=frontend state=NOMINAL replicas 8→8 forecast=0.474 sigma=0.023
2026-07-09T20:28:21Z INFO controller.loop: tick service=frontend state=NOMINAL replicas 8→8 forecast=0.468 sigma=0.024
2026-07-09T20:28:36Z INFO controller.loop: tick service=frontend state=NOMINAL replicas 8→8 forecast=0.467 sigma=0.023
2026-07-09T20:28:51Z INFO controller.loop: tick service=frontend state=NOMINAL replicas 8→8 forecast=0.428 sigma=0.024
2026-07-09T20:29:06Z INFO controller.loop: tick service=frontend state=NOMINAL replicas 8→8 forecast=0.352 sigma=0.029
2026-07-09T20:29:21Z INFO controller.k8s_actuator: scaled deployment=frontend ns=default from=8 to=7
2026-07-09T20:29:21Z INFO controller.loop: tick service=frontend state=NOMINAL replicas 8→7 forecast=0.294 sigma=0.026
2026-07-09T20:29:36Z INFO controller.loop: tick service=frontend state=NOMINAL replicas 7→7 forecast=0.303 sigma=0.025
2026-07-09T20:29:51Z INFO controller.loop: tick service=frontend state=NOMINAL replicas 7→7 forecast=0.274 sigma=0.025
2026-07-09T20:30:06Z INFO controller.loop: tick service=frontend state=NOMINAL replicas 7→7 forecast=0.311 sigma=0.025
2026-07-09T20:30:21Z INFO controller.k8s_actuator: scaled deployment=frontend ns=default from=7 to=8
2026-07-09T20:30:21Z INFO controller.loop: tick service=frontend state=NOMINAL replicas 7→8 forecast=0.319 sigma=0.024
2026-07-09T20:30:36Z INFO controller.k8s_actuator: scaled deployment=frontend ns=default from=8 to=7
2026-07-09T20:30:36Z INFO controller.loop: tick service=frontend state=NOMINAL replicas 8→7 forecast=0.285 sigma=0.026
2026-07-09T20:30:51Z INFO controller.k8s_actuator: scaled deployment=frontend ns=default from=7 to=8
2026-07-09T20:30:51Z INFO controller.loop: tick service=frontend state=NOMINAL replicas 7→8 forecast=0.330 sigma=0.025
2026-07-09T20:31:06Z INFO controller.loop: tick service=frontend state=NOMINAL replicas 8→8 forecast=0.391 sigma=0.024
2026-07-09T20:31:21Z INFO controller.loop: tick service=frontend state=NOMINAL replicas 8→8 forecast=0.365 sigma=0.025
2026-07-09T20:31:36Z INFO controller.k8s_actuator: scaled deployment=frontend ns=default from=8 to=7
2026-07-09T20:31:36Z INFO controller.loop: tick service=frontend state=NOMINAL replicas 8→7 forecast=0.257 sigma=0.032
2026-07-09T20:31:51Z INFO controller.k8s_actuator: scaled deployment=frontend ns=default from=7 to=8
2026-07-09T20:31:51Z INFO controller.loop: tick service=frontend state=NOMINAL replicas 7→8 forecast=0.340 sigma=0.032
2026-07-09T20:32:06Z INFO controller.loop: tick service=frontend state=NOMINAL replicas 8→8 forecast=0.318 sigma=0.033
2026-07-09T20:32:21Z INFO controller.loop: tick service=frontend state=NOMINAL replicas 8→8 forecast=0.355 sigma=0.033
2026-07-09T20:32:36Z INFO controller.loop: tick service=frontend state=NOMINAL replicas 8→8 forecast=0.351 sigma=0.033
2026-07-09T20:32:51Z INFO controller.loop: tick service=frontend state=NOMINAL replicas 8→8 forecast=0.324 sigma=0.034
2026-07-09T20:33:06Z INFO controller.loop: tick service=frontend state=NOMINAL replicas 8→8 forecast=0.345 sigma=0.032
2026-07-09T20:33:21Z INFO controller.loop: tick service=frontend state=NOMINAL replicas 8→8 forecast=0.348 sigma=0.032
2026-07-09T20:33:36Z INFO controller.loop: tick service=frontend state=NOMINAL replicas 8→8 forecast=0.338 sigma=0.032
2026-07-09T20:33:51Z INFO controller.k8s_actuator: scaled deployment=frontend ns=default from=8 to=7
2026-07-09T20:33:51Z INFO controller.loop: tick service=frontend state=NOMINAL replicas 8→7 forecast=0.297 sigma=0.033
2026-07-09T20:34:06Z INFO controller.k8s_actuator: scaled deployment=frontend ns=default from=7 to=8
2026-07-09T20:34:06Z INFO controller.loop: tick service=frontend state=NOMINAL replicas 7→8 forecast=0.322 sigma=0.032
2026-07-09T20:34:21Z INFO controller.loop: tick service=frontend state=NOMINAL replicas 8→8 forecast=0.332 sigma=0.032
2026-07-09T20:34:36Z INFO controller.loop: tick service=frontend state=NOMINAL replicas 8→8 forecast=0.306 sigma=0.033
2026-07-09T20:34:51Z INFO controller.loop: tick service=frontend state=NOMINAL replicas 8→8 forecast=0.359 sigma=0.032
2026-07-09T20:35:04Z INFO controller.loop: received signal 15 — stopping after current tick
✅  stopped after 121 tick(s). Evidence: experiments/results/trace_replay-hybrid-003-evidence.jsonl
