▶  evidence path override: experiments/results/burst-hybrid-009-evidence.jsonl
▶  config loaded: service=frontend namespace=default
▶  model registry loaded: phase3_20260709T001052Z_model_registry.yaml → holt_winters for frontend
▶  starting control loop (tick=15s, horizon=30s, forecaster=holt_winters)
2026-07-09T15:38:24Z INFO controller.k8s_actuator: scaled deployment=frontend ns=default from=1 to=3
2026-07-09T15:38:24Z INFO controller.loop: tick service=frontend state=SCALE_LIMITED replicas 1→3 forecast=0.187 sigma=0.020
2026-07-09T15:38:39Z INFO controller.k8s_actuator: scaled deployment=frontend ns=default from=3 to=5
2026-07-09T15:38:39Z INFO controller.loop: tick service=frontend state=NOMINAL replicas 3→5 forecast=0.191 sigma=0.020
2026-07-09T15:38:54Z INFO controller.loop: tick service=frontend state=NOMINAL replicas 5→5 forecast=0.180 sigma=0.020
2026-07-09T15:39:09Z INFO controller.loop: tick service=frontend state=NOMINAL replicas 5→5 forecast=0.180 sigma=0.020
2026-07-09T15:39:24Z INFO controller.loop: tick service=frontend state=NOMINAL replicas 5→5 forecast=0.182 sigma=0.018
2026-07-09T15:39:39Z INFO controller.loop: tick service=frontend state=NOMINAL replicas 5→5 forecast=0.190 sigma=0.017
2026-07-09T15:39:54Z INFO controller.k8s_actuator: scaled deployment=frontend ns=default from=5 to=4
2026-07-09T15:39:54Z INFO controller.loop: tick service=frontend state=NOMINAL replicas 5→4 forecast=0.175 sigma=0.016
2026-07-09T15:40:09Z INFO controller.k8s_actuator: scaled deployment=frontend ns=default from=4 to=5
2026-07-09T15:40:09Z INFO controller.loop: tick service=frontend state=NOMINAL replicas 4→5 forecast=0.176 sigma=0.016
2026-07-09T15:40:24Z INFO controller.loop: tick service=frontend state=NOMINAL replicas 5→5 forecast=0.187 sigma=0.017
2026-07-09T15:40:39Z INFO controller.loop: tick service=frontend state=NOMINAL replicas 5→5 forecast=0.188 sigma=0.016
2026-07-09T15:40:54Z INFO controller.k8s_actuator: scaled deployment=frontend ns=default from=5 to=4
2026-07-09T15:40:54Z INFO controller.loop: tick service=frontend state=NOMINAL replicas 5→4 forecast=0.173 sigma=0.016
2026-07-09T15:41:09Z INFO controller.k8s_actuator: scaled deployment=frontend ns=default from=4 to=5
2026-07-09T15:41:09Z INFO controller.loop: tick service=frontend state=NOMINAL replicas 4→5 forecast=0.183 sigma=0.015
2026-07-09T15:41:24Z INFO controller.loop: tick service=frontend state=NOMINAL replicas 5→5 forecast=0.188 sigma=0.015
2026-07-09T15:41:39Z INFO controller.loop: tick service=frontend state=NOMINAL replicas 5→5 forecast=0.187 sigma=0.014
2026-07-09T15:41:54Z INFO controller.k8s_actuator: scaled deployment=frontend ns=default from=5 to=4
2026-07-09T15:41:54Z INFO controller.loop: tick service=frontend state=NOMINAL replicas 5→4 forecast=0.175 sigma=0.013
2026-07-09T15:42:09Z INFO controller.k8s_actuator: scaled deployment=frontend ns=default from=4 to=5
2026-07-09T15:42:09Z INFO controller.loop: tick service=frontend state=NOMINAL replicas 4→5 forecast=0.179 sigma=0.016
2026-07-09T15:42:24Z INFO controller.loop: tick service=frontend state=NOMINAL replicas 5→5 forecast=0.180 sigma=0.014
2026-07-09T15:42:39Z INFO controller.k8s_actuator: scaled deployment=frontend ns=default from=5 to=4
2026-07-09T15:42:39Z INFO controller.loop: tick service=frontend state=NOMINAL replicas 5→4 forecast=0.179 sigma=0.013
2026-07-09T15:42:54Z INFO controller.loop: tick service=frontend state=NOMINAL replicas 4→4 forecast=0.179 sigma=0.013
2026-07-09T15:43:09Z INFO controller.k8s_actuator: scaled deployment=frontend ns=default from=4 to=5
2026-07-09T15:43:09Z INFO controller.loop: tick service=frontend state=NOMINAL replicas 4→5 forecast=0.182 sigma=0.012
2026-07-09T15:43:24Z INFO controller.loop: tick service=frontend state=NOMINAL replicas 5→5 forecast=0.185 sigma=0.012
2026-07-09T15:43:39Z INFO controller.k8s_actuator: scaled deployment=frontend ns=default from=5 to=4
2026-07-09T15:43:39Z INFO controller.loop: tick service=frontend state=NOMINAL replicas 5→4 forecast=0.174 sigma=0.014
2026-07-09T15:43:54Z INFO controller.k8s_actuator: scaled deployment=frontend ns=default from=4 to=5
2026-07-09T15:43:54Z INFO controller.loop: tick service=frontend state=NOMINAL replicas 4→5 forecast=0.178 sigma=0.015
2026-07-09T15:44:09Z INFO controller.k8s_actuator: scaled deployment=frontend ns=default from=5 to=7
2026-07-09T15:44:09Z INFO controller.loop: tick service=frontend state=SCALE_LIMITED replicas 5→7 forecast=0.360 sigma=0.027
2026-07-09T15:44:24Z INFO controller.k8s_actuator: scaled deployment=frontend ns=default from=7 to=8
2026-07-09T15:44:24Z INFO controller.loop: tick service=frontend state=NOMINAL replicas 7→8 forecast=0.467 sigma=0.026
2026-07-09T15:44:39Z INFO controller.loop: tick service=frontend state=NOMINAL replicas 8→8 forecast=0.448 sigma=0.026
2026-07-09T15:44:54Z INFO controller.loop: tick service=frontend state=NOMINAL replicas 8→8 forecast=0.495 sigma=0.027
2026-07-09T15:45:09Z INFO controller.loop: tick service=frontend state=NOMINAL replicas 8→8 forecast=0.509 sigma=0.027
2026-07-09T15:45:24Z INFO controller.loop: tick service=frontend state=NOMINAL replicas 8→8 forecast=0.455 sigma=0.028
2026-07-09T15:45:39Z INFO controller.loop: tick service=frontend state=NOMINAL replicas 8→8 forecast=0.348 sigma=0.029
2026-07-09T15:45:54Z INFO controller.loop: tick service=frontend state=NOMINAL replicas 8→8 forecast=0.354 sigma=0.029
2026-07-09T15:46:09Z INFO controller.k8s_actuator: scaled deployment=frontend ns=default from=8 to=6
2026-07-09T15:46:09Z INFO controller.loop: tick service=frontend state=NOMINAL replicas 8→6 forecast=0.250 sigma=0.030
2026-07-09T15:46:24Z INFO controller.loop: tick service=frontend state=NOMINAL replicas 6→6 forecast=0.220 sigma=0.030
2026-07-09T15:46:39Z INFO controller.loop: tick service=frontend state=NOMINAL replicas 6→6 forecast=0.216 sigma=0.030
2026-07-09T15:46:54Z INFO controller.k8s_actuator: scaled deployment=frontend ns=default from=6 to=5
2026-07-09T15:46:54Z INFO controller.loop: tick service=frontend state=NOMINAL replicas 6→5 forecast=0.179 sigma=0.030
2026-07-09T15:47:09Z INFO controller.k8s_actuator: scaled deployment=frontend ns=default from=5 to=6
2026-07-09T15:47:09Z INFO controller.loop: tick service=frontend state=NOMINAL replicas 5→6 forecast=0.219 sigma=0.031
2026-07-09T15:47:24Z INFO controller.loop: tick service=frontend state=NOMINAL replicas 6→6 forecast=0.243 sigma=0.029
2026-07-09T15:47:39Z INFO controller.loop: tick service=frontend state=NOMINAL replicas 6→6 forecast=0.245 sigma=0.028
2026-07-09T15:47:54Z INFO controller.loop: tick service=frontend state=NOMINAL replicas 6→6 forecast=0.230 sigma=0.028
2026-07-09T15:48:09Z INFO controller.loop: tick service=frontend state=NOMINAL replicas 6→6 forecast=0.214 sigma=0.028
2026-07-09T15:48:24Z INFO controller.loop: tick service=frontend state=NOMINAL replicas 6→6 forecast=0.226 sigma=0.028
2026-07-09T15:48:39Z INFO controller.k8s_actuator: scaled deployment=frontend ns=default from=6 to=7
2026-07-09T15:48:39Z INFO controller.loop: tick service=frontend state=NOMINAL replicas 6→7 forecast=0.267 sigma=0.028
2026-07-09T15:48:54Z INFO controller.k8s_actuator: scaled deployment=frontend ns=default from=7 to=6
2026-07-09T15:48:54Z INFO controller.loop: tick service=frontend state=NOMINAL replicas 7→6 forecast=0.253 sigma=0.028
2026-07-09T15:49:09Z INFO controller.loop: tick service=frontend state=NOMINAL replicas 6→6 forecast=0.212 sigma=0.028
2026-07-09T15:49:24Z INFO controller.loop: tick service=frontend state=NOMINAL replicas 6→6 forecast=0.245 sigma=0.031
2026-07-09T15:49:39Z INFO controller.loop: tick service=frontend state=NOMINAL replicas 6→6 forecast=0.243 sigma=0.028
2026-07-09T15:49:54Z INFO controller.loop: tick service=frontend state=NOMINAL replicas 6→6 forecast=0.228 sigma=0.028
2026-07-09T15:50:09Z INFO controller.loop: tick service=frontend state=NOMINAL replicas 6→6 forecast=0.242 sigma=0.027
2026-07-09T15:50:24Z INFO controller.loop: tick service=frontend state=NOMINAL replicas 6→6 forecast=0.256 sigma=0.027
2026-07-09T15:50:29Z INFO controller.loop: received signal 15 — stopping after current tick
✅  stopped after 49 tick(s). Evidence: experiments/results/burst-hybrid-009-evidence.jsonl
