▶  evidence path override: experiments/results/ramp-hybrid-006-evidence.jsonl
▶  config loaded: service=frontend namespace=default
▶  model registry loaded: phase3_20260709T001052Z_model_registry.yaml → holt_winters for frontend
▶  starting control loop (tick=15s, horizon=30s, forecaster=holt_winters)
2026-07-10T18:17:44Z INFO controller.k8s_actuator: scaled deployment=frontend ns=default from=1 to=3
2026-07-10T18:17:44Z INFO controller.loop: tick service=frontend state=SCALE_LIMITED replicas 1→3 forecast=0.193 sigma=0.016
2026-07-10T18:17:59Z INFO controller.k8s_actuator: scaled deployment=frontend ns=default from=3 to=5
2026-07-10T18:17:59Z INFO controller.loop: tick service=frontend state=NOMINAL replicas 3→5 forecast=0.193 sigma=0.016
2026-07-10T18:18:14Z INFO controller.loop: tick service=frontend state=NOMINAL replicas 5→5 forecast=0.175 sigma=0.020
2026-07-10T18:18:29Z INFO controller.k8s_actuator: scaled deployment=frontend ns=default from=5 to=3
2026-07-10T18:18:29Z INFO controller.loop: tick service=frontend state=NOMINAL replicas 5→3 forecast=0.106 sigma=0.022
2026-07-10T18:18:44Z INFO controller.k8s_actuator: scaled deployment=frontend ns=default from=3 to=4
2026-07-10T18:18:44Z INFO controller.loop: tick service=frontend state=NOMINAL replicas 3→4 forecast=0.130 sigma=0.021
2026-07-10T18:18:59Z INFO controller.k8s_actuator: scaled deployment=frontend ns=default from=4 to=5
2026-07-10T18:18:59Z INFO controller.loop: tick service=frontend state=NOMINAL replicas 4→5 forecast=0.173 sigma=0.021
2026-07-10T18:19:14Z INFO controller.loop: tick service=frontend state=NOMINAL replicas 5→5 forecast=0.177 sigma=0.023
2026-07-10T18:19:29Z INFO controller.k8s_actuator: scaled deployment=frontend ns=default from=5 to=7
2026-07-10T18:19:29Z INFO controller.loop: tick service=frontend state=SCALE_LIMITED replicas 5→7 forecast=0.383 sigma=0.028
2026-07-10T18:19:44Z INFO controller.k8s_actuator: scaled deployment=frontend ns=default from=7 to=8
2026-07-10T18:19:44Z INFO controller.loop: tick service=frontend state=NOMINAL replicas 7→8 forecast=0.401 sigma=0.032
2026-07-10T18:19:59Z INFO controller.loop: tick service=frontend state=NOMINAL replicas 8→8 forecast=0.398 sigma=0.032
2026-07-10T18:20:14Z INFO controller.loop: tick service=frontend state=NOMINAL replicas 8→8 forecast=0.384 sigma=0.035
2026-07-10T18:20:29Z INFO controller.loop: tick service=frontend state=NOMINAL replicas 8→8 forecast=0.455 sigma=0.032
2026-07-10T18:20:44Z INFO controller.loop: tick service=frontend state=NOMINAL replicas 8→8 forecast=0.538 sigma=0.030
2026-07-10T18:20:59Z INFO controller.loop: tick service=frontend state=NOMINAL replicas 8→8 forecast=0.475 sigma=0.032
2026-07-10T18:21:14Z INFO controller.loop: tick service=frontend state=NOMINAL replicas 8→8 forecast=0.560 sigma=0.033
2026-07-10T18:21:29Z INFO controller.loop: tick service=frontend state=NOMINAL replicas 8→8 forecast=0.573 sigma=0.033
2026-07-10T18:21:44Z INFO controller.loop: tick service=frontend state=NOMINAL replicas 8→8 forecast=0.576 sigma=0.033
2026-07-10T18:21:59Z INFO controller.loop: tick service=frontend state=NOMINAL replicas 8→8 forecast=0.577 sigma=0.032
2026-07-10T18:22:14Z INFO controller.loop: tick service=frontend state=NOMINAL replicas 8→8 forecast=0.498 sigma=0.036
2026-07-10T18:22:29Z INFO controller.loop: tick service=frontend state=NOMINAL replicas 8→8 forecast=0.545 sigma=0.033
2026-07-10T18:22:44Z INFO controller.loop: tick service=frontend state=NOMINAL replicas 8→8 forecast=0.577 sigma=0.032
2026-07-10T18:22:59Z INFO controller.loop: tick service=frontend state=NOMINAL replicas 8→8 forecast=0.422 sigma=0.034
2026-07-10T18:23:14Z INFO controller.loop: tick service=frontend state=NOMINAL replicas 8→8 forecast=0.439 sigma=0.035
2026-07-10T18:23:29Z INFO controller.loop: tick service=frontend state=NOMINAL replicas 8→8 forecast=0.444 sigma=0.033
2026-07-10T18:23:44Z INFO controller.loop: tick service=frontend state=NOMINAL replicas 8→8 forecast=0.467 sigma=0.032
2026-07-10T18:23:59Z INFO controller.loop: tick service=frontend state=NOMINAL replicas 8→8 forecast=0.523 sigma=0.032
2026-07-10T18:24:14Z INFO controller.loop: tick service=frontend state=NOMINAL replicas 8→8 forecast=0.431 sigma=0.035
2026-07-10T18:24:29Z INFO controller.loop: tick service=frontend state=NOMINAL replicas 8→8 forecast=0.359 sigma=0.036
2026-07-10T18:24:44Z INFO controller.loop: tick service=frontend state=NOMINAL replicas 8→8 forecast=0.462 sigma=0.032
2026-07-10T18:24:59Z INFO controller.loop: tick service=frontend state=NOMINAL replicas 8→8 forecast=0.487 sigma=0.033
2026-07-10T18:25:14Z INFO controller.loop: tick service=frontend state=NOMINAL replicas 8→8 forecast=0.410 sigma=0.038
2026-07-10T18:25:29Z INFO controller.loop: tick service=frontend state=NOMINAL replicas 8→8 forecast=0.447 sigma=0.034
2026-07-10T18:25:44Z INFO controller.loop: tick service=frontend state=NOMINAL replicas 8→8 forecast=0.565 sigma=0.033
2026-07-10T18:25:59Z INFO controller.loop: tick service=frontend state=NOMINAL replicas 8→8 forecast=0.539 sigma=0.033
2026-07-10T18:26:14Z INFO controller.k8s_actuator: scaled deployment=frontend ns=default from=8 to=7
2026-07-10T18:26:14Z INFO controller.loop: tick service=frontend state=NOMINAL replicas 8→7 forecast=0.272 sigma=0.041
2026-07-10T18:26:29Z INFO controller.k8s_actuator: scaled deployment=frontend ns=default from=7 to=6
2026-07-10T18:26:29Z INFO controller.loop: tick service=frontend state=NOMINAL replicas 7→6 forecast=0.231 sigma=0.037
2026-07-10T18:26:44Z INFO controller.k8s_actuator: scaled deployment=frontend ns=default from=6 to=7
2026-07-10T18:26:44Z INFO controller.loop: tick service=frontend state=NOMINAL replicas 6→7 forecast=0.262 sigma=0.035
2026-07-10T18:26:59Z INFO controller.loop: tick service=frontend state=NOMINAL replicas 7→7 forecast=0.263 sigma=0.035
2026-07-10T18:27:14Z INFO controller.k8s_actuator: scaled deployment=frontend ns=default from=7 to=8
2026-07-10T18:27:14Z INFO controller.loop: tick service=frontend state=NOMINAL replicas 7→8 forecast=0.328 sigma=0.034
2026-07-10T18:27:29Z INFO controller.k8s_actuator: scaled deployment=frontend ns=default from=8 to=7
2026-07-10T18:27:29Z INFO controller.loop: tick service=frontend state=NOMINAL replicas 8→7 forecast=0.287 sigma=0.037
2026-07-10T18:27:44Z INFO controller.k8s_actuator: scaled deployment=frontend ns=default from=7 to=8
2026-07-10T18:27:44Z INFO controller.loop: tick service=frontend state=NOMINAL replicas 7→8 forecast=0.432 sigma=0.039
2026-07-10T18:27:59Z INFO controller.loop: tick service=frontend state=NOMINAL replicas 8→8 forecast=0.432 sigma=0.039
2026-07-10T18:28:14Z INFO controller.loop: tick service=frontend state=NOMINAL replicas 8→8 forecast=0.411 sigma=0.038
2026-07-10T18:28:29Z INFO controller.loop: tick service=frontend state=NOMINAL replicas 8→8 forecast=0.463 sigma=0.036
2026-07-10T18:28:44Z INFO controller.loop: tick service=frontend state=NOMINAL replicas 8→8 forecast=0.472 sigma=0.036
2026-07-10T18:28:59Z INFO controller.loop: tick service=frontend state=NOMINAL replicas 8→8 forecast=0.448 sigma=0.035
2026-07-10T18:29:14Z INFO controller.loop: tick service=frontend state=NOMINAL replicas 8→8 forecast=0.318 sigma=0.045
2026-07-10T18:29:29Z INFO controller.loop: tick service=frontend state=NOMINAL replicas 8→8 forecast=0.413 sigma=0.036
2026-07-10T18:29:44Z INFO controller.loop: tick service=frontend state=NOMINAL replicas 8→8 forecast=0.435 sigma=0.037
2026-07-10T18:29:59Z INFO controller.loop: tick service=frontend state=NOMINAL replicas 8→8 forecast=0.395 sigma=0.038
2026-07-10T18:30:14Z INFO controller.loop: tick service=frontend state=NOMINAL replicas 8→8 forecast=0.381 sigma=0.038
2026-07-10T18:30:29Z INFO controller.loop: tick service=frontend state=NOMINAL replicas 8→8 forecast=0.433 sigma=0.037
2026-07-10T18:30:44Z INFO controller.loop: tick service=frontend state=NOMINAL replicas 8→8 forecast=0.440 sigma=0.039
2026-07-10T18:30:59Z INFO controller.loop: tick service=frontend state=NOMINAL replicas 8→8 forecast=0.400 sigma=0.045
2026-07-10T18:31:14Z INFO controller.loop: tick service=frontend state=NOMINAL replicas 8→8 forecast=0.410 sigma=0.037
2026-07-10T18:31:29Z INFO controller.loop: tick service=frontend state=NOMINAL replicas 8→8 forecast=0.438 sigma=0.038
2026-07-10T18:31:44Z INFO controller.loop: tick service=frontend state=NOMINAL replicas 8→8 forecast=0.412 sigma=0.039
2026-07-10T18:31:59Z INFO controller.loop: tick service=frontend state=NOMINAL replicas 8→8 forecast=0.417 sigma=0.039
2026-07-10T18:32:14Z INFO controller.loop: tick service=frontend state=NOMINAL replicas 8→8 forecast=0.489 sigma=0.039
2026-07-10T18:32:29Z INFO controller.loop: tick service=frontend state=NOMINAL replicas 8→8 forecast=0.577 sigma=0.044
2026-07-10T18:32:44Z INFO controller.loop: tick service=frontend state=NOMINAL replicas 8→8 forecast=0.551 sigma=0.045
2026-07-10T18:32:59Z INFO controller.loop: tick service=frontend state=NOMINAL replicas 8→8 forecast=0.555 sigma=0.046
2026-07-10T18:33:14Z INFO controller.loop: tick service=frontend state=NOMINAL replicas 8→8 forecast=0.538 sigma=0.047
2026-07-10T18:33:29Z INFO controller.loop: tick service=frontend state=NOMINAL replicas 8→8 forecast=0.527 sigma=0.047
2026-07-10T18:33:44Z INFO controller.loop: tick service=frontend state=NOMINAL replicas 8→8 forecast=0.453 sigma=0.048
2026-07-10T18:33:59Z INFO controller.loop: tick service=frontend state=NOMINAL replicas 8→8 forecast=0.432 sigma=0.048
2026-07-10T18:34:14Z INFO controller.loop: tick service=frontend state=NOMINAL replicas 8→8 forecast=0.297 sigma=0.052
2026-07-10T18:34:29Z INFO controller.loop: tick service=frontend state=NOMINAL replicas 8→8 forecast=0.339 sigma=0.049
2026-07-10T18:34:44Z INFO controller.loop: tick service=frontend state=NOMINAL replicas 8→8 forecast=0.335 sigma=0.050
2026-07-10T18:34:59Z INFO controller.loop: tick service=frontend state=NOMINAL replicas 8→8 forecast=0.352 sigma=0.051
2026-07-10T18:35:14Z INFO controller.loop: tick service=frontend state=NOMINAL replicas 8→8 forecast=0.375 sigma=0.050
2026-07-10T18:35:29Z INFO controller.loop: tick service=frontend state=NOMINAL replicas 8→8 forecast=0.386 sigma=0.050
2026-07-10T18:35:44Z INFO controller.loop: tick service=frontend state=NOMINAL replicas 8→8 forecast=0.317 sigma=0.051
2026-07-10T18:35:59Z INFO controller.loop: tick service=frontend state=NOMINAL replicas 8→8 forecast=0.334 sigma=0.050
2026-07-10T18:36:14Z INFO controller.loop: tick service=frontend state=NOMINAL replicas 8→8 forecast=0.347 sigma=0.049
2026-07-10T18:36:29Z INFO controller.loop: tick service=frontend state=NOMINAL replicas 8→8 forecast=0.329 sigma=0.050
2026-07-10T18:36:44Z INFO controller.loop: tick service=frontend state=NOMINAL replicas 8→8 forecast=0.302 sigma=0.049
2026-07-10T18:36:59Z INFO controller.loop: tick service=frontend state=NOMINAL replicas 8→8 forecast=0.276 sigma=0.051
2026-07-10T18:37:14Z INFO controller.loop: tick service=frontend state=NOMINAL replicas 8→8 forecast=0.328 sigma=0.049
2026-07-10T18:37:29Z INFO controller.k8s_actuator: scaled deployment=frontend ns=default from=8 to=7
2026-07-10T18:37:29Z INFO controller.loop: tick service=frontend state=NOMINAL replicas 8→7 forecast=0.277 sigma=0.046
2026-07-10T18:37:44Z INFO controller.k8s_actuator: scaled deployment=frontend ns=default from=7 to=8
2026-07-10T18:37:44Z INFO controller.loop: tick service=frontend state=NOMINAL replicas 7→8 forecast=0.315 sigma=0.043
2026-07-10T18:37:59Z INFO controller.loop: tick service=frontend state=NOMINAL replicas 8→8 forecast=0.403 sigma=0.045
2026-07-10T18:38:14Z INFO controller.loop: tick service=frontend state=NOMINAL replicas 8→8 forecast=0.492 sigma=0.045
2026-07-10T18:38:29Z INFO controller.loop: tick service=frontend state=NOMINAL replicas 8→8 forecast=0.438 sigma=0.045
2026-07-10T18:38:44Z INFO controller.loop: tick service=frontend state=NOMINAL replicas 8→8 forecast=0.487 sigma=0.045
2026-07-10T18:38:59Z INFO controller.loop: tick service=frontend state=NOMINAL replicas 8→8 forecast=0.511 sigma=0.048
2026-07-10T18:39:14Z INFO controller.loop: tick service=frontend state=NOMINAL replicas 8→8 forecast=0.500 sigma=0.045
2026-07-10T18:39:29Z INFO controller.loop: tick service=frontend state=NOMINAL replicas 8→8 forecast=0.466 sigma=0.046
2026-07-10T18:39:44Z INFO controller.loop: tick service=frontend state=NOMINAL replicas 8→8 forecast=0.496 sigma=0.043
2026-07-10T18:39:59Z INFO controller.loop: tick service=frontend state=NOMINAL replicas 8→8 forecast=0.546 sigma=0.042
2026-07-10T18:40:14Z INFO controller.loop: tick service=frontend state=NOMINAL replicas 8→8 forecast=0.471 sigma=0.045
2026-07-10T18:40:29Z INFO controller.loop: tick service=frontend state=NOMINAL replicas 8→8 forecast=0.522 sigma=0.040
2026-07-10T18:40:44Z INFO controller.loop: tick service=frontend state=NOMINAL replicas 8→8 forecast=0.437 sigma=0.042
2026-07-10T18:40:59Z INFO controller.loop: tick service=frontend state=NOMINAL replicas 8→8 forecast=0.399 sigma=0.041
2026-07-10T18:41:14Z INFO controller.loop: tick service=frontend state=NOMINAL replicas 8→8 forecast=0.407 sigma=0.040
2026-07-10T18:41:29Z INFO controller.loop: tick service=frontend state=NOMINAL replicas 8→8 forecast=0.413 sigma=0.040
2026-07-10T18:41:44Z INFO controller.loop: tick service=frontend state=NOMINAL replicas 8→8 forecast=0.339 sigma=0.036
2026-07-10T18:41:59Z INFO controller.k8s_actuator: scaled deployment=frontend ns=default from=8 to=7
2026-07-10T18:41:59Z INFO controller.loop: tick service=frontend state=NOMINAL replicas 8→7 forecast=0.265 sigma=0.038
2026-07-10T18:42:14Z INFO controller.k8s_actuator: scaled deployment=frontend ns=default from=7 to=8
2026-07-10T18:42:14Z INFO controller.loop: tick service=frontend state=NOMINAL replicas 7→8 forecast=0.368 sigma=0.033
2026-07-10T18:42:29Z INFO controller.loop: tick service=frontend state=NOMINAL replicas 8→8 forecast=0.391 sigma=0.032
2026-07-10T18:42:44Z INFO controller.loop: tick service=frontend state=NOMINAL replicas 8→8 forecast=0.302 sigma=0.034
2026-07-10T18:42:50Z INFO controller.loop: received signal 15 — stopping after current tick
✅  stopped after 101 tick(s). Evidence: experiments/results/ramp-hybrid-006-evidence.jsonl
