▶  evidence path override: experiments/results/trace_replay-hybrid-007-evidence.jsonl
▶  config loaded: service=frontend namespace=default
▶  model registry loaded: phase3_20260709T001052Z_model_registry.yaml → holt_winters for frontend
▶  starting control loop (tick=15s, horizon=30s, forecaster=holt_winters)
2026-07-10T20:13:28Z INFO controller.k8s_actuator: scaled deployment=frontend ns=default from=1 to=3
2026-07-10T20:13:28Z INFO controller.loop: tick service=frontend state=SCALE_LIMITED replicas 1→3 forecast=0.194 sigma=0.012
2026-07-10T20:13:42Z INFO controller.k8s_actuator: scaled deployment=frontend ns=default from=3 to=5
2026-07-10T20:13:42Z INFO controller.loop: tick service=frontend state=NOMINAL replicas 3→5 forecast=0.190 sigma=0.012
2026-07-10T20:13:57Z INFO controller.k8s_actuator: scaled deployment=frontend ns=default from=5 to=4
2026-07-10T20:13:57Z INFO controller.loop: tick service=frontend state=NOMINAL replicas 5→4 forecast=0.169 sigma=0.016
2026-07-10T20:14:12Z INFO controller.loop: tick service=frontend state=NOMINAL replicas 4→4 forecast=0.174 sigma=0.016
2026-07-10T20:14:27Z INFO controller.loop: tick service=frontend state=NOMINAL replicas 4→4 forecast=0.171 sigma=0.015
2026-07-10T20:14:42Z INFO controller.k8s_actuator: scaled deployment=frontend ns=default from=4 to=5
2026-07-10T20:14:42Z INFO controller.loop: tick service=frontend state=NOMINAL replicas 4→5 forecast=0.180 sigma=0.016
2026-07-10T20:14:57Z INFO controller.loop: tick service=frontend state=NOMINAL replicas 5→5 forecast=0.201 sigma=0.026
2026-07-10T20:15:12Z INFO controller.k8s_actuator: scaled deployment=frontend ns=default from=5 to=7
2026-07-10T20:15:12Z INFO controller.loop: tick service=frontend state=NOMINAL replicas 5→7 forecast=0.298 sigma=0.023
2026-07-10T20:15:27Z INFO controller.k8s_actuator: scaled deployment=frontend ns=default from=7 to=6
2026-07-10T20:15:27Z INFO controller.loop: tick service=frontend state=NOMINAL replicas 7→6 forecast=0.244 sigma=0.026
2026-07-10T20:15:42Z INFO controller.k8s_actuator: scaled deployment=frontend ns=default from=6 to=7
2026-07-10T20:15:42Z INFO controller.loop: tick service=frontend state=NOMINAL replicas 6→7 forecast=0.271 sigma=0.024
2026-07-10T20:15:57Z INFO controller.loop: tick service=frontend state=NOMINAL replicas 7→7 forecast=0.289 sigma=0.025
2026-07-10T20:16:12Z INFO controller.loop: tick service=frontend state=NOMINAL replicas 7→7 forecast=0.286 sigma=0.026
2026-07-10T20:16:27Z INFO controller.loop: tick service=frontend state=NOMINAL replicas 7→7 forecast=0.276 sigma=0.026
2026-07-10T20:16:42Z INFO controller.k8s_actuator: scaled deployment=frontend ns=default from=7 to=8
2026-07-10T20:16:42Z INFO controller.loop: tick service=frontend state=NOMINAL replicas 7→8 forecast=0.335 sigma=0.028
2026-07-10T20:16:57Z INFO controller.loop: tick service=frontend state=NOMINAL replicas 8→8 forecast=0.335 sigma=0.028
2026-07-10T20:17:12Z INFO controller.loop: tick service=frontend state=NOMINAL replicas 8→8 forecast=0.391 sigma=0.029
2026-07-10T20:17:27Z INFO controller.loop: tick service=frontend state=NOMINAL replicas 8→8 forecast=0.393 sigma=0.029
2026-07-10T20:17:42Z INFO controller.loop: tick service=frontend state=NOMINAL replicas 8→8 forecast=0.327 sigma=0.036
2026-07-10T20:17:57Z INFO controller.loop: tick service=frontend state=NOMINAL replicas 8→8 forecast=0.354 sigma=0.034
2026-07-10T20:18:12Z INFO controller.loop: tick service=frontend state=NOMINAL replicas 8→8 forecast=0.346 sigma=0.034
2026-07-10T20:18:27Z INFO controller.loop: tick service=frontend state=NOMINAL replicas 8→8 forecast=0.325 sigma=0.035
2026-07-10T20:18:42Z INFO controller.loop: tick service=frontend state=NOMINAL replicas 8→8 forecast=0.375 sigma=0.034
2026-07-10T20:18:57Z INFO controller.loop: tick service=frontend state=NOMINAL replicas 8→8 forecast=0.357 sigma=0.035
2026-07-10T20:19:12Z INFO controller.loop: tick service=frontend state=NOMINAL replicas 8→8 forecast=0.332 sigma=0.037
2026-07-10T20:19:27Z INFO controller.loop: tick service=frontend state=NOMINAL replicas 8→8 forecast=0.342 sigma=0.035
2026-07-10T20:19:42Z INFO controller.loop: tick service=frontend state=NOMINAL replicas 8→8 forecast=0.373 sigma=0.035
2026-07-10T20:19:57Z INFO controller.loop: tick service=frontend state=NOMINAL replicas 8→8 forecast=0.364 sigma=0.036
2026-07-10T20:20:12Z INFO controller.loop: tick service=frontend state=NOMINAL replicas 8→8 forecast=0.367 sigma=0.035
2026-07-10T20:20:27Z INFO controller.loop: tick service=frontend state=NOMINAL replicas 8→8 forecast=0.343 sigma=0.036
2026-07-10T20:20:42Z INFO controller.loop: tick service=frontend state=NOMINAL replicas 8→8 forecast=0.382 sigma=0.035
2026-07-10T20:20:57Z INFO controller.loop: tick service=frontend state=NOMINAL replicas 8→8 forecast=0.375 sigma=0.035
2026-07-10T20:21:12Z INFO controller.loop: tick service=frontend state=NOMINAL replicas 8→8 forecast=0.390 sigma=0.035
2026-07-10T20:21:27Z INFO controller.loop: tick service=frontend state=NOMINAL replicas 8→8 forecast=0.406 sigma=0.036
2026-07-10T20:21:42Z INFO controller.loop: tick service=frontend state=NOMINAL replicas 8→8 forecast=0.420 sigma=0.036
2026-07-10T20:21:57Z INFO controller.loop: tick service=frontend state=NOMINAL replicas 8→8 forecast=0.421 sigma=0.037
2026-07-10T20:22:12Z INFO controller.loop: tick service=frontend state=NOMINAL replicas 8→8 forecast=0.421 sigma=0.038
2026-07-10T20:22:27Z INFO controller.loop: tick service=frontend state=NOMINAL replicas 8→8 forecast=0.420 sigma=0.037
2026-07-10T20:22:42Z INFO controller.loop: tick service=frontend state=NOMINAL replicas 8→8 forecast=0.415 sigma=0.034
2026-07-10T20:22:57Z INFO controller.loop: tick service=frontend state=NOMINAL replicas 8→8 forecast=0.417 sigma=0.032
2026-07-10T20:23:12Z INFO controller.loop: tick service=frontend state=NOMINAL replicas 8→8 forecast=0.424 sigma=0.034
2026-07-10T20:23:27Z INFO controller.loop: tick service=frontend state=NOMINAL replicas 8→8 forecast=0.438 sigma=0.035
2026-07-10T20:23:42Z INFO controller.loop: tick service=frontend state=NOMINAL replicas 8→8 forecast=0.472 sigma=0.035
2026-07-10T20:23:57Z INFO controller.loop: tick service=frontend state=NOMINAL replicas 8→8 forecast=0.486 sigma=0.035
2026-07-10T20:24:12Z INFO controller.loop: tick service=frontend state=NOMINAL replicas 8→8 forecast=0.495 sigma=0.037
2026-07-10T20:24:27Z INFO controller.loop: tick service=frontend state=NOMINAL replicas 8→8 forecast=0.505 sigma=0.035
2026-07-10T20:24:42Z INFO controller.loop: tick service=frontend state=NOMINAL replicas 8→8 forecast=0.483 sigma=0.036
2026-07-10T20:24:57Z INFO controller.loop: tick service=frontend state=NOMINAL replicas 8→8 forecast=0.465 sigma=0.038
2026-07-10T20:25:12Z INFO controller.loop: tick service=frontend state=NOMINAL replicas 8→8 forecast=0.426 sigma=0.037
2026-07-10T20:25:27Z INFO controller.loop: tick service=frontend state=NOMINAL replicas 8→8 forecast=0.490 sigma=0.036
2026-07-10T20:25:42Z INFO controller.loop: tick service=frontend state=NOMINAL replicas 8→8 forecast=0.484 sigma=0.035
2026-07-10T20:25:57Z INFO controller.loop: tick service=frontend state=NOMINAL replicas 8→8 forecast=0.471 sigma=0.036
2026-07-10T20:26:12Z INFO controller.loop: tick service=frontend state=NOMINAL replicas 8→8 forecast=0.414 sigma=0.037
2026-07-10T20:26:27Z INFO controller.loop: tick service=frontend state=NOMINAL replicas 8→8 forecast=0.384 sigma=0.038
2026-07-10T20:26:42Z INFO controller.loop: tick service=frontend state=NOMINAL replicas 8→8 forecast=0.294 sigma=0.039
2026-07-10T20:26:57Z INFO controller.loop: tick service=frontend state=NOMINAL replicas 8→8 forecast=0.309 sigma=0.038
2026-07-10T20:27:12Z INFO controller.k8s_actuator: scaled deployment=frontend ns=default from=8 to=7
2026-07-10T20:27:12Z INFO controller.loop: tick service=frontend state=NOMINAL replicas 8→7 forecast=0.278 sigma=0.036
2026-07-10T20:27:27Z INFO controller.loop: tick service=frontend state=NOMINAL replicas 7→7 forecast=0.273 sigma=0.036
2026-07-10T20:27:42Z INFO controller.k8s_actuator: scaled deployment=frontend ns=default from=7 to=6
2026-07-10T20:27:42Z INFO controller.loop: tick service=frontend state=NOMINAL replicas 7→6 forecast=0.227 sigma=0.031
2026-07-10T20:27:57Z INFO controller.k8s_actuator: scaled deployment=frontend ns=default from=6 to=5
2026-07-10T20:27:57Z INFO controller.loop: tick service=frontend state=NOMINAL replicas 6→5 forecast=0.205 sigma=0.030
2026-07-10T20:28:12Z INFO controller.k8s_actuator: scaled deployment=frontend ns=default from=5 to=6
2026-07-10T20:28:12Z INFO controller.loop: tick service=frontend state=NOMINAL replicas 5→6 forecast=0.242 sigma=0.030
2026-07-10T20:28:27Z INFO controller.loop: tick service=frontend state=NOMINAL replicas 6→6 forecast=0.224 sigma=0.032
2026-07-10T20:28:42Z INFO controller.k8s_actuator: scaled deployment=frontend ns=default from=6 to=8
2026-07-10T20:28:42Z INFO controller.loop: tick service=frontend state=NOMINAL replicas 6→8 forecast=0.305 sigma=0.031
2026-07-10T20:28:57Z INFO controller.loop: tick service=frontend state=NOMINAL replicas 8→8 forecast=0.330 sigma=0.032
2026-07-10T20:29:12Z INFO controller.loop: tick service=frontend state=NOMINAL replicas 8→8 forecast=0.322 sigma=0.031
2026-07-10T20:29:27Z INFO controller.loop: tick service=frontend state=NOMINAL replicas 8→8 forecast=0.341 sigma=0.031
2026-07-10T20:29:42Z INFO controller.loop: tick service=frontend state=NOMINAL replicas 8→8 forecast=0.340 sigma=0.031
2026-07-10T20:29:57Z INFO controller.loop: tick service=frontend state=NOMINAL replicas 8→8 forecast=0.341 sigma=0.031
2026-07-10T20:30:12Z INFO controller.loop: tick service=frontend state=NOMINAL replicas 8→8 forecast=0.307 sigma=0.032
2026-07-10T20:30:27Z INFO controller.loop: tick service=frontend state=NOMINAL replicas 8→8 forecast=0.357 sigma=0.031
2026-07-10T20:30:42Z INFO controller.loop: tick service=frontend state=NOMINAL replicas 8→8 forecast=0.351 sigma=0.030
2026-07-10T20:30:57Z INFO controller.loop: tick service=frontend state=NOMINAL replicas 8→8 forecast=0.327 sigma=0.031
2026-07-10T20:31:12Z INFO controller.loop: tick service=frontend state=NOMINAL replicas 8→8 forecast=0.383 sigma=0.031
2026-07-10T20:31:27Z INFO controller.loop: tick service=frontend state=NOMINAL replicas 8→8 forecast=0.384 sigma=0.031
2026-07-10T20:31:42Z INFO controller.k8s_actuator: scaled deployment=frontend ns=default from=8 to=7
2026-07-10T20:31:42Z INFO controller.loop: tick service=frontend state=NOMINAL replicas 8→7 forecast=0.271 sigma=0.034
2026-07-10T20:31:57Z INFO controller.loop: tick service=frontend state=NOMINAL replicas 7→7 forecast=0.269 sigma=0.033
2026-07-10T20:32:12Z INFO controller.loop: tick service=frontend state=NOMINAL replicas 7→7 forecast=0.297 sigma=0.033
2026-07-10T20:32:27Z INFO controller.k8s_actuator: scaled deployment=frontend ns=default from=7 to=8
2026-07-10T20:32:27Z INFO controller.loop: tick service=frontend state=NOMINAL replicas 7→8 forecast=0.306 sigma=0.033
2026-07-10T20:32:42Z INFO controller.loop: tick service=frontend state=NOMINAL replicas 8→8 forecast=0.372 sigma=0.035
2026-07-10T20:32:57Z INFO controller.loop: tick service=frontend state=NOMINAL replicas 8→8 forecast=0.328 sigma=0.033
2026-07-10T20:33:12Z INFO controller.loop: tick service=frontend state=NOMINAL replicas 8→8 forecast=0.303 sigma=0.032
2026-07-10T20:33:27Z INFO controller.loop: tick service=frontend state=NOMINAL replicas 8→8 forecast=0.392 sigma=0.033
2026-07-10T20:33:42Z INFO controller.loop: tick service=frontend state=NOMINAL replicas 8→8 forecast=0.384 sigma=0.032
2026-07-10T20:33:57Z INFO controller.loop: tick service=frontend state=NOMINAL replicas 8→8 forecast=0.302 sigma=0.035
2026-07-10T20:34:12Z INFO controller.loop: tick service=frontend state=NOMINAL replicas 8→8 forecast=0.325 sigma=0.033
2026-07-10T20:34:27Z INFO controller.loop: tick service=frontend state=NOMINAL replicas 8→8 forecast=0.301 sigma=0.033
2026-07-10T20:34:42Z INFO controller.loop: tick service=frontend state=NOMINAL replicas 8→8 forecast=0.319 sigma=0.033
2026-07-10T20:34:57Z INFO controller.k8s_actuator: scaled deployment=frontend ns=default from=8 to=7
2026-07-10T20:34:57Z INFO controller.loop: tick service=frontend state=NOMINAL replicas 8→7 forecast=0.295 sigma=0.033
2026-07-10T20:35:12Z INFO controller.k8s_actuator: scaled deployment=frontend ns=default from=7 to=8
2026-07-10T20:35:12Z INFO controller.loop: tick service=frontend state=NOMINAL replicas 7→8 forecast=0.319 sigma=0.031
2026-07-10T20:35:27Z INFO controller.loop: tick service=frontend state=NOMINAL replicas 8→8 forecast=0.327 sigma=0.032
2026-07-10T20:35:42Z INFO controller.loop: tick service=frontend state=NOMINAL replicas 8→8 forecast=0.385 sigma=0.030
2026-07-10T20:35:57Z INFO controller.loop: tick service=frontend state=NOMINAL replicas 8→8 forecast=0.448 sigma=0.031
2026-07-10T20:36:12Z INFO controller.loop: tick service=frontend state=NOMINAL replicas 8→8 forecast=0.442 sigma=0.031
2026-07-10T20:36:27Z INFO controller.loop: tick service=frontend state=NOMINAL replicas 8→8 forecast=0.465 sigma=0.031
2026-07-10T20:36:42Z INFO controller.loop: tick service=frontend state=NOMINAL replicas 8→8 forecast=0.419 sigma=0.033
2026-07-10T20:36:57Z INFO controller.loop: tick service=frontend state=NOMINAL replicas 8→8 forecast=0.458 sigma=0.032
2026-07-10T20:37:12Z INFO controller.loop: tick service=frontend state=NOMINAL replicas 8→8 forecast=0.439 sigma=0.032
2026-07-10T20:37:27Z INFO controller.loop: tick service=frontend state=NOMINAL replicas 8→8 forecast=0.394 sigma=0.033
2026-07-10T20:37:42Z INFO controller.loop: tick service=frontend state=NOMINAL replicas 8→8 forecast=0.360 sigma=0.031
2026-07-10T20:37:57Z INFO controller.loop: tick service=frontend state=NOMINAL replicas 8→8 forecast=0.354 sigma=0.030
2026-07-10T20:38:12Z INFO controller.k8s_actuator: scaled deployment=frontend ns=default from=8 to=7
2026-07-10T20:38:12Z INFO controller.loop: tick service=frontend state=NOMINAL replicas 8→7 forecast=0.286 sigma=0.033
2026-07-10T20:38:27Z INFO controller.k8s_actuator: scaled deployment=frontend ns=default from=7 to=8
2026-07-10T20:38:27Z INFO controller.loop: tick service=frontend state=NOMINAL replicas 7→8 forecast=0.319 sigma=0.031
2026-07-10T20:38:42Z INFO controller.loop: tick service=frontend state=NOMINAL replicas 8→8 forecast=0.343 sigma=0.030
2026-07-10T20:38:57Z INFO controller.k8s_actuator: scaled deployment=frontend ns=default from=8 to=7
2026-07-10T20:38:57Z INFO controller.loop: tick service=frontend state=NOMINAL replicas 8→7 forecast=0.290 sigma=0.032
2026-07-10T20:39:12Z INFO controller.k8s_actuator: scaled deployment=frontend ns=default from=7 to=8
2026-07-10T20:39:12Z INFO controller.loop: tick service=frontend state=NOMINAL replicas 7→8 forecast=0.308 sigma=0.030
2026-07-10T20:39:27Z INFO controller.loop: tick service=frontend state=NOMINAL replicas 8→8 forecast=0.362 sigma=0.030
2026-07-10T20:39:42Z INFO controller.loop: tick service=frontend state=NOMINAL replicas 8→8 forecast=0.357 sigma=0.030
2026-07-10T20:39:57Z INFO controller.loop: tick service=frontend state=NOMINAL replicas 8→8 forecast=0.342 sigma=0.030
2026-07-10T20:40:12Z INFO controller.k8s_actuator: scaled deployment=frontend ns=default from=8 to=7
2026-07-10T20:40:12Z INFO controller.loop: tick service=frontend state=NOMINAL replicas 8→7 forecast=0.285 sigma=0.032
2026-07-10T20:40:27Z INFO controller.k8s_actuator: scaled deployment=frontend ns=default from=7 to=8
2026-07-10T20:40:27Z INFO controller.loop: tick service=frontend state=NOMINAL replicas 7→8 forecast=0.317 sigma=0.030
2026-07-10T20:40:42Z INFO controller.k8s_actuator: scaled deployment=frontend ns=default from=8 to=7
2026-07-10T20:40:42Z INFO controller.loop: tick service=frontend state=NOMINAL replicas 8→7 forecast=0.281 sigma=0.030
2026-07-10T20:40:57Z INFO controller.loop: tick service=frontend state=NOMINAL replicas 7→7 forecast=0.302 sigma=0.030
2026-07-10T20:41:12Z INFO controller.k8s_actuator: scaled deployment=frontend ns=default from=7 to=8
2026-07-10T20:41:12Z INFO controller.loop: tick service=frontend state=NOMINAL replicas 7→8 forecast=0.323 sigma=0.029
2026-07-10T20:41:27Z INFO controller.loop: tick service=frontend state=NOMINAL replicas 8→8 forecast=0.313 sigma=0.029
2026-07-10T20:41:42Z INFO controller.k8s_actuator: scaled deployment=frontend ns=default from=8 to=6
2026-07-10T20:41:42Z INFO controller.loop: tick service=frontend state=NOMINAL replicas 8→6 forecast=0.243 sigma=0.029
2026-07-10T20:41:57Z INFO controller.k8s_actuator: scaled deployment=frontend ns=default from=6 to=8
2026-07-10T20:41:57Z INFO controller.loop: tick service=frontend state=NOMINAL replicas 6→8 forecast=0.339 sigma=0.026
2026-07-10T20:42:12Z INFO controller.k8s_actuator: scaled deployment=frontend ns=default from=8 to=7
2026-07-10T20:42:12Z INFO controller.loop: tick service=frontend state=NOMINAL replicas 8→7 forecast=0.286 sigma=0.028
2026-07-10T20:42:27Z INFO controller.loop: tick service=frontend state=NOMINAL replicas 7→7 forecast=0.264 sigma=0.026
2026-07-10T20:42:42Z INFO controller.loop: tick service=frontend state=NOMINAL replicas 7→7 forecast=0.263 sigma=0.025
2026-07-10T20:42:57Z INFO controller.k8s_actuator: scaled deployment=frontend ns=default from=7 to=6
2026-07-10T20:42:57Z INFO controller.loop: tick service=frontend state=NOMINAL replicas 7→6 forecast=0.255 sigma=0.026
2026-07-10T20:43:12Z INFO controller.k8s_actuator: scaled deployment=frontend ns=default from=6 to=7
2026-07-10T20:43:12Z INFO controller.loop: tick service=frontend state=NOMINAL replicas 6→7 forecast=0.290 sigma=0.024
2026-07-10T20:43:27Z INFO controller.k8s_actuator: scaled deployment=frontend ns=default from=7 to=8
2026-07-10T20:43:27Z INFO controller.loop: tick service=frontend state=NOMINAL replicas 7→8 forecast=0.328 sigma=0.023
2026-07-10T20:43:40Z INFO controller.loop: received signal 15 — stopping after current tick
✅  stopped after 121 tick(s). Evidence: experiments/results/trace_replay-hybrid-007-evidence.jsonl
