▶  evidence path override: experiments/results/periodic-hybrid-004-evidence.jsonl
▶  config loaded: service=frontend namespace=default
▶  model registry loaded: phase3_20260709T001052Z_model_registry.yaml → holt_winters for frontend
▶  starting control loop (tick=15s, horizon=30s, forecaster=holt_winters)
2026-07-09T21:05:16Z INFO controller.k8s_actuator: scaled deployment=frontend ns=default from=1 to=3
2026-07-09T21:05:16Z INFO controller.loop: tick service=frontend state=SCALE_LIMITED replicas 1→3 forecast=0.183 sigma=0.018
2026-07-09T21:05:31Z INFO controller.k8s_actuator: scaled deployment=frontend ns=default from=3 to=5
2026-07-09T21:05:31Z INFO controller.loop: tick service=frontend state=NOMINAL replicas 3→5 forecast=0.180 sigma=0.018
2026-07-09T21:05:46Z INFO controller.loop: tick service=frontend state=NOMINAL replicas 5→5 forecast=0.180 sigma=0.018
2026-07-09T21:06:01Z INFO controller.loop: tick service=frontend state=NOMINAL replicas 5→5 forecast=0.173 sigma=0.019
2026-07-09T21:06:16Z INFO controller.loop: tick service=frontend state=NOMINAL replicas 5→5 forecast=0.209 sigma=0.022
2026-07-09T21:06:31Z INFO controller.k8s_actuator: scaled deployment=frontend ns=default from=5 to=7
2026-07-09T21:06:31Z INFO controller.loop: tick service=frontend state=NOMINAL replicas 5→7 forecast=0.268 sigma=0.027
2026-07-09T21:06:46Z INFO controller.k8s_actuator: scaled deployment=frontend ns=default from=7 to=8
2026-07-09T21:06:46Z INFO controller.loop: tick service=frontend state=NOMINAL replicas 7→8 forecast=0.320 sigma=0.032
2026-07-09T21:07:01Z INFO controller.loop: tick service=frontend state=NOMINAL replicas 8→8 forecast=0.335 sigma=0.032
2026-07-09T21:07:16Z INFO controller.loop: tick service=frontend state=NOMINAL replicas 8→8 forecast=0.404 sigma=0.031
2026-07-09T21:07:31Z INFO controller.loop: tick service=frontend state=NOMINAL replicas 8→8 forecast=0.346 sigma=0.033
2026-07-09T21:07:46Z INFO controller.loop: tick service=frontend state=NOMINAL replicas 8→8 forecast=0.361 sigma=0.032
2026-07-09T21:08:01Z INFO controller.loop: tick service=frontend state=NOMINAL replicas 8→8 forecast=0.351 sigma=0.032
2026-07-09T21:08:16Z INFO controller.loop: tick service=frontend state=NOMINAL replicas 8→8 forecast=0.348 sigma=0.033
2026-07-09T21:08:31Z INFO controller.loop: tick service=frontend state=NOMINAL replicas 8→8 forecast=0.328 sigma=0.033
2026-07-09T21:08:46Z INFO controller.loop: tick service=frontend state=NOMINAL replicas 8→8 forecast=0.351 sigma=0.035
2026-07-09T21:09:01Z INFO controller.loop: tick service=frontend state=NOMINAL replicas 8→8 forecast=0.346 sigma=0.033
2026-07-09T21:09:16Z INFO controller.loop: tick service=frontend state=NOMINAL replicas 8→8 forecast=0.351 sigma=0.034
2026-07-09T21:09:31Z INFO controller.loop: tick service=frontend state=NOMINAL replicas 8→8 forecast=0.354 sigma=0.034
2026-07-09T21:09:46Z INFO controller.loop: tick service=frontend state=NOMINAL replicas 8→8 forecast=0.352 sigma=0.034
2026-07-09T21:10:01Z INFO controller.loop: tick service=frontend state=NOMINAL replicas 8→8 forecast=0.352 sigma=0.036
2026-07-09T21:10:16Z INFO controller.loop: tick service=frontend state=NOMINAL replicas 8→8 forecast=0.344 sigma=0.037
2026-07-09T21:10:31Z INFO controller.loop: tick service=frontend state=NOMINAL replicas 8→8 forecast=0.341 sigma=0.036
2026-07-09T21:10:46Z INFO controller.loop: tick service=frontend state=NOMINAL replicas 8→8 forecast=0.339 sigma=0.037
2026-07-09T21:11:01Z INFO controller.loop: tick service=frontend state=NOMINAL replicas 8→8 forecast=0.336 sigma=0.037
2026-07-09T21:11:16Z INFO controller.loop: tick service=frontend state=NOMINAL replicas 8→8 forecast=0.348 sigma=0.034
2026-07-09T21:11:31Z INFO controller.loop: tick service=frontend state=NOMINAL replicas 8→8 forecast=0.357 sigma=0.031
2026-07-09T21:11:46Z INFO controller.loop: tick service=frontend state=NOMINAL replicas 8→8 forecast=0.323 sigma=0.033
2026-07-09T21:12:01Z INFO controller.loop: tick service=frontend state=NOMINAL replicas 8→8 forecast=0.346 sigma=0.032
2026-07-09T21:12:16Z INFO controller.k8s_actuator: scaled deployment=frontend ns=default from=8 to=7
2026-07-09T21:12:16Z INFO controller.loop: tick service=frontend state=NOMINAL replicas 8→7 forecast=0.270 sigma=0.036
2026-07-09T21:12:31Z INFO controller.k8s_actuator: scaled deployment=frontend ns=default from=7 to=6
2026-07-09T21:12:31Z INFO controller.loop: tick service=frontend state=NOMINAL replicas 7→6 forecast=0.201 sigma=0.033
2026-07-09T21:12:46Z INFO controller.loop: tick service=frontend state=NOMINAL replicas 6→6 forecast=0.209 sigma=0.033
2026-07-09T21:13:01Z INFO controller.k8s_actuator: scaled deployment=frontend ns=default from=6 to=5
2026-07-09T21:13:01Z INFO controller.loop: tick service=frontend state=NOMINAL replicas 6→5 forecast=0.156 sigma=0.030
2026-07-09T21:13:16Z INFO controller.loop: tick service=frontend state=NOMINAL replicas 5→5 forecast=0.168 sigma=0.031
2026-07-09T21:13:31Z INFO controller.k8s_actuator: scaled deployment=frontend ns=default from=5 to=6
2026-07-09T21:13:31Z INFO controller.loop: tick service=frontend state=NOMINAL replicas 5→6 forecast=0.233 sigma=0.025
2026-07-09T21:13:46Z INFO controller.loop: tick service=frontend state=NOMINAL replicas 6→6 forecast=0.259 sigma=0.026
2026-07-09T21:14:01Z INFO controller.loop: tick service=frontend state=NOMINAL replicas 6→6 forecast=0.247 sigma=0.028
2026-07-09T21:14:16Z INFO controller.k8s_actuator: scaled deployment=frontend ns=default from=6 to=7
2026-07-09T21:14:16Z INFO controller.loop: tick service=frontend state=NOMINAL replicas 6→7 forecast=0.276 sigma=0.025
2026-07-09T21:14:31Z INFO controller.k8s_actuator: scaled deployment=frontend ns=default from=7 to=8
2026-07-09T21:14:31Z INFO controller.loop: tick service=frontend state=NOMINAL replicas 7→8 forecast=0.342 sigma=0.026
2026-07-09T21:14:46Z INFO controller.loop: tick service=frontend state=NOMINAL replicas 8→8 forecast=0.355 sigma=0.026
2026-07-09T21:15:01Z INFO controller.loop: tick service=frontend state=NOMINAL replicas 8→8 forecast=0.357 sigma=0.027
2026-07-09T21:15:16Z INFO controller.loop: tick service=frontend state=NOMINAL replicas 8→8 forecast=0.379 sigma=0.026
2026-07-09T21:15:31Z INFO controller.loop: tick service=frontend state=NOMINAL replicas 8→8 forecast=0.392 sigma=0.027
2026-07-09T21:15:46Z INFO controller.loop: tick service=frontend state=NOMINAL replicas 8→8 forecast=0.435 sigma=0.025
2026-07-09T21:16:01Z INFO controller.loop: tick service=frontend state=NOMINAL replicas 8→8 forecast=0.410 sigma=0.032
2026-07-09T21:16:16Z INFO controller.loop: tick service=frontend state=NOMINAL replicas 8→8 forecast=0.510 sigma=0.022
2026-07-09T21:16:31Z INFO controller.loop: tick service=frontend state=NOMINAL replicas 8→8 forecast=0.524 sigma=0.022
2026-07-09T21:16:46Z INFO controller.loop: tick service=frontend state=NOMINAL replicas 8→8 forecast=0.527 sigma=0.022
2026-07-09T21:17:01Z INFO controller.loop: tick service=frontend state=NOMINAL replicas 8→8 forecast=0.515 sigma=0.023
2026-07-09T21:17:16Z INFO controller.loop: tick service=frontend state=NOMINAL replicas 8→8 forecast=0.342 sigma=0.038
2026-07-09T21:17:31Z INFO controller.k8s_actuator: scaled deployment=frontend ns=default from=8 to=7
2026-07-09T21:17:31Z INFO controller.loop: tick service=frontend state=NOMINAL replicas 8→7 forecast=0.307 sigma=0.027
2026-07-09T21:17:46Z INFO controller.k8s_actuator: scaled deployment=frontend ns=default from=7 to=8
2026-07-09T21:17:46Z INFO controller.loop: tick service=frontend state=NOMINAL replicas 7→8 forecast=0.408 sigma=0.026
2026-07-09T21:18:01Z INFO controller.loop: tick service=frontend state=NOMINAL replicas 8→8 forecast=0.349 sigma=0.033
2026-07-09T21:18:16Z INFO controller.loop: tick service=frontend state=NOMINAL replicas 8→8 forecast=0.344 sigma=0.028
2026-07-09T21:18:31Z INFO controller.k8s_actuator: scaled deployment=frontend ns=default from=8 to=7
2026-07-09T21:18:31Z INFO controller.loop: tick service=frontend state=NOMINAL replicas 8→7 forecast=0.293 sigma=0.028
2026-07-09T21:18:46Z INFO controller.k8s_actuator: scaled deployment=frontend ns=default from=7 to=8
2026-07-09T21:18:46Z INFO controller.loop: tick service=frontend state=NOMINAL replicas 7→8 forecast=0.329 sigma=0.023
2026-07-09T21:19:01Z INFO controller.loop: tick service=frontend state=NOMINAL replicas 8→8 forecast=0.329 sigma=0.025
2026-07-09T21:19:16Z INFO controller.loop: tick service=frontend state=NOMINAL replicas 8→8 forecast=0.322 sigma=0.026
2026-07-09T21:19:31Z INFO controller.k8s_actuator: scaled deployment=frontend ns=default from=8 to=7
2026-07-09T21:19:31Z INFO controller.loop: tick service=frontend state=NOMINAL replicas 8→7 forecast=0.309 sigma=0.026
2026-07-09T21:19:46Z INFO controller.loop: tick service=frontend state=NOMINAL replicas 7→7 forecast=0.265 sigma=0.030
2026-07-09T21:20:01Z INFO controller.k8s_actuator: scaled deployment=frontend ns=default from=7 to=8
2026-07-09T21:20:01Z INFO controller.loop: tick service=frontend state=NOMINAL replicas 7→8 forecast=0.332 sigma=0.024
2026-07-09T21:20:16Z INFO controller.loop: tick service=frontend state=NOMINAL replicas 8→8 forecast=0.376 sigma=0.024
2026-07-09T21:20:31Z INFO controller.loop: tick service=frontend state=NOMINAL replicas 8→8 forecast=0.353 sigma=0.026
2026-07-09T21:20:46Z INFO controller.loop: tick service=frontend state=NOMINAL replicas 8→8 forecast=0.398 sigma=0.026
2026-07-09T21:21:01Z INFO controller.loop: tick service=frontend state=NOMINAL replicas 8→8 forecast=0.365 sigma=0.028
2026-07-09T21:21:16Z INFO controller.loop: tick service=frontend state=NOMINAL replicas 8→8 forecast=0.379 sigma=0.027
2026-07-09T21:21:31Z INFO controller.loop: tick service=frontend state=NOMINAL replicas 8→8 forecast=0.395 sigma=0.031
2026-07-09T21:21:46Z INFO controller.loop: tick service=frontend state=NOMINAL replicas 8→8 forecast=0.372 sigma=0.031
2026-07-09T21:22:01Z INFO controller.loop: tick service=frontend state=NOMINAL replicas 8→8 forecast=0.357 sigma=0.028
2026-07-09T21:22:16Z INFO controller.k8s_actuator: scaled deployment=frontend ns=default from=8 to=7
2026-07-09T21:22:16Z INFO controller.loop: tick service=frontend state=NOMINAL replicas 8→7 forecast=0.271 sigma=0.029
2026-07-09T21:22:31Z INFO controller.k8s_actuator: scaled deployment=frontend ns=default from=7 to=5
2026-07-09T21:22:31Z INFO controller.loop: tick service=frontend state=SCALE_LIMITED replicas 7→5 forecast=0.060 sigma=0.032
2026-07-09T21:22:46Z INFO controller.k8s_actuator: scaled deployment=frontend ns=default from=5 to=3
2026-07-09T21:22:46Z INFO controller.loop: tick service=frontend state=NOMINAL replicas 5→3 forecast=0.073 sigma=0.027
2026-07-09T21:23:01Z INFO controller.k8s_actuator: scaled deployment=frontend ns=default from=3 to=4
2026-07-09T21:23:01Z INFO controller.loop: tick service=frontend state=NOMINAL replicas 3→4 forecast=0.114 sigma=0.026
2026-07-09T21:23:16Z INFO controller.loop: tick service=frontend state=NOMINAL replicas 4→4 forecast=0.149 sigma=0.025
2026-07-09T21:23:31Z INFO controller.loop: tick service=frontend state=NOMINAL replicas 4→4 forecast=0.137 sigma=0.025
2026-07-09T21:23:46Z INFO controller.k8s_actuator: scaled deployment=frontend ns=default from=4 to=3
2026-07-09T21:23:46Z INFO controller.loop: tick service=frontend state=NOMINAL replicas 4→3 forecast=0.105 sigma=0.027
2026-07-09T21:24:01Z INFO controller.k8s_actuator: scaled deployment=frontend ns=default from=3 to=5
2026-07-09T21:24:01Z INFO controller.loop: tick service=frontend state=SCALE_LIMITED replicas 3→5 forecast=0.373 sigma=0.027
2026-07-09T21:24:16Z INFO controller.k8s_actuator: scaled deployment=frontend ns=default from=5 to=7
2026-07-09T21:24:16Z INFO controller.loop: tick service=frontend state=NOMINAL replicas 5→7 forecast=0.300 sigma=0.029
2026-07-09T21:24:31Z INFO controller.k8s_actuator: scaled deployment=frontend ns=default from=7 to=8
2026-07-09T21:24:31Z INFO controller.loop: tick service=frontend state=NOMINAL replicas 7→8 forecast=0.412 sigma=0.029
2026-07-09T21:24:46Z INFO controller.loop: tick service=frontend state=NOMINAL replicas 8→8 forecast=0.359 sigma=0.038
2026-07-09T21:25:01Z INFO controller.loop: tick service=frontend state=NOMINAL replicas 8→8 forecast=0.441 sigma=0.035
2026-07-09T21:25:16Z INFO controller.loop: tick service=frontend state=NOMINAL replicas 8→8 forecast=0.593 sigma=0.035
2026-07-09T21:25:31Z INFO controller.loop: tick service=frontend state=NOMINAL replicas 8→8 forecast=0.488 sigma=0.045
2026-07-09T21:25:46Z INFO controller.loop: tick service=frontend state=NOMINAL replicas 8→8 forecast=0.426 sigma=0.041
2026-07-09T21:26:01Z INFO controller.loop: tick service=frontend state=NOMINAL replicas 8→8 forecast=0.412 sigma=0.039
2026-07-09T21:26:16Z INFO controller.loop: tick service=frontend state=NOMINAL replicas 8→8 forecast=0.432 sigma=0.037
2026-07-09T21:26:31Z INFO controller.loop: tick service=frontend state=NOMINAL replicas 8→8 forecast=0.353 sigma=0.043
2026-07-09T21:26:46Z INFO controller.loop: tick service=frontend state=NOMINAL replicas 8→8 forecast=0.396 sigma=0.039
2026-07-09T21:27:01Z INFO controller.loop: tick service=frontend state=NOMINAL replicas 8→8 forecast=0.426 sigma=0.038
2026-07-09T21:27:16Z INFO controller.loop: tick service=frontend state=NOMINAL replicas 8→8 forecast=0.317 sigma=0.038
2026-07-09T21:27:31Z INFO controller.k8s_actuator: scaled deployment=frontend ns=default from=8 to=7
2026-07-09T21:27:31Z INFO controller.loop: tick service=frontend state=NOMINAL replicas 8→7 forecast=0.290 sigma=0.037
2026-07-09T21:27:46Z INFO controller.loop: tick service=frontend state=NOMINAL replicas 7→7 forecast=0.245 sigma=0.037
2026-07-09T21:28:01Z INFO controller.k8s_actuator: scaled deployment=frontend ns=default from=7 to=8
2026-07-09T21:28:01Z INFO controller.loop: tick service=frontend state=NOMINAL replicas 7→8 forecast=0.326 sigma=0.035
2026-07-09T21:28:16Z INFO controller.loop: tick service=frontend state=NOMINAL replicas 8→8 forecast=0.323 sigma=0.035
2026-07-09T21:28:31Z INFO controller.loop: tick service=frontend state=NOMINAL replicas 8→8 forecast=0.303 sigma=0.036
2026-07-09T21:28:46Z INFO controller.loop: tick service=frontend state=NOMINAL replicas 8→8 forecast=0.375 sigma=0.034
2026-07-09T21:29:01Z INFO controller.loop: tick service=frontend state=NOMINAL replicas 8→8 forecast=0.321 sigma=0.035
2026-07-09T21:29:16Z INFO controller.k8s_actuator: scaled deployment=frontend ns=default from=8 to=6
2026-07-09T21:29:16Z INFO controller.loop: tick service=frontend state=NOMINAL replicas 8→6 forecast=0.244 sigma=0.035
2026-07-09T21:29:31Z INFO controller.loop: tick service=frontend state=NOMINAL replicas 6→6 forecast=0.238 sigma=0.036
2026-07-09T21:29:46Z INFO controller.k8s_actuator: scaled deployment=frontend ns=default from=6 to=7
2026-07-09T21:29:46Z INFO controller.loop: tick service=frontend state=NOMINAL replicas 6→7 forecast=0.276 sigma=0.034
2026-07-09T21:30:01Z INFO controller.k8s_actuator: scaled deployment=frontend ns=default from=7 to=8
2026-07-09T21:30:01Z INFO controller.loop: tick service=frontend state=NOMINAL replicas 7→8 forecast=0.356 sigma=0.033
2026-07-09T21:30:16Z INFO controller.loop: tick service=frontend state=NOMINAL replicas 8→8 forecast=0.312 sigma=0.035
2026-07-09T21:30:31Z INFO controller.loop: tick service=frontend state=NOMINAL replicas 8→8 forecast=0.299 sigma=0.042
2026-07-09T21:30:46Z INFO controller.loop: tick service=frontend state=NOMINAL replicas 8→8 forecast=0.375 sigma=0.040
2026-07-09T21:31:01Z INFO controller.loop: tick service=frontend state=NOMINAL replicas 8→8 forecast=0.337 sigma=0.044
2026-07-09T21:31:16Z INFO controller.loop: tick service=frontend state=NOMINAL replicas 8→8 forecast=0.338 sigma=0.035
2026-07-09T21:31:31Z INFO controller.loop: tick service=frontend state=NOMINAL replicas 8→8 forecast=0.341 sigma=0.038
2026-07-09T21:31:46Z INFO controller.loop: tick service=frontend state=NOMINAL replicas 8→8 forecast=0.356 sigma=0.042
2026-07-09T21:32:01Z INFO controller.k8s_actuator: scaled deployment=frontend ns=default from=8 to=7
2026-07-09T21:32:01Z INFO controller.loop: tick service=frontend state=NOMINAL replicas 8→7 forecast=0.292 sigma=0.035
2026-07-09T21:32:16Z INFO controller.k8s_actuator: scaled deployment=frontend ns=default from=7 to=6
2026-07-09T21:32:16Z INFO controller.loop: tick service=frontend state=NOMINAL replicas 7→6 forecast=0.226 sigma=0.036
2026-07-09T21:32:31Z INFO controller.k8s_actuator: scaled deployment=frontend ns=default from=6 to=5
2026-07-09T21:32:31Z INFO controller.loop: tick service=frontend state=NOMINAL replicas 6→5 forecast=0.155 sigma=0.037
2026-07-09T21:32:46Z INFO controller.loop: tick service=frontend state=NOMINAL replicas 5→5 forecast=0.187 sigma=0.037
2026-07-09T21:33:01Z INFO controller.loop: tick service=frontend state=NOMINAL replicas 5→5 forecast=0.155 sigma=0.037
2026-07-09T21:33:16Z INFO controller.k8s_actuator: scaled deployment=frontend ns=default from=5 to=3
2026-07-09T21:33:16Z INFO controller.loop: tick service=frontend state=NOMINAL replicas 5→3 forecast=0.077 sigma=0.038
2026-07-09T21:33:31Z INFO controller.k8s_actuator: scaled deployment=frontend ns=default from=3 to=5
2026-07-09T21:33:31Z INFO controller.loop: tick service=frontend state=NOMINAL replicas 3→5 forecast=0.148 sigma=0.035
2026-07-09T21:33:46Z INFO controller.loop: tick service=frontend state=NOMINAL replicas 5→5 forecast=0.195 sigma=0.036
2026-07-09T21:34:01Z INFO controller.k8s_actuator: scaled deployment=frontend ns=default from=5 to=6
2026-07-09T21:34:01Z INFO controller.loop: tick service=frontend state=NOMINAL replicas 5→6 forecast=0.223 sigma=0.039
2026-07-09T21:34:16Z INFO controller.k8s_actuator: scaled deployment=frontend ns=default from=6 to=8
2026-07-09T21:34:16Z INFO controller.loop: tick service=frontend state=NOMINAL replicas 6→8 forecast=0.330 sigma=0.033
2026-07-09T21:34:31Z INFO controller.loop: tick service=frontend state=NOMINAL replicas 8→8 forecast=0.430 sigma=0.034
2026-07-09T21:34:46Z INFO controller.loop: tick service=frontend state=NOMINAL replicas 8→8 forecast=0.363 sigma=0.041
2026-07-09T21:35:01Z INFO controller.loop: tick service=frontend state=NOMINAL replicas 8→8 forecast=0.466 sigma=0.034
2026-07-09T21:35:16Z INFO controller.loop: tick service=frontend state=NOMINAL replicas 8→8 forecast=0.448 sigma=0.035
2026-07-09T21:35:22Z INFO controller.loop: received signal 15 — stopping after current tick
✅  stopped after 121 tick(s). Evidence: experiments/results/periodic-hybrid-004-evidence.jsonl
