▶  evidence path override: experiments/results/burst-hybrid-010-evidence.jsonl
▶  config loaded: service=frontend namespace=default
▶  model registry loaded: phase3_20260709T001052Z_model_registry.yaml → holt_winters for frontend
▶  starting control loop (tick=15s, horizon=30s, forecaster=holt_winters)
2026-07-09T17:39:53Z INFO controller.k8s_actuator: scaled deployment=frontend ns=default from=1 to=3
2026-07-09T17:39:53Z INFO controller.loop: tick service=frontend state=SCALE_LIMITED replicas 1→3 forecast=0.178 sigma=0.017
2026-07-09T17:40:08Z INFO controller.k8s_actuator: scaled deployment=frontend ns=default from=3 to=5
2026-07-09T17:40:08Z INFO controller.loop: tick service=frontend state=NOMINAL replicas 3→5 forecast=0.176 sigma=0.018
2026-07-09T17:40:23Z INFO controller.loop: tick service=frontend state=NOMINAL replicas 5→5 forecast=0.180 sigma=0.021
2026-07-09T17:40:38Z INFO controller.loop: tick service=frontend state=NOMINAL replicas 5→5 forecast=0.173 sigma=0.021
2026-07-09T17:40:53Z INFO controller.k8s_actuator: scaled deployment=frontend ns=default from=5 to=4
2026-07-09T17:40:53Z INFO controller.loop: tick service=frontend state=NOMINAL replicas 5→4 forecast=0.164 sigma=0.021
2026-07-09T17:41:08Z INFO controller.loop: tick service=frontend state=NOMINAL replicas 4→4 forecast=0.165 sigma=0.021
2026-07-09T17:41:23Z INFO controller.k8s_actuator: scaled deployment=frontend ns=default from=4 to=5
2026-07-09T17:41:23Z INFO controller.loop: tick service=frontend state=NOMINAL replicas 4→5 forecast=0.180 sigma=0.021
2026-07-09T17:41:38Z INFO controller.loop: tick service=frontend state=NOMINAL replicas 5→5 forecast=0.179 sigma=0.021
2026-07-09T17:41:53Z INFO controller.k8s_actuator: scaled deployment=frontend ns=default from=5 to=4
2026-07-09T17:41:53Z INFO controller.loop: tick service=frontend state=NOMINAL replicas 5→4 forecast=0.168 sigma=0.020
2026-07-09T17:42:08Z INFO controller.k8s_actuator: scaled deployment=frontend ns=default from=4 to=5
2026-07-09T17:42:08Z INFO controller.loop: tick service=frontend state=NOMINAL replicas 4→5 forecast=0.174 sigma=0.020
2026-07-09T17:42:23Z INFO controller.loop: tick service=frontend state=NOMINAL replicas 5→5 forecast=0.181 sigma=0.020
2026-07-09T17:42:38Z INFO controller.loop: tick service=frontend state=NOMINAL replicas 5→5 forecast=0.180 sigma=0.021
2026-07-09T17:42:53Z INFO controller.loop: tick service=frontend state=NOMINAL replicas 5→5 forecast=0.169 sigma=0.021
2026-07-09T17:43:08Z INFO controller.loop: tick service=frontend state=NOMINAL replicas 5→5 forecast=0.176 sigma=0.021
2026-07-09T17:43:23Z INFO controller.loop: tick service=frontend state=NOMINAL replicas 5→5 forecast=0.188 sigma=0.021
2026-07-09T17:43:38Z INFO controller.loop: tick service=frontend state=NOMINAL replicas 5→5 forecast=0.182 sigma=0.020
2026-07-09T17:43:53Z INFO controller.loop: tick service=frontend state=NOMINAL replicas 5→5 forecast=0.175 sigma=0.022
2026-07-09T17:44:08Z INFO controller.loop: tick service=frontend state=NOMINAL replicas 5→5 forecast=0.179 sigma=0.021
2026-07-09T17:44:23Z INFO controller.loop: tick service=frontend state=NOMINAL replicas 5→5 forecast=0.184 sigma=0.019
2026-07-09T17:44:38Z INFO controller.loop: tick service=frontend state=NOMINAL replicas 5→5 forecast=0.192 sigma=0.019
2026-07-09T17:44:53Z INFO controller.loop: tick service=frontend state=NOMINAL replicas 5→5 forecast=0.179 sigma=0.019
2026-07-09T17:45:08Z INFO controller.loop: tick service=frontend state=NOMINAL replicas 5→5 forecast=0.187 sigma=0.018
2026-07-09T17:45:23Z INFO controller.loop: tick service=frontend state=NOMINAL replicas 5→5 forecast=0.197 sigma=0.021
2026-07-09T17:45:38Z INFO controller.k8s_actuator: scaled deployment=frontend ns=default from=5 to=7
2026-07-09T17:45:38Z INFO controller.loop: tick service=frontend state=SCALE_LIMITED replicas 5→7 forecast=0.393 sigma=0.031
2026-07-09T17:45:53Z INFO controller.k8s_actuator: scaled deployment=frontend ns=default from=7 to=8
2026-07-09T17:45:53Z INFO controller.loop: tick service=frontend state=NOMINAL replicas 7→8 forecast=0.464 sigma=0.031
2026-07-09T17:46:08Z INFO controller.loop: tick service=frontend state=NOMINAL replicas 8→8 forecast=0.550 sigma=0.031
2026-07-09T17:46:23Z INFO controller.loop: tick service=frontend state=NOMINAL replicas 8→8 forecast=0.516 sigma=0.031
2026-07-09T17:46:38Z INFO controller.loop: tick service=frontend state=NOMINAL replicas 8→8 forecast=0.503 sigma=0.031
2026-07-09T17:46:53Z INFO controller.loop: tick service=frontend state=NOMINAL replicas 8→8 forecast=0.360 sigma=0.036
2026-07-09T17:47:08Z INFO controller.loop: tick service=frontend state=NOMINAL replicas 8→8 forecast=0.404 sigma=0.034
2026-07-09T17:47:23Z INFO controller.loop: tick service=frontend state=NOMINAL replicas 8→8 forecast=0.397 sigma=0.035
2026-07-09T17:47:38Z INFO controller.loop: tick service=frontend state=NOMINAL replicas 8→8 forecast=0.410 sigma=0.034
2026-07-09T17:47:53Z INFO controller.k8s_actuator: scaled deployment=frontend ns=default from=8 to=6
2026-07-09T17:47:53Z INFO controller.loop: tick service=frontend state=NOMINAL replicas 8→6 forecast=0.220 sigma=0.039
2026-07-09T17:48:08Z INFO controller.loop: tick service=frontend state=NOMINAL replicas 6→6 forecast=0.195 sigma=0.039
2026-07-09T17:48:23Z INFO controller.loop: tick service=frontend state=NOMINAL replicas 6→6 forecast=0.203 sigma=0.039
2026-07-09T17:48:38Z INFO controller.loop: tick service=frontend state=NOMINAL replicas 6→6 forecast=0.218 sigma=0.036
2026-07-09T17:48:53Z INFO controller.k8s_actuator: scaled deployment=frontend ns=default from=6 to=7
2026-07-09T17:48:53Z INFO controller.loop: tick service=frontend state=NOMINAL replicas 6→7 forecast=0.257 sigma=0.035
2026-07-09T17:49:08Z INFO controller.k8s_actuator: scaled deployment=frontend ns=default from=7 to=6
2026-07-09T17:49:08Z INFO controller.loop: tick service=frontend state=NOMINAL replicas 7→6 forecast=0.223 sigma=0.036
2026-07-09T17:49:23Z INFO controller.loop: tick service=frontend state=NOMINAL replicas 6→6 forecast=0.231 sigma=0.036
2026-07-09T17:49:38Z INFO controller.loop: tick service=frontend state=NOMINAL replicas 6→6 forecast=0.220 sigma=0.036
2026-07-09T17:49:53Z INFO controller.loop: tick service=frontend state=NOMINAL replicas 6→6 forecast=0.218 sigma=0.035
2026-07-09T17:50:08Z INFO controller.k8s_actuator: scaled deployment=frontend ns=default from=6 to=7
2026-07-09T17:50:08Z INFO controller.loop: tick service=frontend state=NOMINAL replicas 6→7 forecast=0.285 sigma=0.037
2026-07-09T17:50:23Z INFO controller.loop: tick service=frontend state=NOMINAL replicas 7→7 forecast=0.266 sigma=0.033
2026-07-09T17:50:38Z INFO controller.k8s_actuator: scaled deployment=frontend ns=default from=7 to=6
2026-07-09T17:50:38Z INFO controller.loop: tick service=frontend state=NOMINAL replicas 7→6 forecast=0.212 sigma=0.033
2026-07-09T17:50:53Z INFO controller.k8s_actuator: scaled deployment=frontend ns=default from=6 to=7
2026-07-09T17:50:53Z INFO controller.loop: tick service=frontend state=NOMINAL replicas 6→7 forecast=0.281 sigma=0.034
2026-07-09T17:51:08Z INFO controller.loop: tick service=frontend state=NOMINAL replicas 7→7 forecast=0.282 sigma=0.034
2026-07-09T17:51:23Z INFO controller.k8s_actuator: scaled deployment=frontend ns=default from=7 to=6
2026-07-09T17:51:23Z INFO controller.loop: tick service=frontend state=NOMINAL replicas 7→6 forecast=0.214 sigma=0.035
2026-07-09T17:51:38Z INFO controller.k8s_actuator: scaled deployment=frontend ns=default from=6 to=5
2026-07-09T17:51:38Z INFO controller.loop: tick service=frontend state=NOMINAL replicas 6→5 forecast=0.172 sigma=0.035
2026-07-09T17:51:53Z INFO controller.k8s_actuator: scaled deployment=frontend ns=default from=5 to=7
2026-07-09T17:51:53Z INFO controller.loop: tick service=frontend state=NOMINAL replicas 5→7 forecast=0.267 sigma=0.036
2026-07-09T17:51:58Z INFO controller.loop: received signal 15 — stopping after current tick
✅  stopped after 49 tick(s). Evidence: experiments/results/burst-hybrid-010-evidence.jsonl
