▶  evidence path override: experiments/results/ramp-hybrid-005-evidence.jsonl
▶  config loaded: service=frontend namespace=default
▶  model registry loaded: phase3_20260709T001052Z_model_registry.yaml → holt_winters for frontend
▶  starting control loop (tick=15s, horizon=30s, forecaster=holt_winters)
2026-07-10T06:28:30Z INFO controller.k8s_actuator: scaled deployment=frontend ns=default from=1 to=3
2026-07-10T06:28:30Z INFO controller.loop: tick service=frontend state=SCALE_LIMITED replicas 1→3 forecast=0.563 sigma=0.039
2026-07-10T06:28:44Z INFO controller.k8s_actuator: scaled deployment=frontend ns=default from=3 to=5
2026-07-10T06:28:44Z INFO controller.loop: tick service=frontend state=SCALE_LIMITED replicas 3→5 forecast=0.187 sigma=0.045
2026-07-10T06:28:59Z INFO controller.k8s_actuator: scaled deployment=frontend ns=default from=5 to=3
2026-07-10T06:28:59Z INFO controller.loop: tick service=frontend state=SCALE_LIMITED replicas 5→3 forecast=-0.224 sigma=0.049
2026-07-10T06:29:14Z INFO controller.k8s_actuator: scaled deployment=frontend ns=default from=3 to=1
2026-07-10T06:29:14Z INFO controller.loop: tick service=frontend state=NOMINAL replicas 3→1 forecast=-0.091 sigma=0.052
2026-07-10T06:29:29Z INFO controller.k8s_actuator: scaled deployment=frontend ns=default from=1 to=3
2026-07-10T06:29:29Z INFO controller.loop: tick service=frontend state=SCALE_LIMITED replicas 1→3 forecast=0.095 sigma=0.054
2026-07-10T06:29:44Z INFO controller.k8s_actuator: scaled deployment=frontend ns=default from=3 to=5
2026-07-10T06:29:44Z INFO controller.loop: tick service=frontend state=SCALE_LIMITED replicas 3→5 forecast=0.214 sigma=0.052
2026-07-10T06:29:59Z INFO controller.k8s_actuator: scaled deployment=frontend ns=default from=5 to=6
2026-07-10T06:29:59Z INFO controller.loop: tick service=frontend state=NOMINAL replicas 5→6 forecast=0.171 sigma=0.062
2026-07-10T06:30:14Z INFO controller.loop: tick service=frontend state=NOMINAL replicas 6→6 forecast=0.202 sigma=0.063
2026-07-10T06:30:29Z INFO controller.k8s_actuator: scaled deployment=frontend ns=default from=6 to=7
2026-07-10T06:30:29Z INFO controller.loop: tick service=frontend state=NOMINAL replicas 6→7 forecast=0.218 sigma=0.063
2026-07-10T06:30:44Z INFO controller.k8s_actuator: scaled deployment=frontend ns=default from=7 to=8
2026-07-10T06:30:44Z INFO controller.loop: tick service=frontend state=NOMINAL replicas 7→8 forecast=0.271 sigma=0.063
2026-07-10T06:30:59Z INFO controller.loop: tick service=frontend state=NOMINAL replicas 8→8 forecast=0.308 sigma=0.063
2026-07-10T06:31:14Z INFO controller.loop: tick service=frontend state=NOMINAL replicas 8→8 forecast=0.300 sigma=0.051
2026-07-10T06:31:29Z INFO controller.k8s_actuator: scaled deployment=frontend ns=default from=8 to=6
2026-07-10T06:31:29Z INFO controller.loop: tick service=frontend state=SCALE_LIMITED replicas 8→6 forecast=0.161 sigma=0.052
2026-07-10T06:31:44Z INFO controller.k8s_actuator: scaled deployment=frontend ns=default from=6 to=8
2026-07-10T06:31:44Z INFO controller.loop: tick service=frontend state=NOMINAL replicas 6→8 forecast=0.329 sigma=0.051
2026-07-10T06:31:59Z INFO controller.k8s_actuator: scaled deployment=frontend ns=default from=8 to=7
2026-07-10T06:31:59Z INFO controller.loop: tick service=frontend state=NOMINAL replicas 8→7 forecast=0.264 sigma=0.054
2026-07-10T06:32:14Z INFO controller.k8s_actuator: scaled deployment=frontend ns=default from=7 to=8
2026-07-10T06:32:14Z INFO controller.loop: tick service=frontend state=NOMINAL replicas 7→8 forecast=0.408 sigma=0.052
2026-07-10T06:32:29Z INFO controller.loop: tick service=frontend state=NOMINAL replicas 8→8 forecast=0.426 sigma=0.053
2026-07-10T06:32:44Z INFO controller.k8s_actuator: scaled deployment=frontend ns=default from=8 to=6
2026-07-10T06:32:44Z INFO controller.loop: tick service=frontend state=NOMINAL replicas 8→6 forecast=0.193 sigma=0.056
2026-07-10T06:32:59Z INFO controller.k8s_actuator: scaled deployment=frontend ns=default from=6 to=8
2026-07-10T06:32:59Z INFO controller.loop: tick service=frontend state=NOMINAL replicas 6→8 forecast=0.362 sigma=0.053
2026-07-10T06:33:14Z INFO controller.loop: tick service=frontend state=NOMINAL replicas 8→8 forecast=0.323 sigma=0.054
2026-07-10T06:33:29Z INFO controller.loop: tick service=frontend state=NOMINAL replicas 8→8 forecast=0.364 sigma=0.053
2026-07-10T06:33:44Z INFO controller.loop: tick service=frontend state=NOMINAL replicas 8→8 forecast=0.464 sigma=0.053
2026-07-10T06:33:59Z INFO controller.loop: tick service=frontend state=NOMINAL replicas 8→8 forecast=0.440 sigma=0.052
2026-07-10T06:34:14Z INFO controller.loop: tick service=frontend state=NOMINAL replicas 8→8 forecast=0.286 sigma=0.054
2026-07-10T06:34:29Z INFO controller.k8s_actuator: scaled deployment=frontend ns=default from=8 to=7
2026-07-10T06:34:29Z INFO controller.loop: tick service=frontend state=NOMINAL replicas 8→7 forecast=0.227 sigma=0.054
2026-07-10T06:34:44Z INFO controller.k8s_actuator: scaled deployment=frontend ns=default from=7 to=8
2026-07-10T06:34:44Z INFO controller.loop: tick service=frontend state=NOMINAL replicas 7→8 forecast=0.351 sigma=0.051
2026-07-10T06:34:59Z INFO controller.loop: tick service=frontend state=NOMINAL replicas 8→8 forecast=0.415 sigma=0.054
2026-07-10T06:35:14Z INFO controller.loop: tick service=frontend state=NOMINAL replicas 8→8 forecast=0.445 sigma=0.063
2026-07-10T06:35:29Z INFO controller.loop: tick service=frontend state=NOMINAL replicas 8→8 forecast=0.429 sigma=0.063
2026-07-10T06:35:44Z INFO controller.loop: tick service=frontend state=NOMINAL replicas 8→8 forecast=0.343 sigma=0.054
2026-07-10T06:35:59Z INFO controller.loop: tick service=frontend state=NOMINAL replicas 8→8 forecast=0.466 sigma=0.053
2026-07-10T06:36:14Z INFO controller.loop: tick service=frontend state=NOMINAL replicas 8→8 forecast=0.345 sigma=0.055
2026-07-10T06:36:29Z INFO controller.loop: tick service=frontend state=NOMINAL replicas 8→8 forecast=0.349 sigma=0.054
2026-07-10T06:36:44Z INFO controller.loop: tick service=frontend state=NOMINAL replicas 8→8 forecast=0.478 sigma=0.052
2026-07-10T06:36:59Z INFO controller.loop: tick service=frontend state=NOMINAL replicas 8→8 forecast=0.496 sigma=0.062
2026-07-10T06:37:14Z INFO controller.loop: tick service=frontend state=NOMINAL replicas 8→8 forecast=0.417 sigma=0.064
2026-07-10T06:37:29Z INFO controller.loop: tick service=frontend state=NOMINAL replicas 8→8 forecast=0.482 sigma=0.060
2026-07-10T06:37:44Z INFO controller.loop: tick service=frontend state=NOMINAL replicas 8→8 forecast=0.484 sigma=0.061
2026-07-10T06:37:59Z INFO controller.loop: tick service=frontend state=NOMINAL replicas 8→8 forecast=0.375 sigma=0.057
2026-07-10T06:38:14Z INFO controller.loop: tick service=frontend state=NOMINAL replicas 8→8 forecast=0.336 sigma=0.048
2026-07-10T06:38:29Z INFO controller.loop: tick service=frontend state=NOMINAL replicas 8→8 forecast=0.289 sigma=0.045
2026-07-10T06:38:44Z INFO controller.loop: tick service=frontend state=NOMINAL replicas 8→8 forecast=0.374 sigma=0.051
2026-07-10T06:38:59Z INFO controller.loop: tick service=frontend state=NOMINAL replicas 8→8 forecast=0.392 sigma=0.031
2026-07-10T06:39:14Z INFO controller.loop: tick service=frontend state=NOMINAL replicas 8→8 forecast=0.342 sigma=0.025
2026-07-10T06:39:29Z INFO controller.loop: tick service=frontend state=NOMINAL replicas 8→8 forecast=0.314 sigma=0.026
2026-07-10T06:39:44Z INFO controller.loop: tick service=frontend state=NOMINAL replicas 8→8 forecast=0.360 sigma=0.024
2026-07-10T06:39:59Z INFO controller.loop: tick service=frontend state=NOMINAL replicas 8→8 forecast=0.478 sigma=0.028
2026-07-10T06:40:14Z INFO controller.loop: tick service=frontend state=NOMINAL replicas 8→8 forecast=0.408 sigma=0.033
2026-07-10T06:40:29Z INFO controller.k8s_actuator: scaled deployment=frontend ns=default from=8 to=7
2026-07-10T06:40:29Z INFO controller.loop: tick service=frontend state=NOMINAL replicas 8→7 forecast=0.259 sigma=0.039
2026-07-10T06:40:44Z INFO controller.k8s_actuator: scaled deployment=frontend ns=default from=7 to=8
2026-07-10T06:40:44Z INFO controller.loop: tick service=frontend state=NOMINAL replicas 7→8 forecast=0.337 sigma=0.035
2026-07-10T06:40:59Z INFO controller.loop: tick service=frontend state=NOMINAL replicas 8→8 forecast=0.361 sigma=0.035
2026-07-10T06:41:14Z INFO controller.loop: tick service=frontend state=NOMINAL replicas 8→8 forecast=0.295 sigma=0.037
2026-07-10T06:41:29Z INFO controller.k8s_actuator: scaled deployment=frontend ns=default from=8 to=7
2026-07-10T06:41:29Z INFO controller.loop: tick service=frontend state=NOMINAL replicas 8→7 forecast=0.293 sigma=0.036
2026-07-10T06:41:44Z INFO controller.k8s_actuator: scaled deployment=frontend ns=default from=7 to=8
2026-07-10T06:41:44Z INFO controller.loop: tick service=frontend state=NOMINAL replicas 7→8 forecast=0.350 sigma=0.034
2026-07-10T06:41:59Z INFO controller.loop: tick service=frontend state=NOMINAL replicas 8→8 forecast=0.329 sigma=0.035
2026-07-10T06:42:14Z INFO controller.loop: tick service=frontend state=NOMINAL replicas 8→8 forecast=0.305 sigma=0.036
2026-07-10T06:42:29Z INFO controller.loop: tick service=frontend state=NOMINAL replicas 8→8 forecast=0.369 sigma=0.034
2026-07-10T06:42:44Z INFO controller.loop: tick service=frontend state=NOMINAL replicas 8→8 forecast=0.335 sigma=0.033
2026-07-10T06:42:59Z INFO controller.k8s_actuator: scaled deployment=frontend ns=default from=8 to=7
2026-07-10T06:42:59Z INFO controller.loop: tick service=frontend state=NOMINAL replicas 8→7 forecast=0.286 sigma=0.036
2026-07-10T06:43:14Z INFO controller.k8s_actuator: scaled deployment=frontend ns=default from=7 to=8
2026-07-10T06:43:14Z INFO controller.loop: tick service=frontend state=NOMINAL replicas 7→8 forecast=0.364 sigma=0.034
2026-07-10T06:43:29Z INFO controller.loop: tick service=frontend state=NOMINAL replicas 8→8 forecast=0.534 sigma=0.042
2026-07-10T06:43:44Z INFO controller.loop: tick service=frontend state=NOMINAL replicas 8→8 forecast=0.496 sigma=0.043
2026-07-10T06:43:59Z INFO controller.loop: tick service=frontend state=NOMINAL replicas 8→8 forecast=0.507 sigma=0.043
2026-07-10T06:44:14Z INFO controller.loop: tick service=frontend state=NOMINAL replicas 8→8 forecast=0.483 sigma=0.044
2026-07-10T06:44:29Z INFO controller.loop: tick service=frontend state=NOMINAL replicas 8→8 forecast=0.425 sigma=0.043
2026-07-10T06:44:44Z INFO controller.loop: tick service=frontend state=NOMINAL replicas 8→8 forecast=0.384 sigma=0.044
2026-07-10T06:44:59Z INFO controller.loop: tick service=frontend state=NOMINAL replicas 8→8 forecast=0.414 sigma=0.043
2026-07-10T06:45:14Z INFO controller.loop: tick service=frontend state=NOMINAL replicas 8→8 forecast=0.392 sigma=0.042
2026-07-10T06:45:29Z INFO controller.loop: tick service=frontend state=NOMINAL replicas 8→8 forecast=0.379 sigma=0.042
2026-07-10T06:45:44Z INFO controller.loop: tick service=frontend state=NOMINAL replicas 8→8 forecast=0.374 sigma=0.043
2026-07-10T06:45:59Z INFO controller.loop: tick service=frontend state=NOMINAL replicas 8→8 forecast=0.462 sigma=0.042
2026-07-10T06:46:14Z INFO controller.loop: tick service=frontend state=NOMINAL replicas 8→8 forecast=0.413 sigma=0.042
2026-07-10T06:46:29Z INFO controller.loop: tick service=frontend state=NOMINAL replicas 8→8 forecast=0.380 sigma=0.043
2026-07-10T06:46:44Z INFO controller.loop: tick service=frontend state=NOMINAL replicas 8→8 forecast=0.389 sigma=0.041
2026-07-10T06:46:59Z INFO controller.loop: tick service=frontend state=NOMINAL replicas 8→8 forecast=0.404 sigma=0.042
2026-07-10T06:47:14Z INFO controller.loop: tick service=frontend state=NOMINAL replicas 8→8 forecast=0.434 sigma=0.041
2026-07-10T06:47:29Z INFO controller.loop: tick service=frontend state=NOMINAL replicas 8→8 forecast=0.374 sigma=0.041
2026-07-10T06:47:44Z INFO controller.loop: tick service=frontend state=NOMINAL replicas 8→8 forecast=0.361 sigma=0.040
2026-07-10T06:47:59Z INFO controller.loop: tick service=frontend state=NOMINAL replicas 8→8 forecast=0.373 sigma=0.040
2026-07-10T06:48:14Z INFO controller.loop: tick service=frontend state=NOMINAL replicas 8→8 forecast=0.368 sigma=0.040
2026-07-10T06:48:29Z INFO controller.loop: tick service=frontend state=NOMINAL replicas 8→8 forecast=0.398 sigma=0.040
2026-07-10T06:48:44Z INFO controller.loop: tick service=frontend state=NOMINAL replicas 8→8 forecast=0.417 sigma=0.039
2026-07-10T06:48:59Z INFO controller.loop: tick service=frontend state=NOMINAL replicas 8→8 forecast=0.413 sigma=0.039
2026-07-10T06:49:14Z INFO controller.loop: tick service=frontend state=NOMINAL replicas 8→8 forecast=0.408 sigma=0.040
2026-07-10T06:49:29Z INFO controller.loop: tick service=frontend state=NOMINAL replicas 8→8 forecast=0.406 sigma=0.039
2026-07-10T06:49:44Z INFO controller.loop: tick service=frontend state=NOMINAL replicas 8→8 forecast=0.368 sigma=0.038
2026-07-10T06:49:59Z INFO controller.loop: tick service=frontend state=NOMINAL replicas 8→8 forecast=0.360 sigma=0.039
2026-07-10T06:50:14Z INFO controller.loop: tick service=frontend state=NOMINAL replicas 8→8 forecast=0.394 sigma=0.034
2026-07-10T06:50:29Z INFO controller.loop: tick service=frontend state=NOMINAL replicas 8→8 forecast=0.400 sigma=0.034
2026-07-10T06:50:44Z INFO controller.loop: tick service=frontend state=NOMINAL replicas 8→8 forecast=0.390 sigma=0.033
2026-07-10T06:50:59Z INFO controller.loop: tick service=frontend state=NOMINAL replicas 8→8 forecast=0.389 sigma=0.034
2026-07-10T06:51:14Z INFO controller.loop: tick service=frontend state=NOMINAL replicas 8→8 forecast=0.425 sigma=0.032
2026-07-10T06:51:29Z INFO controller.loop: tick service=frontend state=NOMINAL replicas 8→8 forecast=0.421 sigma=0.032
2026-07-10T06:51:44Z INFO controller.loop: tick service=frontend state=NOMINAL replicas 8→8 forecast=0.353 sigma=0.034
2026-07-10T06:51:59Z INFO controller.loop: tick service=frontend state=NOMINAL replicas 8→8 forecast=0.334 sigma=0.033
2026-07-10T06:52:14Z INFO controller.loop: tick service=frontend state=NOMINAL replicas 8→8 forecast=0.369 sigma=0.032
2026-07-10T06:52:29Z INFO controller.loop: tick service=frontend state=NOMINAL replicas 8→8 forecast=0.384 sigma=0.035
2026-07-10T06:52:44Z INFO controller.loop: tick service=frontend state=NOMINAL replicas 8→8 forecast=0.417 sigma=0.041
2026-07-10T06:52:59Z INFO controller.loop: tick service=frontend state=NOMINAL replicas 8→8 forecast=0.415 sigma=0.037
2026-07-10T06:53:14Z INFO controller.loop: tick service=frontend state=NOMINAL replicas 8→8 forecast=0.425 sigma=0.028
2026-07-10T06:53:29Z INFO controller.loop: tick service=frontend state=NOMINAL replicas 8→8 forecast=0.391 sigma=0.023
2026-07-10T06:53:35Z INFO controller.loop: received signal 15 — stopping after current tick
✅  stopped after 101 tick(s). Evidence: experiments/results/ramp-hybrid-005-evidence.jsonl
